[0.014s] Invoking command in '/home/mojiu/ros2_ws/build/example_interfaces_rclcpp': CMAKE_PREFIX_PATH=/home/mojiu/ros2_ws/install/example_ros2_interfaces:/home/mojiu/ros2_ws/install/example_interfaces_rclcpp:/home/mojiu/ros2_ws/install/cpp_srvcli:/home/mojiu/ros2_ws/install/tutorial_interfaces:/home/mojiu/ros2_ws/install/polygon_plugins:/home/mojiu/ros2_ws/install/polygon_base:/home/mojiu/ros2_ws/install/more_interfaces:/home/mojiu/ros2_ws/install/example_topic_rclcpp:/home/mojiu/ros2_ws/install/example_service_rclcpp:/home/mojiu/ros2_ws/install/custom_action_cpp:/home/mojiu/ros2_ws/install/custom_action_interfaces:/home/mojiu/ros2_ws/install/cpp_pubsub:/home/mojiu/ros2_ws/install/cpp_parameters:/opt/ros/jazzy/opt/sdformat_vendor:/opt/ros/jazzy/opt/gz_math_vendor:/opt/ros/jazzy/opt/gz_utils_vendor:/opt/ros/jazzy/opt/gz_tools_vendor:/opt/ros/jazzy/opt/gz_cmake_vendor:/opt/ros/jazzy DEBUGINFOD_URLS=https://debuginfod.ubuntu.com /usr/bin/cmake --build /home/mojiu/ros2_ws/build/example_interfaces_rclcpp -- -j8 -l8
[0.080s] [ 25%] [32mBuilding CXX object CMakeFiles/example_interfaces_robot_01.dir/src/example_interfaces_robot_01.cpp.o[0m
[0.081s] [ 50%] [32mBuilding CXX object CMakeFiles/example_interfaces_control_01.dir/src/example_interfaces_control_01.cpp.o[0m
[6.184s] [ 75%] [32m[1mLinking CXX executable example_interfaces_robot_01[0m
[6.430s] [ 75%] Built target example_interfaces_robot_01
[9.490s] [100%] [32m[1mLinking CXX executable example_interfaces_control_01[0m
[9.824s] [100%] Built target example_interfaces_control_01
[9.836s] Invoked command in '/home/mojiu/ros2_ws/build/example_interfaces_rclcpp' returned '0': CMAKE_PREFIX_PATH=/home/mojiu/ros2_ws/install/example_ros2_interfaces:/home/mojiu/ros2_ws/install/example_interfaces_rclcpp:/home/mojiu/ros2_ws/install/cpp_srvcli:/home/mojiu/ros2_ws/install/tutorial_interfaces:/home/mojiu/ros2_ws/install/polygon_plugins:/home/mojiu/ros2_ws/install/polygon_base:/home/mojiu/ros2_ws/install/more_interfaces:/home/mojiu/ros2_ws/install/example_topic_rclcpp:/home/mojiu/ros2_ws/install/example_service_rclcpp:/home/mojiu/ros2_ws/install/custom_action_cpp:/home/mojiu/ros2_ws/install/custom_action_interfaces:/home/mojiu/ros2_ws/install/cpp_pubsub:/home/mojiu/ros2_ws/install/cpp_parameters:/opt/ros/jazzy/opt/sdformat_vendor:/opt/ros/jazzy/opt/gz_math_vendor:/opt/ros/jazzy/opt/gz_utils_vendor:/opt/ros/jazzy/opt/gz_tools_vendor:/opt/ros/jazzy/opt/gz_cmake_vendor:/opt/ros/jazzy DEBUGINFOD_URLS=https://debuginfod.ubuntu.com /usr/bin/cmake --build /home/mojiu/ros2_ws/build/example_interfaces_rclcpp -- -j8 -l8
[9.865s] Invoking command in '/home/mojiu/ros2_ws/build/example_interfaces_rclcpp': CMAKE_PREFIX_PATH=/home/mojiu/ros2_ws/install/example_ros2_interfaces:/home/mojiu/ros2_ws/install/example_interfaces_rclcpp:/home/mojiu/ros2_ws/install/cpp_srvcli:/home/mojiu/ros2_ws/install/tutorial_interfaces:/home/mojiu/ros2_ws/install/polygon_plugins:/home/mojiu/ros2_ws/install/polygon_base:/home/mojiu/ros2_ws/install/more_interfaces:/home/mojiu/ros2_ws/install/example_topic_rclcpp:/home/mojiu/ros2_ws/install/example_service_rclcpp:/home/mojiu/ros2_ws/install/custom_action_cpp:/home/mojiu/ros2_ws/install/custom_action_interfaces:/home/mojiu/ros2_ws/install/cpp_pubsub:/home/mojiu/ros2_ws/install/cpp_parameters:/opt/ros/jazzy/opt/sdformat_vendor:/opt/ros/jazzy/opt/gz_math_vendor:/opt/ros/jazzy/opt/gz_utils_vendor:/opt/ros/jazzy/opt/gz_tools_vendor:/opt/ros/jazzy/opt/gz_cmake_vendor:/opt/ros/jazzy DEBUGINFOD_URLS=https://debuginfod.ubuntu.com /usr/bin/cmake --install /home/mojiu/ros2_ws/build/example_interfaces_rclcpp
[9.873s] -- Install configuration: ""
[9.873s] -- Installing: /home/mojiu/ros2_ws/install/example_interfaces_rclcpp/lib/example_interfaces_rclcpp/example_interfaces_robot_01
[9.876s] -- Set non-toolchain portion of runtime path of "/home/mojiu/ros2_ws/install/example_interfaces_rclcpp/lib/example_interfaces_rclcpp/example_interfaces_robot_01" to ""
[9.876s] -- Installing: /home/mojiu/ros2_ws/install/example_interfaces_rclcpp/lib/example_interfaces_rclcpp/example_interfaces_control_01
[9.881s] -- Set non-toolchain portion of runtime path of "/home/mojiu/ros2_ws/install/example_interfaces_rclcpp/lib/example_interfaces_rclcpp/example_interfaces_control_01" to ""
[9.881s] -- Up-to-date: /home/mojiu/ros2_ws/install/example_interfaces_rclcpp/share/ament_index/resource_index/package_run_dependencies/example_interfaces_rclcpp
[9.882s] -- Up-to-date: /home/mojiu/ros2_ws/install/example_interfaces_rclcpp/share/ament_index/resource_index/parent_prefix_path/example_interfaces_rclcpp
[9.882s] -- Up-to-date: /home/mojiu/ros2_ws/install/example_interfaces_rclcpp/share/example_interfaces_rclcpp/environment/ament_prefix_path.sh
[9.882s] -- Up-to-date: /home/mojiu/ros2_ws/install/example_interfaces_rclcpp/share/example_interfaces_rclcpp/environment/ament_prefix_path.dsv
[9.882s] -- Up-to-date: /home/mojiu/ros2_ws/install/example_interfaces_rclcpp/share/example_interfaces_rclcpp/environment/path.sh
[9.882s] -- Up-to-date: /home/mojiu/ros2_ws/install/example_interfaces_rclcpp/share/example_interfaces_rclcpp/environment/path.dsv
[9.882s] -- Up-to-date: /home/mojiu/ros2_ws/install/example_interfaces_rclcpp/share/example_interfaces_rclcpp/local_setup.bash
[9.882s] -- Up-to-date: /home/mojiu/ros2_ws/install/example_interfaces_rclcpp/share/example_interfaces_rclcpp/local_setup.sh
[9.883s] -- Up-to-date: /home/mojiu/ros2_ws/install/example_interfaces_rclcpp/share/example_interfaces_rclcpp/local_setup.zsh
[9.883s] -- Up-to-date: /home/mojiu/ros2_ws/install/example_interfaces_rclcpp/share/example_interfaces_rclcpp/local_setup.dsv
[9.883s] -- Installing: /home/mojiu/ros2_ws/install/example_interfaces_rclcpp/share/example_interfaces_rclcpp/package.dsv
[9.883s] -- Up-to-date: /home/mojiu/ros2_ws/install/example_interfaces_rclcpp/share/ament_index/resource_index/packages/example_interfaces_rclcpp
[9.883s] -- Up-to-date: /home/mojiu/ros2_ws/install/example_interfaces_rclcpp/share/example_interfaces_rclcpp/cmake/example_interfaces_rclcppConfig.cmake
[9.883s] -- Up-to-date: /home/mojiu/ros2_ws/install/example_interfaces_rclcpp/share/example_interfaces_rclcpp/cmake/example_interfaces_rclcppConfig-version.cmake
[9.884s] -- Up-to-date: /home/mojiu/ros2_ws/install/example_interfaces_rclcpp/share/example_interfaces_rclcpp/package.xml
[9.885s] Invoked command in '/home/mojiu/ros2_ws/build/example_interfaces_rclcpp' returned '0': CMAKE_PREFIX_PATH=/home/mojiu/ros2_ws/install/example_ros2_interfaces:/home/mojiu/ros2_ws/install/example_interfaces_rclcpp:/home/mojiu/ros2_ws/install/cpp_srvcli:/home/mojiu/ros2_ws/install/tutorial_interfaces:/home/mojiu/ros2_ws/install/polygon_plugins:/home/mojiu/ros2_ws/install/polygon_base:/home/mojiu/ros2_ws/install/more_interfaces:/home/mojiu/ros2_ws/install/example_topic_rclcpp:/home/mojiu/ros2_ws/install/example_service_rclcpp:/home/mojiu/ros2_ws/install/custom_action_cpp:/home/mojiu/ros2_ws/install/custom_action_interfaces:/home/mojiu/ros2_ws/install/cpp_pubsub:/home/mojiu/ros2_ws/install/cpp_parameters:/opt/ros/jazzy/opt/sdformat_vendor:/opt/ros/jazzy/opt/gz_math_vendor:/opt/ros/jazzy/opt/gz_utils_vendor:/opt/ros/jazzy/opt/gz_tools_vendor:/opt/ros/jazzy/opt/gz_cmake_vendor:/opt/ros/jazzy DEBUGINFOD_URLS=https://debuginfod.ubuntu.com /usr/bin/cmake --install /home/mojiu/ros2_ws/build/example_interfaces_rclcpp
