[0.086s] Invoking command in '/home/mojiu/ros2_ws/build/more_interfaces': CMAKE_PREFIX_PATH=${CMAKE_PREFIX_PATH}:/opt/ros/jazzy DEBUGINFOD_URLS=https://debuginfod.ubuntu.com /usr/bin/cmake --build /home/mojiu/ros2_ws/build/more_interfaces -- -j8 -l8
[0.242s] [  2%] Built target more_interfaces__rosidl_generator_type_description
[0.259s] [  2%] Built target ament_cmake_python_copy_more_interfaces
[0.299s] [  5%] Built target more_interfaces__cpp
[0.300s] [ 19%] Built target more_interfaces__rosidl_generator_c
[0.369s] [ 27%] Built target more_interfaces__rosidl_typesupport_fastrtps_c
[0.371s] [ 36%] Built target more_interfaces__rosidl_typesupport_introspection_c
[0.377s] [ 44%] Built target more_interfaces__rosidl_typesupport_introspection_cpp
[0.388s] [ 52%] Built target more_interfaces__rosidl_typesupport_c
[0.389s] [ 61%] Built target more_interfaces__rosidl_typesupport_fastrtps_cpp
[0.450s] [ 69%] Built target more_interfaces__rosidl_typesupport_cpp
[0.511s] [ 69%] Built target more_interfaces
[0.547s] [ 72%] Built target more_interfaces__py
[0.550s] [ 77%] Built target publish_address_book
[0.583s] [ 83%] Built target more_interfaces__rosidl_generator_py
[0.638s] [ 88%] Built target more_interfaces_s__rosidl_typesupport_c
[0.645s] [ 94%] Built target more_interfaces_s__rosidl_typesupport_introspection_c
[0.651s] [100%] Built target more_interfaces_s__rosidl_typesupport_fastrtps_c
[0.773s] running egg_info
[0.818s] writing more_interfaces.egg-info/PKG-INFO
[0.818s] writing dependency_links to more_interfaces.egg-info/dependency_links.txt
[0.818s] writing top-level names to more_interfaces.egg-info/top_level.txt
[0.944s] reading manifest file 'more_interfaces.egg-info/SOURCES.txt'
[0.947s] writing manifest file 'more_interfaces.egg-info/SOURCES.txt'
[0.999s] [100%] Built target ament_cmake_python_build_more_interfaces_egg
[1.013s] Invoked command in '/home/mojiu/ros2_ws/build/more_interfaces' returned '0': CMAKE_PREFIX_PATH=${CMAKE_PREFIX_PATH}:/opt/ros/jazzy DEBUGINFOD_URLS=https://debuginfod.ubuntu.com /usr/bin/cmake --build /home/mojiu/ros2_ws/build/more_interfaces -- -j8 -l8
[1.119s] Invoking command in '/home/mojiu/ros2_ws/build/more_interfaces': CMAKE_PREFIX_PATH=${CMAKE_PREFIX_PATH}:/opt/ros/jazzy DEBUGINFOD_URLS=https://debuginfod.ubuntu.com /usr/bin/cmake --install /home/mojiu/ros2_ws/build/more_interfaces
[1.132s] -- Install configuration: ""
[1.132s] -- Up-to-date: /home/mojiu/ros2_ws/install/more_interfaces/share/ament_index/resource_index/rosidl_interfaces/more_interfaces
[1.132s] -- Up-to-date: /home/mojiu/ros2_ws/install/more_interfaces/share/more_interfaces/msg/AddressBook.json
[1.132s] -- Up-to-date: /home/mojiu/ros2_ws/install/more_interfaces/include/more_interfaces/more_interfaces
[1.133s] -- Up-to-date: /home/mojiu/ros2_ws/install/more_interfaces/include/more_interfaces/more_interfaces/msg
[1.133s] -- Up-to-date: /home/mojiu/ros2_ws/install/more_interfaces/include/more_interfaces/more_interfaces/msg/detail
[1.133s] -- Up-to-date: /home/mojiu/ros2_ws/install/more_interfaces/include/more_interfaces/more_interfaces/msg/detail/address_book__type_support.h
[1.134s] -- Up-to-date: /home/mojiu/ros2_ws/install/more_interfaces/include/more_interfaces/more_interfaces/msg/detail/address_book__struct.h
[1.134s] -- Up-to-date: /home/mojiu/ros2_ws/install/more_interfaces/include/more_interfaces/more_interfaces/msg/detail/address_book__description.c
[1.134s] -- Up-to-date: /home/mojiu/ros2_ws/install/more_interfaces/include/more_interfaces/more_interfaces/msg/detail/address_book__functions.c
[1.135s] -- Up-to-date: /home/mojiu/ros2_ws/install/more_interfaces/include/more_interfaces/more_interfaces/msg/detail/address_book__functions.h
[1.135s] -- Installing: /home/mojiu/ros2_ws/install/more_interfaces/include/more_interfaces/more_interfaces/msg/detail/address_book__type_support.c
[1.135s] -- Up-to-date: /home/mojiu/ros2_ws/install/more_interfaces/include/more_interfaces/more_interfaces/msg/address_book.h
[1.135s] -- Up-to-date: /home/mojiu/ros2_ws/install/more_interfaces/include/more_interfaces/more_interfaces/msg/rosidl_generator_c__visibility_control.h
[1.136s] -- Up-to-date: /home/mojiu/ros2_ws/install/more_interfaces/share/more_interfaces/environment/library_path.sh
[1.136s] -- Up-to-date: /home/mojiu/ros2_ws/install/more_interfaces/share/more_interfaces/environment/library_path.dsv
[1.136s] -- Up-to-date: /home/mojiu/ros2_ws/install/more_interfaces/lib/libmore_interfaces__rosidl_generator_c.so
[1.137s] -- Up-to-date: /home/mojiu/ros2_ws/install/more_interfaces/include/more_interfaces/more_interfaces
[1.137s] -- Up-to-date: /home/mojiu/ros2_ws/install/more_interfaces/include/more_interfaces/more_interfaces/msg
[1.137s] -- Up-to-date: /home/mojiu/ros2_ws/install/more_interfaces/include/more_interfaces/more_interfaces/msg/rosidl_typesupport_fastrtps_c__visibility_control.h
[1.137s] -- Up-to-date: /home/mojiu/ros2_ws/install/more_interfaces/include/more_interfaces/more_interfaces/msg/detail
[1.138s] -- Up-to-date: /home/mojiu/ros2_ws/install/more_interfaces/include/more_interfaces/more_interfaces/msg/detail/address_book__rosidl_typesupport_fastrtps_c.h
[1.138s] -- Installing: /home/mojiu/ros2_ws/install/more_interfaces/lib/libmore_interfaces__rosidl_typesupport_fastrtps_c.so
[1.138s] -- Set non-toolchain portion of runtime path of "/home/mojiu/ros2_ws/install/more_interfaces/lib/libmore_interfaces__rosidl_typesupport_fastrtps_c.so" to ""
[1.138s] -- Up-to-date: /home/mojiu/ros2_ws/install/more_interfaces/include/more_interfaces/more_interfaces
[1.138s] -- Up-to-date: /home/mojiu/ros2_ws/install/more_interfaces/include/more_interfaces/more_interfaces/msg
[1.138s] -- Up-to-date: /home/mojiu/ros2_ws/install/more_interfaces/include/more_interfaces/more_interfaces/msg/detail
[1.139s] -- Up-to-date: /home/mojiu/ros2_ws/install/more_interfaces/include/more_interfaces/more_interfaces/msg/detail/address_book__rosidl_typesupport_introspection_c.h
[1.139s] -- Installing: /home/mojiu/ros2_ws/install/more_interfaces/include/more_interfaces/more_interfaces/msg/detail/address_book__type_support.c
[1.140s] -- Up-to-date: /home/mojiu/ros2_ws/install/more_interfaces/include/more_interfaces/more_interfaces/msg/rosidl_typesupport_introspection_c__visibility_control.h
[1.140s] -- Up-to-date: /home/mojiu/ros2_ws/install/more_interfaces/lib/libmore_interfaces__rosidl_typesupport_introspection_c.so
[1.140s] -- Up-to-date: /home/mojiu/ros2_ws/install/more_interfaces/lib/libmore_interfaces__rosidl_typesupport_c.so
[1.140s] -- Up-to-date: /home/mojiu/ros2_ws/install/more_interfaces/include/more_interfaces/more_interfaces
[1.141s] -- Up-to-date: /home/mojiu/ros2_ws/install/more_interfaces/include/more_interfaces/more_interfaces/msg
[1.141s] -- Up-to-date: /home/mojiu/ros2_ws/install/more_interfaces/include/more_interfaces/more_interfaces/msg/detail
[1.141s] -- Up-to-date: /home/mojiu/ros2_ws/install/more_interfaces/include/more_interfaces/more_interfaces/msg/detail/address_book__builder.hpp
[1.141s] -- Up-to-date: /home/mojiu/ros2_ws/install/more_interfaces/include/more_interfaces/more_interfaces/msg/detail/address_book__traits.hpp
[1.141s] -- Up-to-date: /home/mojiu/ros2_ws/install/more_interfaces/include/more_interfaces/more_interfaces/msg/detail/address_book__type_support.hpp
[1.141s] -- Up-to-date: /home/mojiu/ros2_ws/install/more_interfaces/include/more_interfaces/more_interfaces/msg/detail/address_book__struct.hpp
[1.141s] -- Up-to-date: /home/mojiu/ros2_ws/install/more_interfaces/include/more_interfaces/more_interfaces/msg/rosidl_generator_cpp__visibility_control.hpp
[1.141s] -- Up-to-date: /home/mojiu/ros2_ws/install/more_interfaces/include/more_interfaces/more_interfaces/msg/address_book.hpp
[1.142s] -- Up-to-date: /home/mojiu/ros2_ws/install/more_interfaces/include/more_interfaces/more_interfaces
[1.143s] -- Up-to-date: /home/mojiu/ros2_ws/install/more_interfaces/include/more_interfaces/more_interfaces/msg
[1.143s] -- Up-to-date: /home/mojiu/ros2_ws/install/more_interfaces/include/more_interfaces/more_interfaces/msg/detail
[1.144s] -- Up-to-date: /home/mojiu/ros2_ws/install/more_interfaces/include/more_interfaces/more_interfaces/msg/detail/dds_fastrtps
[1.144s] -- Up-to-date: /home/mojiu/ros2_ws/install/more_interfaces/include/more_interfaces/more_interfaces/msg/detail/address_book__rosidl_typesupport_fastrtps_cpp.hpp
[1.144s] -- Up-to-date: /home/mojiu/ros2_ws/install/more_interfaces/include/more_interfaces/more_interfaces/msg/rosidl_typesupport_fastrtps_cpp__visibility_control.h
[1.144s] -- Installing: /home/mojiu/ros2_ws/install/more_interfaces/lib/libmore_interfaces__rosidl_typesupport_fastrtps_cpp.so
[1.144s] -- Set non-toolchain portion of runtime path of "/home/mojiu/ros2_ws/install/more_interfaces/lib/libmore_interfaces__rosidl_typesupport_fastrtps_cpp.so" to ""
[1.144s] -- Up-to-date: /home/mojiu/ros2_ws/install/more_interfaces/include/more_interfaces/more_interfaces
[1.145s] -- Up-to-date: /home/mojiu/ros2_ws/install/more_interfaces/include/more_interfaces/more_interfaces/msg
[1.145s] -- Up-to-date: /home/mojiu/ros2_ws/install/more_interfaces/include/more_interfaces/more_interfaces/msg/detail
[1.145s] -- Up-to-date: /home/mojiu/ros2_ws/install/more_interfaces/include/more_interfaces/more_interfaces/msg/detail/address_book__rosidl_typesupport_introspection_cpp.hpp
[1.145s] -- Up-to-date: /home/mojiu/ros2_ws/install/more_interfaces/include/more_interfaces/more_interfaces/msg/detail/address_book__type_support.cpp
[1.146s] -- Installing: /home/mojiu/ros2_ws/install/more_interfaces/lib/libmore_interfaces__rosidl_typesupport_introspection_cpp.so
[1.146s] -- Set non-toolchain portion of runtime path of "/home/mojiu/ros2_ws/install/more_interfaces/lib/libmore_interfaces__rosidl_typesupport_introspection_cpp.so" to ""
[1.146s] -- Installing: /home/mojiu/ros2_ws/install/more_interfaces/lib/libmore_interfaces__rosidl_typesupport_cpp.so
[1.146s] -- Set non-toolchain portion of runtime path of "/home/mojiu/ros2_ws/install/more_interfaces/lib/libmore_interfaces__rosidl_typesupport_cpp.so" to ""
[1.147s] -- Up-to-date: /home/mojiu/ros2_ws/install/more_interfaces/share/more_interfaces/environment/pythonpath.sh
[1.147s] -- Up-to-date: /home/mojiu/ros2_ws/install/more_interfaces/share/more_interfaces/environment/pythonpath.dsv
[1.147s] -- Up-to-date: /home/mojiu/ros2_ws/install/more_interfaces/lib/python3.12/site-packages/more_interfaces-0.0.0-py3.12.egg-info
[1.147s] -- Installing: /home/mojiu/ros2_ws/install/more_interfaces/lib/python3.12/site-packages/more_interfaces-0.0.0-py3.12.egg-info/PKG-INFO
[1.148s] -- Installing: /home/mojiu/ros2_ws/install/more_interfaces/lib/python3.12/site-packages/more_interfaces-0.0.0-py3.12.egg-info/SOURCES.txt
[1.148s] -- Installing: /home/mojiu/ros2_ws/install/more_interfaces/lib/python3.12/site-packages/more_interfaces-0.0.0-py3.12.egg-info/top_level.txt
[1.148s] -- Installing: /home/mojiu/ros2_ws/install/more_interfaces/lib/python3.12/site-packages/more_interfaces-0.0.0-py3.12.egg-info/dependency_links.txt
[1.148s] -- Up-to-date: /home/mojiu/ros2_ws/install/more_interfaces/lib/python3.12/site-packages/more_interfaces
[1.148s] -- Up-to-date: /home/mojiu/ros2_ws/install/more_interfaces/lib/python3.12/site-packages/more_interfaces/_more_interfaces_s.ep.rosidl_typesupport_fastrtps_c.c
[1.149s] -- Installing: /home/mojiu/ros2_ws/install/more_interfaces/lib/python3.12/site-packages/more_interfaces/__init__.py
[1.149s] -- Up-to-date: /home/mojiu/ros2_ws/install/more_interfaces/lib/python3.12/site-packages/more_interfaces/_more_interfaces_s.ep.rosidl_typesupport_introspection_c.c
[1.149s] -- Installing: /home/mojiu/ros2_ws/install/more_interfaces/lib/python3.12/site-packages/more_interfaces/more_interfaces_s__rosidl_typesupport_c.so
[1.149s] -- Installing: /home/mojiu/ros2_ws/install/more_interfaces/lib/python3.12/site-packages/more_interfaces/more_interfaces_s__rosidl_typesupport_introspection_c.so
[1.149s] -- Installing: /home/mojiu/ros2_ws/install/more_interfaces/lib/python3.12/site-packages/more_interfaces/more_interfaces_s__rosidl_typesupport_fastrtps_c.so
[1.150s] -- Up-to-date: /home/mojiu/ros2_ws/install/more_interfaces/lib/python3.12/site-packages/more_interfaces/_more_interfaces_s.ep.rosidl_typesupport_c.c
[1.150s] -- Up-to-date: /home/mojiu/ros2_ws/install/more_interfaces/lib/python3.12/site-packages/more_interfaces/msg
[1.150s] -- Up-to-date: /home/mojiu/ros2_ws/install/more_interfaces/lib/python3.12/site-packages/more_interfaces/msg/_address_book_s.c
[1.150s] -- Up-to-date: /home/mojiu/ros2_ws/install/more_interfaces/lib/python3.12/site-packages/more_interfaces/msg/_address_book.py
[1.150s] -- Up-to-date: /home/mojiu/ros2_ws/install/more_interfaces/lib/python3.12/site-packages/more_interfaces/msg/__init__.py
[1.214s] Listing '/home/mojiu/ros2_ws/install/more_interfaces/lib/python3.12/site-packages/more_interfaces'...
[1.214s] Compiling '/home/mojiu/ros2_ws/install/more_interfaces/lib/python3.12/site-packages/more_interfaces/__init__.py'...
[1.214s] Listing '/home/mojiu/ros2_ws/install/more_interfaces/lib/python3.12/site-packages/more_interfaces/msg'...
[1.226s] -- Installing: /home/mojiu/ros2_ws/install/more_interfaces/lib/python3.12/site-packages/more_interfaces/more_interfaces_s__rosidl_typesupport_fastrtps_c.so
[1.226s] -- Set non-toolchain portion of runtime path of "/home/mojiu/ros2_ws/install/more_interfaces/lib/python3.12/site-packages/more_interfaces/more_interfaces_s__rosidl_typesupport_fastrtps_c.so" to ""
[1.227s] -- Installing: /home/mojiu/ros2_ws/install/more_interfaces/lib/python3.12/site-packages/more_interfaces/more_interfaces_s__rosidl_typesupport_introspection_c.so
[1.227s] -- Set non-toolchain portion of runtime path of "/home/mojiu/ros2_ws/install/more_interfaces/lib/python3.12/site-packages/more_interfaces/more_interfaces_s__rosidl_typesupport_introspection_c.so" to ""
[1.227s] -- Installing: /home/mojiu/ros2_ws/install/more_interfaces/lib/python3.12/site-packages/more_interfaces/more_interfaces_s__rosidl_typesupport_c.so
[1.228s] -- Set non-toolchain portion of runtime path of "/home/mojiu/ros2_ws/install/more_interfaces/lib/python3.12/site-packages/more_interfaces/more_interfaces_s__rosidl_typesupport_c.so" to ""
[1.229s] -- Installing: /home/mojiu/ros2_ws/install/more_interfaces/lib/libmore_interfaces__rosidl_generator_py.so
[1.229s] -- Set non-toolchain portion of runtime path of "/home/mojiu/ros2_ws/install/more_interfaces/lib/libmore_interfaces__rosidl_generator_py.so" to ""
[1.229s] -- Up-to-date: /home/mojiu/ros2_ws/install/more_interfaces/share/more_interfaces/msg/AddressBook.idl
[1.230s] -- Up-to-date: /home/mojiu/ros2_ws/install/more_interfaces/share/more_interfaces/msg/AddressBook.msg
[1.230s] -- Installing: /home/mojiu/ros2_ws/install/more_interfaces/lib/more_interfaces/publish_address_book
[1.233s] -- Set non-toolchain portion of runtime path of "/home/mojiu/ros2_ws/install/more_interfaces/lib/more_interfaces/publish_address_book" to ""
[1.233s] -- Up-to-date: /home/mojiu/ros2_ws/install/more_interfaces/share/ament_index/resource_index/package_run_dependencies/more_interfaces
[1.233s] -- Up-to-date: /home/mojiu/ros2_ws/install/more_interfaces/share/ament_index/resource_index/parent_prefix_path/more_interfaces
[1.233s] -- Up-to-date: /home/mojiu/ros2_ws/install/more_interfaces/share/more_interfaces/environment/ament_prefix_path.sh
[1.233s] -- Up-to-date: /home/mojiu/ros2_ws/install/more_interfaces/share/more_interfaces/environment/ament_prefix_path.dsv
[1.233s] -- Up-to-date: /home/mojiu/ros2_ws/install/more_interfaces/share/more_interfaces/environment/path.sh
[1.234s] -- Up-to-date: /home/mojiu/ros2_ws/install/more_interfaces/share/more_interfaces/environment/path.dsv
[1.234s] -- Up-to-date: /home/mojiu/ros2_ws/install/more_interfaces/share/more_interfaces/local_setup.bash
[1.236s] -- Up-to-date: /home/mojiu/ros2_ws/install/more_interfaces/share/more_interfaces/local_setup.sh
[1.236s] -- Up-to-date: /home/mojiu/ros2_ws/install/more_interfaces/share/more_interfaces/local_setup.zsh
[1.238s] -- Up-to-date: /home/mojiu/ros2_ws/install/more_interfaces/share/more_interfaces/local_setup.dsv
[1.238s] -- Installing: /home/mojiu/ros2_ws/install/more_interfaces/share/more_interfaces/package.dsv
[1.238s] -- Up-to-date: /home/mojiu/ros2_ws/install/more_interfaces/share/ament_index/resource_index/packages/more_interfaces
[1.239s] -- Up-to-date: /home/mojiu/ros2_ws/install/more_interfaces/share/more_interfaces/cmake/export_more_interfaces__rosidl_generator_cExport.cmake
[1.239s] -- Up-to-date: /home/mojiu/ros2_ws/install/more_interfaces/share/more_interfaces/cmake/export_more_interfaces__rosidl_generator_cExport-noconfig.cmake
[1.239s] -- Up-to-date: /home/mojiu/ros2_ws/install/more_interfaces/share/more_interfaces/cmake/export_more_interfaces__rosidl_typesupport_fastrtps_cExport.cmake
[1.239s] -- Up-to-date: /home/mojiu/ros2_ws/install/more_interfaces/share/more_interfaces/cmake/export_more_interfaces__rosidl_typesupport_fastrtps_cExport-noconfig.cmake
[1.239s] -- Up-to-date: /home/mojiu/ros2_ws/install/more_interfaces/share/more_interfaces/cmake/more_interfaces__rosidl_typesupport_introspection_cExport.cmake
[1.240s] -- Up-to-date: /home/mojiu/ros2_ws/install/more_interfaces/share/more_interfaces/cmake/more_interfaces__rosidl_typesupport_introspection_cExport-noconfig.cmake
[1.240s] -- Up-to-date: /home/mojiu/ros2_ws/install/more_interfaces/share/more_interfaces/cmake/more_interfaces__rosidl_typesupport_cExport.cmake
[1.240s] -- Up-to-date: /home/mojiu/ros2_ws/install/more_interfaces/share/more_interfaces/cmake/more_interfaces__rosidl_typesupport_cExport-noconfig.cmake
[1.240s] -- Up-to-date: /home/mojiu/ros2_ws/install/more_interfaces/share/more_interfaces/cmake/export_more_interfaces__rosidl_generator_cppExport.cmake
[1.241s] -- Up-to-date: /home/mojiu/ros2_ws/install/more_interfaces/share/more_interfaces/cmake/export_more_interfaces__rosidl_typesupport_fastrtps_cppExport.cmake
[1.241s] -- Up-to-date: /home/mojiu/ros2_ws/install/more_interfaces/share/more_interfaces/cmake/export_more_interfaces__rosidl_typesupport_fastrtps_cppExport-noconfig.cmake
[1.241s] -- Up-to-date: /home/mojiu/ros2_ws/install/more_interfaces/share/more_interfaces/cmake/more_interfaces__rosidl_typesupport_introspection_cppExport.cmake
[1.242s] -- Up-to-date: /home/mojiu/ros2_ws/install/more_interfaces/share/more_interfaces/cmake/more_interfaces__rosidl_typesupport_introspection_cppExport-noconfig.cmake
[1.242s] -- Up-to-date: /home/mojiu/ros2_ws/install/more_interfaces/share/more_interfaces/cmake/more_interfaces__rosidl_typesupport_cppExport.cmake
[1.242s] -- Up-to-date: /home/mojiu/ros2_ws/install/more_interfaces/share/more_interfaces/cmake/more_interfaces__rosidl_typesupport_cppExport-noconfig.cmake
[1.243s] -- Up-to-date: /home/mojiu/ros2_ws/install/more_interfaces/share/more_interfaces/cmake/export_more_interfaces__rosidl_generator_pyExport.cmake
[1.243s] -- Up-to-date: /home/mojiu/ros2_ws/install/more_interfaces/share/more_interfaces/cmake/export_more_interfaces__rosidl_generator_pyExport-noconfig.cmake
[1.243s] -- Up-to-date: /home/mojiu/ros2_ws/install/more_interfaces/share/more_interfaces/cmake/rosidl_cmake-extras.cmake
[1.245s] -- Up-to-date: /home/mojiu/ros2_ws/install/more_interfaces/share/more_interfaces/cmake/ament_cmake_export_include_directories-extras.cmake
[1.245s] -- Up-to-date: /home/mojiu/ros2_ws/install/more_interfaces/share/more_interfaces/cmake/ament_cmake_export_libraries-extras.cmake
[1.245s] -- Up-to-date: /home/mojiu/ros2_ws/install/more_interfaces/share/more_interfaces/cmake/ament_cmake_export_targets-extras.cmake
[1.245s] -- Up-to-date: /home/mojiu/ros2_ws/install/more_interfaces/share/more_interfaces/cmake/rosidl_cmake_export_typesupport_targets-extras.cmake
[1.246s] -- Up-to-date: /home/mojiu/ros2_ws/install/more_interfaces/share/more_interfaces/cmake/ament_cmake_export_dependencies-extras.cmake
[1.246s] -- Up-to-date: /home/mojiu/ros2_ws/install/more_interfaces/share/more_interfaces/cmake/rosidl_cmake_export_typesupport_libraries-extras.cmake
[1.246s] -- Up-to-date: /home/mojiu/ros2_ws/install/more_interfaces/share/more_interfaces/cmake/more_interfacesConfig.cmake
[1.246s] -- Up-to-date: /home/mojiu/ros2_ws/install/more_interfaces/share/more_interfaces/cmake/more_interfacesConfig-version.cmake
[1.246s] -- Up-to-date: /home/mojiu/ros2_ws/install/more_interfaces/share/more_interfaces/package.xml
[1.277s] Invoked command in '/home/mojiu/ros2_ws/build/more_interfaces' returned '0': CMAKE_PREFIX_PATH=${CMAKE_PREFIX_PATH}:/opt/ros/jazzy DEBUGINFOD_URLS=https://debuginfod.ubuntu.com /usr/bin/cmake --install /home/mojiu/ros2_ws/build/more_interfaces
