[0.009s] Invoking command in '/home/mojiu/ros2_ws/build/cpp_parameters': CMAKE_PREFIX_PATH=${CMAKE_PREFIX_PATH}:/opt/ros/jazzy DEBUGINFOD_URLS=https://debuginfod.ubuntu.com /usr/bin/cmake /home/mojiu/ros2_ws/src/cpp_parameters -DCMAKE_INSTALL_PREFIX=/home/mojiu/ros2_ws/install/cpp_parameters
[0.096s] -- The C compiler identification is GNU 13.2.0
[0.217s] -- The CXX compiler identification is GNU 13.2.0
[0.252s] -- Detecting C compiler ABI info
[0.349s] -- Detecting C compiler ABI info - done
[0.358s] -- Check for working C compiler: /usr/bin/cc - skipped
[0.359s] -- Detecting C compile features
[0.359s] -- Detecting C compile features - done
[0.368s] -- Detecting CXX compiler ABI info
[0.459s] -- Detecting CXX compiler ABI info - done
[0.470s] -- Check for working CXX compiler: /usr/bin/c++ - skipped
[0.470s] -- Detecting CXX compile features
[0.471s] -- Detecting CXX compile features - done
[0.476s] -- Found ament_cmake: 2.5.2 (/opt/ros/jazzy/share/ament_cmake/cmake)
[0.611s] -- Found Python3: /usr/bin/python3 (found version "3.12.3") found components: Interpreter 
[0.735s] -- Found rclcpp: 28.1.5 (/opt/ros/jazzy/share/rclcpp/cmake)
[0.798s] -- Found rosidl_generator_c: 4.6.4 (/opt/ros/jazzy/share/rosidl_generator_c/cmake)
[0.813s] -- Found rosidl_generator_cpp: 4.6.4 (/opt/ros/jazzy/share/rosidl_generator_cpp/cmake)
[0.832s] -- Using all available rosidl_typesupport_c: rosidl_typesupport_fastrtps_c;rosidl_typesupport_introspection_c
[0.853s] -- Using all available rosidl_typesupport_cpp: rosidl_typesupport_fastrtps_cpp;rosidl_typesupport_introspection_cpp
[0.953s] -- Found rmw_implementation_cmake: 7.3.1 (/opt/ros/jazzy/share/rmw_implementation_cmake/cmake)
[0.956s] -- Found rmw_fastrtps_cpp: 8.4.1 (/opt/ros/jazzy/share/rmw_fastrtps_cpp/cmake)
[1.037s] -- Found OpenSSL: /usr/lib/x86_64-linux-gnu/libcrypto.so (found version "3.0.13")  
[1.056s] -- Found FastRTPS: /opt/ros/jazzy/include (Required is at least version "2.13") 
[1.079s] -- Using RMW implementation 'rmw_fastrtps_cpp' as default
[1.165s] -- Found ament_lint_auto: 0.17.1 (/opt/ros/jazzy/share/ament_lint_auto/cmake)
[1.267s] -- Added test 'cppcheck' to perform static code analysis on C / C++ code
[1.267s] -- Configured cppcheck include dirs: 
[1.267s] -- Configured cppcheck exclude dirs and/or files: 
[1.268s] -- Added test 'lint_cmake' to check CMake code style
[1.269s] -- Added test 'uncrustify' to check C / C++ code style
[1.270s] -- Configured uncrustify additional arguments: 
[1.270s] -- Added test 'xmllint' to check XML markup files
[1.272s] -- Configuring done (1.3s)
[1.281s] -- Generating done (0.0s)
[1.283s] -- Build files have been written to: /home/mojiu/ros2_ws/build/cpp_parameters
[1.291s] Invoked command in '/home/mojiu/ros2_ws/build/cpp_parameters' returned '0': CMAKE_PREFIX_PATH=${CMAKE_PREFIX_PATH}:/opt/ros/jazzy DEBUGINFOD_URLS=https://debuginfod.ubuntu.com /usr/bin/cmake /home/mojiu/ros2_ws/src/cpp_parameters -DCMAKE_INSTALL_PREFIX=/home/mojiu/ros2_ws/install/cpp_parameters
[1.292s] Invoking command in '/home/mojiu/ros2_ws/build/cpp_parameters': CMAKE_PREFIX_PATH=${CMAKE_PREFIX_PATH}:/opt/ros/jazzy DEBUGINFOD_URLS=https://debuginfod.ubuntu.com /usr/bin/cmake --build /home/mojiu/ros2_ws/build/cpp_parameters -- -j8 -l8
[1.338s] [ 50%] [32mBuilding CXX object CMakeFiles/minimal_param_node.dir/src/cpp_parameters_node.cpp.o[0m
[4.783s] [100%] [32m[1mLinking CXX executable minimal_param_node[0m
[4.922s] [100%] Built target minimal_param_node
[4.932s] Invoked command in '/home/mojiu/ros2_ws/build/cpp_parameters' returned '0': CMAKE_PREFIX_PATH=${CMAKE_PREFIX_PATH}:/opt/ros/jazzy DEBUGINFOD_URLS=https://debuginfod.ubuntu.com /usr/bin/cmake --build /home/mojiu/ros2_ws/build/cpp_parameters -- -j8 -l8
[4.965s] Invoking command in '/home/mojiu/ros2_ws/build/cpp_parameters': CMAKE_PREFIX_PATH=${CMAKE_PREFIX_PATH}:/opt/ros/jazzy DEBUGINFOD_URLS=https://debuginfod.ubuntu.com /usr/bin/cmake --install /home/mojiu/ros2_ws/build/cpp_parameters
[4.972s] -- Install configuration: ""
[4.972s] -- Installing: /home/mojiu/ros2_ws/install/cpp_parameters/lib/cpp_parameters/minimal_param_node
[4.973s] -- Set non-toolchain portion of runtime path of "/home/mojiu/ros2_ws/install/cpp_parameters/lib/cpp_parameters/minimal_param_node" to ""
[4.973s] -- Installing: /home/mojiu/ros2_ws/install/cpp_parameters/share/ament_index/resource_index/package_run_dependencies/cpp_parameters
[4.974s] -- Installing: /home/mojiu/ros2_ws/install/cpp_parameters/share/ament_index/resource_index/parent_prefix_path/cpp_parameters
[4.974s] -- Installing: /home/mojiu/ros2_ws/install/cpp_parameters/share/cpp_parameters/environment/ament_prefix_path.sh
[4.974s] -- Installing: /home/mojiu/ros2_ws/install/cpp_parameters/share/cpp_parameters/environment/ament_prefix_path.dsv
[4.974s] -- Installing: /home/mojiu/ros2_ws/install/cpp_parameters/share/cpp_parameters/environment/path.sh
[4.974s] -- Installing: /home/mojiu/ros2_ws/install/cpp_parameters/share/cpp_parameters/environment/path.dsv
[4.975s] -- Installing: /home/mojiu/ros2_ws/install/cpp_parameters/share/cpp_parameters/local_setup.bash
[4.975s] -- Installing: /home/mojiu/ros2_ws/install/cpp_parameters/share/cpp_parameters/local_setup.sh
[4.975s] -- Installing: /home/mojiu/ros2_ws/install/cpp_parameters/share/cpp_parameters/local_setup.zsh
[4.975s] -- Installing: /home/mojiu/ros2_ws/install/cpp_parameters/share/cpp_parameters/local_setup.dsv
[4.975s] -- Installing: /home/mojiu/ros2_ws/install/cpp_parameters/share/cpp_parameters/package.dsv
[4.975s] -- Installing: /home/mojiu/ros2_ws/install/cpp_parameters/share/ament_index/resource_index/packages/cpp_parameters
[4.976s] -- Installing: /home/mojiu/ros2_ws/install/cpp_parameters/share/cpp_parameters/cmake/cpp_parametersConfig.cmake
[4.976s] -- Installing: /home/mojiu/ros2_ws/install/cpp_parameters/share/cpp_parameters/cmake/cpp_parametersConfig-version.cmake
[4.976s] -- Installing: /home/mojiu/ros2_ws/install/cpp_parameters/share/cpp_parameters/package.xml
[4.978s] Invoked command in '/home/mojiu/ros2_ws/build/cpp_parameters' returned '0': CMAKE_PREFIX_PATH=${CMAKE_PREFIX_PATH}:/opt/ros/jazzy DEBUGINFOD_URLS=https://debuginfod.ubuntu.com /usr/bin/cmake --install /home/mojiu/ros2_ws/build/cpp_parameters
