[0.009s] Invoking command in '/home/mojiu/ros2_ws/build/more_interfaces': CMAKE_PREFIX_PATH=${CMAKE_PREFIX_PATH}:/opt/ros/jazzy DEBUGINFOD_URLS=https://debuginfod.ubuntu.com /usr/bin/cmake --build /home/mojiu/ros2_ws/build/more_interfaces -- -j8 -l8
[0.035s] -- Found ament_cmake: 2.5.2 (/opt/ros/jazzy/share/ament_cmake/cmake)
[0.138s] -- Found rosidl_default_generators: 1.6.0 (/opt/ros/jazzy/share/rosidl_default_generators/cmake)
[0.140s] -- Using all available rosidl_typesupport_c: rosidl_typesupport_fastrtps_c;rosidl_typesupport_introspection_c
[0.174s] -- Using all available rosidl_typesupport_cpp: rosidl_typesupport_fastrtps_cpp;rosidl_typesupport_introspection_cpp
[0.204s] -- Found rosidl_adapter: 4.6.4 (/opt/ros/jazzy/share/rosidl_adapter/cmake)
[0.451s] -- Found ament_cmake_ros: 0.12.0 (/opt/ros/jazzy/share/ament_cmake_ros/cmake)
[0.537s] -- Using all available rosidl_typesupport_c: rosidl_typesupport_fastrtps_c;rosidl_typesupport_introspection_c
[0.644s] -- Using all available rosidl_typesupport_cpp: rosidl_typesupport_fastrtps_cpp;rosidl_typesupport_introspection_cpp
[0.645s] -- Found python_cmake_module: 0.11.1 (/opt/ros/jazzy/share/python_cmake_module/cmake)
[0.892s] -- Found Python3: /usr/bin/python3 (found version "3.12.3") found components: Interpreter Development NumPy Development.Module Development.Embed 
[0.902s] -- Found rclcpp: 28.1.4 (/opt/ros/jazzy/share/rclcpp/cmake)
[0.971s] -- Found rmw_implementation_cmake: 7.3.1 (/opt/ros/jazzy/share/rmw_implementation_cmake/cmake)
[0.972s] -- Found rmw_fastrtps_cpp: 8.4.1 (/opt/ros/jazzy/share/rmw_fastrtps_cpp/cmake)
[1.037s] -- Using RMW implementation 'rmw_fastrtps_cpp' as default
[1.105s] -- Found ament_lint_auto: 0.17.1 (/opt/ros/jazzy/share/ament_lint_auto/cmake)
[1.116s] -- Added test 'cppcheck' to perform static code analysis on C / C++ code
[1.117s] -- Configured cppcheck include dirs: 
[1.117s] -- Configured cppcheck exclude dirs and/or files: 
[1.118s] -- Added test 'lint_cmake' to check CMake code style
[1.119s] -- Added test 'uncrustify' to check C / C++ code style
[1.120s] -- Configured uncrustify additional arguments: 
[1.120s] -- Added test 'xmllint' to check XML markup files
[1.123s] -- Configuring done (1.1s)
[1.171s] -- Generating done (0.0s)
[1.175s] -- Build files have been written to: /home/mojiu/ros2_ws/build/more_interfaces
[1.209s] [  2%] Built target more_interfaces__rosidl_generator_type_description
[1.217s] [  2%] Built target ament_cmake_python_copy_more_interfaces
[1.227s] [  5%] Built target more_interfaces__cpp
[1.230s] [ 19%] Built target more_interfaces__rosidl_generator_c
[1.241s] [ 22%] [34m[1mGenerating C type support dispatch for ROS interfaces[0m
[1.243s] [ 27%] [34m[1mGenerating C type support for eProsima Fast-RTPS[0m
[1.243s] [ 27%] [34m[1mGenerating C++ type support dispatch for ROS interfaces[0m
[1.244s] [ 30%] [34m[1mGenerating C introspection for ROS interfaces[0m
[1.244s] [ 33%] [34m[1mGenerating C++ type support for eProsima Fast-RTPS[0m
[1.244s] [ 36%] [34m[1mGenerating C++ introspection for ROS interfaces[0m
[1.630s] running egg_info
[1.663s] writing more_interfaces.egg-info/PKG-INFO
[1.664s] writing dependency_links to more_interfaces.egg-info/dependency_links.txt
[1.668s] writing top-level names to more_interfaces.egg-info/top_level.txt
[1.668s] [ 38%] [32mBuilding CXX object CMakeFiles/more_interfaces__rosidl_typesupport_c.dir/rosidl_typesupport_c/more_interfaces/msg/address_book__type_support.cpp.o[0m
[1.668s] [ 41%] [32mBuilding CXX object CMakeFiles/more_interfaces__rosidl_typesupport_cpp.dir/rosidl_typesupport_cpp/more_interfaces/msg/address_book__type_support.cpp.o[0m
[1.690s] [ 44%] [32mBuilding C object CMakeFiles/more_interfaces__rosidl_typesupport_introspection_c.dir/rosidl_typesupport_introspection_c/more_interfaces/msg/detail/address_book__type_support.c.o[0m
[1.704s] [ 47%] [32mBuilding CXX object CMakeFiles/more_interfaces__rosidl_typesupport_introspection_cpp.dir/rosidl_typesupport_introspection_cpp/more_interfaces/msg/detail/address_book__type_support.cpp.o[0m
[1.719s] [ 50%] [32mBuilding CXX object CMakeFiles/more_interfaces__rosidl_typesupport_fastrtps_cpp.dir/rosidl_typesupport_fastrtps_cpp/more_interfaces/msg/detail/dds_fastrtps/address_book__type_support.cpp.o[0m
[1.724s] [ 52%] [32mBuilding CXX object CMakeFiles/more_interfaces__rosidl_typesupport_fastrtps_c.dir/rosidl_typesupport_fastrtps_c/more_interfaces/msg/detail/address_book__type_support_c.cpp.o[0m
[1.755s] [ 55%] [32m[1mLinking CXX shared library libmore_interfaces__rosidl_typesupport_c.so[0m
[1.756s] [ 58%] [32m[1mLinking C shared library libmore_interfaces__rosidl_typesupport_introspection_c.so[0m
[1.801s] reading manifest file 'more_interfaces.egg-info/SOURCES.txt'
[1.802s] writing manifest file 'more_interfaces.egg-info/SOURCES.txt'
[1.803s] [ 58%] Built target more_interfaces__rosidl_typesupport_introspection_c
[1.821s] [ 58%] Built target more_interfaces__rosidl_typesupport_c
[1.847s] [ 58%] Built target ament_cmake_python_build_more_interfaces_egg
[2.103s] [ 61%] [32m[1mLinking CXX shared library libmore_interfaces__rosidl_typesupport_cpp.so[0m
[2.148s] [ 61%] Built target more_interfaces__rosidl_typesupport_cpp
[2.151s] [ 63%] [32m[1mLinking CXX shared library libmore_interfaces__rosidl_typesupport_introspection_cpp.so[0m
[2.169s] [ 66%] [32mBuilding CXX object CMakeFiles/publish_address_book.dir/src/publish_address_book.cpp.o[0m
[2.221s] [ 66%] Built target more_interfaces__rosidl_typesupport_introspection_cpp
[2.354s] [ 69%] [32m[1mLinking CXX shared library libmore_interfaces__rosidl_typesupport_fastrtps_cpp.so[0m
[2.379s] [ 72%] [32m[1mLinking CXX shared library libmore_interfaces__rosidl_typesupport_fastrtps_c.so[0m
[2.451s] [ 72%] Built target more_interfaces__rosidl_typesupport_fastrtps_cpp
[2.469s] [ 72%] Built target more_interfaces__rosidl_typesupport_fastrtps_c
[2.490s] [ 72%] Built target more_interfaces
[2.510s] [ 75%] [34m[1mGenerating Python code for ROS interfaces[0m
[2.801s] [ 75%] Built target more_interfaces__py
[2.821s] [ 77%] [32mBuilding C object CMakeFiles/more_interfaces__rosidl_generator_py.dir/rosidl_generator_py/more_interfaces/msg/_address_book_s.c.o[0m
[2.966s] [ 80%] [32m[1mLinking C shared library libmore_interfaces__rosidl_generator_py.so[0m
[3.003s] [ 80%] Built target more_interfaces__rosidl_generator_py
[3.022s] [ 88%] [32mBuilding C object CMakeFiles/more_interfaces_s__rosidl_typesupport_c.dir/rosidl_generator_py/more_interfaces/_more_interfaces_s.ep.rosidl_typesupport_c.c.o[0m
[3.023s] [ 88%] [32mBuilding C object CMakeFiles/more_interfaces_s__rosidl_typesupport_introspection_c.dir/rosidl_generator_py/more_interfaces/_more_interfaces_s.ep.rosidl_typesupport_introspection_c.c.o[0m
[3.023s] [ 88%] [32mBuilding C object CMakeFiles/more_interfaces_s__rosidl_typesupport_fastrtps_c.dir/rosidl_generator_py/more_interfaces/_more_interfaces_s.ep.rosidl_typesupport_fastrtps_c.c.o[0m
[3.139s] [ 91%] [32m[1mLinking C shared module rosidl_generator_py/more_interfaces/more_interfaces_s__rosidl_typesupport_introspection_c.so[0m
[3.140s] [ 94%] [32m[1mLinking C shared module rosidl_generator_py/more_interfaces/more_interfaces_s__rosidl_typesupport_c.so[0m
[3.143s] [ 97%] [32m[1mLinking C shared module rosidl_generator_py/more_interfaces/more_interfaces_s__rosidl_typesupport_fastrtps_c.so[0m
[3.172s] [ 97%] Built target more_interfaces_s__rosidl_typesupport_c
[3.172s] [ 97%] Built target more_interfaces_s__rosidl_typesupport_introspection_c
[3.184s] [ 97%] Built target more_interfaces_s__rosidl_typesupport_fastrtps_c
[6.782s] [100%] [32m[1mLinking CXX executable publish_address_book[0m
[6.969s] [100%] Built target publish_address_book
[6.981s] Invoked command in '/home/mojiu/ros2_ws/build/more_interfaces' returned '0': CMAKE_PREFIX_PATH=${CMAKE_PREFIX_PATH}:/opt/ros/jazzy DEBUGINFOD_URLS=https://debuginfod.ubuntu.com /usr/bin/cmake --build /home/mojiu/ros2_ws/build/more_interfaces -- -j8 -l8
[7.046s] Invoking command in '/home/mojiu/ros2_ws/build/more_interfaces': CMAKE_PREFIX_PATH=${CMAKE_PREFIX_PATH}:/opt/ros/jazzy DEBUGINFOD_URLS=https://debuginfod.ubuntu.com /usr/bin/cmake --install /home/mojiu/ros2_ws/build/more_interfaces
[7.054s] -- Install configuration: ""
[7.054s] -- Installing: /home/mojiu/ros2_ws/install/more_interfaces/share/ament_index/resource_index/rosidl_interfaces/more_interfaces
[7.054s] -- Installing: /home/mojiu/ros2_ws/install/more_interfaces/share/more_interfaces/msg/AddressBook.json
[7.054s] -- Installing: /home/mojiu/ros2_ws/install/more_interfaces/include/more_interfaces/more_interfaces
[7.054s] -- Installing: /home/mojiu/ros2_ws/install/more_interfaces/include/more_interfaces/more_interfaces/msg
[7.055s] -- Installing: /home/mojiu/ros2_ws/install/more_interfaces/include/more_interfaces/more_interfaces/msg/detail
[7.055s] -- Installing: /home/mojiu/ros2_ws/install/more_interfaces/include/more_interfaces/more_interfaces/msg/detail/address_book__type_support.h
[7.055s] -- Installing: /home/mojiu/ros2_ws/install/more_interfaces/include/more_interfaces/more_interfaces/msg/detail/address_book__struct.h
[7.055s] -- Installing: /home/mojiu/ros2_ws/install/more_interfaces/include/more_interfaces/more_interfaces/msg/detail/address_book__description.c
[7.055s] -- Installing: /home/mojiu/ros2_ws/install/more_interfaces/include/more_interfaces/more_interfaces/msg/detail/address_book__functions.c
[7.055s] -- Installing: /home/mojiu/ros2_ws/install/more_interfaces/include/more_interfaces/more_interfaces/msg/detail/address_book__functions.h
[7.055s] -- Installing: /home/mojiu/ros2_ws/install/more_interfaces/include/more_interfaces/more_interfaces/msg/detail/address_book__type_support.c
[7.055s] -- Installing: /home/mojiu/ros2_ws/install/more_interfaces/include/more_interfaces/more_interfaces/msg/address_book.h
[7.056s] -- Installing: /home/mojiu/ros2_ws/install/more_interfaces/include/more_interfaces/more_interfaces/msg/rosidl_generator_c__visibility_control.h
[7.056s] -- Installing: /home/mojiu/ros2_ws/install/more_interfaces/share/more_interfaces/environment/library_path.sh
[7.056s] -- Installing: /home/mojiu/ros2_ws/install/more_interfaces/share/more_interfaces/environment/library_path.dsv
[7.056s] -- Installing: /home/mojiu/ros2_ws/install/more_interfaces/lib/libmore_interfaces__rosidl_generator_c.so
[7.057s] -- Set non-toolchain portion of runtime path of "/home/mojiu/ros2_ws/install/more_interfaces/lib/libmore_interfaces__rosidl_generator_c.so" to ""
[7.057s] -- Up-to-date: /home/mojiu/ros2_ws/install/more_interfaces/include/more_interfaces/more_interfaces
[7.057s] -- Up-to-date: /home/mojiu/ros2_ws/install/more_interfaces/include/more_interfaces/more_interfaces/msg
[7.057s] -- Installing: /home/mojiu/ros2_ws/install/more_interfaces/include/more_interfaces/more_interfaces/msg/rosidl_typesupport_fastrtps_c__visibility_control.h
[7.057s] -- Up-to-date: /home/mojiu/ros2_ws/install/more_interfaces/include/more_interfaces/more_interfaces/msg/detail
[7.057s] -- Installing: /home/mojiu/ros2_ws/install/more_interfaces/include/more_interfaces/more_interfaces/msg/detail/address_book__rosidl_typesupport_fastrtps_c.h
[7.057s] -- Installing: /home/mojiu/ros2_ws/install/more_interfaces/lib/libmore_interfaces__rosidl_typesupport_fastrtps_c.so
[7.058s] -- Set non-toolchain portion of runtime path of "/home/mojiu/ros2_ws/install/more_interfaces/lib/libmore_interfaces__rosidl_typesupport_fastrtps_c.so" to ""
[7.058s] -- Up-to-date: /home/mojiu/ros2_ws/install/more_interfaces/include/more_interfaces/more_interfaces
[7.058s] -- Up-to-date: /home/mojiu/ros2_ws/install/more_interfaces/include/more_interfaces/more_interfaces/msg
[7.058s] -- Up-to-date: /home/mojiu/ros2_ws/install/more_interfaces/include/more_interfaces/more_interfaces/msg/detail
[7.058s] -- Installing: /home/mojiu/ros2_ws/install/more_interfaces/include/more_interfaces/more_interfaces/msg/detail/address_book__rosidl_typesupport_introspection_c.h
[7.058s] -- Installing: /home/mojiu/ros2_ws/install/more_interfaces/include/more_interfaces/more_interfaces/msg/detail/address_book__type_support.c
[7.058s] -- Installing: /home/mojiu/ros2_ws/install/more_interfaces/include/more_interfaces/more_interfaces/msg/rosidl_typesupport_introspection_c__visibility_control.h
[7.058s] -- Installing: /home/mojiu/ros2_ws/install/more_interfaces/lib/libmore_interfaces__rosidl_typesupport_introspection_c.so
[7.059s] -- Set non-toolchain portion of runtime path of "/home/mojiu/ros2_ws/install/more_interfaces/lib/libmore_interfaces__rosidl_typesupport_introspection_c.so" to ""
[7.059s] -- Installing: /home/mojiu/ros2_ws/install/more_interfaces/lib/libmore_interfaces__rosidl_typesupport_c.so
[7.059s] -- Set non-toolchain portion of runtime path of "/home/mojiu/ros2_ws/install/more_interfaces/lib/libmore_interfaces__rosidl_typesupport_c.so" to ""
[7.059s] -- Up-to-date: /home/mojiu/ros2_ws/install/more_interfaces/include/more_interfaces/more_interfaces
[7.059s] -- Up-to-date: /home/mojiu/ros2_ws/install/more_interfaces/include/more_interfaces/more_interfaces/msg
[7.060s] -- Up-to-date: /home/mojiu/ros2_ws/install/more_interfaces/include/more_interfaces/more_interfaces/msg/detail
[7.060s] -- Installing: /home/mojiu/ros2_ws/install/more_interfaces/include/more_interfaces/more_interfaces/msg/detail/address_book__builder.hpp
[7.060s] -- Installing: /home/mojiu/ros2_ws/install/more_interfaces/include/more_interfaces/more_interfaces/msg/detail/address_book__traits.hpp
[7.060s] -- Installing: /home/mojiu/ros2_ws/install/more_interfaces/include/more_interfaces/more_interfaces/msg/detail/address_book__type_support.hpp
[7.060s] -- Installing: /home/mojiu/ros2_ws/install/more_interfaces/include/more_interfaces/more_interfaces/msg/detail/address_book__struct.hpp
[7.060s] -- Installing: /home/mojiu/ros2_ws/install/more_interfaces/include/more_interfaces/more_interfaces/msg/rosidl_generator_cpp__visibility_control.hpp
[7.060s] -- Installing: /home/mojiu/ros2_ws/install/more_interfaces/include/more_interfaces/more_interfaces/msg/address_book.hpp
[7.060s] -- Up-to-date: /home/mojiu/ros2_ws/install/more_interfaces/include/more_interfaces/more_interfaces
[7.061s] -- Up-to-date: /home/mojiu/ros2_ws/install/more_interfaces/include/more_interfaces/more_interfaces/msg
[7.061s] -- Up-to-date: /home/mojiu/ros2_ws/install/more_interfaces/include/more_interfaces/more_interfaces/msg/detail
[7.061s] -- Installing: /home/mojiu/ros2_ws/install/more_interfaces/include/more_interfaces/more_interfaces/msg/detail/dds_fastrtps
[7.061s] -- Installing: /home/mojiu/ros2_ws/install/more_interfaces/include/more_interfaces/more_interfaces/msg/detail/address_book__rosidl_typesupport_fastrtps_cpp.hpp
[7.061s] -- Installing: /home/mojiu/ros2_ws/install/more_interfaces/include/more_interfaces/more_interfaces/msg/rosidl_typesupport_fastrtps_cpp__visibility_control.h
[7.061s] -- Installing: /home/mojiu/ros2_ws/install/more_interfaces/lib/libmore_interfaces__rosidl_typesupport_fastrtps_cpp.so
[7.061s] -- Set non-toolchain portion of runtime path of "/home/mojiu/ros2_ws/install/more_interfaces/lib/libmore_interfaces__rosidl_typesupport_fastrtps_cpp.so" to ""
[7.062s] -- Up-to-date: /home/mojiu/ros2_ws/install/more_interfaces/include/more_interfaces/more_interfaces
[7.062s] -- Up-to-date: /home/mojiu/ros2_ws/install/more_interfaces/include/more_interfaces/more_interfaces/msg
[7.062s] -- Up-to-date: /home/mojiu/ros2_ws/install/more_interfaces/include/more_interfaces/more_interfaces/msg/detail
[7.062s] -- Installing: /home/mojiu/ros2_ws/install/more_interfaces/include/more_interfaces/more_interfaces/msg/detail/address_book__rosidl_typesupport_introspection_cpp.hpp
[7.062s] -- Installing: /home/mojiu/ros2_ws/install/more_interfaces/include/more_interfaces/more_interfaces/msg/detail/address_book__type_support.cpp
[7.062s] -- Installing: /home/mojiu/ros2_ws/install/more_interfaces/lib/libmore_interfaces__rosidl_typesupport_introspection_cpp.so
[7.063s] -- Set non-toolchain portion of runtime path of "/home/mojiu/ros2_ws/install/more_interfaces/lib/libmore_interfaces__rosidl_typesupport_introspection_cpp.so" to ""
[7.063s] -- Installing: /home/mojiu/ros2_ws/install/more_interfaces/lib/libmore_interfaces__rosidl_typesupport_cpp.so
[7.063s] -- Set non-toolchain portion of runtime path of "/home/mojiu/ros2_ws/install/more_interfaces/lib/libmore_interfaces__rosidl_typesupport_cpp.so" to ""
[7.063s] -- Installing: /home/mojiu/ros2_ws/install/more_interfaces/share/more_interfaces/environment/pythonpath.sh
[7.063s] -- Installing: /home/mojiu/ros2_ws/install/more_interfaces/share/more_interfaces/environment/pythonpath.dsv
[7.064s] -- Installing: /home/mojiu/ros2_ws/install/more_interfaces/lib/python3.12/site-packages/more_interfaces-0.0.0-py3.12.egg-info
[7.064s] -- Installing: /home/mojiu/ros2_ws/install/more_interfaces/lib/python3.12/site-packages/more_interfaces-0.0.0-py3.12.egg-info/PKG-INFO
[7.064s] -- Installing: /home/mojiu/ros2_ws/install/more_interfaces/lib/python3.12/site-packages/more_interfaces-0.0.0-py3.12.egg-info/SOURCES.txt
[7.064s] -- Installing: /home/mojiu/ros2_ws/install/more_interfaces/lib/python3.12/site-packages/more_interfaces-0.0.0-py3.12.egg-info/top_level.txt
[7.064s] -- Installing: /home/mojiu/ros2_ws/install/more_interfaces/lib/python3.12/site-packages/more_interfaces-0.0.0-py3.12.egg-info/dependency_links.txt
[7.064s] -- Installing: /home/mojiu/ros2_ws/install/more_interfaces/lib/python3.12/site-packages/more_interfaces
[7.064s] -- Installing: /home/mojiu/ros2_ws/install/more_interfaces/lib/python3.12/site-packages/more_interfaces/_more_interfaces_s.ep.rosidl_typesupport_fastrtps_c.c
[7.064s] -- Installing: /home/mojiu/ros2_ws/install/more_interfaces/lib/python3.12/site-packages/more_interfaces/__init__.py
[7.065s] -- Installing: /home/mojiu/ros2_ws/install/more_interfaces/lib/python3.12/site-packages/more_interfaces/_more_interfaces_s.ep.rosidl_typesupport_introspection_c.c
[7.065s] -- Installing: /home/mojiu/ros2_ws/install/more_interfaces/lib/python3.12/site-packages/more_interfaces/more_interfaces_s__rosidl_typesupport_c.so
[7.065s] -- Installing: /home/mojiu/ros2_ws/install/more_interfaces/lib/python3.12/site-packages/more_interfaces/more_interfaces_s__rosidl_typesupport_introspection_c.so
[7.065s] -- Installing: /home/mojiu/ros2_ws/install/more_interfaces/lib/python3.12/site-packages/more_interfaces/more_interfaces_s__rosidl_typesupport_fastrtps_c.so
[7.065s] -- Installing: /home/mojiu/ros2_ws/install/more_interfaces/lib/python3.12/site-packages/more_interfaces/_more_interfaces_s.ep.rosidl_typesupport_c.c
[7.065s] -- Installing: /home/mojiu/ros2_ws/install/more_interfaces/lib/python3.12/site-packages/more_interfaces/msg
[7.065s] -- Installing: /home/mojiu/ros2_ws/install/more_interfaces/lib/python3.12/site-packages/more_interfaces/msg/_address_book_s.c
[7.065s] -- Installing: /home/mojiu/ros2_ws/install/more_interfaces/lib/python3.12/site-packages/more_interfaces/msg/_address_book.py
[7.066s] -- Installing: /home/mojiu/ros2_ws/install/more_interfaces/lib/python3.12/site-packages/more_interfaces/msg/__init__.py
[7.105s] Listing '/home/mojiu/ros2_ws/install/more_interfaces/lib/python3.12/site-packages/more_interfaces'...
[7.105s] Compiling '/home/mojiu/ros2_ws/install/more_interfaces/lib/python3.12/site-packages/more_interfaces/__init__.py'...
[7.105s] Listing '/home/mojiu/ros2_ws/install/more_interfaces/lib/python3.12/site-packages/more_interfaces/msg'...
[7.105s] Compiling '/home/mojiu/ros2_ws/install/more_interfaces/lib/python3.12/site-packages/more_interfaces/msg/__init__.py'...
[7.105s] Compiling '/home/mojiu/ros2_ws/install/more_interfaces/lib/python3.12/site-packages/more_interfaces/msg/_address_book.py'...
[7.110s] -- Installing: /home/mojiu/ros2_ws/install/more_interfaces/lib/python3.12/site-packages/more_interfaces/more_interfaces_s__rosidl_typesupport_fastrtps_c.so
[7.110s] -- Set non-toolchain portion of runtime path of "/home/mojiu/ros2_ws/install/more_interfaces/lib/python3.12/site-packages/more_interfaces/more_interfaces_s__rosidl_typesupport_fastrtps_c.so" to ""
[7.111s] -- Installing: /home/mojiu/ros2_ws/install/more_interfaces/lib/python3.12/site-packages/more_interfaces/more_interfaces_s__rosidl_typesupport_introspection_c.so
[7.111s] -- Set non-toolchain portion of runtime path of "/home/mojiu/ros2_ws/install/more_interfaces/lib/python3.12/site-packages/more_interfaces/more_interfaces_s__rosidl_typesupport_introspection_c.so" to ""
[7.111s] -- Installing: /home/mojiu/ros2_ws/install/more_interfaces/lib/python3.12/site-packages/more_interfaces/more_interfaces_s__rosidl_typesupport_c.so
[7.112s] -- Set non-toolchain portion of runtime path of "/home/mojiu/ros2_ws/install/more_interfaces/lib/python3.12/site-packages/more_interfaces/more_interfaces_s__rosidl_typesupport_c.so" to ""
[7.112s] -- Installing: /home/mojiu/ros2_ws/install/more_interfaces/lib/libmore_interfaces__rosidl_generator_py.so
[7.112s] -- Set non-toolchain portion of runtime path of "/home/mojiu/ros2_ws/install/more_interfaces/lib/libmore_interfaces__rosidl_generator_py.so" to ""
[7.113s] -- Installing: /home/mojiu/ros2_ws/install/more_interfaces/share/more_interfaces/msg/AddressBook.idl
[7.113s] -- Installing: /home/mojiu/ros2_ws/install/more_interfaces/share/more_interfaces/msg/AddressBook.msg
[7.113s] -- Installing: /home/mojiu/ros2_ws/install/more_interfaces/lib/more_interfaces/publish_address_book
[7.115s] -- Set non-toolchain portion of runtime path of "/home/mojiu/ros2_ws/install/more_interfaces/lib/more_interfaces/publish_address_book" to ""
[7.115s] -- Installing: /home/mojiu/ros2_ws/install/more_interfaces/share/ament_index/resource_index/package_run_dependencies/more_interfaces
[7.115s] -- Installing: /home/mojiu/ros2_ws/install/more_interfaces/share/ament_index/resource_index/parent_prefix_path/more_interfaces
[7.115s] -- Installing: /home/mojiu/ros2_ws/install/more_interfaces/share/more_interfaces/environment/ament_prefix_path.sh
[7.115s] -- Installing: /home/mojiu/ros2_ws/install/more_interfaces/share/more_interfaces/environment/ament_prefix_path.dsv
[7.115s] -- Installing: /home/mojiu/ros2_ws/install/more_interfaces/share/more_interfaces/environment/path.sh
[7.116s] -- Installing: /home/mojiu/ros2_ws/install/more_interfaces/share/more_interfaces/environment/path.dsv
[7.116s] -- Installing: /home/mojiu/ros2_ws/install/more_interfaces/share/more_interfaces/local_setup.bash
[7.116s] -- Installing: /home/mojiu/ros2_ws/install/more_interfaces/share/more_interfaces/local_setup.sh
[7.116s] -- Installing: /home/mojiu/ros2_ws/install/more_interfaces/share/more_interfaces/local_setup.zsh
[7.116s] -- Installing: /home/mojiu/ros2_ws/install/more_interfaces/share/more_interfaces/local_setup.dsv
[7.117s] -- Installing: /home/mojiu/ros2_ws/install/more_interfaces/share/more_interfaces/package.dsv
[7.117s] -- Installing: /home/mojiu/ros2_ws/install/more_interfaces/share/ament_index/resource_index/packages/more_interfaces
[7.117s] -- Installing: /home/mojiu/ros2_ws/install/more_interfaces/share/more_interfaces/cmake/export_more_interfaces__rosidl_generator_cExport.cmake
[7.117s] -- Installing: /home/mojiu/ros2_ws/install/more_interfaces/share/more_interfaces/cmake/export_more_interfaces__rosidl_generator_cExport-noconfig.cmake
[7.117s] -- Installing: /home/mojiu/ros2_ws/install/more_interfaces/share/more_interfaces/cmake/export_more_interfaces__rosidl_typesupport_fastrtps_cExport.cmake
[7.118s] -- Installing: /home/mojiu/ros2_ws/install/more_interfaces/share/more_interfaces/cmake/export_more_interfaces__rosidl_typesupport_fastrtps_cExport-noconfig.cmake
[7.118s] -- Installing: /home/mojiu/ros2_ws/install/more_interfaces/share/more_interfaces/cmake/more_interfaces__rosidl_typesupport_introspection_cExport.cmake
[7.118s] -- Installing: /home/mojiu/ros2_ws/install/more_interfaces/share/more_interfaces/cmake/more_interfaces__rosidl_typesupport_introspection_cExport-noconfig.cmake
[7.118s] -- Installing: /home/mojiu/ros2_ws/install/more_interfaces/share/more_interfaces/cmake/more_interfaces__rosidl_typesupport_cExport.cmake
[7.118s] -- Installing: /home/mojiu/ros2_ws/install/more_interfaces/share/more_interfaces/cmake/more_interfaces__rosidl_typesupport_cExport-noconfig.cmake
[7.118s] -- Installing: /home/mojiu/ros2_ws/install/more_interfaces/share/more_interfaces/cmake/export_more_interfaces__rosidl_generator_cppExport.cmake
[7.119s] -- Installing: /home/mojiu/ros2_ws/install/more_interfaces/share/more_interfaces/cmake/export_more_interfaces__rosidl_typesupport_fastrtps_cppExport.cmake
[7.119s] -- Installing: /home/mojiu/ros2_ws/install/more_interfaces/share/more_interfaces/cmake/export_more_interfaces__rosidl_typesupport_fastrtps_cppExport-noconfig.cmake
[7.119s] -- Installing: /home/mojiu/ros2_ws/install/more_interfaces/share/more_interfaces/cmake/more_interfaces__rosidl_typesupport_introspection_cppExport.cmake
[7.119s] -- Installing: /home/mojiu/ros2_ws/install/more_interfaces/share/more_interfaces/cmake/more_interfaces__rosidl_typesupport_introspection_cppExport-noconfig.cmake
[7.119s] -- Installing: /home/mojiu/ros2_ws/install/more_interfaces/share/more_interfaces/cmake/more_interfaces__rosidl_typesupport_cppExport.cmake
[7.120s] -- Installing: /home/mojiu/ros2_ws/install/more_interfaces/share/more_interfaces/cmake/more_interfaces__rosidl_typesupport_cppExport-noconfig.cmake
[7.120s] -- Installing: /home/mojiu/ros2_ws/install/more_interfaces/share/more_interfaces/cmake/export_more_interfaces__rosidl_generator_pyExport.cmake
[7.120s] -- Installing: /home/mojiu/ros2_ws/install/more_interfaces/share/more_interfaces/cmake/export_more_interfaces__rosidl_generator_pyExport-noconfig.cmake
[7.120s] -- Installing: /home/mojiu/ros2_ws/install/more_interfaces/share/more_interfaces/cmake/rosidl_cmake-extras.cmake
[7.120s] -- Installing: /home/mojiu/ros2_ws/install/more_interfaces/share/more_interfaces/cmake/ament_cmake_export_include_directories-extras.cmake
[7.120s] -- Installing: /home/mojiu/ros2_ws/install/more_interfaces/share/more_interfaces/cmake/ament_cmake_export_libraries-extras.cmake
[7.121s] -- Installing: /home/mojiu/ros2_ws/install/more_interfaces/share/more_interfaces/cmake/ament_cmake_export_targets-extras.cmake
[7.121s] -- Installing: /home/mojiu/ros2_ws/install/more_interfaces/share/more_interfaces/cmake/rosidl_cmake_export_typesupport_targets-extras.cmake
[7.121s] -- Installing: /home/mojiu/ros2_ws/install/more_interfaces/share/more_interfaces/cmake/ament_cmake_export_dependencies-extras.cmake
[7.121s] -- Installing: /home/mojiu/ros2_ws/install/more_interfaces/share/more_interfaces/cmake/rosidl_cmake_export_typesupport_libraries-extras.cmake
[7.121s] -- Installing: /home/mojiu/ros2_ws/install/more_interfaces/share/more_interfaces/cmake/more_interfacesConfig.cmake
[7.121s] -- Installing: /home/mojiu/ros2_ws/install/more_interfaces/share/more_interfaces/cmake/more_interfacesConfig-version.cmake
[7.121s] -- Installing: /home/mojiu/ros2_ws/install/more_interfaces/share/more_interfaces/package.xml
[7.124s] Invoked command in '/home/mojiu/ros2_ws/build/more_interfaces' returned '0': CMAKE_PREFIX_PATH=${CMAKE_PREFIX_PATH}:/opt/ros/jazzy DEBUGINFOD_URLS=https://debuginfod.ubuntu.com /usr/bin/cmake --install /home/mojiu/ros2_ws/build/more_interfaces
