[0.048s] Invoking command in '/home/mojiu/ros2_ws/build/example_ros2_interfaces': CMAKE_PREFIX_PATH=${CMAKE_PREFIX_PATH}:/opt/ros/jazzy DEBUGINFOD_URLS=https://debuginfod.ubuntu.com /usr/bin/cmake --build /home/mojiu/ros2_ws/build/example_ros2_interfaces -- -j8 -l8
[0.140s] [  1%] Built target example_ros2_interfaces__rosidl_generator_type_description
[0.171s] [  1%] Built target ament_cmake_python_copy_example_ros2_interfaces
[0.205s] [  3%] Built target example_ros2_interfaces__cpp
[0.224s] [ 24%] Built target example_ros2_interfaces__rosidl_generator_c
[0.312s] [ 33%] Built target example_ros2_interfaces__rosidl_typesupport_c
[0.351s] [ 42%] Built target example_ros2_interfaces__rosidl_typesupport_fastrtps_cpp
[0.359s] [ 51%] Built target example_ros2_interfaces__rosidl_typesupport_cpp
[0.373s] [ 61%] Built target example_ros2_interfaces__rosidl_typesupport_introspection_c
[0.386s] [ 70%] Built target example_ros2_interfaces__rosidl_typesupport_fastrtps_c
[0.387s] [ 79%] Built target example_ros2_interfaces__rosidl_typesupport_introspection_cpp
[0.464s] [ 79%] Built target example_ros2_interfaces
[0.508s] [ 81%] Built target example_ros2_interfaces__py
[0.581s] [ 88%] Built target example_ros2_interfaces__rosidl_generator_py
[0.692s] [ 92%] Built target example_ros2_interfaces_s__rosidl_typesupport_c
[0.697s] [ 96%] Built target example_ros2_interfaces_s__rosidl_typesupport_introspection_c
[0.706s] [100%] Built target example_ros2_interfaces_s__rosidl_typesupport_fastrtps_c
[0.901s] running egg_info
[0.953s] writing example_ros2_interfaces.egg-info/PKG-INFO
[0.954s] writing dependency_links to example_ros2_interfaces.egg-info/dependency_links.txt
[0.954s] writing top-level names to example_ros2_interfaces.egg-info/top_level.txt
[1.101s] reading manifest file 'example_ros2_interfaces.egg-info/SOURCES.txt'
[1.103s] writing manifest file 'example_ros2_interfaces.egg-info/SOURCES.txt'
[1.165s] [100%] Built target ament_cmake_python_build_example_ros2_interfaces_egg
[1.193s] Invoked command in '/home/mojiu/ros2_ws/build/example_ros2_interfaces' returned '0': CMAKE_PREFIX_PATH=${CMAKE_PREFIX_PATH}:/opt/ros/jazzy DEBUGINFOD_URLS=https://debuginfod.ubuntu.com /usr/bin/cmake --build /home/mojiu/ros2_ws/build/example_ros2_interfaces -- -j8 -l8
[1.352s] Invoking command in '/home/mojiu/ros2_ws/build/example_ros2_interfaces': CMAKE_PREFIX_PATH=${CMAKE_PREFIX_PATH}:/opt/ros/jazzy DEBUGINFOD_URLS=https://debuginfod.ubuntu.com /usr/bin/cmake --install /home/mojiu/ros2_ws/build/example_ros2_interfaces
[1.368s] -- Install configuration: ""
[1.369s] -- Up-to-date: /home/mojiu/ros2_ws/install/example_ros2_interfaces/share/ament_index/resource_index/rosidl_interfaces/example_ros2_interfaces
[1.369s] -- Up-to-date: /home/mojiu/ros2_ws/install/example_ros2_interfaces/share/example_ros2_interfaces/msg/RobotPose.json
[1.369s] -- Up-to-date: /home/mojiu/ros2_ws/install/example_ros2_interfaces/share/example_ros2_interfaces/msg/RobotStatus.json
[1.369s] -- Up-to-date: /home/mojiu/ros2_ws/install/example_ros2_interfaces/share/example_ros2_interfaces/srv/MoveRobot.json
[1.370s] -- Up-to-date: /home/mojiu/ros2_ws/install/example_ros2_interfaces/include/example_ros2_interfaces/example_ros2_interfaces
[1.370s] -- Up-to-date: /home/mojiu/ros2_ws/install/example_ros2_interfaces/include/example_ros2_interfaces/example_ros2_interfaces/srv
[1.372s] -- Up-to-date: /home/mojiu/ros2_ws/install/example_ros2_interfaces/include/example_ros2_interfaces/example_ros2_interfaces/srv/move_robot.h
[1.373s] -- Up-to-date: /home/mojiu/ros2_ws/install/example_ros2_interfaces/include/example_ros2_interfaces/example_ros2_interfaces/srv/detail
[1.373s] -- Up-to-date: /home/mojiu/ros2_ws/install/example_ros2_interfaces/include/example_ros2_interfaces/example_ros2_interfaces/srv/detail/move_robot__type_support.h
[1.373s] -- Up-to-date: /home/mojiu/ros2_ws/install/example_ros2_interfaces/include/example_ros2_interfaces/example_ros2_interfaces/srv/detail/move_robot__type_support.c
[1.373s] -- Up-to-date: /home/mojiu/ros2_ws/install/example_ros2_interfaces/include/example_ros2_interfaces/example_ros2_interfaces/srv/detail/move_robot__functions.c
[1.375s] -- Up-to-date: /home/mojiu/ros2_ws/install/example_ros2_interfaces/include/example_ros2_interfaces/example_ros2_interfaces/srv/detail/move_robot__functions.h
[1.376s] -- Up-to-date: /home/mojiu/ros2_ws/install/example_ros2_interfaces/include/example_ros2_interfaces/example_ros2_interfaces/srv/detail/move_robot__struct.h
[1.376s] -- Up-to-date: /home/mojiu/ros2_ws/install/example_ros2_interfaces/include/example_ros2_interfaces/example_ros2_interfaces/srv/detail/move_robot__description.c
[1.376s] -- Up-to-date: /home/mojiu/ros2_ws/install/example_ros2_interfaces/include/example_ros2_interfaces/example_ros2_interfaces/msg
[1.377s] -- Up-to-date: /home/mojiu/ros2_ws/install/example_ros2_interfaces/include/example_ros2_interfaces/example_ros2_interfaces/msg/robot_pose.h
[1.377s] -- Up-to-date: /home/mojiu/ros2_ws/install/example_ros2_interfaces/include/example_ros2_interfaces/example_ros2_interfaces/msg/detail
[1.377s] -- Up-to-date: /home/mojiu/ros2_ws/install/example_ros2_interfaces/include/example_ros2_interfaces/example_ros2_interfaces/msg/detail/robot_status__type_support.c
[1.378s] -- Up-to-date: /home/mojiu/ros2_ws/install/example_ros2_interfaces/include/example_ros2_interfaces/example_ros2_interfaces/msg/detail/robot_pose__functions.c
[1.378s] -- Up-to-date: /home/mojiu/ros2_ws/install/example_ros2_interfaces/include/example_ros2_interfaces/example_ros2_interfaces/msg/detail/robot_status__type_support.h
[1.379s] -- Up-to-date: /home/mojiu/ros2_ws/install/example_ros2_interfaces/include/example_ros2_interfaces/example_ros2_interfaces/msg/detail/robot_status__description.c
[1.379s] -- Up-to-date: /home/mojiu/ros2_ws/install/example_ros2_interfaces/include/example_ros2_interfaces/example_ros2_interfaces/msg/detail/robot_pose__struct.h
[1.379s] -- Up-to-date: /home/mojiu/ros2_ws/install/example_ros2_interfaces/include/example_ros2_interfaces/example_ros2_interfaces/msg/detail/robot_pose__type_support.c
[1.379s] -- Up-to-date: /home/mojiu/ros2_ws/install/example_ros2_interfaces/include/example_ros2_interfaces/example_ros2_interfaces/msg/detail/robot_status__functions.h
[1.379s] -- Up-to-date: /home/mojiu/ros2_ws/install/example_ros2_interfaces/include/example_ros2_interfaces/example_ros2_interfaces/msg/detail/robot_pose__functions.h
[1.380s] -- Up-to-date: /home/mojiu/ros2_ws/install/example_ros2_interfaces/include/example_ros2_interfaces/example_ros2_interfaces/msg/detail/robot_pose__type_support.h
[1.380s] -- Up-to-date: /home/mojiu/ros2_ws/install/example_ros2_interfaces/include/example_ros2_interfaces/example_ros2_interfaces/msg/detail/robot_pose__description.c
[1.380s] -- Up-to-date: /home/mojiu/ros2_ws/install/example_ros2_interfaces/include/example_ros2_interfaces/example_ros2_interfaces/msg/detail/robot_status__struct.h
[1.380s] -- Up-to-date: /home/mojiu/ros2_ws/install/example_ros2_interfaces/include/example_ros2_interfaces/example_ros2_interfaces/msg/detail/robot_status__functions.c
[1.380s] -- Up-to-date: /home/mojiu/ros2_ws/install/example_ros2_interfaces/include/example_ros2_interfaces/example_ros2_interfaces/msg/robot_status.h
[1.384s] -- Up-to-date: /home/mojiu/ros2_ws/install/example_ros2_interfaces/include/example_ros2_interfaces/example_ros2_interfaces/msg/rosidl_generator_c__visibility_control.h
[1.385s] -- Up-to-date: /home/mojiu/ros2_ws/install/example_ros2_interfaces/share/example_ros2_interfaces/environment/library_path.sh
[1.385s] -- Up-to-date: /home/mojiu/ros2_ws/install/example_ros2_interfaces/share/example_ros2_interfaces/environment/library_path.dsv
[1.385s] -- Up-to-date: /home/mojiu/ros2_ws/install/example_ros2_interfaces/lib/libexample_ros2_interfaces__rosidl_generator_c.so
[1.385s] -- Up-to-date: /home/mojiu/ros2_ws/install/example_ros2_interfaces/include/example_ros2_interfaces/example_ros2_interfaces
[1.385s] -- Up-to-date: /home/mojiu/ros2_ws/install/example_ros2_interfaces/include/example_ros2_interfaces/example_ros2_interfaces/srv
[1.385s] -- Up-to-date: /home/mojiu/ros2_ws/install/example_ros2_interfaces/include/example_ros2_interfaces/example_ros2_interfaces/srv/detail
[1.386s] -- Up-to-date: /home/mojiu/ros2_ws/install/example_ros2_interfaces/include/example_ros2_interfaces/example_ros2_interfaces/srv/detail/move_robot__rosidl_typesupport_fastrtps_c.h
[1.386s] -- Up-to-date: /home/mojiu/ros2_ws/install/example_ros2_interfaces/include/example_ros2_interfaces/example_ros2_interfaces/msg
[1.386s] -- Up-to-date: /home/mojiu/ros2_ws/install/example_ros2_interfaces/include/example_ros2_interfaces/example_ros2_interfaces/msg/rosidl_typesupport_fastrtps_c__visibility_control.h
[1.386s] -- Up-to-date: /home/mojiu/ros2_ws/install/example_ros2_interfaces/include/example_ros2_interfaces/example_ros2_interfaces/msg/detail
[1.386s] -- Up-to-date: /home/mojiu/ros2_ws/install/example_ros2_interfaces/include/example_ros2_interfaces/example_ros2_interfaces/msg/detail/robot_pose__rosidl_typesupport_fastrtps_c.h
[1.386s] -- Up-to-date: /home/mojiu/ros2_ws/install/example_ros2_interfaces/include/example_ros2_interfaces/example_ros2_interfaces/msg/detail/robot_status__rosidl_typesupport_fastrtps_c.h
[1.386s] -- Up-to-date: /home/mojiu/ros2_ws/install/example_ros2_interfaces/lib/libexample_ros2_interfaces__rosidl_typesupport_fastrtps_c.so
[1.387s] -- Up-to-date: /home/mojiu/ros2_ws/install/example_ros2_interfaces/include/example_ros2_interfaces/example_ros2_interfaces
[1.387s] -- Up-to-date: /home/mojiu/ros2_ws/install/example_ros2_interfaces/include/example_ros2_interfaces/example_ros2_interfaces/srv
[1.387s] -- Up-to-date: /home/mojiu/ros2_ws/install/example_ros2_interfaces/include/example_ros2_interfaces/example_ros2_interfaces/srv/detail
[1.387s] -- Up-to-date: /home/mojiu/ros2_ws/install/example_ros2_interfaces/include/example_ros2_interfaces/example_ros2_interfaces/srv/detail/move_robot__type_support.c
[1.387s] -- Up-to-date: /home/mojiu/ros2_ws/install/example_ros2_interfaces/include/example_ros2_interfaces/example_ros2_interfaces/srv/detail/move_robot__rosidl_typesupport_introspection_c.h
[1.387s] -- Up-to-date: /home/mojiu/ros2_ws/install/example_ros2_interfaces/include/example_ros2_interfaces/example_ros2_interfaces/msg
[1.389s] -- Up-to-date: /home/mojiu/ros2_ws/install/example_ros2_interfaces/include/example_ros2_interfaces/example_ros2_interfaces/msg/detail
[1.389s] -- Up-to-date: /home/mojiu/ros2_ws/install/example_ros2_interfaces/include/example_ros2_interfaces/example_ros2_interfaces/msg/detail/robot_status__type_support.c
[1.389s] -- Up-to-date: /home/mojiu/ros2_ws/install/example_ros2_interfaces/include/example_ros2_interfaces/example_ros2_interfaces/msg/detail/robot_status__rosidl_typesupport_introspection_c.h
[1.389s] -- Up-to-date: /home/mojiu/ros2_ws/install/example_ros2_interfaces/include/example_ros2_interfaces/example_ros2_interfaces/msg/detail/robot_pose__type_support.c
[1.391s] -- Up-to-date: /home/mojiu/ros2_ws/install/example_ros2_interfaces/include/example_ros2_interfaces/example_ros2_interfaces/msg/detail/robot_pose__rosidl_typesupport_introspection_c.h
[1.391s] -- Up-to-date: /home/mojiu/ros2_ws/install/example_ros2_interfaces/include/example_ros2_interfaces/example_ros2_interfaces/msg/rosidl_typesupport_introspection_c__visibility_control.h
[1.391s] -- Up-to-date: /home/mojiu/ros2_ws/install/example_ros2_interfaces/lib/libexample_ros2_interfaces__rosidl_typesupport_introspection_c.so
[1.391s] -- Up-to-date: /home/mojiu/ros2_ws/install/example_ros2_interfaces/lib/libexample_ros2_interfaces__rosidl_typesupport_c.so
[1.392s] -- Up-to-date: /home/mojiu/ros2_ws/install/example_ros2_interfaces/include/example_ros2_interfaces/example_ros2_interfaces
[1.392s] -- Up-to-date: /home/mojiu/ros2_ws/install/example_ros2_interfaces/include/example_ros2_interfaces/example_ros2_interfaces/srv
[1.392s] -- Up-to-date: /home/mojiu/ros2_ws/install/example_ros2_interfaces/include/example_ros2_interfaces/example_ros2_interfaces/srv/move_robot.hpp
[1.392s] -- Up-to-date: /home/mojiu/ros2_ws/install/example_ros2_interfaces/include/example_ros2_interfaces/example_ros2_interfaces/srv/detail
[1.392s] -- Up-to-date: /home/mojiu/ros2_ws/install/example_ros2_interfaces/include/example_ros2_interfaces/example_ros2_interfaces/srv/detail/move_robot__builder.hpp
[1.392s] -- Up-to-date: /home/mojiu/ros2_ws/install/example_ros2_interfaces/include/example_ros2_interfaces/example_ros2_interfaces/srv/detail/move_robot__struct.hpp
[1.393s] -- Up-to-date: /home/mojiu/ros2_ws/install/example_ros2_interfaces/include/example_ros2_interfaces/example_ros2_interfaces/srv/detail/move_robot__traits.hpp
[1.393s] -- Up-to-date: /home/mojiu/ros2_ws/install/example_ros2_interfaces/include/example_ros2_interfaces/example_ros2_interfaces/srv/detail/move_robot__type_support.hpp
[1.393s] -- Up-to-date: /home/mojiu/ros2_ws/install/example_ros2_interfaces/include/example_ros2_interfaces/example_ros2_interfaces/msg
[1.393s] -- Up-to-date: /home/mojiu/ros2_ws/install/example_ros2_interfaces/include/example_ros2_interfaces/example_ros2_interfaces/msg/robot_status.hpp
[1.393s] -- Up-to-date: /home/mojiu/ros2_ws/install/example_ros2_interfaces/include/example_ros2_interfaces/example_ros2_interfaces/msg/detail
[1.393s] -- Up-to-date: /home/mojiu/ros2_ws/install/example_ros2_interfaces/include/example_ros2_interfaces/example_ros2_interfaces/msg/detail/robot_pose__type_support.hpp
[1.393s] -- Up-to-date: /home/mojiu/ros2_ws/install/example_ros2_interfaces/include/example_ros2_interfaces/example_ros2_interfaces/msg/detail/robot_status__struct.hpp
[1.394s] -- Up-to-date: /home/mojiu/ros2_ws/install/example_ros2_interfaces/include/example_ros2_interfaces/example_ros2_interfaces/msg/detail/robot_pose__traits.hpp
[1.394s] -- Up-to-date: /home/mojiu/ros2_ws/install/example_ros2_interfaces/include/example_ros2_interfaces/example_ros2_interfaces/msg/detail/robot_pose__builder.hpp
[1.394s] -- Up-to-date: /home/mojiu/ros2_ws/install/example_ros2_interfaces/include/example_ros2_interfaces/example_ros2_interfaces/msg/detail/robot_status__type_support.hpp
[1.394s] -- Up-to-date: /home/mojiu/ros2_ws/install/example_ros2_interfaces/include/example_ros2_interfaces/example_ros2_interfaces/msg/detail/robot_pose__struct.hpp
[1.394s] -- Up-to-date: /home/mojiu/ros2_ws/install/example_ros2_interfaces/include/example_ros2_interfaces/example_ros2_interfaces/msg/detail/robot_status__builder.hpp
[1.395s] -- Up-to-date: /home/mojiu/ros2_ws/install/example_ros2_interfaces/include/example_ros2_interfaces/example_ros2_interfaces/msg/detail/robot_status__traits.hpp
[1.396s] -- Up-to-date: /home/mojiu/ros2_ws/install/example_ros2_interfaces/include/example_ros2_interfaces/example_ros2_interfaces/msg/rosidl_generator_cpp__visibility_control.hpp
[1.396s] -- Up-to-date: /home/mojiu/ros2_ws/install/example_ros2_interfaces/include/example_ros2_interfaces/example_ros2_interfaces/msg/robot_pose.hpp
[1.397s] -- Up-to-date: /home/mojiu/ros2_ws/install/example_ros2_interfaces/include/example_ros2_interfaces/example_ros2_interfaces
[1.397s] -- Up-to-date: /home/mojiu/ros2_ws/install/example_ros2_interfaces/include/example_ros2_interfaces/example_ros2_interfaces/srv
[1.397s] -- Up-to-date: /home/mojiu/ros2_ws/install/example_ros2_interfaces/include/example_ros2_interfaces/example_ros2_interfaces/srv/detail
[1.397s] -- Up-to-date: /home/mojiu/ros2_ws/install/example_ros2_interfaces/include/example_ros2_interfaces/example_ros2_interfaces/srv/detail/dds_fastrtps
[1.397s] -- Up-to-date: /home/mojiu/ros2_ws/install/example_ros2_interfaces/include/example_ros2_interfaces/example_ros2_interfaces/srv/detail/move_robot__rosidl_typesupport_fastrtps_cpp.hpp
[1.397s] -- Up-to-date: /home/mojiu/ros2_ws/install/example_ros2_interfaces/include/example_ros2_interfaces/example_ros2_interfaces/msg
[1.398s] -- Up-to-date: /home/mojiu/ros2_ws/install/example_ros2_interfaces/include/example_ros2_interfaces/example_ros2_interfaces/msg/detail
[1.398s] -- Up-to-date: /home/mojiu/ros2_ws/install/example_ros2_interfaces/include/example_ros2_interfaces/example_ros2_interfaces/msg/detail/dds_fastrtps
[1.398s] -- Up-to-date: /home/mojiu/ros2_ws/install/example_ros2_interfaces/include/example_ros2_interfaces/example_ros2_interfaces/msg/detail/robot_pose__rosidl_typesupport_fastrtps_cpp.hpp
[1.398s] -- Up-to-date: /home/mojiu/ros2_ws/install/example_ros2_interfaces/include/example_ros2_interfaces/example_ros2_interfaces/msg/detail/robot_status__rosidl_typesupport_fastrtps_cpp.hpp
[1.398s] -- Up-to-date: /home/mojiu/ros2_ws/install/example_ros2_interfaces/include/example_ros2_interfaces/example_ros2_interfaces/msg/rosidl_typesupport_fastrtps_cpp__visibility_control.h
[1.398s] -- Up-to-date: /home/mojiu/ros2_ws/install/example_ros2_interfaces/lib/libexample_ros2_interfaces__rosidl_typesupport_fastrtps_cpp.so
[1.399s] -- Up-to-date: /home/mojiu/ros2_ws/install/example_ros2_interfaces/include/example_ros2_interfaces/example_ros2_interfaces
[1.399s] -- Up-to-date: /home/mojiu/ros2_ws/install/example_ros2_interfaces/include/example_ros2_interfaces/example_ros2_interfaces/srv
[1.399s] -- Up-to-date: /home/mojiu/ros2_ws/install/example_ros2_interfaces/include/example_ros2_interfaces/example_ros2_interfaces/srv/detail
[1.399s] -- Up-to-date: /home/mojiu/ros2_ws/install/example_ros2_interfaces/include/example_ros2_interfaces/example_ros2_interfaces/srv/detail/move_robot__rosidl_typesupport_introspection_cpp.hpp
[1.399s] -- Up-to-date: /home/mojiu/ros2_ws/install/example_ros2_interfaces/include/example_ros2_interfaces/example_ros2_interfaces/srv/detail/move_robot__type_support.cpp
[1.400s] -- Up-to-date: /home/mojiu/ros2_ws/install/example_ros2_interfaces/include/example_ros2_interfaces/example_ros2_interfaces/msg
[1.400s] -- Up-to-date: /home/mojiu/ros2_ws/install/example_ros2_interfaces/include/example_ros2_interfaces/example_ros2_interfaces/msg/detail
[1.400s] -- Up-to-date: /home/mojiu/ros2_ws/install/example_ros2_interfaces/include/example_ros2_interfaces/example_ros2_interfaces/msg/detail/robot_pose__type_support.cpp
[1.400s] -- Up-to-date: /home/mojiu/ros2_ws/install/example_ros2_interfaces/include/example_ros2_interfaces/example_ros2_interfaces/msg/detail/robot_status__rosidl_typesupport_introspection_cpp.hpp
[1.400s] -- Up-to-date: /home/mojiu/ros2_ws/install/example_ros2_interfaces/include/example_ros2_interfaces/example_ros2_interfaces/msg/detail/robot_status__type_support.cpp
[1.400s] -- Up-to-date: /home/mojiu/ros2_ws/install/example_ros2_interfaces/include/example_ros2_interfaces/example_ros2_interfaces/msg/detail/robot_pose__rosidl_typesupport_introspection_cpp.hpp
[1.401s] -- Up-to-date: /home/mojiu/ros2_ws/install/example_ros2_interfaces/lib/libexample_ros2_interfaces__rosidl_typesupport_introspection_cpp.so
[1.401s] -- Up-to-date: /home/mojiu/ros2_ws/install/example_ros2_interfaces/lib/libexample_ros2_interfaces__rosidl_typesupport_cpp.so
[1.401s] -- Up-to-date: /home/mojiu/ros2_ws/install/example_ros2_interfaces/share/example_ros2_interfaces/environment/pythonpath.sh
[1.401s] -- Up-to-date: /home/mojiu/ros2_ws/install/example_ros2_interfaces/share/example_ros2_interfaces/environment/pythonpath.dsv
[1.401s] -- Up-to-date: /home/mojiu/ros2_ws/install/example_ros2_interfaces/lib/python3.12/site-packages/example_ros2_interfaces-0.0.0-py3.12.egg-info
[1.401s] -- Installing: /home/mojiu/ros2_ws/install/example_ros2_interfaces/lib/python3.12/site-packages/example_ros2_interfaces-0.0.0-py3.12.egg-info/PKG-INFO
[1.402s] -- Installing: /home/mojiu/ros2_ws/install/example_ros2_interfaces/lib/python3.12/site-packages/example_ros2_interfaces-0.0.0-py3.12.egg-info/SOURCES.txt
[1.402s] -- Installing: /home/mojiu/ros2_ws/install/example_ros2_interfaces/lib/python3.12/site-packages/example_ros2_interfaces-0.0.0-py3.12.egg-info/top_level.txt
[1.402s] -- Installing: /home/mojiu/ros2_ws/install/example_ros2_interfaces/lib/python3.12/site-packages/example_ros2_interfaces-0.0.0-py3.12.egg-info/dependency_links.txt
[1.402s] -- Up-to-date: /home/mojiu/ros2_ws/install/example_ros2_interfaces/lib/python3.12/site-packages/example_ros2_interfaces
[1.404s] -- Up-to-date: /home/mojiu/ros2_ws/install/example_ros2_interfaces/lib/python3.12/site-packages/example_ros2_interfaces/_example_ros2_interfaces_s.ep.rosidl_typesupport_c.c
[1.404s] -- Up-to-date: /home/mojiu/ros2_ws/install/example_ros2_interfaces/lib/python3.12/site-packages/example_ros2_interfaces/__init__.py
[1.404s] -- Up-to-date: /home/mojiu/ros2_ws/install/example_ros2_interfaces/lib/python3.12/site-packages/example_ros2_interfaces/example_ros2_interfaces_s__rosidl_typesupport_fastrtps_c.so
[1.404s] -- Up-to-date: /home/mojiu/ros2_ws/install/example_ros2_interfaces/lib/python3.12/site-packages/example_ros2_interfaces/example_ros2_interfaces_s__rosidl_typesupport_c.so
[1.404s] -- Up-to-date: /home/mojiu/ros2_ws/install/example_ros2_interfaces/lib/python3.12/site-packages/example_ros2_interfaces/_example_ros2_interfaces_s.ep.rosidl_typesupport_fastrtps_c.c
[1.404s] -- Up-to-date: /home/mojiu/ros2_ws/install/example_ros2_interfaces/lib/python3.12/site-packages/example_ros2_interfaces/srv
[1.405s] -- Up-to-date: /home/mojiu/ros2_ws/install/example_ros2_interfaces/lib/python3.12/site-packages/example_ros2_interfaces/srv/_move_robot.py
[1.405s] -- Up-to-date: /home/mojiu/ros2_ws/install/example_ros2_interfaces/lib/python3.12/site-packages/example_ros2_interfaces/srv/_move_robot_s.c
[1.405s] -- Up-to-date: /home/mojiu/ros2_ws/install/example_ros2_interfaces/lib/python3.12/site-packages/example_ros2_interfaces/srv/__init__.py
[1.405s] -- Up-to-date: /home/mojiu/ros2_ws/install/example_ros2_interfaces/lib/python3.12/site-packages/example_ros2_interfaces/example_ros2_interfaces_s__rosidl_typesupport_introspection_c.so
[1.405s] -- Up-to-date: /home/mojiu/ros2_ws/install/example_ros2_interfaces/lib/python3.12/site-packages/example_ros2_interfaces/msg
[1.406s] -- Up-to-date: /home/mojiu/ros2_ws/install/example_ros2_interfaces/lib/python3.12/site-packages/example_ros2_interfaces/msg/_robot_status_s.c
[1.406s] -- Up-to-date: /home/mojiu/ros2_ws/install/example_ros2_interfaces/lib/python3.12/site-packages/example_ros2_interfaces/msg/_robot_pose_s.c
[1.406s] -- Up-to-date: /home/mojiu/ros2_ws/install/example_ros2_interfaces/lib/python3.12/site-packages/example_ros2_interfaces/msg/_robot_pose.py
[1.406s] -- Up-to-date: /home/mojiu/ros2_ws/install/example_ros2_interfaces/lib/python3.12/site-packages/example_ros2_interfaces/msg/__init__.py
[1.406s] -- Up-to-date: /home/mojiu/ros2_ws/install/example_ros2_interfaces/lib/python3.12/site-packages/example_ros2_interfaces/msg/_robot_status.py
[1.407s] -- Up-to-date: /home/mojiu/ros2_ws/install/example_ros2_interfaces/lib/python3.12/site-packages/example_ros2_interfaces/_example_ros2_interfaces_s.ep.rosidl_typesupport_introspection_c.c
[1.442s] Listing '/home/mojiu/ros2_ws/install/example_ros2_interfaces/lib/python3.12/site-packages/example_ros2_interfaces'...
[1.443s] Listing '/home/mojiu/ros2_ws/install/example_ros2_interfaces/lib/python3.12/site-packages/example_ros2_interfaces/msg'...
[1.443s] Listing '/home/mojiu/ros2_ws/install/example_ros2_interfaces/lib/python3.12/site-packages/example_ros2_interfaces/srv'...
[1.457s] -- Up-to-date: /home/mojiu/ros2_ws/install/example_ros2_interfaces/lib/python3.12/site-packages/example_ros2_interfaces/example_ros2_interfaces_s__rosidl_typesupport_fastrtps_c.so
[1.458s] -- Up-to-date: /home/mojiu/ros2_ws/install/example_ros2_interfaces/lib/python3.12/site-packages/example_ros2_interfaces/example_ros2_interfaces_s__rosidl_typesupport_introspection_c.so
[1.459s] -- Up-to-date: /home/mojiu/ros2_ws/install/example_ros2_interfaces/lib/python3.12/site-packages/example_ros2_interfaces/example_ros2_interfaces_s__rosidl_typesupport_c.so
[1.459s] -- Up-to-date: /home/mojiu/ros2_ws/install/example_ros2_interfaces/lib/libexample_ros2_interfaces__rosidl_generator_py.so
[1.459s] -- Up-to-date: /home/mojiu/ros2_ws/install/example_ros2_interfaces/share/example_ros2_interfaces/msg/RobotPose.idl
[1.459s] -- Up-to-date: /home/mojiu/ros2_ws/install/example_ros2_interfaces/share/example_ros2_interfaces/msg/RobotStatus.idl
[1.460s] -- Up-to-date: /home/mojiu/ros2_ws/install/example_ros2_interfaces/share/example_ros2_interfaces/srv/MoveRobot.idl
[1.460s] -- Up-to-date: /home/mojiu/ros2_ws/install/example_ros2_interfaces/share/example_ros2_interfaces/msg/RobotPose.msg
[1.460s] -- Up-to-date: /home/mojiu/ros2_ws/install/example_ros2_interfaces/share/example_ros2_interfaces/msg/RobotStatus.msg
[1.461s] -- Up-to-date: /home/mojiu/ros2_ws/install/example_ros2_interfaces/share/example_ros2_interfaces/srv/MoveRobot.srv
[1.461s] -- Up-to-date: /home/mojiu/ros2_ws/install/example_ros2_interfaces/share/ament_index/resource_index/package_run_dependencies/example_ros2_interfaces
[1.461s] -- Up-to-date: /home/mojiu/ros2_ws/install/example_ros2_interfaces/share/ament_index/resource_index/parent_prefix_path/example_ros2_interfaces
[1.461s] -- Up-to-date: /home/mojiu/ros2_ws/install/example_ros2_interfaces/share/example_ros2_interfaces/environment/ament_prefix_path.sh
[1.462s] -- Up-to-date: /home/mojiu/ros2_ws/install/example_ros2_interfaces/share/example_ros2_interfaces/environment/ament_prefix_path.dsv
[1.462s] -- Up-to-date: /home/mojiu/ros2_ws/install/example_ros2_interfaces/share/example_ros2_interfaces/environment/path.sh
[1.462s] -- Up-to-date: /home/mojiu/ros2_ws/install/example_ros2_interfaces/share/example_ros2_interfaces/environment/path.dsv
[1.462s] -- Up-to-date: /home/mojiu/ros2_ws/install/example_ros2_interfaces/share/example_ros2_interfaces/local_setup.bash
[1.463s] -- Up-to-date: /home/mojiu/ros2_ws/install/example_ros2_interfaces/share/example_ros2_interfaces/local_setup.sh
[1.463s] -- Up-to-date: /home/mojiu/ros2_ws/install/example_ros2_interfaces/share/example_ros2_interfaces/local_setup.zsh
[1.463s] -- Up-to-date: /home/mojiu/ros2_ws/install/example_ros2_interfaces/share/example_ros2_interfaces/local_setup.dsv
[1.463s] -- Installing: /home/mojiu/ros2_ws/install/example_ros2_interfaces/share/example_ros2_interfaces/package.dsv
[1.463s] -- Up-to-date: /home/mojiu/ros2_ws/install/example_ros2_interfaces/share/ament_index/resource_index/packages/example_ros2_interfaces
[1.464s] -- Up-to-date: /home/mojiu/ros2_ws/install/example_ros2_interfaces/share/example_ros2_interfaces/cmake/export_example_ros2_interfaces__rosidl_generator_cExport.cmake
[1.464s] -- Up-to-date: /home/mojiu/ros2_ws/install/example_ros2_interfaces/share/example_ros2_interfaces/cmake/export_example_ros2_interfaces__rosidl_generator_cExport-noconfig.cmake
[1.464s] -- Up-to-date: /home/mojiu/ros2_ws/install/example_ros2_interfaces/share/example_ros2_interfaces/cmake/export_example_ros2_interfaces__rosidl_typesupport_fastrtps_cExport.cmake
[1.464s] -- Up-to-date: /home/mojiu/ros2_ws/install/example_ros2_interfaces/share/example_ros2_interfaces/cmake/export_example_ros2_interfaces__rosidl_typesupport_fastrtps_cExport-noconfig.cmake
[1.464s] -- Up-to-date: /home/mojiu/ros2_ws/install/example_ros2_interfaces/share/example_ros2_interfaces/cmake/example_ros2_interfaces__rosidl_typesupport_introspection_cExport.cmake
[1.464s] -- Up-to-date: /home/mojiu/ros2_ws/install/example_ros2_interfaces/share/example_ros2_interfaces/cmake/example_ros2_interfaces__rosidl_typesupport_introspection_cExport-noconfig.cmake
[1.465s] -- Up-to-date: /home/mojiu/ros2_ws/install/example_ros2_interfaces/share/example_ros2_interfaces/cmake/example_ros2_interfaces__rosidl_typesupport_cExport.cmake
[1.465s] -- Up-to-date: /home/mojiu/ros2_ws/install/example_ros2_interfaces/share/example_ros2_interfaces/cmake/example_ros2_interfaces__rosidl_typesupport_cExport-noconfig.cmake
[1.465s] -- Up-to-date: /home/mojiu/ros2_ws/install/example_ros2_interfaces/share/example_ros2_interfaces/cmake/export_example_ros2_interfaces__rosidl_generator_cppExport.cmake
[1.465s] -- Up-to-date: /home/mojiu/ros2_ws/install/example_ros2_interfaces/share/example_ros2_interfaces/cmake/export_example_ros2_interfaces__rosidl_typesupport_fastrtps_cppExport.cmake
[1.466s] -- Up-to-date: /home/mojiu/ros2_ws/install/example_ros2_interfaces/share/example_ros2_interfaces/cmake/export_example_ros2_interfaces__rosidl_typesupport_fastrtps_cppExport-noconfig.cmake
[1.466s] -- Up-to-date: /home/mojiu/ros2_ws/install/example_ros2_interfaces/share/example_ros2_interfaces/cmake/example_ros2_interfaces__rosidl_typesupport_introspection_cppExport.cmake
[1.466s] -- Up-to-date: /home/mojiu/ros2_ws/install/example_ros2_interfaces/share/example_ros2_interfaces/cmake/example_ros2_interfaces__rosidl_typesupport_introspection_cppExport-noconfig.cmake
[1.467s] -- Up-to-date: /home/mojiu/ros2_ws/install/example_ros2_interfaces/share/example_ros2_interfaces/cmake/example_ros2_interfaces__rosidl_typesupport_cppExport.cmake
[1.467s] -- Up-to-date: /home/mojiu/ros2_ws/install/example_ros2_interfaces/share/example_ros2_interfaces/cmake/example_ros2_interfaces__rosidl_typesupport_cppExport-noconfig.cmake
[1.467s] -- Up-to-date: /home/mojiu/ros2_ws/install/example_ros2_interfaces/share/example_ros2_interfaces/cmake/export_example_ros2_interfaces__rosidl_generator_pyExport.cmake
[1.467s] -- Up-to-date: /home/mojiu/ros2_ws/install/example_ros2_interfaces/share/example_ros2_interfaces/cmake/export_example_ros2_interfaces__rosidl_generator_pyExport-noconfig.cmake
[1.467s] -- Up-to-date: /home/mojiu/ros2_ws/install/example_ros2_interfaces/share/example_ros2_interfaces/cmake/rosidl_cmake-extras.cmake
[1.468s] -- Up-to-date: /home/mojiu/ros2_ws/install/example_ros2_interfaces/share/example_ros2_interfaces/cmake/ament_cmake_export_dependencies-extras.cmake
[1.468s] -- Up-to-date: /home/mojiu/ros2_ws/install/example_ros2_interfaces/share/example_ros2_interfaces/cmake/ament_cmake_export_include_directories-extras.cmake
[1.468s] -- Up-to-date: /home/mojiu/ros2_ws/install/example_ros2_interfaces/share/example_ros2_interfaces/cmake/ament_cmake_export_libraries-extras.cmake
[1.468s] -- Up-to-date: /home/mojiu/ros2_ws/install/example_ros2_interfaces/share/example_ros2_interfaces/cmake/ament_cmake_export_targets-extras.cmake
[1.468s] -- Up-to-date: /home/mojiu/ros2_ws/install/example_ros2_interfaces/share/example_ros2_interfaces/cmake/rosidl_cmake_export_typesupport_targets-extras.cmake
[1.469s] -- Up-to-date: /home/mojiu/ros2_ws/install/example_ros2_interfaces/share/example_ros2_interfaces/cmake/rosidl_cmake_export_typesupport_libraries-extras.cmake
[1.469s] -- Up-to-date: /home/mojiu/ros2_ws/install/example_ros2_interfaces/share/example_ros2_interfaces/cmake/example_ros2_interfacesConfig.cmake
[1.469s] -- Up-to-date: /home/mojiu/ros2_ws/install/example_ros2_interfaces/share/example_ros2_interfaces/cmake/example_ros2_interfacesConfig-version.cmake
[1.469s] -- Up-to-date: /home/mojiu/ros2_ws/install/example_ros2_interfaces/share/example_ros2_interfaces/package.xml
[1.471s] Invoked command in '/home/mojiu/ros2_ws/build/example_ros2_interfaces' returned '0': CMAKE_PREFIX_PATH=${CMAKE_PREFIX_PATH}:/opt/ros/jazzy DEBUGINFOD_URLS=https://debuginfod.ubuntu.com /usr/bin/cmake --install /home/mojiu/ros2_ws/build/example_ros2_interfaces
