[  2%] Built target custom_action_interfaces__rosidl_generator_type_description
[  5%] Built target custom_action_interfaces__cpp
[  5%] Built target ament_cmake_python_copy_custom_action_interfaces
[ 20%] Built target custom_action_interfaces__rosidl_generator_c
[ 23%] [32mBuilding CXX object CMakeFiles/custom_action_interfaces__rosidl_typesupport_fastrtps_c.dir/rosidl_typesupport_fastrtps_c/custom_action_interfaces/action/detail/fibonacci__type_support_c.cpp.o[0m
[ 32%] Built target custom_action_interfaces__rosidl_typesupport_introspection_c
[ 35%] [32mBuilding CXX object CMakeFiles/custom_action_interfaces__rosidl_typesupport_cpp.dir/rosidl_typesupport_cpp/custom_action_interfaces/action/fibonacci__type_support.cpp.o[0m
[ 44%] Built target custom_action_interfaces__rosidl_typesupport_c
[ 47%] [32mBuilding CXX object CMakeFiles/custom_action_interfaces__rosidl_typesupport_fastrtps_cpp.dir/rosidl_typesupport_fastrtps_cpp/custom_action_interfaces/action/detail/dds_fastrtps/fibonacci__type_support.cpp.o[0m
[ 50%] [32mBuilding CXX object CMakeFiles/custom_action_interfaces__rosidl_typesupport_introspection_cpp.dir/rosidl_typesupport_introspection_cpp/custom_action_interfaces/action/detail/fibonacci__type_support.cpp.o[0m
running egg_info
writing custom_action_interfaces.egg-info/PKG-INFO
writing dependency_links to custom_action_interfaces.egg-info/dependency_links.txt
writing top-level names to custom_action_interfaces.egg-info/top_level.txt
reading manifest file 'custom_action_interfaces.egg-info/SOURCES.txt'
writing manifest file 'custom_action_interfaces.egg-info/SOURCES.txt'
[ 50%] Built target ament_cmake_python_build_custom_action_interfaces_egg
[ 52%] [32m[1mLinking CXX shared library libcustom_action_interfaces__rosidl_typesupport_introspection_cpp.so[0m
[ 55%] Built target custom_action_interfaces__rosidl_typesupport_introspection_cpp
[ 58%] [32m[1mLinking CXX shared library libcustom_action_interfaces__rosidl_typesupport_fastrtps_c.so[0m
[ 61%] Built target custom_action_interfaces__rosidl_typesupport_fastrtps_c
[ 64%] [32m[1mLinking CXX shared library libcustom_action_interfaces__rosidl_typesupport_cpp.so[0m
[ 67%] Built target custom_action_interfaces__rosidl_typesupport_cpp
[ 70%] [32m[1mLinking CXX shared library libcustom_action_interfaces__rosidl_typesupport_fastrtps_cpp.so[0m
[ 73%] Built target custom_action_interfaces__rosidl_typesupport_fastrtps_cpp
[ 73%] Built target custom_action_interfaces
[ 76%] Built target custom_action_interfaces__py
[ 79%] [32mBuilding C object CMakeFiles/custom_action_interfaces__rosidl_generator_py.dir/rosidl_generator_py/custom_action_interfaces/action/_fibonacci_s.c.o[0m
[ 82%] [32m[1mLinking C shared library libcustom_action_interfaces__rosidl_generator_py.so[0m
[ 82%] Built target custom_action_interfaces__rosidl_generator_py
[ 85%] [32mBuilding C object CMakeFiles/custom_action_interfaces_s__rosidl_typesupport_fastrtps_c.dir/rosidl_generator_py/custom_action_interfaces/_custom_action_interfaces_s.ep.rosidl_typesupport_fastrtps_c.c.o[0m
[ 88%] [32mBuilding C object CMakeFiles/custom_action_interfaces_s__rosidl_typesupport_introspection_c.dir/rosidl_generator_py/custom_action_interfaces/_custom_action_interfaces_s.ep.rosidl_typesupport_introspection_c.c.o[0m
[ 91%] [32mBuilding C object CMakeFiles/custom_action_interfaces_s__rosidl_typesupport_c.dir/rosidl_generator_py/custom_action_interfaces/_custom_action_interfaces_s.ep.rosidl_typesupport_c.c.o[0m
[ 94%] [32m[1mLinking C shared module rosidl_generator_py/custom_action_interfaces/custom_action_interfaces_s__rosidl_typesupport_c.so[0m
[ 97%] [32m[1mLinking C shared module rosidl_generator_py/custom_action_interfaces/custom_action_interfaces_s__rosidl_typesupport_fastrtps_c.so[0m
[ 97%] Built target custom_action_interfaces_s__rosidl_typesupport_c
[ 97%] Built target custom_action_interfaces_s__rosidl_typesupport_fastrtps_c
[100%] [32m[1mLinking C shared module rosidl_generator_py/custom_action_interfaces/custom_action_interfaces_s__rosidl_typesupport_introspection_c.so[0m
[100%] Built target custom_action_interfaces_s__rosidl_typesupport_introspection_c
