[0.008s] Invoking command in '/home/mojiu/ros2_ws/build/example_service_rclcpp': CMAKE_PREFIX_PATH=${CMAKE_PREFIX_PATH}:/opt/ros/jazzy DEBUGINFOD_URLS=https://debuginfod.ubuntu.com /usr/bin/cmake /home/mojiu/ros2_ws/src/example_service_rclcpp -DCMAKE_INSTALL_PREFIX=/home/mojiu/ros2_ws/install/example_service_rclcpp
[0.151s] -- The C compiler identification is GNU 13.2.0
[0.236s] -- The CXX compiler identification is GNU 13.2.0
[0.255s] -- Detecting C compiler ABI info
[0.349s] -- Detecting C compiler ABI info - done
[0.361s] -- Check for working C compiler: /usr/bin/cc - skipped
[0.361s] -- Detecting C compile features
[0.362s] -- Detecting C compile features - done
[0.372s] -- Detecting CXX compiler ABI info
[0.484s] -- Detecting CXX compiler ABI info - done
[0.496s] -- Check for working CXX compiler: /usr/bin/c++ - skipped
[0.496s] -- Detecting CXX compile features
[0.497s] -- Detecting CXX compile features - done
[0.501s] -- Found ament_cmake: 2.5.2 (/opt/ros/jazzy/share/ament_cmake/cmake)
[0.659s] -- Found Python3: /usr/bin/python3 (found version "3.12.3") found components: Interpreter 
[0.788s] -- Found rclcpp: 28.1.5 (/opt/ros/jazzy/share/rclcpp/cmake)
[0.843s] -- Found rosidl_generator_c: 4.6.4 (/opt/ros/jazzy/share/rosidl_generator_c/cmake)
[0.864s] -- Found rosidl_generator_cpp: 4.6.4 (/opt/ros/jazzy/share/rosidl_generator_cpp/cmake)
[0.884s] -- Using all available rosidl_typesupport_c: rosidl_typesupport_fastrtps_c;rosidl_typesupport_introspection_c
[0.908s] -- Using all available rosidl_typesupport_cpp: rosidl_typesupport_fastrtps_cpp;rosidl_typesupport_introspection_cpp
[1.011s] -- Found rmw_implementation_cmake: 7.3.1 (/opt/ros/jazzy/share/rmw_implementation_cmake/cmake)
[1.014s] -- Found rmw_fastrtps_cpp: 8.4.1 (/opt/ros/jazzy/share/rmw_fastrtps_cpp/cmake)
[1.107s] -- Found OpenSSL: /usr/lib/x86_64-linux-gnu/libcrypto.so (found version "3.0.13")  
[1.128s] -- Found FastRTPS: /opt/ros/jazzy/include (Required is at least version "2.13") 
[1.154s] -- Using RMW implementation 'rmw_fastrtps_cpp' as default
[1.249s] -- Found example_interfaces: 0.12.0 (/opt/ros/jazzy/share/example_interfaces/cmake)
[1.360s] -- Found ament_lint_auto: 0.17.1 (/opt/ros/jazzy/share/ament_lint_auto/cmake)
[1.478s] -- Added test 'cppcheck' to perform static code analysis on C / C++ code
[1.479s] -- Configured cppcheck include dirs: 
[1.479s] -- Configured cppcheck exclude dirs and/or files: 
[1.480s] -- Added test 'lint_cmake' to check CMake code style
[1.481s] -- Added test 'uncrustify' to check C / C++ code style
[1.481s] -- Configured uncrustify additional arguments: 
[1.482s] -- Added test 'xmllint' to check XML markup files
[1.484s] -- Configuring done (1.5s)
[1.500s] -- Generating done (0.0s)
[1.502s] -- Build files have been written to: /home/mojiu/ros2_ws/build/example_service_rclcpp
[1.514s] Invoked command in '/home/mojiu/ros2_ws/build/example_service_rclcpp' returned '0': CMAKE_PREFIX_PATH=${CMAKE_PREFIX_PATH}:/opt/ros/jazzy DEBUGINFOD_URLS=https://debuginfod.ubuntu.com /usr/bin/cmake /home/mojiu/ros2_ws/src/example_service_rclcpp -DCMAKE_INSTALL_PREFIX=/home/mojiu/ros2_ws/install/example_service_rclcpp
[1.515s] Invoking command in '/home/mojiu/ros2_ws/build/example_service_rclcpp': CMAKE_PREFIX_PATH=${CMAKE_PREFIX_PATH}:/opt/ros/jazzy DEBUGINFOD_URLS=https://debuginfod.ubuntu.com /usr/bin/cmake --build /home/mojiu/ros2_ws/build/example_service_rclcpp -- -j8 -l8
[1.565s] [ 50%] [32mBuilding CXX object CMakeFiles/service_client_01.dir/src/service_client_01.cpp.o[0m
[1.566s] [ 50%] [32mBuilding CXX object CMakeFiles/service_server_01.dir/src/service_server_01.cpp.o[0m
[1.587s] [ 75%] [32m[1mLinking CXX executable service_client_01[0m
[1.708s] /usr/bin/ld: /usr/lib/gcc/x86_64-linux-gnu/13/../../../x86_64-linux-gnu/Scrt1.o: in function `_start':
[1.708s] (.text+0x1b): undefined reference to `main'
[1.711s] collect2: error: ld returned 1 exit status
[1.712s] gmake[2]: *** [CMakeFiles/service_client_01.dir/build.make:185：service_client_01] 错误 1
[1.713s] gmake[1]: *** [CMakeFiles/Makefile2:139：CMakeFiles/service_client_01.dir/all] 错误 2
[1.713s] gmake[1]: *** 正在等待未完成的任务....
[5.624s] [100%] [32m[1mLinking CXX executable service_server_01[0m
[5.776s] [100%] Built target service_server_01
[5.778s] gmake: *** [Makefile:146：all] 错误 2
[5.780s] Invoked command in '/home/mojiu/ros2_ws/build/example_service_rclcpp' returned '2': CMAKE_PREFIX_PATH=${CMAKE_PREFIX_PATH}:/opt/ros/jazzy DEBUGINFOD_URLS=https://debuginfod.ubuntu.com /usr/bin/cmake --build /home/mojiu/ros2_ws/build/example_service_rclcpp -- -j8 -l8
