[0.032s] Invoking command in '/home/mojiu/ros2_ws/build/more_interfaces': CMAKE_PREFIX_PATH=${CMAKE_PREFIX_PATH}:/opt/ros/jazzy DEBUGINFOD_URLS=https://debuginfod.ubuntu.com /usr/bin/cmake --build /home/mojiu/ros2_ws/build/more_interfaces -- -j8 -l8
[0.115s] [  2%] Built target more_interfaces__rosidl_generator_type_description
[0.128s] [  2%] Built target ament_cmake_python_copy_more_interfaces
[0.154s] [ 16%] Built target more_interfaces__rosidl_generator_c
[0.154s] [ 19%] Built target more_interfaces__cpp
[0.230s] [ 27%] Built target more_interfaces__rosidl_typesupport_introspection_c
[0.230s] [ 44%] Built target more_interfaces__rosidl_typesupport_introspection_cpp
[0.230s] [ 36%] Built target more_interfaces__rosidl_typesupport_c
[0.231s] [ 61%] Built target more_interfaces__rosidl_typesupport_cpp
[0.231s] [ 61%] Built target more_interfaces__rosidl_typesupport_fastrtps_c
[0.233s] [ 69%] Built target more_interfaces__rosidl_typesupport_fastrtps_cpp
[0.262s] [ 69%] Built target more_interfaces
[0.280s] [ 75%] Built target publish_address_book
[0.305s] [ 77%] Built target more_interfaces__py
[0.349s] [ 83%] Built target more_interfaces__rosidl_generator_py
[0.409s] [ 88%] Built target more_interfaces_s__rosidl_typesupport_introspection_c
[0.410s] [ 94%] Built target more_interfaces_s__rosidl_typesupport_c
[0.415s] [100%] Built target more_interfaces_s__rosidl_typesupport_fastrtps_c
[0.655s] running egg_info
[0.705s] writing more_interfaces.egg-info/PKG-INFO
[0.705s] writing dependency_links to more_interfaces.egg-info/dependency_links.txt
[0.705s] writing top-level names to more_interfaces.egg-info/top_level.txt
[0.834s] reading manifest file 'more_interfaces.egg-info/SOURCES.txt'
[0.835s] writing manifest file 'more_interfaces.egg-info/SOURCES.txt'
[0.883s] [100%] Built target ament_cmake_python_build_more_interfaces_egg
[0.906s] Invoked command in '/home/mojiu/ros2_ws/build/more_interfaces' returned '0': CMAKE_PREFIX_PATH=${CMAKE_PREFIX_PATH}:/opt/ros/jazzy DEBUGINFOD_URLS=https://debuginfod.ubuntu.com /usr/bin/cmake --build /home/mojiu/ros2_ws/build/more_interfaces -- -j8 -l8
[0.985s] Invoking command in '/home/mojiu/ros2_ws/build/more_interfaces': CMAKE_PREFIX_PATH=${CMAKE_PREFIX_PATH}:/opt/ros/jazzy DEBUGINFOD_URLS=https://debuginfod.ubuntu.com /usr/bin/cmake --install /home/mojiu/ros2_ws/build/more_interfaces
[0.996s] -- Install configuration: ""
[0.996s] -- Up-to-date: /home/mojiu/ros2_ws/install/more_interfaces/share/ament_index/resource_index/rosidl_interfaces/more_interfaces
[0.996s] -- Up-to-date: /home/mojiu/ros2_ws/install/more_interfaces/share/more_interfaces/msg/AddressBook.json
[0.996s] -- Up-to-date: /home/mojiu/ros2_ws/install/more_interfaces/include/more_interfaces/more_interfaces
[0.997s] -- Up-to-date: /home/mojiu/ros2_ws/install/more_interfaces/include/more_interfaces/more_interfaces/msg
[0.997s] -- Up-to-date: /home/mojiu/ros2_ws/install/more_interfaces/include/more_interfaces/more_interfaces/msg/detail
[0.997s] -- Up-to-date: /home/mojiu/ros2_ws/install/more_interfaces/include/more_interfaces/more_interfaces/msg/detail/address_book__type_support.h
[0.997s] -- Up-to-date: /home/mojiu/ros2_ws/install/more_interfaces/include/more_interfaces/more_interfaces/msg/detail/address_book__struct.h
[0.997s] -- Up-to-date: /home/mojiu/ros2_ws/install/more_interfaces/include/more_interfaces/more_interfaces/msg/detail/address_book__description.c
[0.997s] -- Up-to-date: /home/mojiu/ros2_ws/install/more_interfaces/include/more_interfaces/more_interfaces/msg/detail/address_book__functions.c
[0.998s] -- Up-to-date: /home/mojiu/ros2_ws/install/more_interfaces/include/more_interfaces/more_interfaces/msg/detail/address_book__functions.h
[0.998s] -- Installing: /home/mojiu/ros2_ws/install/more_interfaces/include/more_interfaces/more_interfaces/msg/detail/address_book__type_support.c
[0.998s] -- Up-to-date: /home/mojiu/ros2_ws/install/more_interfaces/include/more_interfaces/more_interfaces/msg/address_book.h
[0.998s] -- Up-to-date: /home/mojiu/ros2_ws/install/more_interfaces/include/more_interfaces/more_interfaces/msg/rosidl_generator_c__visibility_control.h
[0.998s] -- Up-to-date: /home/mojiu/ros2_ws/install/more_interfaces/share/more_interfaces/environment/library_path.sh
[0.999s] -- Up-to-date: /home/mojiu/ros2_ws/install/more_interfaces/share/more_interfaces/environment/library_path.dsv
[0.999s] -- Up-to-date: /home/mojiu/ros2_ws/install/more_interfaces/lib/libmore_interfaces__rosidl_generator_c.so
[0.999s] -- Up-to-date: /home/mojiu/ros2_ws/install/more_interfaces/include/more_interfaces/more_interfaces
[0.999s] -- Up-to-date: /home/mojiu/ros2_ws/install/more_interfaces/include/more_interfaces/more_interfaces/msg
[0.999s] -- Up-to-date: /home/mojiu/ros2_ws/install/more_interfaces/include/more_interfaces/more_interfaces/msg/rosidl_typesupport_fastrtps_c__visibility_control.h
[1.000s] -- Up-to-date: /home/mojiu/ros2_ws/install/more_interfaces/include/more_interfaces/more_interfaces/msg/detail
[1.000s] -- Up-to-date: /home/mojiu/ros2_ws/install/more_interfaces/include/more_interfaces/more_interfaces/msg/detail/address_book__rosidl_typesupport_fastrtps_c.h
[1.001s] -- Up-to-date: /home/mojiu/ros2_ws/install/more_interfaces/lib/libmore_interfaces__rosidl_typesupport_fastrtps_c.so
[1.001s] -- Up-to-date: /home/mojiu/ros2_ws/install/more_interfaces/include/more_interfaces/more_interfaces
[1.001s] -- Up-to-date: /home/mojiu/ros2_ws/install/more_interfaces/include/more_interfaces/more_interfaces/msg
[1.002s] -- Up-to-date: /home/mojiu/ros2_ws/install/more_interfaces/include/more_interfaces/more_interfaces/msg/detail
[1.002s] -- Up-to-date: /home/mojiu/ros2_ws/install/more_interfaces/include/more_interfaces/more_interfaces/msg/detail/address_book__rosidl_typesupport_introspection_c.h
[1.002s] -- Installing: /home/mojiu/ros2_ws/install/more_interfaces/include/more_interfaces/more_interfaces/msg/detail/address_book__type_support.c
[1.002s] -- Up-to-date: /home/mojiu/ros2_ws/install/more_interfaces/include/more_interfaces/more_interfaces/msg/rosidl_typesupport_introspection_c__visibility_control.h
[1.003s] -- Up-to-date: /home/mojiu/ros2_ws/install/more_interfaces/lib/libmore_interfaces__rosidl_typesupport_introspection_c.so
[1.005s] -- Up-to-date: /home/mojiu/ros2_ws/install/more_interfaces/lib/libmore_interfaces__rosidl_typesupport_c.so
[1.005s] -- Up-to-date: /home/mojiu/ros2_ws/install/more_interfaces/include/more_interfaces/more_interfaces
[1.006s] -- Up-to-date: /home/mojiu/ros2_ws/install/more_interfaces/include/more_interfaces/more_interfaces/msg
[1.006s] -- Up-to-date: /home/mojiu/ros2_ws/install/more_interfaces/include/more_interfaces/more_interfaces/msg/detail
[1.006s] -- Up-to-date: /home/mojiu/ros2_ws/install/more_interfaces/include/more_interfaces/more_interfaces/msg/detail/address_book__builder.hpp
[1.006s] -- Up-to-date: /home/mojiu/ros2_ws/install/more_interfaces/include/more_interfaces/more_interfaces/msg/detail/address_book__traits.hpp
[1.006s] -- Up-to-date: /home/mojiu/ros2_ws/install/more_interfaces/include/more_interfaces/more_interfaces/msg/detail/address_book__type_support.hpp
[1.006s] -- Up-to-date: /home/mojiu/ros2_ws/install/more_interfaces/include/more_interfaces/more_interfaces/msg/detail/address_book__struct.hpp
[1.007s] -- Up-to-date: /home/mojiu/ros2_ws/install/more_interfaces/include/more_interfaces/more_interfaces/msg/rosidl_generator_cpp__visibility_control.hpp
[1.007s] -- Up-to-date: /home/mojiu/ros2_ws/install/more_interfaces/include/more_interfaces/more_interfaces/msg/address_book.hpp
[1.007s] -- Up-to-date: /home/mojiu/ros2_ws/install/more_interfaces/include/more_interfaces/more_interfaces
[1.007s] -- Up-to-date: /home/mojiu/ros2_ws/install/more_interfaces/include/more_interfaces/more_interfaces/msg
[1.007s] -- Up-to-date: /home/mojiu/ros2_ws/install/more_interfaces/include/more_interfaces/more_interfaces/msg/detail
[1.008s] -- Up-to-date: /home/mojiu/ros2_ws/install/more_interfaces/include/more_interfaces/more_interfaces/msg/detail/dds_fastrtps
[1.008s] -- Up-to-date: /home/mojiu/ros2_ws/install/more_interfaces/include/more_interfaces/more_interfaces/msg/detail/address_book__rosidl_typesupport_fastrtps_cpp.hpp
[1.008s] -- Up-to-date: /home/mojiu/ros2_ws/install/more_interfaces/include/more_interfaces/more_interfaces/msg/rosidl_typesupport_fastrtps_cpp__visibility_control.h
[1.008s] -- Up-to-date: /home/mojiu/ros2_ws/install/more_interfaces/lib/libmore_interfaces__rosidl_typesupport_fastrtps_cpp.so
[1.008s] -- Up-to-date: /home/mojiu/ros2_ws/install/more_interfaces/include/more_interfaces/more_interfaces
[1.008s] -- Up-to-date: /home/mojiu/ros2_ws/install/more_interfaces/include/more_interfaces/more_interfaces/msg
[1.009s] -- Up-to-date: /home/mojiu/ros2_ws/install/more_interfaces/include/more_interfaces/more_interfaces/msg/detail
[1.009s] -- Up-to-date: /home/mojiu/ros2_ws/install/more_interfaces/include/more_interfaces/more_interfaces/msg/detail/address_book__rosidl_typesupport_introspection_cpp.hpp
[1.009s] -- Up-to-date: /home/mojiu/ros2_ws/install/more_interfaces/include/more_interfaces/more_interfaces/msg/detail/address_book__type_support.cpp
[1.009s] -- Up-to-date: /home/mojiu/ros2_ws/install/more_interfaces/lib/libmore_interfaces__rosidl_typesupport_introspection_cpp.so
[1.010s] -- Up-to-date: /home/mojiu/ros2_ws/install/more_interfaces/lib/libmore_interfaces__rosidl_typesupport_cpp.so
[1.010s] -- Up-to-date: /home/mojiu/ros2_ws/install/more_interfaces/share/more_interfaces/environment/pythonpath.sh
[1.010s] -- Up-to-date: /home/mojiu/ros2_ws/install/more_interfaces/share/more_interfaces/environment/pythonpath.dsv
[1.010s] -- Up-to-date: /home/mojiu/ros2_ws/install/more_interfaces/lib/python3.12/site-packages/more_interfaces-0.0.0-py3.12.egg-info
[1.010s] -- Installing: /home/mojiu/ros2_ws/install/more_interfaces/lib/python3.12/site-packages/more_interfaces-0.0.0-py3.12.egg-info/PKG-INFO
[1.011s] -- Installing: /home/mojiu/ros2_ws/install/more_interfaces/lib/python3.12/site-packages/more_interfaces-0.0.0-py3.12.egg-info/SOURCES.txt
[1.011s] -- Installing: /home/mojiu/ros2_ws/install/more_interfaces/lib/python3.12/site-packages/more_interfaces-0.0.0-py3.12.egg-info/top_level.txt
[1.011s] -- Installing: /home/mojiu/ros2_ws/install/more_interfaces/lib/python3.12/site-packages/more_interfaces-0.0.0-py3.12.egg-info/dependency_links.txt
[1.011s] -- Up-to-date: /home/mojiu/ros2_ws/install/more_interfaces/lib/python3.12/site-packages/more_interfaces
[1.011s] -- Up-to-date: /home/mojiu/ros2_ws/install/more_interfaces/lib/python3.12/site-packages/more_interfaces/_more_interfaces_s.ep.rosidl_typesupport_fastrtps_c.c
[1.011s] -- Up-to-date: /home/mojiu/ros2_ws/install/more_interfaces/lib/python3.12/site-packages/more_interfaces/__init__.py
[1.011s] -- Up-to-date: /home/mojiu/ros2_ws/install/more_interfaces/lib/python3.12/site-packages/more_interfaces/_more_interfaces_s.ep.rosidl_typesupport_introspection_c.c
[1.011s] -- Up-to-date: /home/mojiu/ros2_ws/install/more_interfaces/lib/python3.12/site-packages/more_interfaces/more_interfaces_s__rosidl_typesupport_c.so
[1.011s] -- Up-to-date: /home/mojiu/ros2_ws/install/more_interfaces/lib/python3.12/site-packages/more_interfaces/more_interfaces_s__rosidl_typesupport_introspection_c.so
[1.012s] -- Up-to-date: /home/mojiu/ros2_ws/install/more_interfaces/lib/python3.12/site-packages/more_interfaces/more_interfaces_s__rosidl_typesupport_fastrtps_c.so
[1.012s] -- Up-to-date: /home/mojiu/ros2_ws/install/more_interfaces/lib/python3.12/site-packages/more_interfaces/_more_interfaces_s.ep.rosidl_typesupport_c.c
[1.012s] -- Up-to-date: /home/mojiu/ros2_ws/install/more_interfaces/lib/python3.12/site-packages/more_interfaces/msg
[1.012s] -- Up-to-date: /home/mojiu/ros2_ws/install/more_interfaces/lib/python3.12/site-packages/more_interfaces/msg/_address_book_s.c
[1.012s] -- Up-to-date: /home/mojiu/ros2_ws/install/more_interfaces/lib/python3.12/site-packages/more_interfaces/msg/_address_book.py
[1.012s] -- Up-to-date: /home/mojiu/ros2_ws/install/more_interfaces/lib/python3.12/site-packages/more_interfaces/msg/__init__.py
[1.069s] Listing '/home/mojiu/ros2_ws/install/more_interfaces/lib/python3.12/site-packages/more_interfaces'...
[1.069s] Listing '/home/mojiu/ros2_ws/install/more_interfaces/lib/python3.12/site-packages/more_interfaces/msg'...
[1.079s] -- Up-to-date: /home/mojiu/ros2_ws/install/more_interfaces/lib/python3.12/site-packages/more_interfaces/more_interfaces_s__rosidl_typesupport_fastrtps_c.so
[1.079s] -- Up-to-date: /home/mojiu/ros2_ws/install/more_interfaces/lib/python3.12/site-packages/more_interfaces/more_interfaces_s__rosidl_typesupport_introspection_c.so
[1.080s] -- Up-to-date: /home/mojiu/ros2_ws/install/more_interfaces/lib/python3.12/site-packages/more_interfaces/more_interfaces_s__rosidl_typesupport_c.so
[1.081s] -- Up-to-date: /home/mojiu/ros2_ws/install/more_interfaces/lib/libmore_interfaces__rosidl_generator_py.so
[1.082s] -- Up-to-date: /home/mojiu/ros2_ws/install/more_interfaces/share/more_interfaces/msg/AddressBook.idl
[1.082s] -- Up-to-date: /home/mojiu/ros2_ws/install/more_interfaces/share/more_interfaces/msg/AddressBook.msg
[1.082s] -- Up-to-date: /home/mojiu/ros2_ws/install/more_interfaces/lib/more_interfaces/publish_address_book
[1.083s] -- Up-to-date: /home/mojiu/ros2_ws/install/more_interfaces/share/ament_index/resource_index/package_run_dependencies/more_interfaces
[1.083s] -- Up-to-date: /home/mojiu/ros2_ws/install/more_interfaces/share/ament_index/resource_index/parent_prefix_path/more_interfaces
[1.083s] -- Up-to-date: /home/mojiu/ros2_ws/install/more_interfaces/share/more_interfaces/environment/ament_prefix_path.sh
[1.083s] -- Up-to-date: /home/mojiu/ros2_ws/install/more_interfaces/share/more_interfaces/environment/ament_prefix_path.dsv
[1.084s] -- Up-to-date: /home/mojiu/ros2_ws/install/more_interfaces/share/more_interfaces/environment/path.sh
[1.084s] -- Up-to-date: /home/mojiu/ros2_ws/install/more_interfaces/share/more_interfaces/environment/path.dsv
[1.084s] -- Up-to-date: /home/mojiu/ros2_ws/install/more_interfaces/share/more_interfaces/local_setup.bash
[1.084s] -- Up-to-date: /home/mojiu/ros2_ws/install/more_interfaces/share/more_interfaces/local_setup.sh
[1.084s] -- Up-to-date: /home/mojiu/ros2_ws/install/more_interfaces/share/more_interfaces/local_setup.zsh
[1.084s] -- Up-to-date: /home/mojiu/ros2_ws/install/more_interfaces/share/more_interfaces/local_setup.dsv
[1.084s] -- Installing: /home/mojiu/ros2_ws/install/more_interfaces/share/more_interfaces/package.dsv
[1.085s] -- Up-to-date: /home/mojiu/ros2_ws/install/more_interfaces/share/ament_index/resource_index/packages/more_interfaces
[1.086s] -- Up-to-date: /home/mojiu/ros2_ws/install/more_interfaces/share/more_interfaces/cmake/export_more_interfaces__rosidl_generator_cExport.cmake
[1.086s] -- Up-to-date: /home/mojiu/ros2_ws/install/more_interfaces/share/more_interfaces/cmake/export_more_interfaces__rosidl_generator_cExport-noconfig.cmake
[1.086s] -- Up-to-date: /home/mojiu/ros2_ws/install/more_interfaces/share/more_interfaces/cmake/export_more_interfaces__rosidl_typesupport_fastrtps_cExport.cmake
[1.086s] -- Up-to-date: /home/mojiu/ros2_ws/install/more_interfaces/share/more_interfaces/cmake/export_more_interfaces__rosidl_typesupport_fastrtps_cExport-noconfig.cmake
[1.087s] -- Up-to-date: /home/mojiu/ros2_ws/install/more_interfaces/share/more_interfaces/cmake/more_interfaces__rosidl_typesupport_introspection_cExport.cmake
[1.087s] -- Up-to-date: /home/mojiu/ros2_ws/install/more_interfaces/share/more_interfaces/cmake/more_interfaces__rosidl_typesupport_introspection_cExport-noconfig.cmake
[1.088s] -- Up-to-date: /home/mojiu/ros2_ws/install/more_interfaces/share/more_interfaces/cmake/more_interfaces__rosidl_typesupport_cExport.cmake
[1.088s] -- Up-to-date: /home/mojiu/ros2_ws/install/more_interfaces/share/more_interfaces/cmake/more_interfaces__rosidl_typesupport_cExport-noconfig.cmake
[1.088s] -- Up-to-date: /home/mojiu/ros2_ws/install/more_interfaces/share/more_interfaces/cmake/export_more_interfaces__rosidl_generator_cppExport.cmake
[1.089s] -- Up-to-date: /home/mojiu/ros2_ws/install/more_interfaces/share/more_interfaces/cmake/export_more_interfaces__rosidl_typesupport_fastrtps_cppExport.cmake
[1.089s] -- Up-to-date: /home/mojiu/ros2_ws/install/more_interfaces/share/more_interfaces/cmake/export_more_interfaces__rosidl_typesupport_fastrtps_cppExport-noconfig.cmake
[1.090s] -- Up-to-date: /home/mojiu/ros2_ws/install/more_interfaces/share/more_interfaces/cmake/more_interfaces__rosidl_typesupport_introspection_cppExport.cmake
[1.090s] -- Up-to-date: /home/mojiu/ros2_ws/install/more_interfaces/share/more_interfaces/cmake/more_interfaces__rosidl_typesupport_introspection_cppExport-noconfig.cmake
[1.091s] -- Up-to-date: /home/mojiu/ros2_ws/install/more_interfaces/share/more_interfaces/cmake/more_interfaces__rosidl_typesupport_cppExport.cmake
[1.092s] -- Up-to-date: /home/mojiu/ros2_ws/install/more_interfaces/share/more_interfaces/cmake/more_interfaces__rosidl_typesupport_cppExport-noconfig.cmake
[1.092s] -- Up-to-date: /home/mojiu/ros2_ws/install/more_interfaces/share/more_interfaces/cmake/export_more_interfaces__rosidl_generator_pyExport.cmake
[1.093s] -- Up-to-date: /home/mojiu/ros2_ws/install/more_interfaces/share/more_interfaces/cmake/export_more_interfaces__rosidl_generator_pyExport-noconfig.cmake
[1.093s] -- Up-to-date: /home/mojiu/ros2_ws/install/more_interfaces/share/more_interfaces/cmake/rosidl_cmake-extras.cmake
[1.093s] -- Up-to-date: /home/mojiu/ros2_ws/install/more_interfaces/share/more_interfaces/cmake/ament_cmake_export_include_directories-extras.cmake
[1.093s] -- Up-to-date: /home/mojiu/ros2_ws/install/more_interfaces/share/more_interfaces/cmake/ament_cmake_export_libraries-extras.cmake
[1.093s] -- Up-to-date: /home/mojiu/ros2_ws/install/more_interfaces/share/more_interfaces/cmake/ament_cmake_export_targets-extras.cmake
[1.094s] -- Up-to-date: /home/mojiu/ros2_ws/install/more_interfaces/share/more_interfaces/cmake/rosidl_cmake_export_typesupport_targets-extras.cmake
[1.094s] -- Up-to-date: /home/mojiu/ros2_ws/install/more_interfaces/share/more_interfaces/cmake/ament_cmake_export_dependencies-extras.cmake
[1.094s] -- Up-to-date: /home/mojiu/ros2_ws/install/more_interfaces/share/more_interfaces/cmake/rosidl_cmake_export_typesupport_libraries-extras.cmake
[1.094s] -- Up-to-date: /home/mojiu/ros2_ws/install/more_interfaces/share/more_interfaces/cmake/more_interfacesConfig.cmake
[1.094s] -- Up-to-date: /home/mojiu/ros2_ws/install/more_interfaces/share/more_interfaces/cmake/more_interfacesConfig-version.cmake
[1.094s] -- Up-to-date: /home/mojiu/ros2_ws/install/more_interfaces/share/more_interfaces/package.xml
[1.096s] Invoked command in '/home/mojiu/ros2_ws/build/more_interfaces' returned '0': CMAKE_PREFIX_PATH=${CMAKE_PREFIX_PATH}:/opt/ros/jazzy DEBUGINFOD_URLS=https://debuginfod.ubuntu.com /usr/bin/cmake --install /home/mojiu/ros2_ws/build/more_interfaces
