[0.011s] Invoking command in '/home/mojiu/ros2_ws/build/robot_control_interfaces': CMAKE_PREFIX_PATH=${CMAKE_PREFIX_PATH}:/opt/ros/jazzy DEBUGINFOD_URLS=https://debuginfod.ubuntu.com /usr/bin/cmake /home/mojiu/ros2_ws/src/robot_control_interfaces -DCMAKE_INSTALL_PREFIX=/home/mojiu/ros2_ws/install/robot_control_interfaces
[0.067s] -- The C compiler identification is GNU 13.2.0
[0.129s] -- The CXX compiler identification is GNU 13.2.0
[0.145s] -- Detecting C compiler ABI info
[0.233s] -- Detecting C compiler ABI info - done
[0.242s] -- Check for working C compiler: /usr/bin/cc - skipped
[0.242s] -- Detecting C compile features
[0.243s] -- Detecting C compile features - done
[0.251s] -- Detecting CXX compiler ABI info
[0.349s] -- Detecting CXX compiler ABI info - done
[0.359s] -- Check for working CXX compiler: /usr/bin/c++ - skipped
[0.360s] -- Detecting CXX compile features
[0.360s] -- Detecting CXX compile features - done
[0.364s] -- Found ament_cmake: 2.5.2 (/opt/ros/jazzy/share/ament_cmake/cmake)
[0.531s] -- Found Python3: /usr/bin/python3 (found version "3.12.3") found components: Interpreter 
[0.665s] -- Found rosidl_default_generators: 1.6.0 (/opt/ros/jazzy/share/rosidl_default_generators/cmake)
[0.677s] -- Using all available rosidl_typesupport_c: rosidl_typesupport_fastrtps_c;rosidl_typesupport_introspection_c
[0.748s] -- Using all available rosidl_typesupport_cpp: rosidl_typesupport_fastrtps_cpp;rosidl_typesupport_introspection_cpp
[0.812s] -- Found rosidl_adapter: 4.6.4 (/opt/ros/jazzy/share/rosidl_adapter/cmake)
[1.224s] [31mCMake Error at /opt/ros/jazzy/share/rosidl_cmake/cmake/rosidl_generate_interfaces.cmake:223 (message):
[1.224s]   Packages installing interfaces must include
[1.224s]   '<member_of_group>rosidl_interface_packages</member_of_group>' in their
[1.224s]   package.xml
[1.224s] Call Stack (most recent call first):
[1.224s]   CMakeLists.txt:17 (rosidl_generate_interfaces)
[1.224s] 
[1.224s] [0m
[1.224s] -- Configuring incomplete, errors occurred!
[1.231s] Invoked command in '/home/mojiu/ros2_ws/build/robot_control_interfaces' returned '1': CMAKE_PREFIX_PATH=${CMAKE_PREFIX_PATH}:/opt/ros/jazzy DEBUGINFOD_URLS=https://debuginfod.ubuntu.com /usr/bin/cmake /home/mojiu/ros2_ws/src/robot_control_interfaces -DCMAKE_INSTALL_PREFIX=/home/mojiu/ros2_ws/install/robot_control_interfaces
