[0.050s] Invoking command in '/home/mojiu/ros2_ws/build/custom_action_interfaces': CMAKE_PREFIX_PATH=${CMAKE_PREFIX_PATH}:/opt/ros/jazzy DEBUGINFOD_URLS=https://debuginfod.ubuntu.com /usr/bin/cmake --build /home/mojiu/ros2_ws/build/custom_action_interfaces -- -j8 -l8
[0.153s] [  2%] Built target custom_action_interfaces__rosidl_generator_type_description
[0.184s] [  2%] Built target ament_cmake_python_copy_custom_action_interfaces
[0.229s] [ 17%] Built target custom_action_interfaces__rosidl_generator_c
[0.229s] [ 20%] Built target custom_action_interfaces__cpp
[0.306s] [ 29%] Built target custom_action_interfaces__rosidl_typesupport_c
[0.320s] [ 38%] Built target custom_action_interfaces__rosidl_typesupport_fastrtps_cpp
[0.335s] [ 47%] Built target custom_action_interfaces__rosidl_typesupport_fastrtps_c
[0.358s] [ 55%] Built target custom_action_interfaces__rosidl_typesupport_introspection_c
[0.379s] [ 64%] Built target custom_action_interfaces__rosidl_typesupport_cpp
[0.380s] [ 73%] Built target custom_action_interfaces__rosidl_typesupport_introspection_cpp
[0.471s] [ 73%] Built target custom_action_interfaces
[0.522s] [ 76%] Built target custom_action_interfaces__py
[0.590s] [ 82%] Built target custom_action_interfaces__rosidl_generator_py
[0.695s] [ 88%] Built target custom_action_interfaces_s__rosidl_typesupport_fastrtps_c
[0.695s] [ 94%] Built target custom_action_interfaces_s__rosidl_typesupport_c
[0.703s] [100%] Built target custom_action_interfaces_s__rosidl_typesupport_introspection_c
[0.859s] running egg_info
[0.917s] writing custom_action_interfaces.egg-info/PKG-INFO
[0.918s] writing dependency_links to custom_action_interfaces.egg-info/dependency_links.txt
[0.918s] writing top-level names to custom_action_interfaces.egg-info/top_level.txt
[1.064s] reading manifest file 'custom_action_interfaces.egg-info/SOURCES.txt'
[1.065s] writing manifest file 'custom_action_interfaces.egg-info/SOURCES.txt'
[1.123s] [100%] Built target ament_cmake_python_build_custom_action_interfaces_egg
[1.150s] Invoked command in '/home/mojiu/ros2_ws/build/custom_action_interfaces' returned '0': CMAKE_PREFIX_PATH=${CMAKE_PREFIX_PATH}:/opt/ros/jazzy DEBUGINFOD_URLS=https://debuginfod.ubuntu.com /usr/bin/cmake --build /home/mojiu/ros2_ws/build/custom_action_interfaces -- -j8 -l8
[1.257s] Invoking command in '/home/mojiu/ros2_ws/build/custom_action_interfaces': CMAKE_PREFIX_PATH=${CMAKE_PREFIX_PATH}:/opt/ros/jazzy DEBUGINFOD_URLS=https://debuginfod.ubuntu.com /usr/bin/cmake --install /home/mojiu/ros2_ws/build/custom_action_interfaces
[1.268s] -- Install configuration: ""
[1.269s] -- Up-to-date: /home/mojiu/ros2_ws/install/custom_action_interfaces/share/ament_index/resource_index/rosidl_interfaces/custom_action_interfaces
[1.269s] -- Up-to-date: /home/mojiu/ros2_ws/install/custom_action_interfaces/share/custom_action_interfaces/action/Fibonacci.json
[1.270s] -- Up-to-date: /home/mojiu/ros2_ws/install/custom_action_interfaces/include/custom_action_interfaces/custom_action_interfaces
[1.270s] -- Up-to-date: /home/mojiu/ros2_ws/install/custom_action_interfaces/include/custom_action_interfaces/custom_action_interfaces/action
[1.270s] -- Up-to-date: /home/mojiu/ros2_ws/install/custom_action_interfaces/include/custom_action_interfaces/custom_action_interfaces/action/detail
[1.270s] -- Installing: /home/mojiu/ros2_ws/install/custom_action_interfaces/include/custom_action_interfaces/custom_action_interfaces/action/detail/fibonacci__type_support.c
[1.270s] -- Up-to-date: /home/mojiu/ros2_ws/install/custom_action_interfaces/include/custom_action_interfaces/custom_action_interfaces/action/detail/fibonacci__struct.h
[1.270s] -- Up-to-date: /home/mojiu/ros2_ws/install/custom_action_interfaces/include/custom_action_interfaces/custom_action_interfaces/action/detail/fibonacci__type_support.h
[1.271s] -- Up-to-date: /home/mojiu/ros2_ws/install/custom_action_interfaces/include/custom_action_interfaces/custom_action_interfaces/action/detail/fibonacci__functions.c
[1.271s] -- Up-to-date: /home/mojiu/ros2_ws/install/custom_action_interfaces/include/custom_action_interfaces/custom_action_interfaces/action/detail/fibonacci__functions.h
[1.271s] -- Up-to-date: /home/mojiu/ros2_ws/install/custom_action_interfaces/include/custom_action_interfaces/custom_action_interfaces/action/detail/fibonacci__description.c
[1.271s] -- Up-to-date: /home/mojiu/ros2_ws/install/custom_action_interfaces/include/custom_action_interfaces/custom_action_interfaces/action/fibonacci.h
[1.271s] -- Up-to-date: /home/mojiu/ros2_ws/install/custom_action_interfaces/include/custom_action_interfaces/custom_action_interfaces/msg
[1.271s] -- Up-to-date: /home/mojiu/ros2_ws/install/custom_action_interfaces/include/custom_action_interfaces/custom_action_interfaces/msg/rosidl_generator_c__visibility_control.h
[1.272s] -- Up-to-date: /home/mojiu/ros2_ws/install/custom_action_interfaces/share/custom_action_interfaces/environment/library_path.sh
[1.273s] -- Up-to-date: /home/mojiu/ros2_ws/install/custom_action_interfaces/share/custom_action_interfaces/environment/library_path.dsv
[1.274s] -- Up-to-date: /home/mojiu/ros2_ws/install/custom_action_interfaces/lib/libcustom_action_interfaces__rosidl_generator_c.so
[1.275s] -- Up-to-date: /home/mojiu/ros2_ws/install/custom_action_interfaces/include/custom_action_interfaces/custom_action_interfaces
[1.275s] -- Up-to-date: /home/mojiu/ros2_ws/install/custom_action_interfaces/include/custom_action_interfaces/custom_action_interfaces/action
[1.275s] -- Up-to-date: /home/mojiu/ros2_ws/install/custom_action_interfaces/include/custom_action_interfaces/custom_action_interfaces/action/detail
[1.275s] -- Up-to-date: /home/mojiu/ros2_ws/install/custom_action_interfaces/include/custom_action_interfaces/custom_action_interfaces/action/detail/fibonacci__rosidl_typesupport_fastrtps_c.h
[1.275s] -- Up-to-date: /home/mojiu/ros2_ws/install/custom_action_interfaces/include/custom_action_interfaces/custom_action_interfaces/msg
[1.276s] -- Up-to-date: /home/mojiu/ros2_ws/install/custom_action_interfaces/include/custom_action_interfaces/custom_action_interfaces/msg/rosidl_typesupport_fastrtps_c__visibility_control.h
[1.276s] -- Up-to-date: /home/mojiu/ros2_ws/install/custom_action_interfaces/lib/libcustom_action_interfaces__rosidl_typesupport_fastrtps_c.so
[1.276s] -- Up-to-date: /home/mojiu/ros2_ws/install/custom_action_interfaces/include/custom_action_interfaces/custom_action_interfaces
[1.276s] -- Up-to-date: /home/mojiu/ros2_ws/install/custom_action_interfaces/include/custom_action_interfaces/custom_action_interfaces/action
[1.277s] -- Up-to-date: /home/mojiu/ros2_ws/install/custom_action_interfaces/include/custom_action_interfaces/custom_action_interfaces/action/detail
[1.277s] -- Up-to-date: /home/mojiu/ros2_ws/install/custom_action_interfaces/include/custom_action_interfaces/custom_action_interfaces/action/detail/fibonacci__rosidl_typesupport_introspection_c.h
[1.277s] -- Installing: /home/mojiu/ros2_ws/install/custom_action_interfaces/include/custom_action_interfaces/custom_action_interfaces/action/detail/fibonacci__type_support.c
[1.277s] -- Up-to-date: /home/mojiu/ros2_ws/install/custom_action_interfaces/include/custom_action_interfaces/custom_action_interfaces/msg
[1.277s] -- Up-to-date: /home/mojiu/ros2_ws/install/custom_action_interfaces/include/custom_action_interfaces/custom_action_interfaces/msg/rosidl_typesupport_introspection_c__visibility_control.h
[1.277s] -- Up-to-date: /home/mojiu/ros2_ws/install/custom_action_interfaces/lib/libcustom_action_interfaces__rosidl_typesupport_introspection_c.so
[1.278s] -- Up-to-date: /home/mojiu/ros2_ws/install/custom_action_interfaces/lib/libcustom_action_interfaces__rosidl_typesupport_c.so
[1.278s] -- Up-to-date: /home/mojiu/ros2_ws/install/custom_action_interfaces/include/custom_action_interfaces/custom_action_interfaces
[1.278s] -- Up-to-date: /home/mojiu/ros2_ws/install/custom_action_interfaces/include/custom_action_interfaces/custom_action_interfaces/action
[1.278s] -- Up-to-date: /home/mojiu/ros2_ws/install/custom_action_interfaces/include/custom_action_interfaces/custom_action_interfaces/action/detail
[1.278s] -- Up-to-date: /home/mojiu/ros2_ws/install/custom_action_interfaces/include/custom_action_interfaces/custom_action_interfaces/action/detail/fibonacci__traits.hpp
[1.279s] -- Up-to-date: /home/mojiu/ros2_ws/install/custom_action_interfaces/include/custom_action_interfaces/custom_action_interfaces/action/detail/fibonacci__struct.hpp
[1.279s] -- Up-to-date: /home/mojiu/ros2_ws/install/custom_action_interfaces/include/custom_action_interfaces/custom_action_interfaces/action/detail/fibonacci__type_support.hpp
[1.279s] -- Up-to-date: /home/mojiu/ros2_ws/install/custom_action_interfaces/include/custom_action_interfaces/custom_action_interfaces/action/detail/fibonacci__builder.hpp
[1.279s] -- Up-to-date: /home/mojiu/ros2_ws/install/custom_action_interfaces/include/custom_action_interfaces/custom_action_interfaces/action/fibonacci.hpp
[1.279s] -- Up-to-date: /home/mojiu/ros2_ws/install/custom_action_interfaces/include/custom_action_interfaces/custom_action_interfaces/msg
[1.279s] -- Up-to-date: /home/mojiu/ros2_ws/install/custom_action_interfaces/include/custom_action_interfaces/custom_action_interfaces/msg/rosidl_generator_cpp__visibility_control.hpp
[1.279s] -- Up-to-date: /home/mojiu/ros2_ws/install/custom_action_interfaces/include/custom_action_interfaces/custom_action_interfaces
[1.280s] -- Up-to-date: /home/mojiu/ros2_ws/install/custom_action_interfaces/include/custom_action_interfaces/custom_action_interfaces/action
[1.280s] -- Up-to-date: /home/mojiu/ros2_ws/install/custom_action_interfaces/include/custom_action_interfaces/custom_action_interfaces/action/detail
[1.280s] -- Up-to-date: /home/mojiu/ros2_ws/install/custom_action_interfaces/include/custom_action_interfaces/custom_action_interfaces/action/detail/dds_fastrtps
[1.280s] -- Up-to-date: /home/mojiu/ros2_ws/install/custom_action_interfaces/include/custom_action_interfaces/custom_action_interfaces/action/detail/fibonacci__rosidl_typesupport_fastrtps_cpp.hpp
[1.280s] -- Up-to-date: /home/mojiu/ros2_ws/install/custom_action_interfaces/include/custom_action_interfaces/custom_action_interfaces/msg
[1.280s] -- Up-to-date: /home/mojiu/ros2_ws/install/custom_action_interfaces/include/custom_action_interfaces/custom_action_interfaces/msg/rosidl_typesupport_fastrtps_cpp__visibility_control.h
[1.281s] -- Up-to-date: /home/mojiu/ros2_ws/install/custom_action_interfaces/lib/libcustom_action_interfaces__rosidl_typesupport_fastrtps_cpp.so
[1.281s] -- Up-to-date: /home/mojiu/ros2_ws/install/custom_action_interfaces/include/custom_action_interfaces/custom_action_interfaces
[1.281s] -- Up-to-date: /home/mojiu/ros2_ws/install/custom_action_interfaces/include/custom_action_interfaces/custom_action_interfaces/action
[1.281s] -- Up-to-date: /home/mojiu/ros2_ws/install/custom_action_interfaces/include/custom_action_interfaces/custom_action_interfaces/action/detail
[1.281s] -- Up-to-date: /home/mojiu/ros2_ws/install/custom_action_interfaces/include/custom_action_interfaces/custom_action_interfaces/action/detail/fibonacci__type_support.cpp
[1.281s] -- Up-to-date: /home/mojiu/ros2_ws/install/custom_action_interfaces/include/custom_action_interfaces/custom_action_interfaces/action/detail/fibonacci__rosidl_typesupport_introspection_cpp.hpp
[1.282s] -- Up-to-date: /home/mojiu/ros2_ws/install/custom_action_interfaces/lib/libcustom_action_interfaces__rosidl_typesupport_introspection_cpp.so
[1.282s] -- Up-to-date: /home/mojiu/ros2_ws/install/custom_action_interfaces/lib/libcustom_action_interfaces__rosidl_typesupport_cpp.so
[1.282s] -- Up-to-date: /home/mojiu/ros2_ws/install/custom_action_interfaces/share/custom_action_interfaces/environment/pythonpath.sh
[1.282s] -- Up-to-date: /home/mojiu/ros2_ws/install/custom_action_interfaces/share/custom_action_interfaces/environment/pythonpath.dsv
[1.282s] -- Up-to-date: /home/mojiu/ros2_ws/install/custom_action_interfaces/lib/python3.12/site-packages/custom_action_interfaces-0.0.0-py3.12.egg-info
[1.282s] -- Installing: /home/mojiu/ros2_ws/install/custom_action_interfaces/lib/python3.12/site-packages/custom_action_interfaces-0.0.0-py3.12.egg-info/PKG-INFO
[1.282s] -- Installing: /home/mojiu/ros2_ws/install/custom_action_interfaces/lib/python3.12/site-packages/custom_action_interfaces-0.0.0-py3.12.egg-info/SOURCES.txt
[1.283s] -- Installing: /home/mojiu/ros2_ws/install/custom_action_interfaces/lib/python3.12/site-packages/custom_action_interfaces-0.0.0-py3.12.egg-info/top_level.txt
[1.283s] -- Installing: /home/mojiu/ros2_ws/install/custom_action_interfaces/lib/python3.12/site-packages/custom_action_interfaces-0.0.0-py3.12.egg-info/dependency_links.txt
[1.283s] -- Up-to-date: /home/mojiu/ros2_ws/install/custom_action_interfaces/lib/python3.12/site-packages/custom_action_interfaces
[1.283s] -- Up-to-date: /home/mojiu/ros2_ws/install/custom_action_interfaces/lib/python3.12/site-packages/custom_action_interfaces/action
[1.283s] -- Up-to-date: /home/mojiu/ros2_ws/install/custom_action_interfaces/lib/python3.12/site-packages/custom_action_interfaces/action/_fibonacci_s.c
[1.283s] -- Up-to-date: /home/mojiu/ros2_ws/install/custom_action_interfaces/lib/python3.12/site-packages/custom_action_interfaces/action/__init__.py
[1.283s] -- Up-to-date: /home/mojiu/ros2_ws/install/custom_action_interfaces/lib/python3.12/site-packages/custom_action_interfaces/action/_fibonacci.py
[1.283s] -- Up-to-date: /home/mojiu/ros2_ws/install/custom_action_interfaces/lib/python3.12/site-packages/custom_action_interfaces/_custom_action_interfaces_s.ep.rosidl_typesupport_c.c
[1.284s] -- Up-to-date: /home/mojiu/ros2_ws/install/custom_action_interfaces/lib/python3.12/site-packages/custom_action_interfaces/_custom_action_interfaces_s.ep.rosidl_typesupport_fastrtps_c.c
[1.284s] -- Up-to-date: /home/mojiu/ros2_ws/install/custom_action_interfaces/lib/python3.12/site-packages/custom_action_interfaces/__init__.py
[1.284s] -- Up-to-date: /home/mojiu/ros2_ws/install/custom_action_interfaces/lib/python3.12/site-packages/custom_action_interfaces/custom_action_interfaces_s__rosidl_typesupport_introspection_c.so
[1.284s] -- Up-to-date: /home/mojiu/ros2_ws/install/custom_action_interfaces/lib/python3.12/site-packages/custom_action_interfaces/custom_action_interfaces_s__rosidl_typesupport_c.so
[1.284s] -- Up-to-date: /home/mojiu/ros2_ws/install/custom_action_interfaces/lib/python3.12/site-packages/custom_action_interfaces/custom_action_interfaces_s__rosidl_typesupport_fastrtps_c.so
[1.284s] -- Up-to-date: /home/mojiu/ros2_ws/install/custom_action_interfaces/lib/python3.12/site-packages/custom_action_interfaces/_custom_action_interfaces_s.ep.rosidl_typesupport_introspection_c.c
[1.344s] Listing '/home/mojiu/ros2_ws/install/custom_action_interfaces/lib/python3.12/site-packages/custom_action_interfaces'...
[1.347s] Listing '/home/mojiu/ros2_ws/install/custom_action_interfaces/lib/python3.12/site-packages/custom_action_interfaces/action'...
[1.356s] -- Up-to-date: /home/mojiu/ros2_ws/install/custom_action_interfaces/lib/python3.12/site-packages/custom_action_interfaces/custom_action_interfaces_s__rosidl_typesupport_fastrtps_c.so
[1.357s] -- Up-to-date: /home/mojiu/ros2_ws/install/custom_action_interfaces/lib/python3.12/site-packages/custom_action_interfaces/custom_action_interfaces_s__rosidl_typesupport_introspection_c.so
[1.360s] -- Up-to-date: /home/mojiu/ros2_ws/install/custom_action_interfaces/lib/python3.12/site-packages/custom_action_interfaces/custom_action_interfaces_s__rosidl_typesupport_c.so
[1.361s] -- Up-to-date: /home/mojiu/ros2_ws/install/custom_action_interfaces/lib/libcustom_action_interfaces__rosidl_generator_py.so
[1.365s] -- Up-to-date: /home/mojiu/ros2_ws/install/custom_action_interfaces/share/custom_action_interfaces/action/Fibonacci.idl
[1.365s] -- Up-to-date: /home/mojiu/ros2_ws/install/custom_action_interfaces/share/custom_action_interfaces/action/Fibonacci.action
[1.365s] -- Up-to-date: /home/mojiu/ros2_ws/install/custom_action_interfaces/share/ament_index/resource_index/package_run_dependencies/custom_action_interfaces
[1.365s] -- Up-to-date: /home/mojiu/ros2_ws/install/custom_action_interfaces/share/ament_index/resource_index/parent_prefix_path/custom_action_interfaces
[1.365s] -- Up-to-date: /home/mojiu/ros2_ws/install/custom_action_interfaces/share/custom_action_interfaces/environment/ament_prefix_path.sh
[1.365s] -- Up-to-date: /home/mojiu/ros2_ws/install/custom_action_interfaces/share/custom_action_interfaces/environment/ament_prefix_path.dsv
[1.366s] -- Up-to-date: /home/mojiu/ros2_ws/install/custom_action_interfaces/share/custom_action_interfaces/environment/path.sh
[1.366s] -- Up-to-date: /home/mojiu/ros2_ws/install/custom_action_interfaces/share/custom_action_interfaces/environment/path.dsv
[1.366s] -- Up-to-date: /home/mojiu/ros2_ws/install/custom_action_interfaces/share/custom_action_interfaces/local_setup.bash
[1.366s] -- Up-to-date: /home/mojiu/ros2_ws/install/custom_action_interfaces/share/custom_action_interfaces/local_setup.sh
[1.366s] -- Up-to-date: /home/mojiu/ros2_ws/install/custom_action_interfaces/share/custom_action_interfaces/local_setup.zsh
[1.366s] -- Up-to-date: /home/mojiu/ros2_ws/install/custom_action_interfaces/share/custom_action_interfaces/local_setup.dsv
[1.367s] -- Installing: /home/mojiu/ros2_ws/install/custom_action_interfaces/share/custom_action_interfaces/package.dsv
[1.367s] -- Up-to-date: /home/mojiu/ros2_ws/install/custom_action_interfaces/share/ament_index/resource_index/packages/custom_action_interfaces
[1.367s] -- Up-to-date: /home/mojiu/ros2_ws/install/custom_action_interfaces/share/custom_action_interfaces/cmake/export_custom_action_interfaces__rosidl_generator_cExport.cmake
[1.367s] -- Up-to-date: /home/mojiu/ros2_ws/install/custom_action_interfaces/share/custom_action_interfaces/cmake/export_custom_action_interfaces__rosidl_generator_cExport-noconfig.cmake
[1.367s] -- Up-to-date: /home/mojiu/ros2_ws/install/custom_action_interfaces/share/custom_action_interfaces/cmake/export_custom_action_interfaces__rosidl_typesupport_fastrtps_cExport.cmake
[1.367s] -- Up-to-date: /home/mojiu/ros2_ws/install/custom_action_interfaces/share/custom_action_interfaces/cmake/export_custom_action_interfaces__rosidl_typesupport_fastrtps_cExport-noconfig.cmake
[1.368s] -- Up-to-date: /home/mojiu/ros2_ws/install/custom_action_interfaces/share/custom_action_interfaces/cmake/custom_action_interfaces__rosidl_typesupport_introspection_cExport.cmake
[1.368s] -- Up-to-date: /home/mojiu/ros2_ws/install/custom_action_interfaces/share/custom_action_interfaces/cmake/custom_action_interfaces__rosidl_typesupport_introspection_cExport-noconfig.cmake
[1.368s] -- Up-to-date: /home/mojiu/ros2_ws/install/custom_action_interfaces/share/custom_action_interfaces/cmake/custom_action_interfaces__rosidl_typesupport_cExport.cmake
[1.368s] -- Up-to-date: /home/mojiu/ros2_ws/install/custom_action_interfaces/share/custom_action_interfaces/cmake/custom_action_interfaces__rosidl_typesupport_cExport-noconfig.cmake
[1.368s] -- Up-to-date: /home/mojiu/ros2_ws/install/custom_action_interfaces/share/custom_action_interfaces/cmake/export_custom_action_interfaces__rosidl_generator_cppExport.cmake
[1.369s] -- Up-to-date: /home/mojiu/ros2_ws/install/custom_action_interfaces/share/custom_action_interfaces/cmake/export_custom_action_interfaces__rosidl_typesupport_fastrtps_cppExport.cmake
[1.369s] -- Up-to-date: /home/mojiu/ros2_ws/install/custom_action_interfaces/share/custom_action_interfaces/cmake/export_custom_action_interfaces__rosidl_typesupport_fastrtps_cppExport-noconfig.cmake
[1.369s] -- Up-to-date: /home/mojiu/ros2_ws/install/custom_action_interfaces/share/custom_action_interfaces/cmake/custom_action_interfaces__rosidl_typesupport_introspection_cppExport.cmake
[1.369s] -- Up-to-date: /home/mojiu/ros2_ws/install/custom_action_interfaces/share/custom_action_interfaces/cmake/custom_action_interfaces__rosidl_typesupport_introspection_cppExport-noconfig.cmake
[1.369s] -- Up-to-date: /home/mojiu/ros2_ws/install/custom_action_interfaces/share/custom_action_interfaces/cmake/custom_action_interfaces__rosidl_typesupport_cppExport.cmake
[1.369s] -- Up-to-date: /home/mojiu/ros2_ws/install/custom_action_interfaces/share/custom_action_interfaces/cmake/custom_action_interfaces__rosidl_typesupport_cppExport-noconfig.cmake
[1.370s] -- Up-to-date: /home/mojiu/ros2_ws/install/custom_action_interfaces/share/custom_action_interfaces/cmake/export_custom_action_interfaces__rosidl_generator_pyExport.cmake
[1.370s] -- Up-to-date: /home/mojiu/ros2_ws/install/custom_action_interfaces/share/custom_action_interfaces/cmake/export_custom_action_interfaces__rosidl_generator_pyExport-noconfig.cmake
[1.370s] -- Up-to-date: /home/mojiu/ros2_ws/install/custom_action_interfaces/share/custom_action_interfaces/cmake/rosidl_cmake-extras.cmake
[1.371s] -- Up-to-date: /home/mojiu/ros2_ws/install/custom_action_interfaces/share/custom_action_interfaces/cmake/ament_cmake_export_dependencies-extras.cmake
[1.371s] -- Up-to-date: /home/mojiu/ros2_ws/install/custom_action_interfaces/share/custom_action_interfaces/cmake/ament_cmake_export_include_directories-extras.cmake
[1.371s] -- Up-to-date: /home/mojiu/ros2_ws/install/custom_action_interfaces/share/custom_action_interfaces/cmake/ament_cmake_export_libraries-extras.cmake
[1.371s] -- Up-to-date: /home/mojiu/ros2_ws/install/custom_action_interfaces/share/custom_action_interfaces/cmake/ament_cmake_export_targets-extras.cmake
[1.371s] -- Up-to-date: /home/mojiu/ros2_ws/install/custom_action_interfaces/share/custom_action_interfaces/cmake/rosidl_cmake_export_typesupport_targets-extras.cmake
[1.372s] -- Up-to-date: /home/mojiu/ros2_ws/install/custom_action_interfaces/share/custom_action_interfaces/cmake/rosidl_cmake_export_typesupport_libraries-extras.cmake
[1.372s] -- Up-to-date: /home/mojiu/ros2_ws/install/custom_action_interfaces/share/custom_action_interfaces/cmake/custom_action_interfacesConfig.cmake
[1.373s] -- Up-to-date: /home/mojiu/ros2_ws/install/custom_action_interfaces/share/custom_action_interfaces/cmake/custom_action_interfacesConfig-version.cmake
[1.373s] -- Up-to-date: /home/mojiu/ros2_ws/install/custom_action_interfaces/share/custom_action_interfaces/package.xml
[1.374s] Invoked command in '/home/mojiu/ros2_ws/build/custom_action_interfaces' returned '0': CMAKE_PREFIX_PATH=${CMAKE_PREFIX_PATH}:/opt/ros/jazzy DEBUGINFOD_URLS=https://debuginfod.ubuntu.com /usr/bin/cmake --install /home/mojiu/ros2_ws/build/custom_action_interfaces
