[0.045s] Invoking command in '/home/mojiu/ros2_ws/build/example_topic_rclcpp': CMAKE_PREFIX_PATH=${CMAKE_PREFIX_PATH}:/opt/ros/jazzy DEBUGINFOD_URLS=https://debuginfod.ubuntu.com /usr/bin/cmake --build /home/mojiu/ros2_ws/build/example_topic_rclcpp -- -j8 -l8
[0.188s] [ 50%] Built target topic_subscribe_01
[0.188s] [100%] Built target topic_publisher_01
[0.195s] Invoked command in '/home/mojiu/ros2_ws/build/example_topic_rclcpp' returned '0': CMAKE_PREFIX_PATH=${CMAKE_PREFIX_PATH}:/opt/ros/jazzy DEBUGINFOD_URLS=https://debuginfod.ubuntu.com /usr/bin/cmake --build /home/mojiu/ros2_ws/build/example_topic_rclcpp -- -j8 -l8
[0.316s] Invoking command in '/home/mojiu/ros2_ws/build/example_topic_rclcpp': CMAKE_PREFIX_PATH=${CMAKE_PREFIX_PATH}:/opt/ros/jazzy DEBUGINFOD_URLS=https://debuginfod.ubuntu.com /usr/bin/cmake --install /home/mojiu/ros2_ws/build/example_topic_rclcpp
[0.343s] -- Install configuration: ""
[0.345s] -- Up-to-date: /home/mojiu/ros2_ws/install/example_topic_rclcpp/lib/example_topic_rclcpp/topic_publisher_01
[0.347s] -- Up-to-date: /home/mojiu/ros2_ws/install/example_topic_rclcpp/lib/example_topic_rclcpp/topic_subscribe_01
[0.348s] -- Up-to-date: /home/mojiu/ros2_ws/install/example_topic_rclcpp/share/ament_index/resource_index/package_run_dependencies/example_topic_rclcpp
[0.348s] -- Up-to-date: /home/mojiu/ros2_ws/install/example_topic_rclcpp/share/ament_index/resource_index/parent_prefix_path/example_topic_rclcpp
[0.349s] -- Up-to-date: /home/mojiu/ros2_ws/install/example_topic_rclcpp/share/example_topic_rclcpp/environment/ament_prefix_path.sh
[0.349s] -- Up-to-date: /home/mojiu/ros2_ws/install/example_topic_rclcpp/share/example_topic_rclcpp/environment/ament_prefix_path.dsv
[0.350s] -- Up-to-date: /home/mojiu/ros2_ws/install/example_topic_rclcpp/share/example_topic_rclcpp/environment/path.sh
[0.350s] -- Up-to-date: /home/mojiu/ros2_ws/install/example_topic_rclcpp/share/example_topic_rclcpp/environment/path.dsv
[0.352s] -- Up-to-date: /home/mojiu/ros2_ws/install/example_topic_rclcpp/share/example_topic_rclcpp/local_setup.bash
[0.352s] -- Up-to-date: /home/mojiu/ros2_ws/install/example_topic_rclcpp/share/example_topic_rclcpp/local_setup.sh
[0.352s] -- Up-to-date: /home/mojiu/ros2_ws/install/example_topic_rclcpp/share/example_topic_rclcpp/local_setup.zsh
[0.353s] -- Up-to-date: /home/mojiu/ros2_ws/install/example_topic_rclcpp/share/example_topic_rclcpp/local_setup.dsv
[0.353s] -- Installing: /home/mojiu/ros2_ws/install/example_topic_rclcpp/share/example_topic_rclcpp/package.dsv
[0.356s] -- Up-to-date: /home/mojiu/ros2_ws/install/example_topic_rclcpp/share/ament_index/resource_index/packages/example_topic_rclcpp
[0.356s] -- Up-to-date: /home/mojiu/ros2_ws/install/example_topic_rclcpp/share/example_topic_rclcpp/cmake/example_topic_rclcppConfig.cmake
[0.356s] -- Up-to-date: /home/mojiu/ros2_ws/install/example_topic_rclcpp/share/example_topic_rclcpp/cmake/example_topic_rclcppConfig-version.cmake
[0.356s] -- Up-to-date: /home/mojiu/ros2_ws/install/example_topic_rclcpp/share/example_topic_rclcpp/package.xml
[0.403s] Invoked command in '/home/mojiu/ros2_ws/build/example_topic_rclcpp' returned '0': CMAKE_PREFIX_PATH=${CMAKE_PREFIX_PATH}:/opt/ros/jazzy DEBUGINFOD_URLS=https://debuginfod.ubuntu.com /usr/bin/cmake --install /home/mojiu/ros2_ws/build/example_topic_rclcpp
