[0.029s] Invoking command in '/home/mojiu/ros2_ws/build/tutorial_interfaces': CMAKE_PREFIX_PATH=${CMAKE_PREFIX_PATH}:/opt/ros/jazzy DEBUGINFOD_URLS=https://debuginfod.ubuntu.com /usr/bin/cmake --build /home/mojiu/ros2_ws/build/tutorial_interfaces -- -j8 -l8
[0.111s] [  1%] Built target tutorial_interfaces__rosidl_generator_type_description
[0.143s] [  1%] Built target ament_cmake_python_copy_tutorial_interfaces
[0.149s] [  3%] Built target tutorial_interfaces__cpp
[0.185s] [ 24%] Built target tutorial_interfaces__rosidl_generator_c
[0.255s] [ 33%] Built target tutorial_interfaces__rosidl_typesupport_introspection_c
[0.312s] [ 51%] Built target tutorial_interfaces__rosidl_typesupport_cpp
[0.312s] [ 51%] Built target tutorial_interfaces__rosidl_typesupport_c
[0.334s] [ 61%] Built target tutorial_interfaces__rosidl_typesupport_introspection_cpp
[0.334s] [ 70%] Built target tutorial_interfaces__rosidl_typesupport_fastrtps_cpp
[0.341s] [ 79%] Built target tutorial_interfaces__rosidl_typesupport_fastrtps_c
[0.397s] [ 79%] Built target tutorial_interfaces
[0.481s] [ 81%] Built target tutorial_interfaces__py
[0.546s] [ 88%] Built target tutorial_interfaces__rosidl_generator_py
[0.596s] [ 92%] Built target tutorial_interfaces_s__rosidl_typesupport_fastrtps_c
[0.599s] [ 96%] Built target tutorial_interfaces_s__rosidl_typesupport_c
[0.606s] [100%] Built target tutorial_interfaces_s__rosidl_typesupport_introspection_c
[0.763s] running egg_info
[0.807s] writing tutorial_interfaces.egg-info/PKG-INFO
[0.807s] writing dependency_links to tutorial_interfaces.egg-info/dependency_links.txt
[0.807s] writing top-level names to tutorial_interfaces.egg-info/top_level.txt
[0.920s] reading manifest file 'tutorial_interfaces.egg-info/SOURCES.txt'
[0.921s] writing manifest file 'tutorial_interfaces.egg-info/SOURCES.txt'
[0.970s] [100%] Built target ament_cmake_python_build_tutorial_interfaces_egg
[0.986s] Invoked command in '/home/mojiu/ros2_ws/build/tutorial_interfaces' returned '0': CMAKE_PREFIX_PATH=${CMAKE_PREFIX_PATH}:/opt/ros/jazzy DEBUGINFOD_URLS=https://debuginfod.ubuntu.com /usr/bin/cmake --build /home/mojiu/ros2_ws/build/tutorial_interfaces -- -j8 -l8
[1.125s] Invoking command in '/home/mojiu/ros2_ws/build/tutorial_interfaces': CMAKE_PREFIX_PATH=${CMAKE_PREFIX_PATH}:/opt/ros/jazzy DEBUGINFOD_URLS=https://debuginfod.ubuntu.com /usr/bin/cmake --install /home/mojiu/ros2_ws/build/tutorial_interfaces
[1.137s] -- Install configuration: ""
[1.137s] -- Up-to-date: /home/mojiu/ros2_ws/install/tutorial_interfaces/share/ament_index/resource_index/rosidl_interfaces/tutorial_interfaces
[1.137s] -- Up-to-date: /home/mojiu/ros2_ws/install/tutorial_interfaces/share/tutorial_interfaces/msg/Num.json
[1.137s] -- Up-to-date: /home/mojiu/ros2_ws/install/tutorial_interfaces/share/tutorial_interfaces/msg/Sphere.json
[1.137s] -- Up-to-date: /home/mojiu/ros2_ws/install/tutorial_interfaces/share/tutorial_interfaces/srv/AddThreeInts.json
[1.138s] -- Up-to-date: /home/mojiu/ros2_ws/install/tutorial_interfaces/include/tutorial_interfaces/tutorial_interfaces
[1.138s] -- Up-to-date: /home/mojiu/ros2_ws/install/tutorial_interfaces/include/tutorial_interfaces/tutorial_interfaces/srv
[1.138s] -- Up-to-date: /home/mojiu/ros2_ws/install/tutorial_interfaces/include/tutorial_interfaces/tutorial_interfaces/srv/detail
[1.138s] -- Up-to-date: /home/mojiu/ros2_ws/install/tutorial_interfaces/include/tutorial_interfaces/tutorial_interfaces/srv/detail/add_three_ints__functions.c
[1.138s] -- Up-to-date: /home/mojiu/ros2_ws/install/tutorial_interfaces/include/tutorial_interfaces/tutorial_interfaces/srv/detail/add_three_ints__struct.h
[1.138s] -- Up-to-date: /home/mojiu/ros2_ws/install/tutorial_interfaces/include/tutorial_interfaces/tutorial_interfaces/srv/detail/add_three_ints__type_support.c
[1.138s] -- Up-to-date: /home/mojiu/ros2_ws/install/tutorial_interfaces/include/tutorial_interfaces/tutorial_interfaces/srv/detail/add_three_ints__description.c
[1.139s] -- Up-to-date: /home/mojiu/ros2_ws/install/tutorial_interfaces/include/tutorial_interfaces/tutorial_interfaces/srv/detail/add_three_ints__type_support.h
[1.139s] -- Up-to-date: /home/mojiu/ros2_ws/install/tutorial_interfaces/include/tutorial_interfaces/tutorial_interfaces/srv/detail/add_three_ints__functions.h
[1.139s] -- Up-to-date: /home/mojiu/ros2_ws/install/tutorial_interfaces/include/tutorial_interfaces/tutorial_interfaces/srv/add_three_ints.h
[1.139s] -- Up-to-date: /home/mojiu/ros2_ws/install/tutorial_interfaces/include/tutorial_interfaces/tutorial_interfaces/msg
[1.139s] -- Up-to-date: /home/mojiu/ros2_ws/install/tutorial_interfaces/include/tutorial_interfaces/tutorial_interfaces/msg/detail
[1.140s] -- Up-to-date: /home/mojiu/ros2_ws/install/tutorial_interfaces/include/tutorial_interfaces/tutorial_interfaces/msg/detail/num__type_support.h
[1.140s] -- Up-to-date: /home/mojiu/ros2_ws/install/tutorial_interfaces/include/tutorial_interfaces/tutorial_interfaces/msg/detail/sphere__description.c
[1.140s] -- Up-to-date: /home/mojiu/ros2_ws/install/tutorial_interfaces/include/tutorial_interfaces/tutorial_interfaces/msg/detail/sphere__struct.h
[1.141s] -- Up-to-date: /home/mojiu/ros2_ws/install/tutorial_interfaces/include/tutorial_interfaces/tutorial_interfaces/msg/detail/sphere__type_support.c
[1.142s] -- Up-to-date: /home/mojiu/ros2_ws/install/tutorial_interfaces/include/tutorial_interfaces/tutorial_interfaces/msg/detail/num__struct.h
[1.142s] -- Up-to-date: /home/mojiu/ros2_ws/install/tutorial_interfaces/include/tutorial_interfaces/tutorial_interfaces/msg/detail/num__functions.c
[1.142s] -- Up-to-date: /home/mojiu/ros2_ws/install/tutorial_interfaces/include/tutorial_interfaces/tutorial_interfaces/msg/detail/sphere__functions.h
[1.142s] -- Up-to-date: /home/mojiu/ros2_ws/install/tutorial_interfaces/include/tutorial_interfaces/tutorial_interfaces/msg/detail/sphere__type_support.h
[1.143s] -- Up-to-date: /home/mojiu/ros2_ws/install/tutorial_interfaces/include/tutorial_interfaces/tutorial_interfaces/msg/detail/num__description.c
[1.143s] -- Up-to-date: /home/mojiu/ros2_ws/install/tutorial_interfaces/include/tutorial_interfaces/tutorial_interfaces/msg/detail/num__functions.h
[1.143s] -- Up-to-date: /home/mojiu/ros2_ws/install/tutorial_interfaces/include/tutorial_interfaces/tutorial_interfaces/msg/detail/sphere__functions.c
[1.144s] -- Up-to-date: /home/mojiu/ros2_ws/install/tutorial_interfaces/include/tutorial_interfaces/tutorial_interfaces/msg/detail/num__type_support.c
[1.144s] -- Up-to-date: /home/mojiu/ros2_ws/install/tutorial_interfaces/include/tutorial_interfaces/tutorial_interfaces/msg/sphere.h
[1.144s] -- Up-to-date: /home/mojiu/ros2_ws/install/tutorial_interfaces/include/tutorial_interfaces/tutorial_interfaces/msg/num.h
[1.144s] -- Up-to-date: /home/mojiu/ros2_ws/install/tutorial_interfaces/include/tutorial_interfaces/tutorial_interfaces/msg/rosidl_generator_c__visibility_control.h
[1.145s] -- Up-to-date: /home/mojiu/ros2_ws/install/tutorial_interfaces/share/tutorial_interfaces/environment/library_path.sh
[1.145s] -- Up-to-date: /home/mojiu/ros2_ws/install/tutorial_interfaces/share/tutorial_interfaces/environment/library_path.dsv
[1.145s] -- Up-to-date: /home/mojiu/ros2_ws/install/tutorial_interfaces/lib/libtutorial_interfaces__rosidl_generator_c.so
[1.145s] -- Up-to-date: /home/mojiu/ros2_ws/install/tutorial_interfaces/include/tutorial_interfaces/tutorial_interfaces
[1.146s] -- Up-to-date: /home/mojiu/ros2_ws/install/tutorial_interfaces/include/tutorial_interfaces/tutorial_interfaces/srv
[1.146s] -- Up-to-date: /home/mojiu/ros2_ws/install/tutorial_interfaces/include/tutorial_interfaces/tutorial_interfaces/srv/detail
[1.146s] -- Up-to-date: /home/mojiu/ros2_ws/install/tutorial_interfaces/include/tutorial_interfaces/tutorial_interfaces/srv/detail/add_three_ints__rosidl_typesupport_fastrtps_c.h
[1.146s] -- Up-to-date: /home/mojiu/ros2_ws/install/tutorial_interfaces/include/tutorial_interfaces/tutorial_interfaces/msg
[1.147s] -- Up-to-date: /home/mojiu/ros2_ws/install/tutorial_interfaces/include/tutorial_interfaces/tutorial_interfaces/msg/rosidl_typesupport_fastrtps_c__visibility_control.h
[1.147s] -- Up-to-date: /home/mojiu/ros2_ws/install/tutorial_interfaces/include/tutorial_interfaces/tutorial_interfaces/msg/detail
[1.147s] -- Up-to-date: /home/mojiu/ros2_ws/install/tutorial_interfaces/include/tutorial_interfaces/tutorial_interfaces/msg/detail/num__rosidl_typesupport_fastrtps_c.h
[1.147s] -- Up-to-date: /home/mojiu/ros2_ws/install/tutorial_interfaces/include/tutorial_interfaces/tutorial_interfaces/msg/detail/sphere__rosidl_typesupport_fastrtps_c.h
[1.147s] -- Up-to-date: /home/mojiu/ros2_ws/install/tutorial_interfaces/lib/libtutorial_interfaces__rosidl_typesupport_fastrtps_c.so
[1.148s] -- Up-to-date: /home/mojiu/ros2_ws/install/tutorial_interfaces/include/tutorial_interfaces/tutorial_interfaces
[1.148s] -- Up-to-date: /home/mojiu/ros2_ws/install/tutorial_interfaces/include/tutorial_interfaces/tutorial_interfaces/srv
[1.148s] -- Up-to-date: /home/mojiu/ros2_ws/install/tutorial_interfaces/include/tutorial_interfaces/tutorial_interfaces/srv/detail
[1.148s] -- Up-to-date: /home/mojiu/ros2_ws/install/tutorial_interfaces/include/tutorial_interfaces/tutorial_interfaces/srv/detail/add_three_ints__struct.hpp
[1.148s] -- Up-to-date: /home/mojiu/ros2_ws/install/tutorial_interfaces/include/tutorial_interfaces/tutorial_interfaces/srv/detail/add_three_ints__type_support.hpp
[1.148s] -- Up-to-date: /home/mojiu/ros2_ws/install/tutorial_interfaces/include/tutorial_interfaces/tutorial_interfaces/srv/detail/add_three_ints__traits.hpp
[1.149s] -- Up-to-date: /home/mojiu/ros2_ws/install/tutorial_interfaces/include/tutorial_interfaces/tutorial_interfaces/srv/detail/add_three_ints__builder.hpp
[1.149s] -- Up-to-date: /home/mojiu/ros2_ws/install/tutorial_interfaces/include/tutorial_interfaces/tutorial_interfaces/srv/add_three_ints.hpp
[1.149s] -- Up-to-date: /home/mojiu/ros2_ws/install/tutorial_interfaces/include/tutorial_interfaces/tutorial_interfaces/msg
[1.149s] -- Up-to-date: /home/mojiu/ros2_ws/install/tutorial_interfaces/include/tutorial_interfaces/tutorial_interfaces/msg/detail
[1.150s] -- Up-to-date: /home/mojiu/ros2_ws/install/tutorial_interfaces/include/tutorial_interfaces/tutorial_interfaces/msg/detail/sphere__builder.hpp
[1.151s] -- Up-to-date: /home/mojiu/ros2_ws/install/tutorial_interfaces/include/tutorial_interfaces/tutorial_interfaces/msg/detail/num__struct.hpp
[1.151s] -- Up-to-date: /home/mojiu/ros2_ws/install/tutorial_interfaces/include/tutorial_interfaces/tutorial_interfaces/msg/detail/sphere__struct.hpp
[1.151s] -- Up-to-date: /home/mojiu/ros2_ws/install/tutorial_interfaces/include/tutorial_interfaces/tutorial_interfaces/msg/detail/num__type_support.hpp
[1.152s] -- Up-to-date: /home/mojiu/ros2_ws/install/tutorial_interfaces/include/tutorial_interfaces/tutorial_interfaces/msg/detail/sphere__type_support.hpp
[1.153s] -- Up-to-date: /home/mojiu/ros2_ws/install/tutorial_interfaces/include/tutorial_interfaces/tutorial_interfaces/msg/detail/num__builder.hpp
[1.153s] -- Up-to-date: /home/mojiu/ros2_ws/install/tutorial_interfaces/include/tutorial_interfaces/tutorial_interfaces/msg/detail/num__traits.hpp
[1.153s] -- Up-to-date: /home/mojiu/ros2_ws/install/tutorial_interfaces/include/tutorial_interfaces/tutorial_interfaces/msg/detail/sphere__traits.hpp
[1.154s] -- Up-to-date: /home/mojiu/ros2_ws/install/tutorial_interfaces/include/tutorial_interfaces/tutorial_interfaces/msg/rosidl_generator_cpp__visibility_control.hpp
[1.154s] -- Up-to-date: /home/mojiu/ros2_ws/install/tutorial_interfaces/include/tutorial_interfaces/tutorial_interfaces/msg/sphere.hpp
[1.154s] -- Up-to-date: /home/mojiu/ros2_ws/install/tutorial_interfaces/include/tutorial_interfaces/tutorial_interfaces/msg/num.hpp
[1.155s] -- Up-to-date: /home/mojiu/ros2_ws/install/tutorial_interfaces/include/tutorial_interfaces/tutorial_interfaces
[1.155s] -- Up-to-date: /home/mojiu/ros2_ws/install/tutorial_interfaces/include/tutorial_interfaces/tutorial_interfaces/srv
[1.155s] -- Up-to-date: /home/mojiu/ros2_ws/install/tutorial_interfaces/include/tutorial_interfaces/tutorial_interfaces/srv/detail
[1.155s] -- Up-to-date: /home/mojiu/ros2_ws/install/tutorial_interfaces/include/tutorial_interfaces/tutorial_interfaces/srv/detail/dds_fastrtps
[1.156s] -- Up-to-date: /home/mojiu/ros2_ws/install/tutorial_interfaces/include/tutorial_interfaces/tutorial_interfaces/srv/detail/add_three_ints__rosidl_typesupport_fastrtps_cpp.hpp
[1.156s] -- Up-to-date: /home/mojiu/ros2_ws/install/tutorial_interfaces/include/tutorial_interfaces/tutorial_interfaces/msg
[1.157s] -- Up-to-date: /home/mojiu/ros2_ws/install/tutorial_interfaces/include/tutorial_interfaces/tutorial_interfaces/msg/detail
[1.157s] -- Up-to-date: /home/mojiu/ros2_ws/install/tutorial_interfaces/include/tutorial_interfaces/tutorial_interfaces/msg/detail/dds_fastrtps
[1.157s] -- Up-to-date: /home/mojiu/ros2_ws/install/tutorial_interfaces/include/tutorial_interfaces/tutorial_interfaces/msg/detail/sphere__rosidl_typesupport_fastrtps_cpp.hpp
[1.157s] -- Up-to-date: /home/mojiu/ros2_ws/install/tutorial_interfaces/include/tutorial_interfaces/tutorial_interfaces/msg/detail/num__rosidl_typesupport_fastrtps_cpp.hpp
[1.157s] -- Up-to-date: /home/mojiu/ros2_ws/install/tutorial_interfaces/include/tutorial_interfaces/tutorial_interfaces/msg/rosidl_typesupport_fastrtps_cpp__visibility_control.h
[1.158s] -- Up-to-date: /home/mojiu/ros2_ws/install/tutorial_interfaces/lib/libtutorial_interfaces__rosidl_typesupport_fastrtps_cpp.so
[1.159s] -- Up-to-date: /home/mojiu/ros2_ws/install/tutorial_interfaces/include/tutorial_interfaces/tutorial_interfaces
[1.159s] -- Up-to-date: /home/mojiu/ros2_ws/install/tutorial_interfaces/include/tutorial_interfaces/tutorial_interfaces/srv
[1.159s] -- Up-to-date: /home/mojiu/ros2_ws/install/tutorial_interfaces/include/tutorial_interfaces/tutorial_interfaces/srv/detail
[1.160s] -- Up-to-date: /home/mojiu/ros2_ws/install/tutorial_interfaces/include/tutorial_interfaces/tutorial_interfaces/srv/detail/add_three_ints__rosidl_typesupport_introspection_c.h
[1.160s] -- Up-to-date: /home/mojiu/ros2_ws/install/tutorial_interfaces/include/tutorial_interfaces/tutorial_interfaces/srv/detail/add_three_ints__type_support.c
[1.160s] -- Up-to-date: /home/mojiu/ros2_ws/install/tutorial_interfaces/include/tutorial_interfaces/tutorial_interfaces/msg
[1.160s] -- Up-to-date: /home/mojiu/ros2_ws/install/tutorial_interfaces/include/tutorial_interfaces/tutorial_interfaces/msg/detail
[1.160s] -- Up-to-date: /home/mojiu/ros2_ws/install/tutorial_interfaces/include/tutorial_interfaces/tutorial_interfaces/msg/detail/sphere__type_support.c
[1.161s] -- Up-to-date: /home/mojiu/ros2_ws/install/tutorial_interfaces/include/tutorial_interfaces/tutorial_interfaces/msg/detail/num__rosidl_typesupport_introspection_c.h
[1.161s] -- Up-to-date: /home/mojiu/ros2_ws/install/tutorial_interfaces/include/tutorial_interfaces/tutorial_interfaces/msg/detail/sphere__rosidl_typesupport_introspection_c.h
[1.161s] -- Up-to-date: /home/mojiu/ros2_ws/install/tutorial_interfaces/include/tutorial_interfaces/tutorial_interfaces/msg/detail/num__type_support.c
[1.162s] -- Up-to-date: /home/mojiu/ros2_ws/install/tutorial_interfaces/include/tutorial_interfaces/tutorial_interfaces/msg/rosidl_typesupport_introspection_c__visibility_control.h
[1.162s] -- Up-to-date: /home/mojiu/ros2_ws/install/tutorial_interfaces/lib/libtutorial_interfaces__rosidl_typesupport_introspection_c.so
[1.164s] -- Up-to-date: /home/mojiu/ros2_ws/install/tutorial_interfaces/lib/libtutorial_interfaces__rosidl_typesupport_c.so
[1.167s] -- Up-to-date: /home/mojiu/ros2_ws/install/tutorial_interfaces/include/tutorial_interfaces/tutorial_interfaces
[1.168s] -- Up-to-date: /home/mojiu/ros2_ws/install/tutorial_interfaces/include/tutorial_interfaces/tutorial_interfaces/srv
[1.168s] -- Up-to-date: /home/mojiu/ros2_ws/install/tutorial_interfaces/include/tutorial_interfaces/tutorial_interfaces/srv/detail
[1.168s] -- Up-to-date: /home/mojiu/ros2_ws/install/tutorial_interfaces/include/tutorial_interfaces/tutorial_interfaces/srv/detail/add_three_ints__type_support.cpp
[1.168s] -- Up-to-date: /home/mojiu/ros2_ws/install/tutorial_interfaces/include/tutorial_interfaces/tutorial_interfaces/srv/detail/add_three_ints__rosidl_typesupport_introspection_cpp.hpp
[1.169s] -- Up-to-date: /home/mojiu/ros2_ws/install/tutorial_interfaces/include/tutorial_interfaces/tutorial_interfaces/msg
[1.169s] -- Up-to-date: /home/mojiu/ros2_ws/install/tutorial_interfaces/include/tutorial_interfaces/tutorial_interfaces/msg/detail
[1.170s] -- Up-to-date: /home/mojiu/ros2_ws/install/tutorial_interfaces/include/tutorial_interfaces/tutorial_interfaces/msg/detail/num__rosidl_typesupport_introspection_cpp.hpp
[1.170s] -- Up-to-date: /home/mojiu/ros2_ws/install/tutorial_interfaces/include/tutorial_interfaces/tutorial_interfaces/msg/detail/sphere__type_support.cpp
[1.170s] -- Up-to-date: /home/mojiu/ros2_ws/install/tutorial_interfaces/include/tutorial_interfaces/tutorial_interfaces/msg/detail/sphere__rosidl_typesupport_introspection_cpp.hpp
[1.171s] -- Up-to-date: /home/mojiu/ros2_ws/install/tutorial_interfaces/include/tutorial_interfaces/tutorial_interfaces/msg/detail/num__type_support.cpp
[1.171s] -- Up-to-date: /home/mojiu/ros2_ws/install/tutorial_interfaces/lib/libtutorial_interfaces__rosidl_typesupport_introspection_cpp.so
[1.174s] -- Up-to-date: /home/mojiu/ros2_ws/install/tutorial_interfaces/lib/libtutorial_interfaces__rosidl_typesupport_cpp.so
[1.175s] -- Up-to-date: /home/mojiu/ros2_ws/install/tutorial_interfaces/share/tutorial_interfaces/environment/pythonpath.sh
[1.176s] -- Up-to-date: /home/mojiu/ros2_ws/install/tutorial_interfaces/share/tutorial_interfaces/environment/pythonpath.dsv
[1.176s] -- Up-to-date: /home/mojiu/ros2_ws/install/tutorial_interfaces/lib/python3.12/site-packages/tutorial_interfaces-0.0.0-py3.12.egg-info
[1.177s] -- Installing: /home/mojiu/ros2_ws/install/tutorial_interfaces/lib/python3.12/site-packages/tutorial_interfaces-0.0.0-py3.12.egg-info/PKG-INFO
[1.178s] -- Installing: /home/mojiu/ros2_ws/install/tutorial_interfaces/lib/python3.12/site-packages/tutorial_interfaces-0.0.0-py3.12.egg-info/SOURCES.txt
[1.178s] -- Installing: /home/mojiu/ros2_ws/install/tutorial_interfaces/lib/python3.12/site-packages/tutorial_interfaces-0.0.0-py3.12.egg-info/top_level.txt
[1.182s] -- Installing: /home/mojiu/ros2_ws/install/tutorial_interfaces/lib/python3.12/site-packages/tutorial_interfaces-0.0.0-py3.12.egg-info/dependency_links.txt
[1.182s] -- Up-to-date: /home/mojiu/ros2_ws/install/tutorial_interfaces/lib/python3.12/site-packages/tutorial_interfaces
[1.182s] -- Up-to-date: /home/mojiu/ros2_ws/install/tutorial_interfaces/lib/python3.12/site-packages/tutorial_interfaces/_tutorial_interfaces_s.ep.rosidl_typesupport_introspection_c.c
[1.182s] -- Up-to-date: /home/mojiu/ros2_ws/install/tutorial_interfaces/lib/python3.12/site-packages/tutorial_interfaces/tutorial_interfaces_s__rosidl_typesupport_fastrtps_c.so
[1.182s] -- Up-to-date: /home/mojiu/ros2_ws/install/tutorial_interfaces/lib/python3.12/site-packages/tutorial_interfaces/tutorial_interfaces_s__rosidl_typesupport_introspection_c.so
[1.183s] -- Up-to-date: /home/mojiu/ros2_ws/install/tutorial_interfaces/lib/python3.12/site-packages/tutorial_interfaces/_tutorial_interfaces_s.ep.rosidl_typesupport_fastrtps_c.c
[1.187s] -- Up-to-date: /home/mojiu/ros2_ws/install/tutorial_interfaces/lib/python3.12/site-packages/tutorial_interfaces/__init__.py
[1.187s] -- Up-to-date: /home/mojiu/ros2_ws/install/tutorial_interfaces/lib/python3.12/site-packages/tutorial_interfaces/_tutorial_interfaces_s.ep.rosidl_typesupport_c.c
[1.187s] -- Up-to-date: /home/mojiu/ros2_ws/install/tutorial_interfaces/lib/python3.12/site-packages/tutorial_interfaces/srv
[1.188s] -- Up-to-date: /home/mojiu/ros2_ws/install/tutorial_interfaces/lib/python3.12/site-packages/tutorial_interfaces/srv/__init__.py
[1.188s] -- Up-to-date: /home/mojiu/ros2_ws/install/tutorial_interfaces/lib/python3.12/site-packages/tutorial_interfaces/srv/_add_three_ints_s.c
[1.188s] -- Up-to-date: /home/mojiu/ros2_ws/install/tutorial_interfaces/lib/python3.12/site-packages/tutorial_interfaces/srv/_add_three_ints.py
[1.189s] -- Up-to-date: /home/mojiu/ros2_ws/install/tutorial_interfaces/lib/python3.12/site-packages/tutorial_interfaces/tutorial_interfaces_s__rosidl_typesupport_c.so
[1.189s] -- Up-to-date: /home/mojiu/ros2_ws/install/tutorial_interfaces/lib/python3.12/site-packages/tutorial_interfaces/msg
[1.189s] -- Up-to-date: /home/mojiu/ros2_ws/install/tutorial_interfaces/lib/python3.12/site-packages/tutorial_interfaces/msg/_sphere_s.c
[1.190s] -- Up-to-date: /home/mojiu/ros2_ws/install/tutorial_interfaces/lib/python3.12/site-packages/tutorial_interfaces/msg/__init__.py
[1.190s] -- Up-to-date: /home/mojiu/ros2_ws/install/tutorial_interfaces/lib/python3.12/site-packages/tutorial_interfaces/msg/_num.py
[1.191s] -- Up-to-date: /home/mojiu/ros2_ws/install/tutorial_interfaces/lib/python3.12/site-packages/tutorial_interfaces/msg/_sphere.py
[1.191s] -- Up-to-date: /home/mojiu/ros2_ws/install/tutorial_interfaces/lib/python3.12/site-packages/tutorial_interfaces/msg/_num_s.c
[1.205s] Listing '/home/mojiu/ros2_ws/install/tutorial_interfaces/lib/python3.12/site-packages/tutorial_interfaces'...
[1.205s] Listing '/home/mojiu/ros2_ws/install/tutorial_interfaces/lib/python3.12/site-packages/tutorial_interfaces/msg'...
[1.205s] Listing '/home/mojiu/ros2_ws/install/tutorial_interfaces/lib/python3.12/site-packages/tutorial_interfaces/srv'...
[1.217s] -- Up-to-date: /home/mojiu/ros2_ws/install/tutorial_interfaces/lib/python3.12/site-packages/tutorial_interfaces/tutorial_interfaces_s__rosidl_typesupport_fastrtps_c.so
[1.218s] -- Up-to-date: /home/mojiu/ros2_ws/install/tutorial_interfaces/lib/python3.12/site-packages/tutorial_interfaces/tutorial_interfaces_s__rosidl_typesupport_introspection_c.so
[1.218s] -- Up-to-date: /home/mojiu/ros2_ws/install/tutorial_interfaces/lib/python3.12/site-packages/tutorial_interfaces/tutorial_interfaces_s__rosidl_typesupport_c.so
[1.218s] -- Up-to-date: /home/mojiu/ros2_ws/install/tutorial_interfaces/lib/libtutorial_interfaces__rosidl_generator_py.so
[1.218s] -- Up-to-date: /home/mojiu/ros2_ws/install/tutorial_interfaces/share/tutorial_interfaces/msg/Num.idl
[1.219s] -- Up-to-date: /home/mojiu/ros2_ws/install/tutorial_interfaces/share/tutorial_interfaces/msg/Sphere.idl
[1.219s] -- Up-to-date: /home/mojiu/ros2_ws/install/tutorial_interfaces/share/tutorial_interfaces/srv/AddThreeInts.idl
[1.219s] -- Up-to-date: /home/mojiu/ros2_ws/install/tutorial_interfaces/share/tutorial_interfaces/msg/Num.msg
[1.220s] -- Up-to-date: /home/mojiu/ros2_ws/install/tutorial_interfaces/share/tutorial_interfaces/msg/Sphere.msg
[1.220s] -- Up-to-date: /home/mojiu/ros2_ws/install/tutorial_interfaces/share/tutorial_interfaces/srv/AddThreeInts.srv
[1.220s] -- Up-to-date: /home/mojiu/ros2_ws/install/tutorial_interfaces/share/ament_index/resource_index/package_run_dependencies/tutorial_interfaces
[1.221s] -- Up-to-date: /home/mojiu/ros2_ws/install/tutorial_interfaces/share/ament_index/resource_index/parent_prefix_path/tutorial_interfaces
[1.222s] -- Up-to-date: /home/mojiu/ros2_ws/install/tutorial_interfaces/share/tutorial_interfaces/environment/ament_prefix_path.sh
[1.222s] -- Up-to-date: /home/mojiu/ros2_ws/install/tutorial_interfaces/share/tutorial_interfaces/environment/ament_prefix_path.dsv
[1.222s] -- Up-to-date: /home/mojiu/ros2_ws/install/tutorial_interfaces/share/tutorial_interfaces/environment/path.sh
[1.223s] -- Up-to-date: /home/mojiu/ros2_ws/install/tutorial_interfaces/share/tutorial_interfaces/environment/path.dsv
[1.223s] -- Up-to-date: /home/mojiu/ros2_ws/install/tutorial_interfaces/share/tutorial_interfaces/local_setup.bash
[1.223s] -- Up-to-date: /home/mojiu/ros2_ws/install/tutorial_interfaces/share/tutorial_interfaces/local_setup.sh
[1.223s] -- Up-to-date: /home/mojiu/ros2_ws/install/tutorial_interfaces/share/tutorial_interfaces/local_setup.zsh
[1.224s] -- Up-to-date: /home/mojiu/ros2_ws/install/tutorial_interfaces/share/tutorial_interfaces/local_setup.dsv
[1.224s] -- Installing: /home/mojiu/ros2_ws/install/tutorial_interfaces/share/tutorial_interfaces/package.dsv
[1.230s] -- Up-to-date: /home/mojiu/ros2_ws/install/tutorial_interfaces/share/ament_index/resource_index/packages/tutorial_interfaces
[1.230s] -- Up-to-date: /home/mojiu/ros2_ws/install/tutorial_interfaces/share/tutorial_interfaces/cmake/export_tutorial_interfaces__rosidl_generator_cExport.cmake
[1.231s] -- Up-to-date: /home/mojiu/ros2_ws/install/tutorial_interfaces/share/tutorial_interfaces/cmake/export_tutorial_interfaces__rosidl_generator_cExport-noconfig.cmake
[1.231s] -- Up-to-date: /home/mojiu/ros2_ws/install/tutorial_interfaces/share/tutorial_interfaces/cmake/export_tutorial_interfaces__rosidl_typesupport_fastrtps_cExport.cmake
[1.231s] -- Up-to-date: /home/mojiu/ros2_ws/install/tutorial_interfaces/share/tutorial_interfaces/cmake/export_tutorial_interfaces__rosidl_typesupport_fastrtps_cExport-noconfig.cmake
[1.232s] -- Up-to-date: /home/mojiu/ros2_ws/install/tutorial_interfaces/share/tutorial_interfaces/cmake/export_tutorial_interfaces__rosidl_generator_cppExport.cmake
[1.232s] -- Up-to-date: /home/mojiu/ros2_ws/install/tutorial_interfaces/share/tutorial_interfaces/cmake/export_tutorial_interfaces__rosidl_typesupport_fastrtps_cppExport.cmake
[1.232s] -- Up-to-date: /home/mojiu/ros2_ws/install/tutorial_interfaces/share/tutorial_interfaces/cmake/export_tutorial_interfaces__rosidl_typesupport_fastrtps_cppExport-noconfig.cmake
[1.232s] -- Up-to-date: /home/mojiu/ros2_ws/install/tutorial_interfaces/share/tutorial_interfaces/cmake/tutorial_interfaces__rosidl_typesupport_introspection_cExport.cmake
[1.232s] -- Up-to-date: /home/mojiu/ros2_ws/install/tutorial_interfaces/share/tutorial_interfaces/cmake/tutorial_interfaces__rosidl_typesupport_introspection_cExport-noconfig.cmake
[1.232s] -- Up-to-date: /home/mojiu/ros2_ws/install/tutorial_interfaces/share/tutorial_interfaces/cmake/tutorial_interfaces__rosidl_typesupport_cExport.cmake
[1.233s] -- Up-to-date: /home/mojiu/ros2_ws/install/tutorial_interfaces/share/tutorial_interfaces/cmake/tutorial_interfaces__rosidl_typesupport_cExport-noconfig.cmake
[1.233s] -- Up-to-date: /home/mojiu/ros2_ws/install/tutorial_interfaces/share/tutorial_interfaces/cmake/tutorial_interfaces__rosidl_typesupport_introspection_cppExport.cmake
[1.233s] -- Up-to-date: /home/mojiu/ros2_ws/install/tutorial_interfaces/share/tutorial_interfaces/cmake/tutorial_interfaces__rosidl_typesupport_introspection_cppExport-noconfig.cmake
[1.233s] -- Up-to-date: /home/mojiu/ros2_ws/install/tutorial_interfaces/share/tutorial_interfaces/cmake/tutorial_interfaces__rosidl_typesupport_cppExport.cmake
[1.233s] -- Up-to-date: /home/mojiu/ros2_ws/install/tutorial_interfaces/share/tutorial_interfaces/cmake/tutorial_interfaces__rosidl_typesupport_cppExport-noconfig.cmake
[1.234s] -- Up-to-date: /home/mojiu/ros2_ws/install/tutorial_interfaces/share/tutorial_interfaces/cmake/export_tutorial_interfaces__rosidl_generator_pyExport.cmake
[1.234s] -- Up-to-date: /home/mojiu/ros2_ws/install/tutorial_interfaces/share/tutorial_interfaces/cmake/export_tutorial_interfaces__rosidl_generator_pyExport-noconfig.cmake
[1.234s] -- Up-to-date: /home/mojiu/ros2_ws/install/tutorial_interfaces/share/tutorial_interfaces/cmake/rosidl_cmake-extras.cmake
[1.234s] -- Up-to-date: /home/mojiu/ros2_ws/install/tutorial_interfaces/share/tutorial_interfaces/cmake/ament_cmake_export_dependencies-extras.cmake
[1.234s] -- Up-to-date: /home/mojiu/ros2_ws/install/tutorial_interfaces/share/tutorial_interfaces/cmake/ament_cmake_export_include_directories-extras.cmake
[1.235s] -- Up-to-date: /home/mojiu/ros2_ws/install/tutorial_interfaces/share/tutorial_interfaces/cmake/ament_cmake_export_libraries-extras.cmake
[1.235s] -- Up-to-date: /home/mojiu/ros2_ws/install/tutorial_interfaces/share/tutorial_interfaces/cmake/ament_cmake_export_targets-extras.cmake
[1.236s] -- Up-to-date: /home/mojiu/ros2_ws/install/tutorial_interfaces/share/tutorial_interfaces/cmake/rosidl_cmake_export_typesupport_targets-extras.cmake
[1.236s] -- Up-to-date: /home/mojiu/ros2_ws/install/tutorial_interfaces/share/tutorial_interfaces/cmake/rosidl_cmake_export_typesupport_libraries-extras.cmake
[1.236s] -- Up-to-date: /home/mojiu/ros2_ws/install/tutorial_interfaces/share/tutorial_interfaces/cmake/tutorial_interfacesConfig.cmake
[1.236s] -- Up-to-date: /home/mojiu/ros2_ws/install/tutorial_interfaces/share/tutorial_interfaces/cmake/tutorial_interfacesConfig-version.cmake
[1.236s] -- Up-to-date: /home/mojiu/ros2_ws/install/tutorial_interfaces/share/tutorial_interfaces/package.xml
[1.237s] Invoked command in '/home/mojiu/ros2_ws/build/tutorial_interfaces' returned '0': CMAKE_PREFIX_PATH=${CMAKE_PREFIX_PATH}:/opt/ros/jazzy DEBUGINFOD_URLS=https://debuginfod.ubuntu.com /usr/bin/cmake --install /home/mojiu/ros2_ws/build/tutorial_interfaces
