[0.011s] Invoking command in '/home/mojiu/ros2_ws/build/example_service_rclcpp': CMAKE_PREFIX_PATH=${CMAKE_PREFIX_PATH}:/opt/ros/jazzy DEBUGINFOD_URLS=https://debuginfod.ubuntu.com /usr/bin/cmake --build /home/mojiu/ros2_ws/build/example_service_rclcpp -- -j8 -l8
[0.076s] [ 50%] Built target service_server_01
[0.078s] [ 75%] [32mBuilding CXX object CMakeFiles/service_client_01.dir/src/service_client_01.cpp.o[0m
[3.653s] [100%] [32m[1mLinking CXX executable service_client_01[0m
[3.781s] [100%] Built target service_client_01
[3.792s] Invoked command in '/home/mojiu/ros2_ws/build/example_service_rclcpp' returned '0': CMAKE_PREFIX_PATH=${CMAKE_PREFIX_PATH}:/opt/ros/jazzy DEBUGINFOD_URLS=https://debuginfod.ubuntu.com /usr/bin/cmake --build /home/mojiu/ros2_ws/build/example_service_rclcpp -- -j8 -l8
[3.828s] Invoking command in '/home/mojiu/ros2_ws/build/example_service_rclcpp': CMAKE_PREFIX_PATH=${CMAKE_PREFIX_PATH}:/opt/ros/jazzy DEBUGINFOD_URLS=https://debuginfod.ubuntu.com /usr/bin/cmake --install /home/mojiu/ros2_ws/build/example_service_rclcpp
[3.838s] -- Install configuration: ""
[3.838s] -- Up-to-date: /home/mojiu/ros2_ws/install/example_service_rclcpp/share/ament_index/resource_index/package_run_dependencies/example_service_rclcpp
[3.838s] -- Up-to-date: /home/mojiu/ros2_ws/install/example_service_rclcpp/share/ament_index/resource_index/parent_prefix_path/example_service_rclcpp
[3.838s] -- Up-to-date: /home/mojiu/ros2_ws/install/example_service_rclcpp/share/example_service_rclcpp/environment/ament_prefix_path.sh
[3.839s] -- Up-to-date: /home/mojiu/ros2_ws/install/example_service_rclcpp/share/example_service_rclcpp/environment/ament_prefix_path.dsv
[3.839s] -- Up-to-date: /home/mojiu/ros2_ws/install/example_service_rclcpp/share/example_service_rclcpp/environment/path.sh
[3.839s] -- Up-to-date: /home/mojiu/ros2_ws/install/example_service_rclcpp/share/example_service_rclcpp/environment/path.dsv
[3.839s] -- Up-to-date: /home/mojiu/ros2_ws/install/example_service_rclcpp/share/example_service_rclcpp/local_setup.bash
[3.839s] -- Up-to-date: /home/mojiu/ros2_ws/install/example_service_rclcpp/share/example_service_rclcpp/local_setup.sh
[3.839s] -- Up-to-date: /home/mojiu/ros2_ws/install/example_service_rclcpp/share/example_service_rclcpp/local_setup.zsh
[3.839s] -- Up-to-date: /home/mojiu/ros2_ws/install/example_service_rclcpp/share/example_service_rclcpp/local_setup.dsv
[3.839s] -- Installing: /home/mojiu/ros2_ws/install/example_service_rclcpp/share/example_service_rclcpp/package.dsv
[3.839s] -- Up-to-date: /home/mojiu/ros2_ws/install/example_service_rclcpp/share/ament_index/resource_index/packages/example_service_rclcpp
[3.840s] -- Up-to-date: /home/mojiu/ros2_ws/install/example_service_rclcpp/share/example_service_rclcpp/cmake/example_service_rclcppConfig.cmake
[3.840s] -- Up-to-date: /home/mojiu/ros2_ws/install/example_service_rclcpp/share/example_service_rclcpp/cmake/example_service_rclcppConfig-version.cmake
[3.840s] -- Up-to-date: /home/mojiu/ros2_ws/install/example_service_rclcpp/share/example_service_rclcpp/package.xml
[3.841s] Invoked command in '/home/mojiu/ros2_ws/build/example_service_rclcpp' returned '0': CMAKE_PREFIX_PATH=${CMAKE_PREFIX_PATH}:/opt/ros/jazzy DEBUGINFOD_URLS=https://debuginfod.ubuntu.com /usr/bin/cmake --install /home/mojiu/ros2_ws/build/example_service_rclcpp
