[0.011s] Invoking command in '/home/mojiu/ros2_ws/build/example_topic_rclcpp': CMAKE_PREFIX_PATH=${CMAKE_PREFIX_PATH}:/opt/ros/jazzy DEBUGINFOD_URLS=https://debuginfod.ubuntu.com /usr/bin/cmake --build /home/mojiu/ros2_ws/build/example_topic_rclcpp -- -j8 -l8
[0.043s] -- Found ament_cmake: 2.5.2 (/opt/ros/jazzy/share/ament_cmake/cmake)
[0.269s] -- Found rclcpp: 28.1.5 (/opt/ros/jazzy/share/rclcpp/cmake)
[0.302s] -- Found rosidl_generator_c: 4.6.4 (/opt/ros/jazzy/share/rosidl_generator_c/cmake)
[0.316s] -- Found rosidl_generator_cpp: 4.6.4 (/opt/ros/jazzy/share/rosidl_generator_cpp/cmake)
[0.332s] -- Using all available rosidl_typesupport_c: rosidl_typesupport_fastrtps_c;rosidl_typesupport_introspection_c
[0.348s] -- Using all available rosidl_typesupport_cpp: rosidl_typesupport_fastrtps_cpp;rosidl_typesupport_introspection_cpp
[0.429s] -- Found rmw_implementation_cmake: 7.3.1 (/opt/ros/jazzy/share/rmw_implementation_cmake/cmake)
[0.432s] -- Found rmw_fastrtps_cpp: 8.4.1 (/opt/ros/jazzy/share/rmw_fastrtps_cpp/cmake)
[0.510s] -- Using RMW implementation 'rmw_fastrtps_cpp' as default
[0.590s] -- Found std_msgs: 5.3.5 (/opt/ros/jazzy/share/std_msgs/cmake)
[0.609s] -- Found ament_lint_auto: 0.17.1 (/opt/ros/jazzy/share/ament_lint_auto/cmake)
[0.709s] -- Added test 'cppcheck' to perform static code analysis on C / C++ code
[0.710s] -- Configured cppcheck include dirs: 
[0.710s] -- Configured cppcheck exclude dirs and/or files: 
[0.711s] -- Added test 'lint_cmake' to check CMake code style
[0.713s] -- Added test 'uncrustify' to check C / C++ code style
[0.713s] -- Configured uncrustify additional arguments: 
[0.714s] -- Added test 'xmllint' to check XML markup files
[0.716s] -- Configuring done (0.7s)
[0.734s] -- Generating done (0.0s)
[0.736s] -- Build files have been written to: /home/mojiu/ros2_ws/build/example_topic_rclcpp
[0.770s] [ 25%] [32mBuilding CXX object CMakeFiles/topic_subscribe_01.dir/src/topic_subscribe_01.cpp.o[0m
[0.778s] [ 75%] Built target topic_publisher_01
[4.038s] [100%] [32m[1mLinking CXX executable topic_subscribe_01[0m
[4.182s] [100%] Built target topic_subscribe_01
[4.196s] Invoked command in '/home/mojiu/ros2_ws/build/example_topic_rclcpp' returned '0': CMAKE_PREFIX_PATH=${CMAKE_PREFIX_PATH}:/opt/ros/jazzy DEBUGINFOD_URLS=https://debuginfod.ubuntu.com /usr/bin/cmake --build /home/mojiu/ros2_ws/build/example_topic_rclcpp -- -j8 -l8
[4.230s] Invoking command in '/home/mojiu/ros2_ws/build/example_topic_rclcpp': CMAKE_PREFIX_PATH=${CMAKE_PREFIX_PATH}:/opt/ros/jazzy DEBUGINFOD_URLS=https://debuginfod.ubuntu.com /usr/bin/cmake --install /home/mojiu/ros2_ws/build/example_topic_rclcpp
[4.238s] -- Install configuration: ""
[4.238s] -- Up-to-date: /home/mojiu/ros2_ws/install/example_topic_rclcpp/lib/example_topic_rclcpp/topic_publisher_01
[4.238s] -- Installing: /home/mojiu/ros2_ws/install/example_topic_rclcpp/lib/example_topic_rclcpp/topic_subscribe_01
[4.239s] -- Set non-toolchain portion of runtime path of "/home/mojiu/ros2_ws/install/example_topic_rclcpp/lib/example_topic_rclcpp/topic_subscribe_01" to ""
[4.239s] -- Up-to-date: /home/mojiu/ros2_ws/install/example_topic_rclcpp/share/ament_index/resource_index/package_run_dependencies/example_topic_rclcpp
[4.239s] -- Up-to-date: /home/mojiu/ros2_ws/install/example_topic_rclcpp/share/ament_index/resource_index/parent_prefix_path/example_topic_rclcpp
[4.239s] -- Up-to-date: /home/mojiu/ros2_ws/install/example_topic_rclcpp/share/example_topic_rclcpp/environment/ament_prefix_path.sh
[4.239s] -- Up-to-date: /home/mojiu/ros2_ws/install/example_topic_rclcpp/share/example_topic_rclcpp/environment/ament_prefix_path.dsv
[4.239s] -- Up-to-date: /home/mojiu/ros2_ws/install/example_topic_rclcpp/share/example_topic_rclcpp/environment/path.sh
[4.240s] -- Up-to-date: /home/mojiu/ros2_ws/install/example_topic_rclcpp/share/example_topic_rclcpp/environment/path.dsv
[4.240s] -- Up-to-date: /home/mojiu/ros2_ws/install/example_topic_rclcpp/share/example_topic_rclcpp/local_setup.bash
[4.240s] -- Up-to-date: /home/mojiu/ros2_ws/install/example_topic_rclcpp/share/example_topic_rclcpp/local_setup.sh
[4.240s] -- Up-to-date: /home/mojiu/ros2_ws/install/example_topic_rclcpp/share/example_topic_rclcpp/local_setup.zsh
[4.240s] -- Up-to-date: /home/mojiu/ros2_ws/install/example_topic_rclcpp/share/example_topic_rclcpp/local_setup.dsv
[4.240s] -- Installing: /home/mojiu/ros2_ws/install/example_topic_rclcpp/share/example_topic_rclcpp/package.dsv
[4.240s] -- Up-to-date: /home/mojiu/ros2_ws/install/example_topic_rclcpp/share/ament_index/resource_index/packages/example_topic_rclcpp
[4.240s] -- Up-to-date: /home/mojiu/ros2_ws/install/example_topic_rclcpp/share/example_topic_rclcpp/cmake/example_topic_rclcppConfig.cmake
[4.240s] -- Up-to-date: /home/mojiu/ros2_ws/install/example_topic_rclcpp/share/example_topic_rclcpp/cmake/example_topic_rclcppConfig-version.cmake
[4.240s] -- Up-to-date: /home/mojiu/ros2_ws/install/example_topic_rclcpp/share/example_topic_rclcpp/package.xml
[4.241s] Invoked command in '/home/mojiu/ros2_ws/build/example_topic_rclcpp' returned '0': CMAKE_PREFIX_PATH=${CMAKE_PREFIX_PATH}:/opt/ros/jazzy DEBUGINFOD_URLS=https://debuginfod.ubuntu.com /usr/bin/cmake --install /home/mojiu/ros2_ws/build/example_topic_rclcpp
