[0.011s] Invoking command in '/home/mojiu/ros2_ws/build/example_topic_rclcpp': CMAKE_PREFIX_PATH=${CMAKE_PREFIX_PATH}:/opt/ros/jazzy DEBUGINFOD_URLS=https://debuginfod.ubuntu.com /usr/bin/cmake --build /home/mojiu/ros2_ws/build/example_topic_rclcpp -- -j8 -l8
[0.039s] -- Found ament_cmake: 2.5.2 (/opt/ros/jazzy/share/ament_cmake/cmake)
[0.258s] -- Found rclcpp: 28.1.5 (/opt/ros/jazzy/share/rclcpp/cmake)
[0.285s] -- Found rosidl_generator_c: 4.6.4 (/opt/ros/jazzy/share/rosidl_generator_c/cmake)
[0.295s] -- Found rosidl_generator_cpp: 4.6.4 (/opt/ros/jazzy/share/rosidl_generator_cpp/cmake)
[0.309s] -- Using all available rosidl_typesupport_c: rosidl_typesupport_fastrtps_c;rosidl_typesupport_introspection_c
[0.326s] -- Using all available rosidl_typesupport_cpp: rosidl_typesupport_fastrtps_cpp;rosidl_typesupport_introspection_cpp
[0.392s] -- Found rmw_implementation_cmake: 7.3.1 (/opt/ros/jazzy/share/rmw_implementation_cmake/cmake)
[0.393s] -- Found rmw_fastrtps_cpp: 8.4.1 (/opt/ros/jazzy/share/rmw_fastrtps_cpp/cmake)
[0.484s] -- Using RMW implementation 'rmw_fastrtps_cpp' as default
[0.555s] -- Found ament_lint_auto: 0.17.1 (/opt/ros/jazzy/share/ament_lint_auto/cmake)
[0.651s] -- Added test 'cppcheck' to perform static code analysis on C / C++ code
[0.651s] -- Configured cppcheck include dirs: 
[0.651s] -- Configured cppcheck exclude dirs and/or files: 
[0.651s] -- Added test 'lint_cmake' to check CMake code style
[0.652s] -- Added test 'uncrustify' to check C / C++ code style
[0.652s] -- Configured uncrustify additional arguments: 
[0.653s] -- Added test 'xmllint' to check XML markup files
[0.653s] -- Configuring done (0.6s)
[0.659s] -- Generating done (0.0s)
[0.661s] -- Build files have been written to: /home/mojiu/ros2_ws/build/example_topic_rclcpp
[0.685s] Invoked command in '/home/mojiu/ros2_ws/build/example_topic_rclcpp' returned '0': CMAKE_PREFIX_PATH=${CMAKE_PREFIX_PATH}:/opt/ros/jazzy DEBUGINFOD_URLS=https://debuginfod.ubuntu.com /usr/bin/cmake --build /home/mojiu/ros2_ws/build/example_topic_rclcpp -- -j8 -l8
[0.717s] Invoking command in '/home/mojiu/ros2_ws/build/example_topic_rclcpp': CMAKE_PREFIX_PATH=${CMAKE_PREFIX_PATH}:/opt/ros/jazzy DEBUGINFOD_URLS=https://debuginfod.ubuntu.com /usr/bin/cmake --install /home/mojiu/ros2_ws/build/example_topic_rclcpp
[0.725s] -- Install configuration: ""
[0.725s] -- Installing: /home/mojiu/ros2_ws/install/example_topic_rclcpp/share/ament_index/resource_index/package_run_dependencies/example_topic_rclcpp
[0.725s] -- Installing: /home/mojiu/ros2_ws/install/example_topic_rclcpp/share/ament_index/resource_index/parent_prefix_path/example_topic_rclcpp
[0.726s] -- Up-to-date: /home/mojiu/ros2_ws/install/example_topic_rclcpp/share/example_topic_rclcpp/environment/ament_prefix_path.sh
[0.726s] -- Up-to-date: /home/mojiu/ros2_ws/install/example_topic_rclcpp/share/example_topic_rclcpp/environment/ament_prefix_path.dsv
[0.726s] -- Up-to-date: /home/mojiu/ros2_ws/install/example_topic_rclcpp/share/example_topic_rclcpp/environment/path.sh
[0.726s] -- Up-to-date: /home/mojiu/ros2_ws/install/example_topic_rclcpp/share/example_topic_rclcpp/environment/path.dsv
[0.726s] -- Up-to-date: /home/mojiu/ros2_ws/install/example_topic_rclcpp/share/example_topic_rclcpp/local_setup.bash
[0.726s] -- Up-to-date: /home/mojiu/ros2_ws/install/example_topic_rclcpp/share/example_topic_rclcpp/local_setup.sh
[0.726s] -- Up-to-date: /home/mojiu/ros2_ws/install/example_topic_rclcpp/share/example_topic_rclcpp/local_setup.zsh
[0.726s] -- Up-to-date: /home/mojiu/ros2_ws/install/example_topic_rclcpp/share/example_topic_rclcpp/local_setup.dsv
[0.727s] -- Installing: /home/mojiu/ros2_ws/install/example_topic_rclcpp/share/example_topic_rclcpp/package.dsv
[0.727s] -- Up-to-date: /home/mojiu/ros2_ws/install/example_topic_rclcpp/share/ament_index/resource_index/packages/example_topic_rclcpp
[0.727s] -- Up-to-date: /home/mojiu/ros2_ws/install/example_topic_rclcpp/share/example_topic_rclcpp/cmake/example_topic_rclcppConfig.cmake
[0.727s] -- Up-to-date: /home/mojiu/ros2_ws/install/example_topic_rclcpp/share/example_topic_rclcpp/cmake/example_topic_rclcppConfig-version.cmake
[0.727s] -- Installing: /home/mojiu/ros2_ws/install/example_topic_rclcpp/share/example_topic_rclcpp/package.xml
[0.728s] Invoked command in '/home/mojiu/ros2_ws/build/example_topic_rclcpp' returned '0': CMAKE_PREFIX_PATH=${CMAKE_PREFIX_PATH}:/opt/ros/jazzy DEBUGINFOD_URLS=https://debuginfod.ubuntu.com /usr/bin/cmake --install /home/mojiu/ros2_ws/build/example_topic_rclcpp
