-- Found ament_cmake: 2.5.2 (/opt/ros/jazzy/share/ament_cmake/cmake)
-- Found rclcpp: 28.1.5 (/opt/ros/jazzy/share/rclcpp/cmake)
-- Found rosidl_generator_c: 4.6.4 (/opt/ros/jazzy/share/rosidl_generator_c/cmake)
-- Found rosidl_generator_cpp: 4.6.4 (/opt/ros/jazzy/share/rosidl_generator_cpp/cmake)
-- Using all available rosidl_typesupport_c: rosidl_typesupport_fastrtps_c;rosidl_typesupport_introspection_c
-- Using all available rosidl_typesupport_cpp: rosidl_typesupport_fastrtps_cpp;rosidl_typesupport_introspection_cpp
-- Found rmw_implementation_cmake: 7.3.1 (/opt/ros/jazzy/share/rmw_implementation_cmake/cmake)
-- Found rmw_fastrtps_cpp: 8.4.1 (/opt/ros/jazzy/share/rmw_fastrtps_cpp/cmake)
-- Using RMW implementation 'rmw_fastrtps_cpp' as default
-- Found example_ros2_interfaces: 0.0.0 (/home/mojiu/ros2_ws/install/example_ros2_interfaces/share/example_ros2_interfaces/cmake)
-- Found ament_lint_auto: 0.17.1 (/opt/ros/jazzy/share/ament_lint_auto/cmake)
-- Added test 'cppcheck' to perform static code analysis on C / C++ code
-- Configured cppcheck include dirs: $<BUILD_INTERFACE:/home/mojiu/ros2_ws/src/example_interfaces_rclcpp/include>
-- Configured cppcheck exclude dirs and/or files: 
-- Added test 'lint_cmake' to check CMake code style
-- Added test 'uncrustify' to check C / C++ code style
-- Configured uncrustify additional arguments: 
-- Added test 'xmllint' to check XML markup files
-- Configuring done (1.0s)
-- Generating done (0.0s)
-- Build files have been written to: /home/mojiu/ros2_ws/build/example_interfaces_rclcpp
[ 25%] [32mBuilding CXX object CMakeFiles/example_interfaces_robot_01.dir/src/example_interfaces_robot_01.cpp.o[0m
[ 50%] [32mBuilding CXX object CMakeFiles/example_interfaces_control_01.dir/src/example_interfaces_control_01.cpp.o[0m
[ 75%] [32m[1mLinking CXX executable example_interfaces_control_01[0m
[ 75%] Built target example_interfaces_control_01
[100%] [32m[1mLinking CXX executable example_interfaces_robot_01[0m
[100%] Built target example_interfaces_robot_01
-- Install configuration: ""
-- Installing: /home/mojiu/ros2_ws/install/example_interfaces_rclcpp/lib/example_interfaces_rclcpp/example_interfaces_robot_01
-- Set non-toolchain portion of runtime path of "/home/mojiu/ros2_ws/install/example_interfaces_rclcpp/lib/example_interfaces_rclcpp/example_interfaces_robot_01" to ""
-- Installing: /home/mojiu/ros2_ws/install/example_interfaces_rclcpp/lib/example_interfaces_rclcpp/example_interfaces_control_01
-- Set non-toolchain portion of runtime path of "/home/mojiu/ros2_ws/install/example_interfaces_rclcpp/lib/example_interfaces_rclcpp/example_interfaces_control_01" to ""
-- Installing: /home/mojiu/ros2_ws/install/example_interfaces_rclcpp/share/ament_index/resource_index/package_run_dependencies/example_interfaces_rclcpp
-- Installing: /home/mojiu/ros2_ws/install/example_interfaces_rclcpp/share/ament_index/resource_index/parent_prefix_path/example_interfaces_rclcpp
-- Installing: /home/mojiu/ros2_ws/install/example_interfaces_rclcpp/share/example_interfaces_rclcpp/environment/ament_prefix_path.sh
-- Installing: /home/mojiu/ros2_ws/install/example_interfaces_rclcpp/share/example_interfaces_rclcpp/environment/ament_prefix_path.dsv
-- Installing: /home/mojiu/ros2_ws/install/example_interfaces_rclcpp/share/example_interfaces_rclcpp/environment/path.sh
-- Installing: /home/mojiu/ros2_ws/install/example_interfaces_rclcpp/share/example_interfaces_rclcpp/environment/path.dsv
-- Installing: /home/mojiu/ros2_ws/install/example_interfaces_rclcpp/share/example_interfaces_rclcpp/local_setup.bash
-- Installing: /home/mojiu/ros2_ws/install/example_interfaces_rclcpp/share/example_interfaces_rclcpp/local_setup.sh
-- Installing: /home/mojiu/ros2_ws/install/example_interfaces_rclcpp/share/example_interfaces_rclcpp/local_setup.zsh
-- Installing: /home/mojiu/ros2_ws/install/example_interfaces_rclcpp/share/example_interfaces_rclcpp/local_setup.dsv
-- Installing: /home/mojiu/ros2_ws/install/example_interfaces_rclcpp/share/example_interfaces_rclcpp/package.dsv
-- Installing: /home/mojiu/ros2_ws/install/example_interfaces_rclcpp/share/ament_index/resource_index/packages/example_interfaces_rclcpp
-- Installing: /home/mojiu/ros2_ws/install/example_interfaces_rclcpp/share/example_interfaces_rclcpp/cmake/example_interfaces_rclcppConfig.cmake
-- Installing: /home/mojiu/ros2_ws/install/example_interfaces_rclcpp/share/example_interfaces_rclcpp/cmake/example_interfaces_rclcppConfig-version.cmake
-- Installing: /home/mojiu/ros2_ws/install/example_interfaces_rclcpp/share/example_interfaces_rclcpp/package.xml
