[0.018s] Invoking command in '/home/mojiu/ros2_ws/build/example_interfaces_rclcpp': AMENT_PREFIX_PATH=/home/mojiu/ros2_ws/install/example_ros2_interfaces:${AMENT_PREFIX_PATH} CMAKE_PREFIX_PATH=/home/mojiu/ros2_ws/install/example_ros2_interfaces:/home/mojiu/ros2_ws/install/cpp_srvcli:/home/mojiu/ros2_ws/install/tutorial_interfaces:/home/mojiu/ros2_ws/install/polygon_plugins:/home/mojiu/ros2_ws/install/polygon_base:/home/mojiu/ros2_ws/install/more_interfaces:/home/mojiu/ros2_ws/install/example_topic_rclcpp:/home/mojiu/ros2_ws/install/example_service_rclcpp:/home/mojiu/ros2_ws/install/custom_action_cpp:/home/mojiu/ros2_ws/install/custom_action_interfaces:/home/mojiu/ros2_ws/install/cpp_pubsub:/home/mojiu/ros2_ws/install/cpp_parameters:/opt/ros/jazzy/opt/sdformat_vendor:/opt/ros/jazzy/opt/gz_math_vendor:/opt/ros/jazzy/opt/gz_utils_vendor:/opt/ros/jazzy/opt/gz_tools_vendor:/opt/ros/jazzy/opt/gz_cmake_vendor:/opt/ros/jazzy DEBUGINFOD_URLS=https://debuginfod.ubuntu.com LD_LIBRARY_PATH=/home/mojiu/ros2_ws/install/example_ros2_interfaces/lib:${LD_LIBRARY_PATH} PYTHONPATH=/home/mojiu/ros2_ws/install/example_ros2_interfaces/lib/python3.12/site-packages:${PYTHONPATH} /usr/bin/cmake /home/mojiu/ros2_ws/src/example_interfaces_rclcpp -DCMAKE_INSTALL_PREFIX=/home/mojiu/ros2_ws/install/example_interfaces_rclcpp
[0.041s] -- Found ament_cmake: 2.5.2 (/opt/ros/jazzy/share/ament_cmake/cmake)
[0.408s] -- Found rclcpp: 28.1.5 (/opt/ros/jazzy/share/rclcpp/cmake)
[0.447s] -- Found rosidl_generator_c: 4.6.4 (/opt/ros/jazzy/share/rosidl_generator_c/cmake)
[0.459s] -- Found rosidl_generator_cpp: 4.6.4 (/opt/ros/jazzy/share/rosidl_generator_cpp/cmake)
[0.473s] -- Using all available rosidl_typesupport_c: rosidl_typesupport_fastrtps_c;rosidl_typesupport_introspection_c
[0.491s] -- Using all available rosidl_typesupport_cpp: rosidl_typesupport_fastrtps_cpp;rosidl_typesupport_introspection_cpp
[0.573s] -- Found rmw_implementation_cmake: 7.3.1 (/opt/ros/jazzy/share/rmw_implementation_cmake/cmake)
[0.575s] -- Found rmw_fastrtps_cpp: 8.4.1 (/opt/ros/jazzy/share/rmw_fastrtps_cpp/cmake)
[0.665s] -- Using RMW implementation 'rmw_fastrtps_cpp' as default
[0.769s] -- Found example_ros2_interfaces: 0.0.0 (/home/mojiu/ros2_ws/install/example_ros2_interfaces/share/example_ros2_interfaces/cmake)
[0.900s] -- Found ament_lint_auto: 0.17.1 (/opt/ros/jazzy/share/ament_lint_auto/cmake)
[1.057s] -- Added test 'cppcheck' to perform static code analysis on C / C++ code
[1.057s] -- Configured cppcheck include dirs: $<BUILD_INTERFACE:/home/mojiu/ros2_ws/src/example_interfaces_rclcpp/include>
[1.057s] -- Configured cppcheck exclude dirs and/or files: 
[1.059s] -- Added test 'lint_cmake' to check CMake code style
[1.062s] -- Added test 'uncrustify' to check C / C++ code style
[1.062s] -- Configured uncrustify additional arguments: 
[1.063s] -- Added test 'xmllint' to check XML markup files
[1.066s] -- Configuring done (1.0s)
[1.094s] -- Generating done (0.0s)
[1.097s] -- Build files have been written to: /home/mojiu/ros2_ws/build/example_interfaces_rclcpp
[1.110s] Invoked command in '/home/mojiu/ros2_ws/build/example_interfaces_rclcpp' returned '0': AMENT_PREFIX_PATH=/home/mojiu/ros2_ws/install/example_ros2_interfaces:${AMENT_PREFIX_PATH} CMAKE_PREFIX_PATH=/home/mojiu/ros2_ws/install/example_ros2_interfaces:/home/mojiu/ros2_ws/install/cpp_srvcli:/home/mojiu/ros2_ws/install/tutorial_interfaces:/home/mojiu/ros2_ws/install/polygon_plugins:/home/mojiu/ros2_ws/install/polygon_base:/home/mojiu/ros2_ws/install/more_interfaces:/home/mojiu/ros2_ws/install/example_topic_rclcpp:/home/mojiu/ros2_ws/install/example_service_rclcpp:/home/mojiu/ros2_ws/install/custom_action_cpp:/home/mojiu/ros2_ws/install/custom_action_interfaces:/home/mojiu/ros2_ws/install/cpp_pubsub:/home/mojiu/ros2_ws/install/cpp_parameters:/opt/ros/jazzy/opt/sdformat_vendor:/opt/ros/jazzy/opt/gz_math_vendor:/opt/ros/jazzy/opt/gz_utils_vendor:/opt/ros/jazzy/opt/gz_tools_vendor:/opt/ros/jazzy/opt/gz_cmake_vendor:/opt/ros/jazzy DEBUGINFOD_URLS=https://debuginfod.ubuntu.com LD_LIBRARY_PATH=/home/mojiu/ros2_ws/install/example_ros2_interfaces/lib:${LD_LIBRARY_PATH} PYTHONPATH=/home/mojiu/ros2_ws/install/example_ros2_interfaces/lib/python3.12/site-packages:${PYTHONPATH} /usr/bin/cmake /home/mojiu/ros2_ws/src/example_interfaces_rclcpp -DCMAKE_INSTALL_PREFIX=/home/mojiu/ros2_ws/install/example_interfaces_rclcpp
[1.111s] Invoking command in '/home/mojiu/ros2_ws/build/example_interfaces_rclcpp': AMENT_PREFIX_PATH=/home/mojiu/ros2_ws/install/example_ros2_interfaces:${AMENT_PREFIX_PATH} CMAKE_PREFIX_PATH=/home/mojiu/ros2_ws/install/example_ros2_interfaces:/home/mojiu/ros2_ws/install/cpp_srvcli:/home/mojiu/ros2_ws/install/tutorial_interfaces:/home/mojiu/ros2_ws/install/polygon_plugins:/home/mojiu/ros2_ws/install/polygon_base:/home/mojiu/ros2_ws/install/more_interfaces:/home/mojiu/ros2_ws/install/example_topic_rclcpp:/home/mojiu/ros2_ws/install/example_service_rclcpp:/home/mojiu/ros2_ws/install/custom_action_cpp:/home/mojiu/ros2_ws/install/custom_action_interfaces:/home/mojiu/ros2_ws/install/cpp_pubsub:/home/mojiu/ros2_ws/install/cpp_parameters:/opt/ros/jazzy/opt/sdformat_vendor:/opt/ros/jazzy/opt/gz_math_vendor:/opt/ros/jazzy/opt/gz_utils_vendor:/opt/ros/jazzy/opt/gz_tools_vendor:/opt/ros/jazzy/opt/gz_cmake_vendor:/opt/ros/jazzy DEBUGINFOD_URLS=https://debuginfod.ubuntu.com LD_LIBRARY_PATH=/home/mojiu/ros2_ws/install/example_ros2_interfaces/lib:${LD_LIBRARY_PATH} PYTHONPATH=/home/mojiu/ros2_ws/install/example_ros2_interfaces/lib/python3.12/site-packages:${PYTHONPATH} /usr/bin/cmake --build /home/mojiu/ros2_ws/build/example_interfaces_rclcpp -- -j8 -l8
[1.195s] [ 25%] [32mBuilding CXX object CMakeFiles/example_interfaces_robot_01.dir/src/example_interfaces_robot_01.cpp.o[0m
[1.207s] [ 50%] [32mBuilding CXX object CMakeFiles/example_interfaces_control_01.dir/src/example_interfaces_control_01.cpp.o[0m
[7.405s] [ 75%] [32m[1mLinking CXX executable example_interfaces_control_01[0m
[7.798s] [ 75%] Built target example_interfaces_control_01
[8.430s] [100%] [32m[1mLinking CXX executable example_interfaces_robot_01[0m
[8.688s] [100%] Built target example_interfaces_robot_01
[8.711s] Invoked command in '/home/mojiu/ros2_ws/build/example_interfaces_rclcpp' returned '0': AMENT_PREFIX_PATH=/home/mojiu/ros2_ws/install/example_ros2_interfaces:${AMENT_PREFIX_PATH} CMAKE_PREFIX_PATH=/home/mojiu/ros2_ws/install/example_ros2_interfaces:/home/mojiu/ros2_ws/install/cpp_srvcli:/home/mojiu/ros2_ws/install/tutorial_interfaces:/home/mojiu/ros2_ws/install/polygon_plugins:/home/mojiu/ros2_ws/install/polygon_base:/home/mojiu/ros2_ws/install/more_interfaces:/home/mojiu/ros2_ws/install/example_topic_rclcpp:/home/mojiu/ros2_ws/install/example_service_rclcpp:/home/mojiu/ros2_ws/install/custom_action_cpp:/home/mojiu/ros2_ws/install/custom_action_interfaces:/home/mojiu/ros2_ws/install/cpp_pubsub:/home/mojiu/ros2_ws/install/cpp_parameters:/opt/ros/jazzy/opt/sdformat_vendor:/opt/ros/jazzy/opt/gz_math_vendor:/opt/ros/jazzy/opt/gz_utils_vendor:/opt/ros/jazzy/opt/gz_tools_vendor:/opt/ros/jazzy/opt/gz_cmake_vendor:/opt/ros/jazzy DEBUGINFOD_URLS=https://debuginfod.ubuntu.com LD_LIBRARY_PATH=/home/mojiu/ros2_ws/install/example_ros2_interfaces/lib:${LD_LIBRARY_PATH} PYTHONPATH=/home/mojiu/ros2_ws/install/example_ros2_interfaces/lib/python3.12/site-packages:${PYTHONPATH} /usr/bin/cmake --build /home/mojiu/ros2_ws/build/example_interfaces_rclcpp -- -j8 -l8
[8.763s] Invoking command in '/home/mojiu/ros2_ws/build/example_interfaces_rclcpp': AMENT_PREFIX_PATH=/home/mojiu/ros2_ws/install/example_ros2_interfaces:${AMENT_PREFIX_PATH} CMAKE_PREFIX_PATH=/home/mojiu/ros2_ws/install/example_ros2_interfaces:/home/mojiu/ros2_ws/install/cpp_srvcli:/home/mojiu/ros2_ws/install/tutorial_interfaces:/home/mojiu/ros2_ws/install/polygon_plugins:/home/mojiu/ros2_ws/install/polygon_base:/home/mojiu/ros2_ws/install/more_interfaces:/home/mojiu/ros2_ws/install/example_topic_rclcpp:/home/mojiu/ros2_ws/install/example_service_rclcpp:/home/mojiu/ros2_ws/install/custom_action_cpp:/home/mojiu/ros2_ws/install/custom_action_interfaces:/home/mojiu/ros2_ws/install/cpp_pubsub:/home/mojiu/ros2_ws/install/cpp_parameters:/opt/ros/jazzy/opt/sdformat_vendor:/opt/ros/jazzy/opt/gz_math_vendor:/opt/ros/jazzy/opt/gz_utils_vendor:/opt/ros/jazzy/opt/gz_tools_vendor:/opt/ros/jazzy/opt/gz_cmake_vendor:/opt/ros/jazzy DEBUGINFOD_URLS=https://debuginfod.ubuntu.com LD_LIBRARY_PATH=/home/mojiu/ros2_ws/install/example_ros2_interfaces/lib:${LD_LIBRARY_PATH} PYTHONPATH=/home/mojiu/ros2_ws/install/example_ros2_interfaces/lib/python3.12/site-packages:${PYTHONPATH} /usr/bin/cmake --install /home/mojiu/ros2_ws/build/example_interfaces_rclcpp
[8.780s] -- Install configuration: ""
[8.782s] -- Installing: /home/mojiu/ros2_ws/install/example_interfaces_rclcpp/lib/example_interfaces_rclcpp/example_interfaces_robot_01
[8.784s] -- Set non-toolchain portion of runtime path of "/home/mojiu/ros2_ws/install/example_interfaces_rclcpp/lib/example_interfaces_rclcpp/example_interfaces_robot_01" to ""
[8.784s] -- Installing: /home/mojiu/ros2_ws/install/example_interfaces_rclcpp/lib/example_interfaces_rclcpp/example_interfaces_control_01
[8.784s] -- Set non-toolchain portion of runtime path of "/home/mojiu/ros2_ws/install/example_interfaces_rclcpp/lib/example_interfaces_rclcpp/example_interfaces_control_01" to ""
[8.785s] -- Installing: /home/mojiu/ros2_ws/install/example_interfaces_rclcpp/share/ament_index/resource_index/package_run_dependencies/example_interfaces_rclcpp
[8.785s] -- Installing: /home/mojiu/ros2_ws/install/example_interfaces_rclcpp/share/ament_index/resource_index/parent_prefix_path/example_interfaces_rclcpp
[8.785s] -- Installing: /home/mojiu/ros2_ws/install/example_interfaces_rclcpp/share/example_interfaces_rclcpp/environment/ament_prefix_path.sh
[8.785s] -- Installing: /home/mojiu/ros2_ws/install/example_interfaces_rclcpp/share/example_interfaces_rclcpp/environment/ament_prefix_path.dsv
[8.786s] -- Installing: /home/mojiu/ros2_ws/install/example_interfaces_rclcpp/share/example_interfaces_rclcpp/environment/path.sh
[8.786s] -- Installing: /home/mojiu/ros2_ws/install/example_interfaces_rclcpp/share/example_interfaces_rclcpp/environment/path.dsv
[8.793s] -- Installing: /home/mojiu/ros2_ws/install/example_interfaces_rclcpp/share/example_interfaces_rclcpp/local_setup.bash
[8.795s] -- Installing: /home/mojiu/ros2_ws/install/example_interfaces_rclcpp/share/example_interfaces_rclcpp/local_setup.sh
[8.795s] -- Installing: /home/mojiu/ros2_ws/install/example_interfaces_rclcpp/share/example_interfaces_rclcpp/local_setup.zsh
[8.795s] -- Installing: /home/mojiu/ros2_ws/install/example_interfaces_rclcpp/share/example_interfaces_rclcpp/local_setup.dsv
[8.796s] -- Installing: /home/mojiu/ros2_ws/install/example_interfaces_rclcpp/share/example_interfaces_rclcpp/package.dsv
[8.796s] -- Installing: /home/mojiu/ros2_ws/install/example_interfaces_rclcpp/share/ament_index/resource_index/packages/example_interfaces_rclcpp
[8.796s] -- Installing: /home/mojiu/ros2_ws/install/example_interfaces_rclcpp/share/example_interfaces_rclcpp/cmake/example_interfaces_rclcppConfig.cmake
[8.796s] -- Installing: /home/mojiu/ros2_ws/install/example_interfaces_rclcpp/share/example_interfaces_rclcpp/cmake/example_interfaces_rclcppConfig-version.cmake
[8.796s] -- Installing: /home/mojiu/ros2_ws/install/example_interfaces_rclcpp/share/example_interfaces_rclcpp/package.xml
[8.805s] Invoked command in '/home/mojiu/ros2_ws/build/example_interfaces_rclcpp' returned '0': AMENT_PREFIX_PATH=/home/mojiu/ros2_ws/install/example_ros2_interfaces:${AMENT_PREFIX_PATH} CMAKE_PREFIX_PATH=/home/mojiu/ros2_ws/install/example_ros2_interfaces:/home/mojiu/ros2_ws/install/cpp_srvcli:/home/mojiu/ros2_ws/install/tutorial_interfaces:/home/mojiu/ros2_ws/install/polygon_plugins:/home/mojiu/ros2_ws/install/polygon_base:/home/mojiu/ros2_ws/install/more_interfaces:/home/mojiu/ros2_ws/install/example_topic_rclcpp:/home/mojiu/ros2_ws/install/example_service_rclcpp:/home/mojiu/ros2_ws/install/custom_action_cpp:/home/mojiu/ros2_ws/install/custom_action_interfaces:/home/mojiu/ros2_ws/install/cpp_pubsub:/home/mojiu/ros2_ws/install/cpp_parameters:/opt/ros/jazzy/opt/sdformat_vendor:/opt/ros/jazzy/opt/gz_math_vendor:/opt/ros/jazzy/opt/gz_utils_vendor:/opt/ros/jazzy/opt/gz_tools_vendor:/opt/ros/jazzy/opt/gz_cmake_vendor:/opt/ros/jazzy DEBUGINFOD_URLS=https://debuginfod.ubuntu.com LD_LIBRARY_PATH=/home/mojiu/ros2_ws/install/example_ros2_interfaces/lib:${LD_LIBRARY_PATH} PYTHONPATH=/home/mojiu/ros2_ws/install/example_ros2_interfaces/lib/python3.12/site-packages:${PYTHONPATH} /usr/bin/cmake --install /home/mojiu/ros2_ws/build/example_interfaces_rclcpp
