[0.012s] Invoking command in '/home/mojiu/ros2_ws/build/robot_control_interfaces': CMAKE_PREFIX_PATH=${CMAKE_PREFIX_PATH}:/opt/ros/jazzy DEBUGINFOD_URLS=https://debuginfod.ubuntu.com /usr/bin/cmake --build /home/mojiu/ros2_ws/build/robot_control_interfaces -- -j8 -l8
[0.066s] [  2%] Built target robot_control_interfaces__rosidl_generator_type_description
[0.076s] [  2%] Built target ament_cmake_python_copy_robot_control_interfaces
[0.086s] [  5%] Built target robot_control_interfaces__cpp
[0.090s] [ 20%] Built target robot_control_interfaces__rosidl_generator_c
[0.126s] [ 29%] Built target robot_control_interfaces__rosidl_typesupport_c
[0.126s] [ 38%] Built target robot_control_interfaces__rosidl_typesupport_cpp
[0.127s] [ 47%] Built target robot_control_interfaces__rosidl_typesupport_introspection_cpp
[0.130s] [ 55%] Built target robot_control_interfaces__rosidl_typesupport_fastrtps_cpp
[0.132s] [ 64%] Built target robot_control_interfaces__rosidl_typesupport_fastrtps_c
[0.135s] [ 73%] Built target robot_control_interfaces__rosidl_typesupport_introspection_c
[0.155s] [ 73%] Built target robot_control_interfaces
[0.177s] [ 76%] Built target robot_control_interfaces__py
[0.203s] [ 82%] Built target robot_control_interfaces__rosidl_generator_py
[0.235s] [100%] Built target robot_control_interfaces_s__rosidl_typesupport_introspection_c
[0.235s] [100%] Built target robot_control_interfaces_s__rosidl_typesupport_c
[0.235s] [100%] Built target robot_control_interfaces_s__rosidl_typesupport_fastrtps_c
[0.342s] running egg_info
[0.364s] writing robot_control_interfaces.egg-info/PKG-INFO
[0.364s] writing dependency_links to robot_control_interfaces.egg-info/dependency_links.txt
[0.365s] writing top-level names to robot_control_interfaces.egg-info/top_level.txt
[0.438s] reading manifest file 'robot_control_interfaces.egg-info/SOURCES.txt'
[0.438s] writing manifest file 'robot_control_interfaces.egg-info/SOURCES.txt'
[0.466s] [100%] Built target ament_cmake_python_build_robot_control_interfaces_egg
[0.479s] Invoked command in '/home/mojiu/ros2_ws/build/robot_control_interfaces' returned '0': CMAKE_PREFIX_PATH=${CMAKE_PREFIX_PATH}:/opt/ros/jazzy DEBUGINFOD_URLS=https://debuginfod.ubuntu.com /usr/bin/cmake --build /home/mojiu/ros2_ws/build/robot_control_interfaces -- -j8 -l8
[0.491s] Invoking command in '/home/mojiu/ros2_ws/build/robot_control_interfaces': CMAKE_PREFIX_PATH=${CMAKE_PREFIX_PATH}:/opt/ros/jazzy DEBUGINFOD_URLS=https://debuginfod.ubuntu.com /usr/bin/cmake --install /home/mojiu/ros2_ws/build/robot_control_interfaces
[0.499s] -- Install configuration: ""
[0.499s] -- Up-to-date: /home/mojiu/ros2_ws/install/robot_control_interfaces/share/ament_index/resource_index/rosidl_interfaces/robot_control_interfaces
[0.499s] -- Up-to-date: /home/mojiu/ros2_ws/install/robot_control_interfaces/share/robot_control_interfaces/action/MoveRobot.json
[0.499s] -- Up-to-date: /home/mojiu/ros2_ws/install/robot_control_interfaces/include/robot_control_interfaces/robot_control_interfaces
[0.499s] -- Up-to-date: /home/mojiu/ros2_ws/install/robot_control_interfaces/include/robot_control_interfaces/robot_control_interfaces/action
[0.500s] -- Up-to-date: /home/mojiu/ros2_ws/install/robot_control_interfaces/include/robot_control_interfaces/robot_control_interfaces/action/move_robot.h
[0.500s] -- Up-to-date: /home/mojiu/ros2_ws/install/robot_control_interfaces/include/robot_control_interfaces/robot_control_interfaces/action/detail
[0.500s] -- Up-to-date: /home/mojiu/ros2_ws/install/robot_control_interfaces/include/robot_control_interfaces/robot_control_interfaces/action/detail/move_robot__type_support.h
[0.500s] -- Up-to-date: /home/mojiu/ros2_ws/install/robot_control_interfaces/include/robot_control_interfaces/robot_control_interfaces/action/detail/move_robot__type_support.c
[0.500s] -- Up-to-date: /home/mojiu/ros2_ws/install/robot_control_interfaces/include/robot_control_interfaces/robot_control_interfaces/action/detail/move_robot__functions.c
[0.500s] -- Up-to-date: /home/mojiu/ros2_ws/install/robot_control_interfaces/include/robot_control_interfaces/robot_control_interfaces/action/detail/move_robot__functions.h
[0.500s] -- Up-to-date: /home/mojiu/ros2_ws/install/robot_control_interfaces/include/robot_control_interfaces/robot_control_interfaces/action/detail/move_robot__struct.h
[0.500s] -- Up-to-date: /home/mojiu/ros2_ws/install/robot_control_interfaces/include/robot_control_interfaces/robot_control_interfaces/action/detail/move_robot__description.c
[0.500s] -- Up-to-date: /home/mojiu/ros2_ws/install/robot_control_interfaces/include/robot_control_interfaces/robot_control_interfaces/msg
[0.500s] -- Up-to-date: /home/mojiu/ros2_ws/install/robot_control_interfaces/include/robot_control_interfaces/robot_control_interfaces/msg/rosidl_generator_c__visibility_control.h
[0.500s] -- Up-to-date: /home/mojiu/ros2_ws/install/robot_control_interfaces/share/robot_control_interfaces/environment/library_path.sh
[0.500s] -- Up-to-date: /home/mojiu/ros2_ws/install/robot_control_interfaces/share/robot_control_interfaces/environment/library_path.dsv
[0.501s] -- Up-to-date: /home/mojiu/ros2_ws/install/robot_control_interfaces/lib/librobot_control_interfaces__rosidl_generator_c.so
[0.501s] -- Up-to-date: /home/mojiu/ros2_ws/install/robot_control_interfaces/include/robot_control_interfaces/robot_control_interfaces
[0.501s] -- Up-to-date: /home/mojiu/ros2_ws/install/robot_control_interfaces/include/robot_control_interfaces/robot_control_interfaces/action
[0.501s] -- Up-to-date: /home/mojiu/ros2_ws/install/robot_control_interfaces/include/robot_control_interfaces/robot_control_interfaces/action/detail
[0.501s] -- Up-to-date: /home/mojiu/ros2_ws/install/robot_control_interfaces/include/robot_control_interfaces/robot_control_interfaces/action/detail/move_robot__rosidl_typesupport_fastrtps_c.h
[0.501s] -- Up-to-date: /home/mojiu/ros2_ws/install/robot_control_interfaces/include/robot_control_interfaces/robot_control_interfaces/msg
[0.501s] -- Up-to-date: /home/mojiu/ros2_ws/install/robot_control_interfaces/include/robot_control_interfaces/robot_control_interfaces/msg/rosidl_typesupport_fastrtps_c__visibility_control.h
[0.501s] -- Up-to-date: /home/mojiu/ros2_ws/install/robot_control_interfaces/lib/librobot_control_interfaces__rosidl_typesupport_fastrtps_c.so
[0.501s] -- Up-to-date: /home/mojiu/ros2_ws/install/robot_control_interfaces/include/robot_control_interfaces/robot_control_interfaces
[0.501s] -- Up-to-date: /home/mojiu/ros2_ws/install/robot_control_interfaces/include/robot_control_interfaces/robot_control_interfaces/action
[0.501s] -- Up-to-date: /home/mojiu/ros2_ws/install/robot_control_interfaces/include/robot_control_interfaces/robot_control_interfaces/action/detail
[0.501s] -- Up-to-date: /home/mojiu/ros2_ws/install/robot_control_interfaces/include/robot_control_interfaces/robot_control_interfaces/action/detail/move_robot__type_support.c
[0.501s] -- Up-to-date: /home/mojiu/ros2_ws/install/robot_control_interfaces/include/robot_control_interfaces/robot_control_interfaces/action/detail/move_robot__rosidl_typesupport_introspection_c.h
[0.502s] -- Up-to-date: /home/mojiu/ros2_ws/install/robot_control_interfaces/include/robot_control_interfaces/robot_control_interfaces/msg
[0.502s] -- Up-to-date: /home/mojiu/ros2_ws/install/robot_control_interfaces/include/robot_control_interfaces/robot_control_interfaces/msg/rosidl_typesupport_introspection_c__visibility_control.h
[0.502s] -- Up-to-date: /home/mojiu/ros2_ws/install/robot_control_interfaces/lib/librobot_control_interfaces__rosidl_typesupport_introspection_c.so
[0.502s] -- Up-to-date: /home/mojiu/ros2_ws/install/robot_control_interfaces/lib/librobot_control_interfaces__rosidl_typesupport_c.so
[0.502s] -- Up-to-date: /home/mojiu/ros2_ws/install/robot_control_interfaces/include/robot_control_interfaces/robot_control_interfaces
[0.502s] -- Up-to-date: /home/mojiu/ros2_ws/install/robot_control_interfaces/include/robot_control_interfaces/robot_control_interfaces/action
[0.502s] -- Up-to-date: /home/mojiu/ros2_ws/install/robot_control_interfaces/include/robot_control_interfaces/robot_control_interfaces/action/move_robot.hpp
[0.502s] -- Up-to-date: /home/mojiu/ros2_ws/install/robot_control_interfaces/include/robot_control_interfaces/robot_control_interfaces/action/detail
[0.502s] -- Up-to-date: /home/mojiu/ros2_ws/install/robot_control_interfaces/include/robot_control_interfaces/robot_control_interfaces/action/detail/move_robot__builder.hpp
[0.502s] -- Up-to-date: /home/mojiu/ros2_ws/install/robot_control_interfaces/include/robot_control_interfaces/robot_control_interfaces/action/detail/move_robot__struct.hpp
[0.502s] -- Up-to-date: /home/mojiu/ros2_ws/install/robot_control_interfaces/include/robot_control_interfaces/robot_control_interfaces/action/detail/move_robot__traits.hpp
[0.502s] -- Up-to-date: /home/mojiu/ros2_ws/install/robot_control_interfaces/include/robot_control_interfaces/robot_control_interfaces/action/detail/move_robot__type_support.hpp
[0.502s] -- Up-to-date: /home/mojiu/ros2_ws/install/robot_control_interfaces/include/robot_control_interfaces/robot_control_interfaces/msg
[0.503s] -- Up-to-date: /home/mojiu/ros2_ws/install/robot_control_interfaces/include/robot_control_interfaces/robot_control_interfaces/msg/rosidl_generator_cpp__visibility_control.hpp
[0.503s] -- Up-to-date: /home/mojiu/ros2_ws/install/robot_control_interfaces/include/robot_control_interfaces/robot_control_interfaces
[0.503s] -- Up-to-date: /home/mojiu/ros2_ws/install/robot_control_interfaces/include/robot_control_interfaces/robot_control_interfaces/action
[0.503s] -- Up-to-date: /home/mojiu/ros2_ws/install/robot_control_interfaces/include/robot_control_interfaces/robot_control_interfaces/action/detail
[0.503s] -- Up-to-date: /home/mojiu/ros2_ws/install/robot_control_interfaces/include/robot_control_interfaces/robot_control_interfaces/action/detail/dds_fastrtps
[0.503s] -- Up-to-date: /home/mojiu/ros2_ws/install/robot_control_interfaces/include/robot_control_interfaces/robot_control_interfaces/action/detail/move_robot__rosidl_typesupport_fastrtps_cpp.hpp
[0.503s] -- Up-to-date: /home/mojiu/ros2_ws/install/robot_control_interfaces/include/robot_control_interfaces/robot_control_interfaces/msg
[0.503s] -- Up-to-date: /home/mojiu/ros2_ws/install/robot_control_interfaces/include/robot_control_interfaces/robot_control_interfaces/msg/rosidl_typesupport_fastrtps_cpp__visibility_control.h
[0.503s] -- Up-to-date: /home/mojiu/ros2_ws/install/robot_control_interfaces/lib/librobot_control_interfaces__rosidl_typesupport_fastrtps_cpp.so
[0.503s] -- Up-to-date: /home/mojiu/ros2_ws/install/robot_control_interfaces/include/robot_control_interfaces/robot_control_interfaces
[0.503s] -- Up-to-date: /home/mojiu/ros2_ws/install/robot_control_interfaces/include/robot_control_interfaces/robot_control_interfaces/action
[0.503s] -- Up-to-date: /home/mojiu/ros2_ws/install/robot_control_interfaces/include/robot_control_interfaces/robot_control_interfaces/action/detail
[0.503s] -- Up-to-date: /home/mojiu/ros2_ws/install/robot_control_interfaces/include/robot_control_interfaces/robot_control_interfaces/action/detail/move_robot__rosidl_typesupport_introspection_cpp.hpp
[0.504s] -- Up-to-date: /home/mojiu/ros2_ws/install/robot_control_interfaces/include/robot_control_interfaces/robot_control_interfaces/action/detail/move_robot__type_support.cpp
[0.504s] -- Up-to-date: /home/mojiu/ros2_ws/install/robot_control_interfaces/lib/librobot_control_interfaces__rosidl_typesupport_introspection_cpp.so
[0.504s] -- Up-to-date: /home/mojiu/ros2_ws/install/robot_control_interfaces/lib/librobot_control_interfaces__rosidl_typesupport_cpp.so
[0.504s] -- Up-to-date: /home/mojiu/ros2_ws/install/robot_control_interfaces/share/robot_control_interfaces/environment/pythonpath.sh
[0.504s] -- Up-to-date: /home/mojiu/ros2_ws/install/robot_control_interfaces/share/robot_control_interfaces/environment/pythonpath.dsv
[0.504s] -- Up-to-date: /home/mojiu/ros2_ws/install/robot_control_interfaces/lib/python3.12/site-packages/robot_control_interfaces-0.0.0-py3.12.egg-info
[0.504s] -- Installing: /home/mojiu/ros2_ws/install/robot_control_interfaces/lib/python3.12/site-packages/robot_control_interfaces-0.0.0-py3.12.egg-info/PKG-INFO
[0.504s] -- Installing: /home/mojiu/ros2_ws/install/robot_control_interfaces/lib/python3.12/site-packages/robot_control_interfaces-0.0.0-py3.12.egg-info/SOURCES.txt
[0.504s] -- Installing: /home/mojiu/ros2_ws/install/robot_control_interfaces/lib/python3.12/site-packages/robot_control_interfaces-0.0.0-py3.12.egg-info/top_level.txt
[0.504s] -- Installing: /home/mojiu/ros2_ws/install/robot_control_interfaces/lib/python3.12/site-packages/robot_control_interfaces-0.0.0-py3.12.egg-info/dependency_links.txt
[0.504s] -- Up-to-date: /home/mojiu/ros2_ws/install/robot_control_interfaces/lib/python3.12/site-packages/robot_control_interfaces
[0.505s] -- Up-to-date: /home/mojiu/ros2_ws/install/robot_control_interfaces/lib/python3.12/site-packages/robot_control_interfaces/robot_control_interfaces_s__rosidl_typesupport_fastrtps_c.so
[0.505s] -- Up-to-date: /home/mojiu/ros2_ws/install/robot_control_interfaces/lib/python3.12/site-packages/robot_control_interfaces/action
[0.505s] -- Up-to-date: /home/mojiu/ros2_ws/install/robot_control_interfaces/lib/python3.12/site-packages/robot_control_interfaces/action/_move_robot.py
[0.505s] -- Up-to-date: /home/mojiu/ros2_ws/install/robot_control_interfaces/lib/python3.12/site-packages/robot_control_interfaces/action/_move_robot_s.c
[0.505s] -- Up-to-date: /home/mojiu/ros2_ws/install/robot_control_interfaces/lib/python3.12/site-packages/robot_control_interfaces/action/__init__.py
[0.505s] -- Up-to-date: /home/mojiu/ros2_ws/install/robot_control_interfaces/lib/python3.12/site-packages/robot_control_interfaces/__init__.py
[0.505s] -- Up-to-date: /home/mojiu/ros2_ws/install/robot_control_interfaces/lib/python3.12/site-packages/robot_control_interfaces/_robot_control_interfaces_s.ep.rosidl_typesupport_c.c
[0.505s] -- Up-to-date: /home/mojiu/ros2_ws/install/robot_control_interfaces/lib/python3.12/site-packages/robot_control_interfaces/robot_control_interfaces_s__rosidl_typesupport_c.so
[0.505s] -- Up-to-date: /home/mojiu/ros2_ws/install/robot_control_interfaces/lib/python3.12/site-packages/robot_control_interfaces/_robot_control_interfaces_s.ep.rosidl_typesupport_fastrtps_c.c
[0.505s] -- Up-to-date: /home/mojiu/ros2_ws/install/robot_control_interfaces/lib/python3.12/site-packages/robot_control_interfaces/robot_control_interfaces_s__rosidl_typesupport_introspection_c.so
[0.505s] -- Up-to-date: /home/mojiu/ros2_ws/install/robot_control_interfaces/lib/python3.12/site-packages/robot_control_interfaces/_robot_control_interfaces_s.ep.rosidl_typesupport_introspection_c.c
[0.545s] Listing '/home/mojiu/ros2_ws/install/robot_control_interfaces/lib/python3.12/site-packages/robot_control_interfaces'...
[0.545s] Listing '/home/mojiu/ros2_ws/install/robot_control_interfaces/lib/python3.12/site-packages/robot_control_interfaces/action'...
[0.550s] -- Up-to-date: /home/mojiu/ros2_ws/install/robot_control_interfaces/lib/python3.12/site-packages/robot_control_interfaces/robot_control_interfaces_s__rosidl_typesupport_fastrtps_c.so
[0.550s] -- Up-to-date: /home/mojiu/ros2_ws/install/robot_control_interfaces/lib/python3.12/site-packages/robot_control_interfaces/robot_control_interfaces_s__rosidl_typesupport_introspection_c.so
[0.551s] -- Up-to-date: /home/mojiu/ros2_ws/install/robot_control_interfaces/lib/python3.12/site-packages/robot_control_interfaces/robot_control_interfaces_s__rosidl_typesupport_c.so
[0.551s] -- Up-to-date: /home/mojiu/ros2_ws/install/robot_control_interfaces/lib/librobot_control_interfaces__rosidl_generator_py.so
[0.551s] -- Up-to-date: /home/mojiu/ros2_ws/install/robot_control_interfaces/share/robot_control_interfaces/action/MoveRobot.idl
[0.552s] -- Up-to-date: /home/mojiu/ros2_ws/install/robot_control_interfaces/share/robot_control_interfaces/action/MoveRobot.action
[0.552s] -- Up-to-date: /home/mojiu/ros2_ws/install/robot_control_interfaces/share/ament_index/resource_index/package_run_dependencies/robot_control_interfaces
[0.552s] -- Up-to-date: /home/mojiu/ros2_ws/install/robot_control_interfaces/share/ament_index/resource_index/parent_prefix_path/robot_control_interfaces
[0.552s] -- Up-to-date: /home/mojiu/ros2_ws/install/robot_control_interfaces/share/robot_control_interfaces/environment/ament_prefix_path.sh
[0.552s] -- Up-to-date: /home/mojiu/ros2_ws/install/robot_control_interfaces/share/robot_control_interfaces/environment/ament_prefix_path.dsv
[0.552s] -- Up-to-date: /home/mojiu/ros2_ws/install/robot_control_interfaces/share/robot_control_interfaces/environment/path.sh
[0.552s] -- Up-to-date: /home/mojiu/ros2_ws/install/robot_control_interfaces/share/robot_control_interfaces/environment/path.dsv
[0.553s] -- Up-to-date: /home/mojiu/ros2_ws/install/robot_control_interfaces/share/robot_control_interfaces/local_setup.bash
[0.553s] -- Up-to-date: /home/mojiu/ros2_ws/install/robot_control_interfaces/share/robot_control_interfaces/local_setup.sh
[0.553s] -- Up-to-date: /home/mojiu/ros2_ws/install/robot_control_interfaces/share/robot_control_interfaces/local_setup.zsh
[0.553s] -- Up-to-date: /home/mojiu/ros2_ws/install/robot_control_interfaces/share/robot_control_interfaces/local_setup.dsv
[0.553s] -- Installing: /home/mojiu/ros2_ws/install/robot_control_interfaces/share/robot_control_interfaces/package.dsv
[0.553s] -- Up-to-date: /home/mojiu/ros2_ws/install/robot_control_interfaces/share/ament_index/resource_index/packages/robot_control_interfaces
[0.553s] -- Up-to-date: /home/mojiu/ros2_ws/install/robot_control_interfaces/share/robot_control_interfaces/cmake/export_robot_control_interfaces__rosidl_generator_cExport.cmake
[0.553s] -- Up-to-date: /home/mojiu/ros2_ws/install/robot_control_interfaces/share/robot_control_interfaces/cmake/export_robot_control_interfaces__rosidl_generator_cExport-noconfig.cmake
[0.554s] -- Up-to-date: /home/mojiu/ros2_ws/install/robot_control_interfaces/share/robot_control_interfaces/cmake/export_robot_control_interfaces__rosidl_typesupport_fastrtps_cExport.cmake
[0.554s] -- Up-to-date: /home/mojiu/ros2_ws/install/robot_control_interfaces/share/robot_control_interfaces/cmake/export_robot_control_interfaces__rosidl_typesupport_fastrtps_cExport-noconfig.cmake
[0.554s] -- Up-to-date: /home/mojiu/ros2_ws/install/robot_control_interfaces/share/robot_control_interfaces/cmake/robot_control_interfaces__rosidl_typesupport_introspection_cExport.cmake
[0.554s] -- Up-to-date: /home/mojiu/ros2_ws/install/robot_control_interfaces/share/robot_control_interfaces/cmake/robot_control_interfaces__rosidl_typesupport_introspection_cExport-noconfig.cmake
[0.554s] -- Up-to-date: /home/mojiu/ros2_ws/install/robot_control_interfaces/share/robot_control_interfaces/cmake/robot_control_interfaces__rosidl_typesupport_cExport.cmake
[0.554s] -- Up-to-date: /home/mojiu/ros2_ws/install/robot_control_interfaces/share/robot_control_interfaces/cmake/robot_control_interfaces__rosidl_typesupport_cExport-noconfig.cmake
[0.554s] -- Up-to-date: /home/mojiu/ros2_ws/install/robot_control_interfaces/share/robot_control_interfaces/cmake/export_robot_control_interfaces__rosidl_generator_cppExport.cmake
[0.554s] -- Up-to-date: /home/mojiu/ros2_ws/install/robot_control_interfaces/share/robot_control_interfaces/cmake/export_robot_control_interfaces__rosidl_typesupport_fastrtps_cppExport.cmake
[0.554s] -- Up-to-date: /home/mojiu/ros2_ws/install/robot_control_interfaces/share/robot_control_interfaces/cmake/export_robot_control_interfaces__rosidl_typesupport_fastrtps_cppExport-noconfig.cmake
[0.554s] -- Up-to-date: /home/mojiu/ros2_ws/install/robot_control_interfaces/share/robot_control_interfaces/cmake/robot_control_interfaces__rosidl_typesupport_introspection_cppExport.cmake
[0.555s] -- Up-to-date: /home/mojiu/ros2_ws/install/robot_control_interfaces/share/robot_control_interfaces/cmake/robot_control_interfaces__rosidl_typesupport_introspection_cppExport-noconfig.cmake
[0.555s] -- Up-to-date: /home/mojiu/ros2_ws/install/robot_control_interfaces/share/robot_control_interfaces/cmake/robot_control_interfaces__rosidl_typesupport_cppExport.cmake
[0.555s] -- Up-to-date: /home/mojiu/ros2_ws/install/robot_control_interfaces/share/robot_control_interfaces/cmake/robot_control_interfaces__rosidl_typesupport_cppExport-noconfig.cmake
[0.555s] -- Up-to-date: /home/mojiu/ros2_ws/install/robot_control_interfaces/share/robot_control_interfaces/cmake/export_robot_control_interfaces__rosidl_generator_pyExport.cmake
[0.555s] -- Up-to-date: /home/mojiu/ros2_ws/install/robot_control_interfaces/share/robot_control_interfaces/cmake/export_robot_control_interfaces__rosidl_generator_pyExport-noconfig.cmake
[0.555s] -- Up-to-date: /home/mojiu/ros2_ws/install/robot_control_interfaces/share/robot_control_interfaces/cmake/rosidl_cmake-extras.cmake
[0.555s] -- Up-to-date: /home/mojiu/ros2_ws/install/robot_control_interfaces/share/robot_control_interfaces/cmake/ament_cmake_export_dependencies-extras.cmake
[0.556s] -- Up-to-date: /home/mojiu/ros2_ws/install/robot_control_interfaces/share/robot_control_interfaces/cmake/ament_cmake_export_include_directories-extras.cmake
[0.556s] -- Up-to-date: /home/mojiu/ros2_ws/install/robot_control_interfaces/share/robot_control_interfaces/cmake/ament_cmake_export_libraries-extras.cmake
[0.556s] -- Up-to-date: /home/mojiu/ros2_ws/install/robot_control_interfaces/share/robot_control_interfaces/cmake/ament_cmake_export_targets-extras.cmake
[0.556s] -- Up-to-date: /home/mojiu/ros2_ws/install/robot_control_interfaces/share/robot_control_interfaces/cmake/rosidl_cmake_export_typesupport_targets-extras.cmake
[0.556s] -- Up-to-date: /home/mojiu/ros2_ws/install/robot_control_interfaces/share/robot_control_interfaces/cmake/rosidl_cmake_export_typesupport_libraries-extras.cmake
[0.556s] -- Up-to-date: /home/mojiu/ros2_ws/install/robot_control_interfaces/share/robot_control_interfaces/cmake/robot_control_interfacesConfig.cmake
[0.556s] -- Up-to-date: /home/mojiu/ros2_ws/install/robot_control_interfaces/share/robot_control_interfaces/cmake/robot_control_interfacesConfig-version.cmake
[0.556s] -- Up-to-date: /home/mojiu/ros2_ws/install/robot_control_interfaces/share/robot_control_interfaces/package.xml
[0.558s] Invoked command in '/home/mojiu/ros2_ws/build/robot_control_interfaces' returned '0': CMAKE_PREFIX_PATH=${CMAKE_PREFIX_PATH}:/opt/ros/jazzy DEBUGINFOD_URLS=https://debuginfod.ubuntu.com /usr/bin/cmake --install /home/mojiu/ros2_ws/build/robot_control_interfaces
