[0.007s] Invoking command in '/home/mojiu/ros2_ws/build/polygon_plugins': AMENT_PREFIX_PATH=/home/mojiu/ros2_ws/install/polygon_base:${AMENT_PREFIX_PATH} CMAKE_PREFIX_PATH=/home/mojiu/ros2_ws/install/polygon_base:/opt/ros/jazzy/opt/gz_math_vendor:/opt/ros/jazzy/opt/gz_utils_vendor:/opt/ros/jazzy/opt/gz_cmake_vendor:/opt/ros/jazzy DEBUGINFOD_URLS=https://debuginfod.ubuntu.com /usr/bin/cmake /home/mojiu/ros2_ws/src/polygon_plugins -DCMAKE_INSTALL_PREFIX=/home/mojiu/ros2_ws/install/polygon_plugins
[0.059s] -- The C compiler identification is GNU 13.2.0
[0.119s] -- The CXX compiler identification is GNU 13.2.0
[0.135s] -- Detecting C compiler ABI info
[0.218s] -- Detecting C compiler ABI info - done
[0.230s] -- Check for working C compiler: /usr/bin/cc - skipped
[0.231s] -- Detecting C compile features
[0.231s] -- Detecting C compile features - done
[0.239s] -- Detecting CXX compiler ABI info
[0.336s] -- Detecting CXX compiler ABI info - done
[0.350s] -- Check for working CXX compiler: /usr/bin/c++ - skipped
[0.350s] -- Detecting CXX compile features
[0.351s] -- Detecting CXX compile features - done
[0.355s] -- Found ament_cmake: 2.5.2 (/opt/ros/jazzy/share/ament_cmake/cmake)
[0.492s] -- Found Python3: /usr/bin/python3 (found version "3.12.3") found components: Interpreter 
[0.601s] -- Found ament_cmake_ros: 0.12.0 (/opt/ros/jazzy/share/ament_cmake_ros/cmake)
[0.612s] -- Found polygon_base: 0.0.0 (/home/mojiu/ros2_ws/install/polygon_base/share/polygon_base/cmake)
[0.614s] -- Found pluginlib: 5.4.2 (/opt/ros/jazzy/share/pluginlib/cmake)
[0.659s] -- Found TinyXML2 via Config file: /usr/lib/x86_64-linux-gnu/cmake/tinyxml2
[0.664s] -- Found ament_lint_auto: 0.17.1 (/opt/ros/jazzy/share/ament_lint_auto/cmake)
[0.774s] -- Added test 'cppcheck' to perform static code analysis on C / C++ code
[0.774s] -- Configured cppcheck include dirs: $<BUILD_INTERFACE:/home/mojiu/ros2_ws/src/polygon_plugins/include>
[0.775s] -- Configured cppcheck exclude dirs and/or files: 
[0.776s] -- Added test 'lint_cmake' to check CMake code style
[0.777s] -- Added test 'uncrustify' to check C / C++ code style
[0.778s] -- Configured uncrustify additional arguments: 
[0.778s] -- Added test 'xmllint' to check XML markup files
[0.783s] -- Configuring done (0.8s)
[0.795s] -- Generating done (0.0s)
[0.795s] -- Build files have been written to: /home/mojiu/ros2_ws/build/polygon_plugins
[0.806s] Invoked command in '/home/mojiu/ros2_ws/build/polygon_plugins' returned '0': AMENT_PREFIX_PATH=/home/mojiu/ros2_ws/install/polygon_base:${AMENT_PREFIX_PATH} CMAKE_PREFIX_PATH=/home/mojiu/ros2_ws/install/polygon_base:/opt/ros/jazzy/opt/gz_math_vendor:/opt/ros/jazzy/opt/gz_utils_vendor:/opt/ros/jazzy/opt/gz_cmake_vendor:/opt/ros/jazzy DEBUGINFOD_URLS=https://debuginfod.ubuntu.com /usr/bin/cmake /home/mojiu/ros2_ws/src/polygon_plugins -DCMAKE_INSTALL_PREFIX=/home/mojiu/ros2_ws/install/polygon_plugins
[0.806s] Invoking command in '/home/mojiu/ros2_ws/build/polygon_plugins': AMENT_PREFIX_PATH=/home/mojiu/ros2_ws/install/polygon_base:${AMENT_PREFIX_PATH} CMAKE_PREFIX_PATH=/home/mojiu/ros2_ws/install/polygon_base:/opt/ros/jazzy/opt/gz_math_vendor:/opt/ros/jazzy/opt/gz_utils_vendor:/opt/ros/jazzy/opt/gz_cmake_vendor:/opt/ros/jazzy DEBUGINFOD_URLS=https://debuginfod.ubuntu.com /usr/bin/cmake --build /home/mojiu/ros2_ws/build/polygon_plugins -- -j8 -l8
[0.864s] [ 50%] [32mBuilding CXX object CMakeFiles/polygon_plugins.dir/src/polygon_plugins.cpp.o[0m
[1.714s] [100%] [32m[1mLinking CXX shared library libpolygon_plugins.so[0m
[1.798s] [100%] Built target polygon_plugins
[1.808s] Invoked command in '/home/mojiu/ros2_ws/build/polygon_plugins' returned '0': AMENT_PREFIX_PATH=/home/mojiu/ros2_ws/install/polygon_base:${AMENT_PREFIX_PATH} CMAKE_PREFIX_PATH=/home/mojiu/ros2_ws/install/polygon_base:/opt/ros/jazzy/opt/gz_math_vendor:/opt/ros/jazzy/opt/gz_utils_vendor:/opt/ros/jazzy/opt/gz_cmake_vendor:/opt/ros/jazzy DEBUGINFOD_URLS=https://debuginfod.ubuntu.com /usr/bin/cmake --build /home/mojiu/ros2_ws/build/polygon_plugins -- -j8 -l8
[1.830s] Invoking command in '/home/mojiu/ros2_ws/build/polygon_plugins': AMENT_PREFIX_PATH=/home/mojiu/ros2_ws/install/polygon_base:${AMENT_PREFIX_PATH} CMAKE_PREFIX_PATH=/home/mojiu/ros2_ws/install/polygon_base:/opt/ros/jazzy/opt/gz_math_vendor:/opt/ros/jazzy/opt/gz_utils_vendor:/opt/ros/jazzy/opt/gz_cmake_vendor:/opt/ros/jazzy DEBUGINFOD_URLS=https://debuginfod.ubuntu.com /usr/bin/cmake --install /home/mojiu/ros2_ws/build/polygon_plugins
[1.837s] -- Install configuration: ""
[1.837s] -- Installing: /home/mojiu/ros2_ws/install/polygon_plugins/share/polygon_plugins/plugins.xml
[1.837s] -- Installing: /home/mojiu/ros2_ws/install/polygon_plugins/include/polygon_plugins
[1.837s] -- Installing: /home/mojiu/ros2_ws/install/polygon_plugins/include/polygon_plugins/polygon_plugins
[1.837s] -- Installing: /home/mojiu/ros2_ws/install/polygon_plugins/include/polygon_plugins/polygon_plugins/visibility_control.h
[1.837s] -- Installing: /home/mojiu/ros2_ws/install/polygon_plugins/include/polygon_plugins/polygon_plugins/polygon_plugins.hpp
[1.838s] -- Installing: /home/mojiu/ros2_ws/install/polygon_plugins/lib/libpolygon_plugins.so
[1.838s] -- Set non-toolchain portion of runtime path of "/home/mojiu/ros2_ws/install/polygon_plugins/lib/libpolygon_plugins.so" to ""
[1.838s] -- Installing: /home/mojiu/ros2_ws/install/polygon_plugins/share/polygon_plugins/environment/library_path.sh
[1.839s] -- Installing: /home/mojiu/ros2_ws/install/polygon_plugins/share/polygon_plugins/environment/library_path.dsv
[1.839s] -- Installing: /home/mojiu/ros2_ws/install/polygon_plugins/share/ament_index/resource_index/package_run_dependencies/polygon_plugins
[1.839s] -- Installing: /home/mojiu/ros2_ws/install/polygon_plugins/share/ament_index/resource_index/parent_prefix_path/polygon_plugins
[1.839s] -- Installing: /home/mojiu/ros2_ws/install/polygon_plugins/share/polygon_plugins/environment/ament_prefix_path.sh
[1.839s] -- Installing: /home/mojiu/ros2_ws/install/polygon_plugins/share/polygon_plugins/environment/ament_prefix_path.dsv
[1.839s] -- Installing: /home/mojiu/ros2_ws/install/polygon_plugins/share/polygon_plugins/environment/path.sh
[1.839s] -- Installing: /home/mojiu/ros2_ws/install/polygon_plugins/share/polygon_plugins/environment/path.dsv
[1.839s] -- Installing: /home/mojiu/ros2_ws/install/polygon_plugins/share/polygon_plugins/local_setup.bash
[1.840s] -- Installing: /home/mojiu/ros2_ws/install/polygon_plugins/share/polygon_plugins/local_setup.sh
[1.840s] -- Installing: /home/mojiu/ros2_ws/install/polygon_plugins/share/polygon_plugins/local_setup.zsh
[1.840s] -- Installing: /home/mojiu/ros2_ws/install/polygon_plugins/share/polygon_plugins/local_setup.dsv
[1.840s] -- Installing: /home/mojiu/ros2_ws/install/polygon_plugins/share/polygon_plugins/package.dsv
[1.840s] -- Installing: /home/mojiu/ros2_ws/install/polygon_plugins/share/ament_index/resource_index/packages/polygon_plugins
[1.840s] -- Installing: /home/mojiu/ros2_ws/install/polygon_plugins/share/ament_index/resource_index/polygon_base__pluginlib__plugin/polygon_plugins
[1.841s] -- Installing: /home/mojiu/ros2_ws/install/polygon_plugins/share/polygon_plugins/cmake/export_polygon_pluginsExport.cmake
[1.841s] -- Installing: /home/mojiu/ros2_ws/install/polygon_plugins/share/polygon_plugins/cmake/export_polygon_pluginsExport-noconfig.cmake
[1.841s] -- Installing: /home/mojiu/ros2_ws/install/polygon_plugins/share/polygon_plugins/cmake/ament_cmake_export_include_directories-extras.cmake
[1.841s] -- Installing: /home/mojiu/ros2_ws/install/polygon_plugins/share/polygon_plugins/cmake/ament_cmake_export_libraries-extras.cmake
[1.841s] -- Installing: /home/mojiu/ros2_ws/install/polygon_plugins/share/polygon_plugins/cmake/ament_cmake_export_targets-extras.cmake
[1.842s] -- Installing: /home/mojiu/ros2_ws/install/polygon_plugins/share/polygon_plugins/cmake/polygon_pluginsConfig.cmake
[1.842s] -- Installing: /home/mojiu/ros2_ws/install/polygon_plugins/share/polygon_plugins/cmake/polygon_pluginsConfig-version.cmake
[1.842s] -- Installing: /home/mojiu/ros2_ws/install/polygon_plugins/share/polygon_plugins/package.xml
[1.844s] Invoked command in '/home/mojiu/ros2_ws/build/polygon_plugins' returned '0': AMENT_PREFIX_PATH=/home/mojiu/ros2_ws/install/polygon_base:${AMENT_PREFIX_PATH} CMAKE_PREFIX_PATH=/home/mojiu/ros2_ws/install/polygon_base:/opt/ros/jazzy/opt/gz_math_vendor:/opt/ros/jazzy/opt/gz_utils_vendor:/opt/ros/jazzy/opt/gz_cmake_vendor:/opt/ros/jazzy DEBUGINFOD_URLS=https://debuginfod.ubuntu.com /usr/bin/cmake --install /home/mojiu/ros2_ws/build/polygon_plugins
