[0.024s] Invoking command in '/home/mojiu/ros2_ws/build/custom_action_cpp': AMENT_PREFIX_PATH=/home/mojiu/ros2_ws/install/custom_action_interfaces:${AMENT_PREFIX_PATH} CMAKE_PREFIX_PATH=/home/mojiu/ros2_ws/install/custom_action_interfaces:/opt/ros/jazzy/opt/gz_math_vendor:/opt/ros/jazzy/opt/gz_utils_vendor:/opt/ros/jazzy/opt/gz_cmake_vendor:/opt/ros/jazzy DEBUGINFOD_URLS=https://debuginfod.ubuntu.com LD_LIBRARY_PATH=/home/mojiu/ros2_ws/install/custom_action_interfaces/lib:${LD_LIBRARY_PATH} PYTHONPATH=/home/mojiu/ros2_ws/install/custom_action_interfaces/lib/python3.12/site-packages:${PYTHONPATH} /usr/bin/cmake --build /home/mojiu/ros2_ws/build/custom_action_cpp -- -j8 -l8
[0.054s] -- Found ament_cmake: 2.5.2 (/opt/ros/jazzy/share/ament_cmake/cmake)
[0.350s] -- Found custom_action_interfaces: 0.0.0 (/home/mojiu/ros2_ws/install/custom_action_interfaces/share/custom_action_interfaces/cmake)
[0.399s] -- Found rosidl_generator_c: 4.6.4 (/opt/ros/jazzy/share/rosidl_generator_c/cmake)
[0.419s] -- Found rosidl_generator_cpp: 4.6.4 (/opt/ros/jazzy/share/rosidl_generator_cpp/cmake)
[0.444s] -- Using all available rosidl_typesupport_c: rosidl_typesupport_fastrtps_c;rosidl_typesupport_introspection_c
[0.472s] -- Using all available rosidl_typesupport_cpp: rosidl_typesupport_fastrtps_cpp;rosidl_typesupport_introspection_cpp
[0.588s] -- Found rclcpp: 28.1.5 (/opt/ros/jazzy/share/rclcpp/cmake)
[0.638s] -- Found rmw_implementation_cmake: 7.3.1 (/opt/ros/jazzy/share/rmw_implementation_cmake/cmake)
[0.640s] -- Found rmw_fastrtps_cpp: 8.4.1 (/opt/ros/jazzy/share/rmw_fastrtps_cpp/cmake)
[0.712s] -- Using RMW implementation 'rmw_fastrtps_cpp' as default
[0.790s] -- Found rclcpp_action: 28.1.5 (/opt/ros/jazzy/share/rclcpp_action/cmake)
[0.802s] -- Found rclcpp_components: 28.1.5 (/opt/ros/jazzy/share/rclcpp_components/cmake)
[0.841s] -- Found ament_lint_auto: 0.17.1 (/opt/ros/jazzy/share/ament_lint_auto/cmake)
[0.945s] -- Added test 'cppcheck' to perform static code analysis on C / C++ code
[0.946s] -- Configured cppcheck include dirs: $<BUILD_INTERFACE:/home/mojiu/ros2_ws/src/custom_action_cpp/include>
[0.946s] -- Configured cppcheck exclude dirs and/or files: 
[0.946s] -- Added test 'lint_cmake' to check CMake code style
[0.947s] -- Added test 'uncrustify' to check C / C++ code style
[0.948s] -- Configured uncrustify additional arguments: 
[0.948s] -- Added test 'xmllint' to check XML markup files
[0.949s] -- Configuring done (0.9s)
[0.986s] -- Generating done (0.0s)
[0.988s] -- Build files have been written to: /home/mojiu/ros2_ws/build/custom_action_cpp
[1.052s] [ 12%] [32mBuilding CXX object CMakeFiles/action_client.dir/src/fibonacci_action_client.cpp.o[0m
[1.052s] [ 25%] [32mBuilding CXX object CMakeFiles/fibonacci_action_client.dir/rclcpp_components/node_main_fibonacci_action_client.cpp.o[0m
[1.065s] [ 50%] Built target fibonacci_action_server
[1.067s] [ 75%] Built target action_server
[5.027s] [ 87%] [32m[1mLinking CXX executable fibonacci_action_client[0m
[5.156s] [ 87%] Built target fibonacci_action_client
[6.309s] [100%] [32m[1mLinking CXX shared library libaction_client.so[0m
[6.478s] [100%] Built target action_client
[6.488s] Invoked command in '/home/mojiu/ros2_ws/build/custom_action_cpp' returned '0': AMENT_PREFIX_PATH=/home/mojiu/ros2_ws/install/custom_action_interfaces:${AMENT_PREFIX_PATH} CMAKE_PREFIX_PATH=/home/mojiu/ros2_ws/install/custom_action_interfaces:/opt/ros/jazzy/opt/gz_math_vendor:/opt/ros/jazzy/opt/gz_utils_vendor:/opt/ros/jazzy/opt/gz_cmake_vendor:/opt/ros/jazzy DEBUGINFOD_URLS=https://debuginfod.ubuntu.com LD_LIBRARY_PATH=/home/mojiu/ros2_ws/install/custom_action_interfaces/lib:${LD_LIBRARY_PATH} PYTHONPATH=/home/mojiu/ros2_ws/install/custom_action_interfaces/lib/python3.12/site-packages:${PYTHONPATH} /usr/bin/cmake --build /home/mojiu/ros2_ws/build/custom_action_cpp -- -j8 -l8
[6.518s] Invoking command in '/home/mojiu/ros2_ws/build/custom_action_cpp': AMENT_PREFIX_PATH=/home/mojiu/ros2_ws/install/custom_action_interfaces:${AMENT_PREFIX_PATH} CMAKE_PREFIX_PATH=/home/mojiu/ros2_ws/install/custom_action_interfaces:/opt/ros/jazzy/opt/gz_math_vendor:/opt/ros/jazzy/opt/gz_utils_vendor:/opt/ros/jazzy/opt/gz_cmake_vendor:/opt/ros/jazzy DEBUGINFOD_URLS=https://debuginfod.ubuntu.com LD_LIBRARY_PATH=/home/mojiu/ros2_ws/install/custom_action_interfaces/lib:${LD_LIBRARY_PATH} PYTHONPATH=/home/mojiu/ros2_ws/install/custom_action_interfaces/lib/python3.12/site-packages:${PYTHONPATH} /usr/bin/cmake --install /home/mojiu/ros2_ws/build/custom_action_cpp
[6.526s] -- Install configuration: ""
[6.526s] -- Up-to-date: /home/mojiu/ros2_ws/install/custom_action_cpp/lib/custom_action_cpp/fibonacci_action_server
[6.527s] -- Up-to-date: /home/mojiu/ros2_ws/install/custom_action_cpp/lib/libaction_server.so
[6.527s] -- Installing: /home/mojiu/ros2_ws/install/custom_action_cpp/lib/custom_action_cpp/fibonacci_action_client
[6.528s] -- Set non-toolchain portion of runtime path of "/home/mojiu/ros2_ws/install/custom_action_cpp/lib/custom_action_cpp/fibonacci_action_client" to ""
[6.528s] -- Installing: /home/mojiu/ros2_ws/install/custom_action_cpp/lib/libaction_client.so
[6.529s] -- Set non-toolchain portion of runtime path of "/home/mojiu/ros2_ws/install/custom_action_cpp/lib/libaction_client.so" to ""
[6.529s] -- Up-to-date: /home/mojiu/ros2_ws/install/custom_action_cpp/share/ament_index/resource_index/package_run_dependencies/custom_action_cpp
[6.529s] -- Installing: /home/mojiu/ros2_ws/install/custom_action_cpp/share/ament_index/resource_index/parent_prefix_path/custom_action_cpp
[6.530s] -- Up-to-date: /home/mojiu/ros2_ws/install/custom_action_cpp/share/custom_action_cpp/environment/ament_prefix_path.sh
[6.530s] -- Up-to-date: /home/mojiu/ros2_ws/install/custom_action_cpp/share/custom_action_cpp/environment/ament_prefix_path.dsv
[6.530s] -- Up-to-date: /home/mojiu/ros2_ws/install/custom_action_cpp/share/custom_action_cpp/environment/path.sh
[6.530s] -- Up-to-date: /home/mojiu/ros2_ws/install/custom_action_cpp/share/custom_action_cpp/environment/path.dsv
[6.530s] -- Up-to-date: /home/mojiu/ros2_ws/install/custom_action_cpp/share/custom_action_cpp/local_setup.bash
[6.530s] -- Up-to-date: /home/mojiu/ros2_ws/install/custom_action_cpp/share/custom_action_cpp/local_setup.sh
[6.530s] -- Up-to-date: /home/mojiu/ros2_ws/install/custom_action_cpp/share/custom_action_cpp/local_setup.zsh
[6.531s] -- Up-to-date: /home/mojiu/ros2_ws/install/custom_action_cpp/share/custom_action_cpp/local_setup.dsv
[6.531s] -- Installing: /home/mojiu/ros2_ws/install/custom_action_cpp/share/custom_action_cpp/package.dsv
[6.531s] -- Up-to-date: /home/mojiu/ros2_ws/install/custom_action_cpp/share/ament_index/resource_index/packages/custom_action_cpp
[6.531s] -- Installing: /home/mojiu/ros2_ws/install/custom_action_cpp/share/ament_index/resource_index/rclcpp_components/custom_action_cpp
[6.531s] -- Up-to-date: /home/mojiu/ros2_ws/install/custom_action_cpp/share/custom_action_cpp/cmake/custom_action_cppConfig.cmake
[6.531s] -- Up-to-date: /home/mojiu/ros2_ws/install/custom_action_cpp/share/custom_action_cpp/cmake/custom_action_cppConfig-version.cmake
[6.531s] -- Up-to-date: /home/mojiu/ros2_ws/install/custom_action_cpp/share/custom_action_cpp/package.xml
[6.532s] Invoked command in '/home/mojiu/ros2_ws/build/custom_action_cpp' returned '0': AMENT_PREFIX_PATH=/home/mojiu/ros2_ws/install/custom_action_interfaces:${AMENT_PREFIX_PATH} CMAKE_PREFIX_PATH=/home/mojiu/ros2_ws/install/custom_action_interfaces:/opt/ros/jazzy/opt/gz_math_vendor:/opt/ros/jazzy/opt/gz_utils_vendor:/opt/ros/jazzy/opt/gz_cmake_vendor:/opt/ros/jazzy DEBUGINFOD_URLS=https://debuginfod.ubuntu.com LD_LIBRARY_PATH=/home/mojiu/ros2_ws/install/custom_action_interfaces/lib:${LD_LIBRARY_PATH} PYTHONPATH=/home/mojiu/ros2_ws/install/custom_action_interfaces/lib/python3.12/site-packages:${PYTHONPATH} /usr/bin/cmake --install /home/mojiu/ros2_ws/build/custom_action_cpp
