[0.116s] DEBUG:colcon:Command line arguments: ['/usr/bin/colcon', 'build', '--packages-select', 'polygon_base', 'polygon_plugins']
[0.116s] DEBUG:colcon:Parsed command line arguments: Namespace(log_base=None, log_level=None, verb_name='build', build_base='build', install_base='install', merge_install=False, symlink_install=False, test_result_base=None, continue_on_error=False, executor='parallel', parallel_workers=8, event_handlers=None, ignore_user_meta=False, metas=['./colcon.meta'], base_paths=['.'], packages_ignore=None, packages_ignore_regex=None, paths=None, packages_up_to=None, packages_up_to_regex=None, packages_above=None, packages_above_and_dependencies=None, packages_above_depth=None, packages_select_by_dep=None, packages_skip_by_dep=None, packages_skip_up_to=None, packages_select_build_failed=False, packages_skip_build_finished=False, packages_select_test_failures=False, packages_skip_test_passed=False, packages_select=['polygon_base', 'polygon_plugins'], packages_skip=None, packages_select_regex=None, packages_skip_regex=None, packages_start=None, packages_end=None, allow_overriding=[], cmake_args=None, cmake_target=None, cmake_target_skip_unavailable=False, cmake_clean_cache=False, cmake_clean_first=False, cmake_force_configure=False, ament_cmake_args=None, catkin_cmake_args=None, catkin_skip_building_tests=False, verb_parser=<colcon_defaults.argument_parser.defaults.DefaultArgumentsDecorator object at 0x75f72fa74380>, verb_extension=<colcon_core.verb.build.BuildVerb object at 0x75f72fb5f6b0>, main=<bound method BuildVerb.main of <colcon_core.verb.build.BuildVerb object at 0x75f72fb5f6b0>>)
[0.153s] Level 1:colcon.colcon_core.package_discovery:discover_packages(colcon_meta) check parameters
[0.153s] Level 1:colcon.colcon_core.package_discovery:discover_packages(recursive) check parameters
[0.153s] Level 1:colcon.colcon_core.package_discovery:discover_packages(ignore) check parameters
[0.153s] Level 1:colcon.colcon_core.package_discovery:discover_packages(path) check parameters
[0.153s] Level 1:colcon.colcon_core.package_discovery:discover_packages(colcon_meta) discover
[0.153s] Level 1:colcon.colcon_core.package_discovery:discover_packages(recursive) discover
[0.153s] INFO:colcon.colcon_core.package_discovery:Crawling recursively for packages in '/home/mojiu/ros2_ws'
[0.153s] Level 1:colcon.colcon_core.package_identification:_identify(.) by extensions ['ignore', 'ignore_ament_install']
[0.153s] Level 1:colcon.colcon_core.package_identification:_identify(.) by extension 'ignore'
[0.153s] Level 1:colcon.colcon_core.package_identification:_identify(.) by extension 'ignore_ament_install'
[0.153s] Level 1:colcon.colcon_core.package_identification:_identify(.) by extensions ['colcon_pkg']
[0.154s] Level 1:colcon.colcon_core.package_identification:_identify(.) by extension 'colcon_pkg'
[0.154s] Level 1:colcon.colcon_core.package_identification:_identify(.) by extensions ['colcon_meta']
[0.154s] Level 1:colcon.colcon_core.package_identification:_identify(.) by extension 'colcon_meta'
[0.154s] Level 1:colcon.colcon_core.package_identification:_identify(.) by extensions ['ros']
[0.154s] Level 1:colcon.colcon_core.package_identification:_identify(.) by extension 'ros'
[0.180s] Level 1:colcon.colcon_core.package_identification:_identify(.) by extensions ['cmake', 'python']
[0.180s] Level 1:colcon.colcon_core.package_identification:_identify(.) by extension 'cmake'
[0.180s] Level 1:colcon.colcon_core.package_identification:_identify(.) by extension 'python'
[0.180s] Level 1:colcon.colcon_core.package_identification:_identify(.) by extensions ['python_setup_py']
[0.180s] Level 1:colcon.colcon_core.package_identification:_identify(.) by extension 'python_setup_py'
[0.180s] Level 1:colcon.colcon_core.package_identification:_identify(build) by extensions ['ignore', 'ignore_ament_install']
[0.180s] Level 1:colcon.colcon_core.package_identification:_identify(build) by extension 'ignore'
[0.180s] Level 1:colcon.colcon_core.package_identification:_identify(build) ignored
[0.180s] Level 1:colcon.colcon_core.package_identification:_identify(install) by extensions ['ignore', 'ignore_ament_install']
[0.180s] Level 1:colcon.colcon_core.package_identification:_identify(install) by extension 'ignore'
[0.180s] Level 1:colcon.colcon_core.package_identification:_identify(install) ignored
[0.180s] Level 1:colcon.colcon_core.package_identification:_identify(log) by extensions ['ignore', 'ignore_ament_install']
[0.180s] Level 1:colcon.colcon_core.package_identification:_identify(log) by extension 'ignore'
[0.181s] Level 1:colcon.colcon_core.package_identification:_identify(log) ignored
[0.181s] Level 1:colcon.colcon_core.package_identification:_identify(src) by extensions ['ignore', 'ignore_ament_install']
[0.181s] Level 1:colcon.colcon_core.package_identification:_identify(src) by extension 'ignore'
[0.181s] Level 1:colcon.colcon_core.package_identification:_identify(src) by extension 'ignore_ament_install'
[0.181s] Level 1:colcon.colcon_core.package_identification:_identify(src) by extensions ['colcon_pkg']
[0.181s] Level 1:colcon.colcon_core.package_identification:_identify(src) by extension 'colcon_pkg'
[0.181s] Level 1:colcon.colcon_core.package_identification:_identify(src) by extensions ['colcon_meta']
[0.181s] Level 1:colcon.colcon_core.package_identification:_identify(src) by extension 'colcon_meta'
[0.181s] Level 1:colcon.colcon_core.package_identification:_identify(src) by extensions ['ros']
[0.181s] Level 1:colcon.colcon_core.package_identification:_identify(src) by extension 'ros'
[0.181s] Level 1:colcon.colcon_core.package_identification:_identify(src) by extensions ['cmake', 'python']
[0.181s] Level 1:colcon.colcon_core.package_identification:_identify(src) by extension 'cmake'
[0.181s] Level 1:colcon.colcon_core.package_identification:_identify(src) by extension 'python'
[0.181s] Level 1:colcon.colcon_core.package_identification:_identify(src) by extensions ['python_setup_py']
[0.181s] Level 1:colcon.colcon_core.package_identification:_identify(src) by extension 'python_setup_py'
[0.181s] Level 1:colcon.colcon_core.package_identification:_identify(src/cpp_parameters) by extensions ['ignore', 'ignore_ament_install']
[0.181s] Level 1:colcon.colcon_core.package_identification:_identify(src/cpp_parameters) by extension 'ignore'
[0.181s] Level 1:colcon.colcon_core.package_identification:_identify(src/cpp_parameters) by extension 'ignore_ament_install'
[0.181s] Level 1:colcon.colcon_core.package_identification:_identify(src/cpp_parameters) by extensions ['colcon_pkg']
[0.181s] Level 1:colcon.colcon_core.package_identification:_identify(src/cpp_parameters) by extension 'colcon_pkg'
[0.182s] Level 1:colcon.colcon_core.package_identification:_identify(src/cpp_parameters) by extensions ['colcon_meta']
[0.182s] Level 1:colcon.colcon_core.package_identification:_identify(src/cpp_parameters) by extension 'colcon_meta'
[0.182s] Level 1:colcon.colcon_core.package_identification:_identify(src/cpp_parameters) by extensions ['ros']
[0.182s] Level 1:colcon.colcon_core.package_identification:_identify(src/cpp_parameters) by extension 'ros'
[0.184s] DEBUG:colcon.colcon_core.package_identification:Package 'src/cpp_parameters' with type 'ros.ament_cmake' and name 'cpp_parameters'
[0.184s] Level 1:colcon.colcon_core.package_identification:_identify(src/cpp_pubsub) by extensions ['ignore', 'ignore_ament_install']
[0.184s] Level 1:colcon.colcon_core.package_identification:_identify(src/cpp_pubsub) by extension 'ignore'
[0.185s] Level 1:colcon.colcon_core.package_identification:_identify(src/cpp_pubsub) by extension 'ignore_ament_install'
[0.185s] Level 1:colcon.colcon_core.package_identification:_identify(src/cpp_pubsub) by extensions ['colcon_pkg']
[0.185s] Level 1:colcon.colcon_core.package_identification:_identify(src/cpp_pubsub) by extension 'colcon_pkg'
[0.185s] Level 1:colcon.colcon_core.package_identification:_identify(src/cpp_pubsub) by extensions ['colcon_meta']
[0.185s] Level 1:colcon.colcon_core.package_identification:_identify(src/cpp_pubsub) by extension 'colcon_meta'
[0.185s] Level 1:colcon.colcon_core.package_identification:_identify(src/cpp_pubsub) by extensions ['ros']
[0.185s] Level 1:colcon.colcon_core.package_identification:_identify(src/cpp_pubsub) by extension 'ros'
[0.185s] DEBUG:colcon.colcon_core.package_identification:Package 'src/cpp_pubsub' with type 'ros.ament_cmake' and name 'cpp_pubsub'
[0.186s] Level 1:colcon.colcon_core.package_identification:_identify(src/cpp_srvcli) by extensions ['ignore', 'ignore_ament_install']
[0.186s] Level 1:colcon.colcon_core.package_identification:_identify(src/cpp_srvcli) by extension 'ignore'
[0.186s] Level 1:colcon.colcon_core.package_identification:_identify(src/cpp_srvcli) by extension 'ignore_ament_install'
[0.186s] Level 1:colcon.colcon_core.package_identification:_identify(src/cpp_srvcli) by extensions ['colcon_pkg']
[0.186s] Level 1:colcon.colcon_core.package_identification:_identify(src/cpp_srvcli) by extension 'colcon_pkg'
[0.186s] Level 1:colcon.colcon_core.package_identification:_identify(src/cpp_srvcli) by extensions ['colcon_meta']
[0.186s] Level 1:colcon.colcon_core.package_identification:_identify(src/cpp_srvcli) by extension 'colcon_meta'
[0.186s] Level 1:colcon.colcon_core.package_identification:_identify(src/cpp_srvcli) by extensions ['ros']
[0.186s] Level 1:colcon.colcon_core.package_identification:_identify(src/cpp_srvcli) by extension 'ros'
[0.186s] DEBUG:colcon.colcon_core.package_identification:Package 'src/cpp_srvcli' with type 'ros.ament_cmake' and name 'cpp_srvcli'
[0.187s] Level 1:colcon.colcon_core.package_identification:_identify(src/more_interfaces) by extensions ['ignore', 'ignore_ament_install']
[0.187s] Level 1:colcon.colcon_core.package_identification:_identify(src/more_interfaces) by extension 'ignore'
[0.187s] Level 1:colcon.colcon_core.package_identification:_identify(src/more_interfaces) by extension 'ignore_ament_install'
[0.187s] Level 1:colcon.colcon_core.package_identification:_identify(src/more_interfaces) by extensions ['colcon_pkg']
[0.187s] Level 1:colcon.colcon_core.package_identification:_identify(src/more_interfaces) by extension 'colcon_pkg'
[0.187s] Level 1:colcon.colcon_core.package_identification:_identify(src/more_interfaces) by extensions ['colcon_meta']
[0.187s] Level 1:colcon.colcon_core.package_identification:_identify(src/more_interfaces) by extension 'colcon_meta'
[0.187s] Level 1:colcon.colcon_core.package_identification:_identify(src/more_interfaces) by extensions ['ros']
[0.187s] Level 1:colcon.colcon_core.package_identification:_identify(src/more_interfaces) by extension 'ros'
[0.187s] DEBUG:colcon.colcon_core.package_identification:Package 'src/more_interfaces' with type 'ros.ament_cmake' and name 'more_interfaces'
[0.187s] Level 1:colcon.colcon_core.package_identification:_identify(src/original_code) by extensions ['ignore', 'ignore_ament_install']
[0.187s] Level 1:colcon.colcon_core.package_identification:_identify(src/original_code) by extension 'ignore'
[0.188s] Level 1:colcon.colcon_core.package_identification:_identify(src/original_code) by extension 'ignore_ament_install'
[0.188s] Level 1:colcon.colcon_core.package_identification:_identify(src/original_code) by extensions ['colcon_pkg']
[0.188s] Level 1:colcon.colcon_core.package_identification:_identify(src/original_code) by extension 'colcon_pkg'
[0.188s] Level 1:colcon.colcon_core.package_identification:_identify(src/original_code) by extensions ['colcon_meta']
[0.188s] Level 1:colcon.colcon_core.package_identification:_identify(src/original_code) by extension 'colcon_meta'
[0.188s] Level 1:colcon.colcon_core.package_identification:_identify(src/original_code) by extensions ['ros']
[0.188s] Level 1:colcon.colcon_core.package_identification:_identify(src/original_code) by extension 'ros'
[0.188s] Level 1:colcon.colcon_core.package_identification:_identify(src/original_code) by extensions ['cmake', 'python']
[0.188s] Level 1:colcon.colcon_core.package_identification:_identify(src/original_code) by extension 'cmake'
[0.188s] Level 1:colcon.colcon_core.package_identification:_identify(src/original_code) by extension 'python'
[0.188s] Level 1:colcon.colcon_core.package_identification:_identify(src/original_code) by extensions ['python_setup_py']
[0.188s] Level 1:colcon.colcon_core.package_identification:_identify(src/original_code) by extension 'python_setup_py'
[0.188s] Level 1:colcon.colcon_core.package_identification:_identify(src/original_code/src_pubsub) by extensions ['ignore', 'ignore_ament_install']
[0.188s] Level 1:colcon.colcon_core.package_identification:_identify(src/original_code/src_pubsub) by extension 'ignore'
[0.188s] Level 1:colcon.colcon_core.package_identification:_identify(src/original_code/src_pubsub) by extension 'ignore_ament_install'
[0.188s] Level 1:colcon.colcon_core.package_identification:_identify(src/original_code/src_pubsub) by extensions ['colcon_pkg']
[0.188s] Level 1:colcon.colcon_core.package_identification:_identify(src/original_code/src_pubsub) by extension 'colcon_pkg'
[0.188s] Level 1:colcon.colcon_core.package_identification:_identify(src/original_code/src_pubsub) by extensions ['colcon_meta']
[0.188s] Level 1:colcon.colcon_core.package_identification:_identify(src/original_code/src_pubsub) by extension 'colcon_meta'
[0.189s] Level 1:colcon.colcon_core.package_identification:_identify(src/original_code/src_pubsub) by extensions ['ros']
[0.189s] Level 1:colcon.colcon_core.package_identification:_identify(src/original_code/src_pubsub) by extension 'ros'
[0.189s] Level 1:colcon.colcon_core.package_identification:_identify(src/original_code/src_pubsub) by extensions ['cmake', 'python']
[0.189s] Level 1:colcon.colcon_core.package_identification:_identify(src/original_code/src_pubsub) by extension 'cmake'
[0.189s] Level 1:colcon.colcon_core.package_identification:_identify(src/original_code/src_pubsub) by extension 'python'
[0.189s] Level 1:colcon.colcon_core.package_identification:_identify(src/original_code/src_pubsub) by extensions ['python_setup_py']
[0.189s] Level 1:colcon.colcon_core.package_identification:_identify(src/original_code/src_pubsub) by extension 'python_setup_py'
[0.189s] Level 1:colcon.colcon_core.package_identification:_identify(src/original_code/src_srvcli) by extensions ['ignore', 'ignore_ament_install']
[0.189s] Level 1:colcon.colcon_core.package_identification:_identify(src/original_code/src_srvcli) by extension 'ignore'
[0.189s] Level 1:colcon.colcon_core.package_identification:_identify(src/original_code/src_srvcli) by extension 'ignore_ament_install'
[0.189s] Level 1:colcon.colcon_core.package_identification:_identify(src/original_code/src_srvcli) by extensions ['colcon_pkg']
[0.189s] Level 1:colcon.colcon_core.package_identification:_identify(src/original_code/src_srvcli) by extension 'colcon_pkg'
[0.189s] Level 1:colcon.colcon_core.package_identification:_identify(src/original_code/src_srvcli) by extensions ['colcon_meta']
[0.189s] Level 1:colcon.colcon_core.package_identification:_identify(src/original_code/src_srvcli) by extension 'colcon_meta'
[0.189s] Level 1:colcon.colcon_core.package_identification:_identify(src/original_code/src_srvcli) by extensions ['ros']
[0.189s] Level 1:colcon.colcon_core.package_identification:_identify(src/original_code/src_srvcli) by extension 'ros'
[0.189s] Level 1:colcon.colcon_core.package_identification:_identify(src/original_code/src_srvcli) by extensions ['cmake', 'python']
[0.189s] Level 1:colcon.colcon_core.package_identification:_identify(src/original_code/src_srvcli) by extension 'cmake'
[0.189s] Level 1:colcon.colcon_core.package_identification:_identify(src/original_code/src_srvcli) by extension 'python'
[0.189s] Level 1:colcon.colcon_core.package_identification:_identify(src/original_code/src_srvcli) by extensions ['python_setup_py']
[0.189s] Level 1:colcon.colcon_core.package_identification:_identify(src/original_code/src_srvcli) by extension 'python_setup_py'
[0.190s] Level 1:colcon.colcon_core.package_identification:_identify(src/polygon_base) by extensions ['ignore', 'ignore_ament_install']
[0.190s] Level 1:colcon.colcon_core.package_identification:_identify(src/polygon_base) by extension 'ignore'
[0.190s] Level 1:colcon.colcon_core.package_identification:_identify(src/polygon_base) by extension 'ignore_ament_install'
[0.190s] Level 1:colcon.colcon_core.package_identification:_identify(src/polygon_base) by extensions ['colcon_pkg']
[0.190s] Level 1:colcon.colcon_core.package_identification:_identify(src/polygon_base) by extension 'colcon_pkg'
[0.190s] Level 1:colcon.colcon_core.package_identification:_identify(src/polygon_base) by extensions ['colcon_meta']
[0.190s] Level 1:colcon.colcon_core.package_identification:_identify(src/polygon_base) by extension 'colcon_meta'
[0.190s] Level 1:colcon.colcon_core.package_identification:_identify(src/polygon_base) by extensions ['ros']
[0.190s] Level 1:colcon.colcon_core.package_identification:_identify(src/polygon_base) by extension 'ros'
[0.190s] DEBUG:colcon.colcon_core.package_identification:Package 'src/polygon_base' with type 'ros.ament_cmake' and name 'polygon_base'
[0.190s] Level 1:colcon.colcon_core.package_identification:_identify(src/polygon_plugins) by extensions ['ignore', 'ignore_ament_install']
[0.191s] Level 1:colcon.colcon_core.package_identification:_identify(src/polygon_plugins) by extension 'ignore'
[0.191s] Level 1:colcon.colcon_core.package_identification:_identify(src/polygon_plugins) by extension 'ignore_ament_install'
[0.191s] Level 1:colcon.colcon_core.package_identification:_identify(src/polygon_plugins) by extensions ['colcon_pkg']
[0.191s] Level 1:colcon.colcon_core.package_identification:_identify(src/polygon_plugins) by extension 'colcon_pkg'
[0.191s] Level 1:colcon.colcon_core.package_identification:_identify(src/polygon_plugins) by extensions ['colcon_meta']
[0.191s] Level 1:colcon.colcon_core.package_identification:_identify(src/polygon_plugins) by extension 'colcon_meta'
[0.191s] Level 1:colcon.colcon_core.package_identification:_identify(src/polygon_plugins) by extensions ['ros']
[0.191s] Level 1:colcon.colcon_core.package_identification:_identify(src/polygon_plugins) by extension 'ros'
[0.191s] DEBUG:colcon.colcon_core.package_identification:Package 'src/polygon_plugins' with type 'ros.ament_cmake' and name 'polygon_plugins'
[0.192s] Level 1:colcon.colcon_core.package_identification:_identify(src/tutorial_interfaces) by extensions ['ignore', 'ignore_ament_install']
[0.192s] Level 1:colcon.colcon_core.package_identification:_identify(src/tutorial_interfaces) by extension 'ignore'
[0.192s] Level 1:colcon.colcon_core.package_identification:_identify(src/tutorial_interfaces) by extension 'ignore_ament_install'
[0.192s] Level 1:colcon.colcon_core.package_identification:_identify(src/tutorial_interfaces) by extensions ['colcon_pkg']
[0.192s] Level 1:colcon.colcon_core.package_identification:_identify(src/tutorial_interfaces) by extension 'colcon_pkg'
[0.192s] Level 1:colcon.colcon_core.package_identification:_identify(src/tutorial_interfaces) by extensions ['colcon_meta']
[0.192s] Level 1:colcon.colcon_core.package_identification:_identify(src/tutorial_interfaces) by extension 'colcon_meta'
[0.192s] Level 1:colcon.colcon_core.package_identification:_identify(src/tutorial_interfaces) by extensions ['ros']
[0.192s] Level 1:colcon.colcon_core.package_identification:_identify(src/tutorial_interfaces) by extension 'ros'
[0.192s] DEBUG:colcon.colcon_core.package_identification:Package 'src/tutorial_interfaces' with type 'ros.ament_cmake' and name 'tutorial_interfaces'
[0.192s] Level 1:colcon.colcon_core.package_discovery:discover_packages(recursive) using defaults
[0.192s] Level 1:colcon.colcon_core.package_discovery:discover_packages(ignore) discover
[0.192s] Level 1:colcon.colcon_core.package_discovery:discover_packages(ignore) using defaults
[0.192s] Level 1:colcon.colcon_core.package_discovery:discover_packages(path) discover
[0.193s] Level 1:colcon.colcon_core.package_discovery:discover_packages(path) using defaults
[0.209s] INFO:colcon.colcon_core.package_selection:Skipping not selected package 'cpp_parameters' in 'src/cpp_parameters'
[0.209s] INFO:colcon.colcon_core.package_selection:Skipping not selected package 'cpp_pubsub' in 'src/cpp_pubsub'
[0.209s] INFO:colcon.colcon_core.package_selection:Skipping not selected package 'more_interfaces' in 'src/more_interfaces'
[0.209s] INFO:colcon.colcon_core.package_selection:Skipping not selected package 'tutorial_interfaces' in 'src/tutorial_interfaces'
[0.209s] INFO:colcon.colcon_core.package_selection:Skipping not selected package 'cpp_srvcli' in 'src/cpp_srvcli'
[0.210s] Level 1:colcon.colcon_core.package_discovery:discover_packages(prefix_path) check parameters
[0.210s] Level 1:colcon.colcon_core.package_discovery:discover_packages(prefix_path) discover
[0.213s] DEBUG:colcon.colcon_installed_package_information.package_discovery:Found 307 installed packages in /opt/ros/jazzy
[0.214s] Level 1:colcon.colcon_core.package_discovery:discover_packages(prefix_path) using defaults
[0.263s] Level 5:colcon.colcon_core.verb:set package 'polygon_base' build argument 'cmake_args' from command line to 'None'
[0.263s] Level 5:colcon.colcon_core.verb:set package 'polygon_base' build argument 'cmake_target' from command line to 'None'
[0.263s] Level 5:colcon.colcon_core.verb:set package 'polygon_base' build argument 'cmake_target_skip_unavailable' from command line to 'False'
[0.263s] Level 5:colcon.colcon_core.verb:set package 'polygon_base' build argument 'cmake_clean_cache' from command line to 'False'
[0.263s] Level 5:colcon.colcon_core.verb:set package 'polygon_base' build argument 'cmake_clean_first' from command line to 'False'
[0.263s] Level 5:colcon.colcon_core.verb:set package 'polygon_base' build argument 'cmake_force_configure' from command line to 'False'
[0.263s] Level 5:colcon.colcon_core.verb:set package 'polygon_base' build argument 'ament_cmake_args' from command line to 'None'
[0.263s] Level 5:colcon.colcon_core.verb:set package 'polygon_base' build argument 'catkin_cmake_args' from command line to 'None'
[0.263s] Level 5:colcon.colcon_core.verb:set package 'polygon_base' build argument 'catkin_skip_building_tests' from command line to 'False'
[0.263s] DEBUG:colcon.colcon_core.verb:Building package 'polygon_base' with the following arguments: {'ament_cmake_args': None, 'build_base': '/home/mojiu/ros2_ws/build/polygon_base', 'catkin_cmake_args': None, 'catkin_skip_building_tests': False, 'cmake_args': None, 'cmake_clean_cache': False, 'cmake_clean_first': False, 'cmake_force_configure': False, 'cmake_target': None, 'cmake_target_skip_unavailable': False, 'install_base': '/home/mojiu/ros2_ws/install/polygon_base', 'merge_install': False, 'path': '/home/mojiu/ros2_ws/src/polygon_base', 'symlink_install': False, 'test_result_base': None}
[0.264s] Level 5:colcon.colcon_core.verb:set package 'polygon_plugins' build argument 'cmake_args' from command line to 'None'
[0.264s] Level 5:colcon.colcon_core.verb:set package 'polygon_plugins' build argument 'cmake_target' from command line to 'None'
[0.264s] Level 5:colcon.colcon_core.verb:set package 'polygon_plugins' build argument 'cmake_target_skip_unavailable' from command line to 'False'
[0.264s] Level 5:colcon.colcon_core.verb:set package 'polygon_plugins' build argument 'cmake_clean_cache' from command line to 'False'
[0.264s] Level 5:colcon.colcon_core.verb:set package 'polygon_plugins' build argument 'cmake_clean_first' from command line to 'False'
[0.264s] Level 5:colcon.colcon_core.verb:set package 'polygon_plugins' build argument 'cmake_force_configure' from command line to 'False'
[0.264s] Level 5:colcon.colcon_core.verb:set package 'polygon_plugins' build argument 'ament_cmake_args' from command line to 'None'
[0.264s] Level 5:colcon.colcon_core.verb:set package 'polygon_plugins' build argument 'catkin_cmake_args' from command line to 'None'
[0.264s] Level 5:colcon.colcon_core.verb:set package 'polygon_plugins' build argument 'catkin_skip_building_tests' from command line to 'False'
[0.264s] DEBUG:colcon.colcon_core.verb:Building package 'polygon_plugins' with the following arguments: {'ament_cmake_args': None, 'build_base': '/home/mojiu/ros2_ws/build/polygon_plugins', 'catkin_cmake_args': None, 'catkin_skip_building_tests': False, 'cmake_args': None, 'cmake_clean_cache': False, 'cmake_clean_first': False, 'cmake_force_configure': False, 'cmake_target': None, 'cmake_target_skip_unavailable': False, 'install_base': '/home/mojiu/ros2_ws/install/polygon_plugins', 'merge_install': False, 'path': '/home/mojiu/ros2_ws/src/polygon_plugins', 'symlink_install': False, 'test_result_base': None}
[0.264s] INFO:colcon.colcon_core.executor:Executing jobs using 'parallel' executor
[0.265s] DEBUG:colcon.colcon_parallel_executor.executor.parallel:run_until_complete
[0.265s] INFO:colcon.colcon_ros.task.ament_cmake.build:Building ROS package in '/home/mojiu/ros2_ws/src/polygon_base' with build type 'ament_cmake'
[0.265s] INFO:colcon.colcon_cmake.task.cmake.build:Building CMake package in '/home/mojiu/ros2_ws/src/polygon_base'
[0.268s] INFO:colcon.colcon_core.plugin_system:Skipping extension 'colcon_core.shell.bat': Not used on non-Windows systems
[0.268s] INFO:colcon.colcon_core.shell:Skip shell extension 'powershell' for command environment: Not usable outside of PowerShell
[0.268s] DEBUG:colcon.colcon_core.shell:Skip shell extension 'dsv' for command environment
[0.275s] DEBUG:colcon.colcon_core.event_handler.log_command:Invoking command in '/home/mojiu/ros2_ws/build/polygon_base': CMAKE_PREFIX_PATH=${CMAKE_PREFIX_PATH}:/opt/ros/jazzy DEBUGINFOD_URLS=https://debuginfod.ubuntu.com /usr/bin/cmake /home/mojiu/ros2_ws/src/polygon_base -DCMAKE_INSTALL_PREFIX=/home/mojiu/ros2_ws/install/polygon_base
[1.135s] DEBUG:colcon.colcon_core.event_handler.log_command:Invoked command in '/home/mojiu/ros2_ws/build/polygon_base' returned '0': CMAKE_PREFIX_PATH=${CMAKE_PREFIX_PATH}:/opt/ros/jazzy DEBUGINFOD_URLS=https://debuginfod.ubuntu.com /usr/bin/cmake /home/mojiu/ros2_ws/src/polygon_base -DCMAKE_INSTALL_PREFIX=/home/mojiu/ros2_ws/install/polygon_base
[1.138s] DEBUG:colcon.colcon_core.event_handler.log_command:Invoking command in '/home/mojiu/ros2_ws/build/polygon_base': CMAKE_PREFIX_PATH=${CMAKE_PREFIX_PATH}:/opt/ros/jazzy DEBUGINFOD_URLS=https://debuginfod.ubuntu.com /usr/bin/cmake --build /home/mojiu/ros2_ws/build/polygon_base -- -j8 -l8
[4.593s] DEBUG:colcon.colcon_core.event_handler.log_command:Invoked command in '/home/mojiu/ros2_ws/build/polygon_base' returned '0': CMAKE_PREFIX_PATH=${CMAKE_PREFIX_PATH}:/opt/ros/jazzy DEBUGINFOD_URLS=https://debuginfod.ubuntu.com /usr/bin/cmake --build /home/mojiu/ros2_ws/build/polygon_base -- -j8 -l8
[4.626s] DEBUG:colcon.colcon_core.event_handler.log_command:Invoking command in '/home/mojiu/ros2_ws/build/polygon_base': CMAKE_PREFIX_PATH=${CMAKE_PREFIX_PATH}:/opt/ros/jazzy DEBUGINFOD_URLS=https://debuginfod.ubuntu.com /usr/bin/cmake --install /home/mojiu/ros2_ws/build/polygon_base
[4.639s] Level 1:colcon.colcon_core.environment:create_environment_scripts_only(polygon_base)
[4.640s] DEBUG:colcon.colcon_core.event_handler.log_command:Invoked command in '/home/mojiu/ros2_ws/build/polygon_base' returned '0': CMAKE_PREFIX_PATH=${CMAKE_PREFIX_PATH}:/opt/ros/jazzy DEBUGINFOD_URLS=https://debuginfod.ubuntu.com /usr/bin/cmake --install /home/mojiu/ros2_ws/build/polygon_base
[4.643s] Level 1:colcon.colcon_core.environment:checking '/home/mojiu/ros2_ws/install/polygon_base' for CMake module files
[4.644s] Level 1:colcon.colcon_core.environment:checking '/home/mojiu/ros2_ws/install/polygon_base' for CMake config files
[4.644s] Level 1:colcon.colcon_core.shell:create_environment_hook('polygon_base', 'cmake_prefix_path')
[4.644s] INFO:colcon.colcon_core.shell:Creating environment hook '/home/mojiu/ros2_ws/install/polygon_base/share/polygon_base/hook/cmake_prefix_path.ps1'
[4.645s] INFO:colcon.colcon_core.shell:Creating environment descriptor '/home/mojiu/ros2_ws/install/polygon_base/share/polygon_base/hook/cmake_prefix_path.dsv'
[4.646s] INFO:colcon.colcon_core.shell:Creating environment hook '/home/mojiu/ros2_ws/install/polygon_base/share/polygon_base/hook/cmake_prefix_path.sh'
[4.647s] Level 1:colcon.colcon_core.environment:checking '/home/mojiu/ros2_ws/install/polygon_base/lib'
[4.647s] Level 1:colcon.colcon_core.environment:checking '/home/mojiu/ros2_ws/install/polygon_base/bin'
[4.647s] Level 1:colcon.colcon_core.environment:checking '/home/mojiu/ros2_ws/install/polygon_base/lib/pkgconfig/polygon_base.pc'
[4.647s] Level 1:colcon.colcon_core.environment:checking '/home/mojiu/ros2_ws/install/polygon_base/lib/python3.12/site-packages'
[4.647s] Level 1:colcon.colcon_core.environment:checking '/home/mojiu/ros2_ws/install/polygon_base/bin'
[4.648s] INFO:colcon.colcon_core.shell:Creating package script '/home/mojiu/ros2_ws/install/polygon_base/share/polygon_base/package.ps1'
[4.648s] INFO:colcon.colcon_core.shell:Creating package descriptor '/home/mojiu/ros2_ws/install/polygon_base/share/polygon_base/package.dsv'
[4.649s] INFO:colcon.colcon_core.shell:Creating package script '/home/mojiu/ros2_ws/install/polygon_base/share/polygon_base/package.sh'
[4.650s] INFO:colcon.colcon_core.shell:Creating package script '/home/mojiu/ros2_ws/install/polygon_base/share/polygon_base/package.bash'
[4.650s] INFO:colcon.colcon_core.shell:Creating package script '/home/mojiu/ros2_ws/install/polygon_base/share/polygon_base/package.zsh'
[4.651s] Level 1:colcon.colcon_core.environment:create_file_with_runtime_dependencies(/home/mojiu/ros2_ws/install/polygon_base/share/colcon-core/packages/polygon_base)
[4.673s] Level 1:colcon.colcon_core.environment:create_environment_scripts_only(polygon_base)
[4.673s] Level 1:colcon.colcon_core.environment:checking '/home/mojiu/ros2_ws/install/polygon_base' for CMake module files
[4.674s] Level 1:colcon.colcon_core.environment:checking '/home/mojiu/ros2_ws/install/polygon_base' for CMake config files
[4.674s] Level 1:colcon.colcon_core.shell:create_environment_hook('polygon_base', 'cmake_prefix_path')
[4.674s] INFO:colcon.colcon_core.shell:Creating environment hook '/home/mojiu/ros2_ws/install/polygon_base/share/polygon_base/hook/cmake_prefix_path.ps1'
[4.675s] INFO:colcon.colcon_core.shell:Creating environment descriptor '/home/mojiu/ros2_ws/install/polygon_base/share/polygon_base/hook/cmake_prefix_path.dsv'
[4.675s] INFO:colcon.colcon_core.shell:Creating environment hook '/home/mojiu/ros2_ws/install/polygon_base/share/polygon_base/hook/cmake_prefix_path.sh'
[4.676s] Level 1:colcon.colcon_core.environment:checking '/home/mojiu/ros2_ws/install/polygon_base/lib'
[4.676s] Level 1:colcon.colcon_core.environment:checking '/home/mojiu/ros2_ws/install/polygon_base/bin'
[4.676s] Level 1:colcon.colcon_core.environment:checking '/home/mojiu/ros2_ws/install/polygon_base/lib/pkgconfig/polygon_base.pc'
[4.676s] Level 1:colcon.colcon_core.environment:checking '/home/mojiu/ros2_ws/install/polygon_base/lib/python3.12/site-packages'
[4.676s] Level 1:colcon.colcon_core.environment:checking '/home/mojiu/ros2_ws/install/polygon_base/bin'
[4.676s] INFO:colcon.colcon_core.shell:Creating package script '/home/mojiu/ros2_ws/install/polygon_base/share/polygon_base/package.ps1'
[4.677s] INFO:colcon.colcon_core.shell:Creating package descriptor '/home/mojiu/ros2_ws/install/polygon_base/share/polygon_base/package.dsv'
[4.677s] INFO:colcon.colcon_core.shell:Creating package script '/home/mojiu/ros2_ws/install/polygon_base/share/polygon_base/package.sh'
[4.678s] INFO:colcon.colcon_core.shell:Creating package script '/home/mojiu/ros2_ws/install/polygon_base/share/polygon_base/package.bash'
[4.678s] INFO:colcon.colcon_core.shell:Creating package script '/home/mojiu/ros2_ws/install/polygon_base/share/polygon_base/package.zsh'
[4.678s] Level 1:colcon.colcon_core.environment:create_file_with_runtime_dependencies(/home/mojiu/ros2_ws/install/polygon_base/share/colcon-core/packages/polygon_base)
[4.679s] INFO:colcon.colcon_ros.task.ament_cmake.build:Building ROS package in '/home/mojiu/ros2_ws/src/polygon_plugins' with build type 'ament_cmake'
[4.679s] INFO:colcon.colcon_cmake.task.cmake.build:Building CMake package in '/home/mojiu/ros2_ws/src/polygon_plugins'
[4.679s] INFO:colcon.colcon_core.shell:Skip shell extension 'powershell' for command environment: Not usable outside of PowerShell
[4.679s] DEBUG:colcon.colcon_core.shell:Skip shell extension 'dsv' for command environment
[4.686s] DEBUG:colcon.colcon_core.event_handler.log_command:Invoking command in '/home/mojiu/ros2_ws/build/polygon_plugins': AMENT_PREFIX_PATH=/home/mojiu/ros2_ws/install/polygon_base:${AMENT_PREFIX_PATH} CMAKE_PREFIX_PATH=/home/mojiu/ros2_ws/install/polygon_base:/opt/ros/jazzy/opt/gz_math_vendor:/opt/ros/jazzy/opt/gz_utils_vendor:/opt/ros/jazzy/opt/gz_cmake_vendor:/opt/ros/jazzy DEBUGINFOD_URLS=https://debuginfod.ubuntu.com /usr/bin/cmake /home/mojiu/ros2_ws/src/polygon_plugins -DCMAKE_INSTALL_PREFIX=/home/mojiu/ros2_ws/install/polygon_plugins
[5.486s] DEBUG:colcon.colcon_core.event_handler.log_command:Invoked command in '/home/mojiu/ros2_ws/build/polygon_plugins' returned '0': AMENT_PREFIX_PATH=/home/mojiu/ros2_ws/install/polygon_base:${AMENT_PREFIX_PATH} CMAKE_PREFIX_PATH=/home/mojiu/ros2_ws/install/polygon_base:/opt/ros/jazzy/opt/gz_math_vendor:/opt/ros/jazzy/opt/gz_utils_vendor:/opt/ros/jazzy/opt/gz_cmake_vendor:/opt/ros/jazzy DEBUGINFOD_URLS=https://debuginfod.ubuntu.com /usr/bin/cmake /home/mojiu/ros2_ws/src/polygon_plugins -DCMAKE_INSTALL_PREFIX=/home/mojiu/ros2_ws/install/polygon_plugins
[5.486s] DEBUG:colcon.colcon_core.event_handler.log_command:Invoking command in '/home/mojiu/ros2_ws/build/polygon_plugins': AMENT_PREFIX_PATH=/home/mojiu/ros2_ws/install/polygon_base:${AMENT_PREFIX_PATH} CMAKE_PREFIX_PATH=/home/mojiu/ros2_ws/install/polygon_base:/opt/ros/jazzy/opt/gz_math_vendor:/opt/ros/jazzy/opt/gz_utils_vendor:/opt/ros/jazzy/opt/gz_cmake_vendor:/opt/ros/jazzy DEBUGINFOD_URLS=https://debuginfod.ubuntu.com /usr/bin/cmake --build /home/mojiu/ros2_ws/build/polygon_plugins -- -j8 -l8
[6.487s] DEBUG:colcon.colcon_core.event_handler.log_command:Invoked command in '/home/mojiu/ros2_ws/build/polygon_plugins' returned '0': AMENT_PREFIX_PATH=/home/mojiu/ros2_ws/install/polygon_base:${AMENT_PREFIX_PATH} CMAKE_PREFIX_PATH=/home/mojiu/ros2_ws/install/polygon_base:/opt/ros/jazzy/opt/gz_math_vendor:/opt/ros/jazzy/opt/gz_utils_vendor:/opt/ros/jazzy/opt/gz_cmake_vendor:/opt/ros/jazzy DEBUGINFOD_URLS=https://debuginfod.ubuntu.com /usr/bin/cmake --build /home/mojiu/ros2_ws/build/polygon_plugins -- -j8 -l8
[6.510s] DEBUG:colcon.colcon_core.event_handler.log_command:Invoking command in '/home/mojiu/ros2_ws/build/polygon_plugins': AMENT_PREFIX_PATH=/home/mojiu/ros2_ws/install/polygon_base:${AMENT_PREFIX_PATH} CMAKE_PREFIX_PATH=/home/mojiu/ros2_ws/install/polygon_base:/opt/ros/jazzy/opt/gz_math_vendor:/opt/ros/jazzy/opt/gz_utils_vendor:/opt/ros/jazzy/opt/gz_cmake_vendor:/opt/ros/jazzy DEBUGINFOD_URLS=https://debuginfod.ubuntu.com /usr/bin/cmake --install /home/mojiu/ros2_ws/build/polygon_plugins
[6.523s] Level 1:colcon.colcon_core.environment:create_environment_scripts_only(polygon_plugins)
[6.523s] Level 1:colcon.colcon_core.environment:checking '/home/mojiu/ros2_ws/install/polygon_plugins' for CMake module files
[6.524s] DEBUG:colcon.colcon_core.event_handler.log_command:Invoked command in '/home/mojiu/ros2_ws/build/polygon_plugins' returned '0': AMENT_PREFIX_PATH=/home/mojiu/ros2_ws/install/polygon_base:${AMENT_PREFIX_PATH} CMAKE_PREFIX_PATH=/home/mojiu/ros2_ws/install/polygon_base:/opt/ros/jazzy/opt/gz_math_vendor:/opt/ros/jazzy/opt/gz_utils_vendor:/opt/ros/jazzy/opt/gz_cmake_vendor:/opt/ros/jazzy DEBUGINFOD_URLS=https://debuginfod.ubuntu.com /usr/bin/cmake --install /home/mojiu/ros2_ws/build/polygon_plugins
[6.525s] Level 1:colcon.colcon_core.environment:checking '/home/mojiu/ros2_ws/install/polygon_plugins' for CMake config files
[6.525s] Level 1:colcon.colcon_core.shell:create_environment_hook('polygon_plugins', 'cmake_prefix_path')
[6.525s] INFO:colcon.colcon_core.shell:Creating environment hook '/home/mojiu/ros2_ws/install/polygon_plugins/share/polygon_plugins/hook/cmake_prefix_path.ps1'
[6.525s] INFO:colcon.colcon_core.shell:Creating environment descriptor '/home/mojiu/ros2_ws/install/polygon_plugins/share/polygon_plugins/hook/cmake_prefix_path.dsv'
[6.526s] INFO:colcon.colcon_core.shell:Creating environment hook '/home/mojiu/ros2_ws/install/polygon_plugins/share/polygon_plugins/hook/cmake_prefix_path.sh'
[6.526s] Level 1:colcon.colcon_core.environment:checking '/home/mojiu/ros2_ws/install/polygon_plugins/lib'
[6.527s] Level 1:colcon.colcon_core.shell:create_environment_hook('polygon_plugins', 'ld_library_path_lib')
[6.527s] INFO:colcon.colcon_core.shell:Creating environment hook '/home/mojiu/ros2_ws/install/polygon_plugins/share/polygon_plugins/hook/ld_library_path_lib.ps1'
[6.527s] INFO:colcon.colcon_core.shell:Creating environment descriptor '/home/mojiu/ros2_ws/install/polygon_plugins/share/polygon_plugins/hook/ld_library_path_lib.dsv'
[6.527s] INFO:colcon.colcon_core.shell:Creating environment hook '/home/mojiu/ros2_ws/install/polygon_plugins/share/polygon_plugins/hook/ld_library_path_lib.sh'
[6.528s] Level 1:colcon.colcon_core.environment:checking '/home/mojiu/ros2_ws/install/polygon_plugins/bin'
[6.528s] Level 1:colcon.colcon_core.environment:checking '/home/mojiu/ros2_ws/install/polygon_plugins/lib/pkgconfig/polygon_plugins.pc'
[6.528s] Level 1:colcon.colcon_core.environment:checking '/home/mojiu/ros2_ws/install/polygon_plugins/lib/python3.12/site-packages'
[6.529s] Level 1:colcon.colcon_core.environment:checking '/home/mojiu/ros2_ws/install/polygon_plugins/bin'
[6.529s] INFO:colcon.colcon_core.shell:Creating package script '/home/mojiu/ros2_ws/install/polygon_plugins/share/polygon_plugins/package.ps1'
[6.529s] INFO:colcon.colcon_core.shell:Creating package descriptor '/home/mojiu/ros2_ws/install/polygon_plugins/share/polygon_plugins/package.dsv'
[6.530s] INFO:colcon.colcon_core.shell:Creating package script '/home/mojiu/ros2_ws/install/polygon_plugins/share/polygon_plugins/package.sh'
[6.530s] INFO:colcon.colcon_core.shell:Creating package script '/home/mojiu/ros2_ws/install/polygon_plugins/share/polygon_plugins/package.bash'
[6.531s] INFO:colcon.colcon_core.shell:Creating package script '/home/mojiu/ros2_ws/install/polygon_plugins/share/polygon_plugins/package.zsh'
[6.531s] Level 1:colcon.colcon_core.environment:create_file_with_runtime_dependencies(/home/mojiu/ros2_ws/install/polygon_plugins/share/colcon-core/packages/polygon_plugins)
[6.554s] Level 1:colcon.colcon_core.environment:create_environment_scripts_only(polygon_plugins)
[6.555s] Level 1:colcon.colcon_core.environment:checking '/home/mojiu/ros2_ws/install/polygon_plugins' for CMake module files
[6.556s] Level 1:colcon.colcon_core.environment:checking '/home/mojiu/ros2_ws/install/polygon_plugins' for CMake config files
[6.556s] Level 1:colcon.colcon_core.shell:create_environment_hook('polygon_plugins', 'cmake_prefix_path')
[6.556s] INFO:colcon.colcon_core.shell:Creating environment hook '/home/mojiu/ros2_ws/install/polygon_plugins/share/polygon_plugins/hook/cmake_prefix_path.ps1'
[6.557s] INFO:colcon.colcon_core.shell:Creating environment descriptor '/home/mojiu/ros2_ws/install/polygon_plugins/share/polygon_plugins/hook/cmake_prefix_path.dsv'
[6.557s] INFO:colcon.colcon_core.shell:Creating environment hook '/home/mojiu/ros2_ws/install/polygon_plugins/share/polygon_plugins/hook/cmake_prefix_path.sh'
[6.558s] Level 1:colcon.colcon_core.environment:checking '/home/mojiu/ros2_ws/install/polygon_plugins/lib'
[6.558s] Level 1:colcon.colcon_core.shell:create_environment_hook('polygon_plugins', 'ld_library_path_lib')
[6.558s] INFO:colcon.colcon_core.shell:Creating environment hook '/home/mojiu/ros2_ws/install/polygon_plugins/share/polygon_plugins/hook/ld_library_path_lib.ps1'
[6.559s] INFO:colcon.colcon_core.shell:Creating environment descriptor '/home/mojiu/ros2_ws/install/polygon_plugins/share/polygon_plugins/hook/ld_library_path_lib.dsv'
[6.559s] INFO:colcon.colcon_core.shell:Creating environment hook '/home/mojiu/ros2_ws/install/polygon_plugins/share/polygon_plugins/hook/ld_library_path_lib.sh'
[6.559s] Level 1:colcon.colcon_core.environment:checking '/home/mojiu/ros2_ws/install/polygon_plugins/bin'
[6.559s] Level 1:colcon.colcon_core.environment:checking '/home/mojiu/ros2_ws/install/polygon_plugins/lib/pkgconfig/polygon_plugins.pc'
[6.560s] Level 1:colcon.colcon_core.environment:checking '/home/mojiu/ros2_ws/install/polygon_plugins/lib/python3.12/site-packages'
[6.560s] Level 1:colcon.colcon_core.environment:checking '/home/mojiu/ros2_ws/install/polygon_plugins/bin'
[6.560s] INFO:colcon.colcon_core.shell:Creating package script '/home/mojiu/ros2_ws/install/polygon_plugins/share/polygon_plugins/package.ps1'
[6.560s] INFO:colcon.colcon_core.shell:Creating package descriptor '/home/mojiu/ros2_ws/install/polygon_plugins/share/polygon_plugins/package.dsv'
[6.561s] INFO:colcon.colcon_core.shell:Creating package script '/home/mojiu/ros2_ws/install/polygon_plugins/share/polygon_plugins/package.sh'
[6.561s] INFO:colcon.colcon_core.shell:Creating package script '/home/mojiu/ros2_ws/install/polygon_plugins/share/polygon_plugins/package.bash'
[6.561s] INFO:colcon.colcon_core.shell:Creating package script '/home/mojiu/ros2_ws/install/polygon_plugins/share/polygon_plugins/package.zsh'
[6.562s] Level 1:colcon.colcon_core.environment:create_file_with_runtime_dependencies(/home/mojiu/ros2_ws/install/polygon_plugins/share/colcon-core/packages/polygon_plugins)
[6.562s] DEBUG:colcon.colcon_parallel_executor.executor.parallel:closing loop
[6.562s] DEBUG:colcon.colcon_parallel_executor.executor.parallel:loop closed
[6.562s] DEBUG:colcon.colcon_parallel_executor.executor.parallel:run_until_complete finished with '0'
[6.562s] DEBUG:colcon.colcon_core.event_reactor:joining thread
[6.568s] INFO:colcon.colcon_core.plugin_system:Skipping extension 'colcon_notification.desktop_notification.terminal_notifier': Not used on non-Darwin systems
[6.568s] INFO:colcon.colcon_core.plugin_system:Skipping extension 'colcon_notification.desktop_notification.win32': Not used on non-Windows systems
[6.568s] INFO:colcon.colcon_notification.desktop_notification:Sending desktop notification using 'notify2'
[6.582s] DEBUG:colcon.colcon_core.event_reactor:joined thread
[6.582s] INFO:colcon.colcon_core.shell:Creating prefix script '/home/mojiu/ros2_ws/install/local_setup.ps1'
[6.583s] INFO:colcon.colcon_core.shell:Creating prefix util module '/home/mojiu/ros2_ws/install/_local_setup_util_ps1.py'
[6.584s] INFO:colcon.colcon_core.shell:Creating prefix chain script '/home/mojiu/ros2_ws/install/setup.ps1'
[6.585s] INFO:colcon.colcon_core.shell:Creating prefix script '/home/mojiu/ros2_ws/install/local_setup.sh'
[6.586s] INFO:colcon.colcon_core.shell:Creating prefix util module '/home/mojiu/ros2_ws/install/_local_setup_util_sh.py'
[6.587s] INFO:colcon.colcon_core.shell:Creating prefix chain script '/home/mojiu/ros2_ws/install/setup.sh'
[6.588s] INFO:colcon.colcon_core.shell:Creating prefix script '/home/mojiu/ros2_ws/install/local_setup.bash'
[6.589s] INFO:colcon.colcon_core.shell:Creating prefix chain script '/home/mojiu/ros2_ws/install/setup.bash'
[6.589s] INFO:colcon.colcon_core.shell:Creating prefix script '/home/mojiu/ros2_ws/install/local_setup.zsh'
[6.590s] INFO:colcon.colcon_core.shell:Creating prefix chain script '/home/mojiu/ros2_ws/install/setup.zsh'
