[0.011s] Invoking command in '/home/mojiu/ros2_ws/build/example_interfaces_rclcpp': CMAKE_PREFIX_PATH=${CMAKE_PREFIX_PATH}:/opt/ros/jazzy DEBUGINFOD_URLS=https://debuginfod.ubuntu.com /usr/bin/cmake /home/mojiu/ros2_ws/src/example_interfaces_rclcpp -DCMAKE_INSTALL_PREFIX=/home/mojiu/ros2_ws/install/example_interfaces_rclcpp
[0.025s] -- Found ament_cmake: 2.5.2 (/opt/ros/jazzy/share/ament_cmake/cmake)
[0.237s] -- Found rclcpp: 28.1.5 (/opt/ros/jazzy/share/rclcpp/cmake)
[0.266s] -- Found rosidl_generator_c: 4.6.4 (/opt/ros/jazzy/share/rosidl_generator_c/cmake)
[0.275s] -- Found rosidl_generator_cpp: 4.6.4 (/opt/ros/jazzy/share/rosidl_generator_cpp/cmake)
[0.287s] -- Using all available rosidl_typesupport_c: rosidl_typesupport_fastrtps_c;rosidl_typesupport_introspection_c
[0.301s] -- Using all available rosidl_typesupport_cpp: rosidl_typesupport_fastrtps_cpp;rosidl_typesupport_introspection_cpp
[0.370s] -- Found rmw_implementation_cmake: 7.3.1 (/opt/ros/jazzy/share/rmw_implementation_cmake/cmake)
[0.371s] -- Found rmw_fastrtps_cpp: 8.4.1 (/opt/ros/jazzy/share/rmw_fastrtps_cpp/cmake)
[0.442s] -- Using RMW implementation 'rmw_fastrtps_cpp' as default
[0.522s] [31mCMake Error at CMakeLists.txt:13 (find_package):
[0.522s]   By not providing "Findexample_ros2_interfaces.cmake" in CMAKE_MODULE_PATH
[0.522s]   this project has asked CMake to find a package configuration file provided
[0.523s]   by "example_ros2_interfaces", but CMake did not find one.
[0.523s] 
[0.523s]   Could not find a package configuration file provided by
[0.523s]   "example_ros2_interfaces" with any of the following names:
[0.523s] 
[0.523s]     example_ros2_interfacesConfig.cmake
[0.523s]     example_ros2_interfaces-config.cmake
[0.523s] 
[0.523s]   Add the installation prefix of "example_ros2_interfaces" to
[0.523s]   CMAKE_PREFIX_PATH or set "example_ros2_interfaces_DIR" to a directory
[0.523s]   containing one of the above files.  If "example_ros2_interfaces" provides a
[0.523s]   separate development package or SDK, be sure it has been installed.
[0.523s] 
[0.523s] [0m
[0.523s] -- Configuring incomplete, errors occurred!
[0.528s] Invoked command in '/home/mojiu/ros2_ws/build/example_interfaces_rclcpp' returned '1': CMAKE_PREFIX_PATH=${CMAKE_PREFIX_PATH}:/opt/ros/jazzy DEBUGINFOD_URLS=https://debuginfod.ubuntu.com /usr/bin/cmake /home/mojiu/ros2_ws/src/example_interfaces_rclcpp -DCMAKE_INSTALL_PREFIX=/home/mojiu/ros2_ws/install/example_interfaces_rclcpp
