[0.037s] Invoking command in '/home/mojiu/ros2_ws/build/custom_action_interfaces': CMAKE_PREFIX_PATH=${CMAKE_PREFIX_PATH}:/opt/ros/jazzy DEBUGINFOD_URLS=https://debuginfod.ubuntu.com /usr/bin/cmake --build /home/mojiu/ros2_ws/build/custom_action_interfaces -- -j8 -l8
[0.116s] [  2%] Built target custom_action_interfaces__rosidl_generator_type_description
[0.142s] [  2%] Built target ament_cmake_python_copy_custom_action_interfaces
[0.160s] [  5%] Built target custom_action_interfaces__cpp
[0.191s] [ 20%] Built target custom_action_interfaces__rosidl_generator_c
[0.291s] [ 29%] Built target custom_action_interfaces__rosidl_typesupport_fastrtps_c
[0.298s] [ 38%] Built target custom_action_interfaces__rosidl_typesupport_cpp
[0.305s] [ 47%] Built target custom_action_interfaces__rosidl_typesupport_c
[0.344s] [ 55%] Built target custom_action_interfaces__rosidl_typesupport_introspection_c
[0.348s] [ 64%] Built target custom_action_interfaces__rosidl_typesupport_introspection_cpp
[0.348s] [ 73%] Built target custom_action_interfaces__rosidl_typesupport_fastrtps_cpp
[0.393s] [ 73%] Built target custom_action_interfaces
[0.449s] [ 76%] Built target custom_action_interfaces__py
[0.538s] [ 82%] Built target custom_action_interfaces__rosidl_generator_py
[0.615s] [ 88%] Built target custom_action_interfaces_s__rosidl_typesupport_fastrtps_c
[0.623s] [ 94%] Built target custom_action_interfaces_s__rosidl_typesupport_c
[0.623s] [100%] Built target custom_action_interfaces_s__rosidl_typesupport_introspection_c
[0.759s] running egg_info
[0.791s] writing custom_action_interfaces.egg-info/PKG-INFO
[0.792s] writing dependency_links to custom_action_interfaces.egg-info/dependency_links.txt
[0.792s] writing top-level names to custom_action_interfaces.egg-info/top_level.txt
[0.914s] reading manifest file 'custom_action_interfaces.egg-info/SOURCES.txt'
[0.915s] writing manifest file 'custom_action_interfaces.egg-info/SOURCES.txt'
[0.961s] [100%] Built target ament_cmake_python_build_custom_action_interfaces_egg
[0.975s] Invoked command in '/home/mojiu/ros2_ws/build/custom_action_interfaces' returned '0': CMAKE_PREFIX_PATH=${CMAKE_PREFIX_PATH}:/opt/ros/jazzy DEBUGINFOD_URLS=https://debuginfod.ubuntu.com /usr/bin/cmake --build /home/mojiu/ros2_ws/build/custom_action_interfaces -- -j8 -l8
[1.054s] Invoking command in '/home/mojiu/ros2_ws/build/custom_action_interfaces': CMAKE_PREFIX_PATH=${CMAKE_PREFIX_PATH}:/opt/ros/jazzy DEBUGINFOD_URLS=https://debuginfod.ubuntu.com /usr/bin/cmake --install /home/mojiu/ros2_ws/build/custom_action_interfaces
[1.067s] -- Install configuration: ""
[1.067s] -- Up-to-date: /home/mojiu/ros2_ws/install/custom_action_interfaces/share/ament_index/resource_index/rosidl_interfaces/custom_action_interfaces
[1.068s] -- Up-to-date: /home/mojiu/ros2_ws/install/custom_action_interfaces/share/custom_action_interfaces/action/Fibonacci.json
[1.068s] -- Up-to-date: /home/mojiu/ros2_ws/install/custom_action_interfaces/include/custom_action_interfaces/custom_action_interfaces
[1.068s] -- Up-to-date: /home/mojiu/ros2_ws/install/custom_action_interfaces/include/custom_action_interfaces/custom_action_interfaces/action
[1.068s] -- Up-to-date: /home/mojiu/ros2_ws/install/custom_action_interfaces/include/custom_action_interfaces/custom_action_interfaces/action/detail
[1.068s] -- Installing: /home/mojiu/ros2_ws/install/custom_action_interfaces/include/custom_action_interfaces/custom_action_interfaces/action/detail/fibonacci__type_support.c
[1.069s] -- Up-to-date: /home/mojiu/ros2_ws/install/custom_action_interfaces/include/custom_action_interfaces/custom_action_interfaces/action/detail/fibonacci__struct.h
[1.069s] -- Up-to-date: /home/mojiu/ros2_ws/install/custom_action_interfaces/include/custom_action_interfaces/custom_action_interfaces/action/detail/fibonacci__type_support.h
[1.069s] -- Up-to-date: /home/mojiu/ros2_ws/install/custom_action_interfaces/include/custom_action_interfaces/custom_action_interfaces/action/detail/fibonacci__functions.c
[1.069s] -- Up-to-date: /home/mojiu/ros2_ws/install/custom_action_interfaces/include/custom_action_interfaces/custom_action_interfaces/action/detail/fibonacci__functions.h
[1.070s] -- Up-to-date: /home/mojiu/ros2_ws/install/custom_action_interfaces/include/custom_action_interfaces/custom_action_interfaces/action/detail/fibonacci__description.c
[1.070s] -- Up-to-date: /home/mojiu/ros2_ws/install/custom_action_interfaces/include/custom_action_interfaces/custom_action_interfaces/action/fibonacci.h
[1.071s] -- Up-to-date: /home/mojiu/ros2_ws/install/custom_action_interfaces/include/custom_action_interfaces/custom_action_interfaces/msg
[1.071s] -- Up-to-date: /home/mojiu/ros2_ws/install/custom_action_interfaces/include/custom_action_interfaces/custom_action_interfaces/msg/rosidl_generator_c__visibility_control.h
[1.071s] -- Up-to-date: /home/mojiu/ros2_ws/install/custom_action_interfaces/share/custom_action_interfaces/environment/library_path.sh
[1.071s] -- Up-to-date: /home/mojiu/ros2_ws/install/custom_action_interfaces/share/custom_action_interfaces/environment/library_path.dsv
[1.072s] -- Up-to-date: /home/mojiu/ros2_ws/install/custom_action_interfaces/lib/libcustom_action_interfaces__rosidl_generator_c.so
[1.072s] -- Up-to-date: /home/mojiu/ros2_ws/install/custom_action_interfaces/include/custom_action_interfaces/custom_action_interfaces
[1.072s] -- Up-to-date: /home/mojiu/ros2_ws/install/custom_action_interfaces/include/custom_action_interfaces/custom_action_interfaces/action
[1.072s] -- Up-to-date: /home/mojiu/ros2_ws/install/custom_action_interfaces/include/custom_action_interfaces/custom_action_interfaces/action/detail
[1.073s] -- Up-to-date: /home/mojiu/ros2_ws/install/custom_action_interfaces/include/custom_action_interfaces/custom_action_interfaces/action/detail/fibonacci__rosidl_typesupport_fastrtps_c.h
[1.073s] -- Up-to-date: /home/mojiu/ros2_ws/install/custom_action_interfaces/include/custom_action_interfaces/custom_action_interfaces/msg
[1.073s] -- Up-to-date: /home/mojiu/ros2_ws/install/custom_action_interfaces/include/custom_action_interfaces/custom_action_interfaces/msg/rosidl_typesupport_fastrtps_c__visibility_control.h
[1.073s] -- Up-to-date: /home/mojiu/ros2_ws/install/custom_action_interfaces/lib/libcustom_action_interfaces__rosidl_typesupport_fastrtps_c.so
[1.073s] -- Up-to-date: /home/mojiu/ros2_ws/install/custom_action_interfaces/include/custom_action_interfaces/custom_action_interfaces
[1.074s] -- Up-to-date: /home/mojiu/ros2_ws/install/custom_action_interfaces/include/custom_action_interfaces/custom_action_interfaces/action
[1.074s] -- Up-to-date: /home/mojiu/ros2_ws/install/custom_action_interfaces/include/custom_action_interfaces/custom_action_interfaces/action/detail
[1.074s] -- Up-to-date: /home/mojiu/ros2_ws/install/custom_action_interfaces/include/custom_action_interfaces/custom_action_interfaces/action/detail/fibonacci__rosidl_typesupport_introspection_c.h
[1.074s] -- Installing: /home/mojiu/ros2_ws/install/custom_action_interfaces/include/custom_action_interfaces/custom_action_interfaces/action/detail/fibonacci__type_support.c
[1.075s] -- Up-to-date: /home/mojiu/ros2_ws/install/custom_action_interfaces/include/custom_action_interfaces/custom_action_interfaces/msg
[1.075s] -- Up-to-date: /home/mojiu/ros2_ws/install/custom_action_interfaces/include/custom_action_interfaces/custom_action_interfaces/msg/rosidl_typesupport_introspection_c__visibility_control.h
[1.075s] -- Up-to-date: /home/mojiu/ros2_ws/install/custom_action_interfaces/lib/libcustom_action_interfaces__rosidl_typesupport_introspection_c.so
[1.075s] -- Up-to-date: /home/mojiu/ros2_ws/install/custom_action_interfaces/lib/libcustom_action_interfaces__rosidl_typesupport_c.so
[1.076s] -- Up-to-date: /home/mojiu/ros2_ws/install/custom_action_interfaces/include/custom_action_interfaces/custom_action_interfaces
[1.076s] -- Up-to-date: /home/mojiu/ros2_ws/install/custom_action_interfaces/include/custom_action_interfaces/custom_action_interfaces/action
[1.076s] -- Up-to-date: /home/mojiu/ros2_ws/install/custom_action_interfaces/include/custom_action_interfaces/custom_action_interfaces/action/detail
[1.076s] -- Up-to-date: /home/mojiu/ros2_ws/install/custom_action_interfaces/include/custom_action_interfaces/custom_action_interfaces/action/detail/fibonacci__traits.hpp
[1.077s] -- Up-to-date: /home/mojiu/ros2_ws/install/custom_action_interfaces/include/custom_action_interfaces/custom_action_interfaces/action/detail/fibonacci__struct.hpp
[1.077s] -- Up-to-date: /home/mojiu/ros2_ws/install/custom_action_interfaces/include/custom_action_interfaces/custom_action_interfaces/action/detail/fibonacci__type_support.hpp
[1.077s] -- Up-to-date: /home/mojiu/ros2_ws/install/custom_action_interfaces/include/custom_action_interfaces/custom_action_interfaces/action/detail/fibonacci__builder.hpp
[1.077s] -- Up-to-date: /home/mojiu/ros2_ws/install/custom_action_interfaces/include/custom_action_interfaces/custom_action_interfaces/action/fibonacci.hpp
[1.077s] -- Up-to-date: /home/mojiu/ros2_ws/install/custom_action_interfaces/include/custom_action_interfaces/custom_action_interfaces/msg
[1.078s] -- Up-to-date: /home/mojiu/ros2_ws/install/custom_action_interfaces/include/custom_action_interfaces/custom_action_interfaces/msg/rosidl_generator_cpp__visibility_control.hpp
[1.078s] -- Up-to-date: /home/mojiu/ros2_ws/install/custom_action_interfaces/include/custom_action_interfaces/custom_action_interfaces
[1.078s] -- Up-to-date: /home/mojiu/ros2_ws/install/custom_action_interfaces/include/custom_action_interfaces/custom_action_interfaces/action
[1.078s] -- Up-to-date: /home/mojiu/ros2_ws/install/custom_action_interfaces/include/custom_action_interfaces/custom_action_interfaces/action/detail
[1.078s] -- Up-to-date: /home/mojiu/ros2_ws/install/custom_action_interfaces/include/custom_action_interfaces/custom_action_interfaces/action/detail/dds_fastrtps
[1.079s] -- Up-to-date: /home/mojiu/ros2_ws/install/custom_action_interfaces/include/custom_action_interfaces/custom_action_interfaces/action/detail/fibonacci__rosidl_typesupport_fastrtps_cpp.hpp
[1.079s] -- Up-to-date: /home/mojiu/ros2_ws/install/custom_action_interfaces/include/custom_action_interfaces/custom_action_interfaces/msg
[1.079s] -- Up-to-date: /home/mojiu/ros2_ws/install/custom_action_interfaces/include/custom_action_interfaces/custom_action_interfaces/msg/rosidl_typesupport_fastrtps_cpp__visibility_control.h
[1.079s] -- Up-to-date: /home/mojiu/ros2_ws/install/custom_action_interfaces/lib/libcustom_action_interfaces__rosidl_typesupport_fastrtps_cpp.so
[1.079s] -- Up-to-date: /home/mojiu/ros2_ws/install/custom_action_interfaces/include/custom_action_interfaces/custom_action_interfaces
[1.079s] -- Up-to-date: /home/mojiu/ros2_ws/install/custom_action_interfaces/include/custom_action_interfaces/custom_action_interfaces/action
[1.080s] -- Up-to-date: /home/mojiu/ros2_ws/install/custom_action_interfaces/include/custom_action_interfaces/custom_action_interfaces/action/detail
[1.080s] -- Up-to-date: /home/mojiu/ros2_ws/install/custom_action_interfaces/include/custom_action_interfaces/custom_action_interfaces/action/detail/fibonacci__type_support.cpp
[1.080s] -- Up-to-date: /home/mojiu/ros2_ws/install/custom_action_interfaces/include/custom_action_interfaces/custom_action_interfaces/action/detail/fibonacci__rosidl_typesupport_introspection_cpp.hpp
[1.080s] -- Up-to-date: /home/mojiu/ros2_ws/install/custom_action_interfaces/lib/libcustom_action_interfaces__rosidl_typesupport_introspection_cpp.so
[1.080s] -- Up-to-date: /home/mojiu/ros2_ws/install/custom_action_interfaces/lib/libcustom_action_interfaces__rosidl_typesupport_cpp.so
[1.081s] -- Up-to-date: /home/mojiu/ros2_ws/install/custom_action_interfaces/share/custom_action_interfaces/environment/pythonpath.sh
[1.081s] -- Up-to-date: /home/mojiu/ros2_ws/install/custom_action_interfaces/share/custom_action_interfaces/environment/pythonpath.dsv
[1.081s] -- Up-to-date: /home/mojiu/ros2_ws/install/custom_action_interfaces/lib/python3.12/site-packages/custom_action_interfaces-0.0.0-py3.12.egg-info
[1.081s] -- Installing: /home/mojiu/ros2_ws/install/custom_action_interfaces/lib/python3.12/site-packages/custom_action_interfaces-0.0.0-py3.12.egg-info/PKG-INFO
[1.081s] -- Installing: /home/mojiu/ros2_ws/install/custom_action_interfaces/lib/python3.12/site-packages/custom_action_interfaces-0.0.0-py3.12.egg-info/SOURCES.txt
[1.081s] -- Installing: /home/mojiu/ros2_ws/install/custom_action_interfaces/lib/python3.12/site-packages/custom_action_interfaces-0.0.0-py3.12.egg-info/top_level.txt
[1.082s] -- Installing: /home/mojiu/ros2_ws/install/custom_action_interfaces/lib/python3.12/site-packages/custom_action_interfaces-0.0.0-py3.12.egg-info/dependency_links.txt
[1.082s] -- Up-to-date: /home/mojiu/ros2_ws/install/custom_action_interfaces/lib/python3.12/site-packages/custom_action_interfaces
[1.082s] -- Up-to-date: /home/mojiu/ros2_ws/install/custom_action_interfaces/lib/python3.12/site-packages/custom_action_interfaces/action
[1.082s] -- Up-to-date: /home/mojiu/ros2_ws/install/custom_action_interfaces/lib/python3.12/site-packages/custom_action_interfaces/action/_fibonacci_s.c
[1.082s] -- Up-to-date: /home/mojiu/ros2_ws/install/custom_action_interfaces/lib/python3.12/site-packages/custom_action_interfaces/action/__init__.py
[1.083s] -- Up-to-date: /home/mojiu/ros2_ws/install/custom_action_interfaces/lib/python3.12/site-packages/custom_action_interfaces/action/_fibonacci.py
[1.083s] -- Up-to-date: /home/mojiu/ros2_ws/install/custom_action_interfaces/lib/python3.12/site-packages/custom_action_interfaces/_custom_action_interfaces_s.ep.rosidl_typesupport_c.c
[1.083s] -- Up-to-date: /home/mojiu/ros2_ws/install/custom_action_interfaces/lib/python3.12/site-packages/custom_action_interfaces/_custom_action_interfaces_s.ep.rosidl_typesupport_fastrtps_c.c
[1.083s] -- Up-to-date: /home/mojiu/ros2_ws/install/custom_action_interfaces/lib/python3.12/site-packages/custom_action_interfaces/__init__.py
[1.083s] -- Up-to-date: /home/mojiu/ros2_ws/install/custom_action_interfaces/lib/python3.12/site-packages/custom_action_interfaces/custom_action_interfaces_s__rosidl_typesupport_introspection_c.so
[1.084s] -- Up-to-date: /home/mojiu/ros2_ws/install/custom_action_interfaces/lib/python3.12/site-packages/custom_action_interfaces/custom_action_interfaces_s__rosidl_typesupport_c.so
[1.084s] -- Up-to-date: /home/mojiu/ros2_ws/install/custom_action_interfaces/lib/python3.12/site-packages/custom_action_interfaces/custom_action_interfaces_s__rosidl_typesupport_fastrtps_c.so
[1.084s] -- Up-to-date: /home/mojiu/ros2_ws/install/custom_action_interfaces/lib/python3.12/site-packages/custom_action_interfaces/_custom_action_interfaces_s.ep.rosidl_typesupport_introspection_c.c
[1.140s] Listing '/home/mojiu/ros2_ws/install/custom_action_interfaces/lib/python3.12/site-packages/custom_action_interfaces'...
[1.141s] Listing '/home/mojiu/ros2_ws/install/custom_action_interfaces/lib/python3.12/site-packages/custom_action_interfaces/action'...
[1.147s] -- Up-to-date: /home/mojiu/ros2_ws/install/custom_action_interfaces/lib/python3.12/site-packages/custom_action_interfaces/custom_action_interfaces_s__rosidl_typesupport_fastrtps_c.so
[1.148s] -- Up-to-date: /home/mojiu/ros2_ws/install/custom_action_interfaces/lib/python3.12/site-packages/custom_action_interfaces/custom_action_interfaces_s__rosidl_typesupport_introspection_c.so
[1.148s] -- Up-to-date: /home/mojiu/ros2_ws/install/custom_action_interfaces/lib/python3.12/site-packages/custom_action_interfaces/custom_action_interfaces_s__rosidl_typesupport_c.so
[1.149s] -- Up-to-date: /home/mojiu/ros2_ws/install/custom_action_interfaces/lib/libcustom_action_interfaces__rosidl_generator_py.so
[1.149s] -- Up-to-date: /home/mojiu/ros2_ws/install/custom_action_interfaces/share/custom_action_interfaces/action/Fibonacci.idl
[1.150s] -- Up-to-date: /home/mojiu/ros2_ws/install/custom_action_interfaces/share/custom_action_interfaces/action/Fibonacci.action
[1.150s] -- Up-to-date: /home/mojiu/ros2_ws/install/custom_action_interfaces/share/ament_index/resource_index/package_run_dependencies/custom_action_interfaces
[1.150s] -- Up-to-date: /home/mojiu/ros2_ws/install/custom_action_interfaces/share/ament_index/resource_index/parent_prefix_path/custom_action_interfaces
[1.151s] -- Up-to-date: /home/mojiu/ros2_ws/install/custom_action_interfaces/share/custom_action_interfaces/environment/ament_prefix_path.sh
[1.151s] -- Up-to-date: /home/mojiu/ros2_ws/install/custom_action_interfaces/share/custom_action_interfaces/environment/ament_prefix_path.dsv
[1.151s] -- Up-to-date: /home/mojiu/ros2_ws/install/custom_action_interfaces/share/custom_action_interfaces/environment/path.sh
[1.152s] -- Up-to-date: /home/mojiu/ros2_ws/install/custom_action_interfaces/share/custom_action_interfaces/environment/path.dsv
[1.152s] -- Up-to-date: /home/mojiu/ros2_ws/install/custom_action_interfaces/share/custom_action_interfaces/local_setup.bash
[1.152s] -- Up-to-date: /home/mojiu/ros2_ws/install/custom_action_interfaces/share/custom_action_interfaces/local_setup.sh
[1.152s] -- Up-to-date: /home/mojiu/ros2_ws/install/custom_action_interfaces/share/custom_action_interfaces/local_setup.zsh
[1.152s] -- Up-to-date: /home/mojiu/ros2_ws/install/custom_action_interfaces/share/custom_action_interfaces/local_setup.dsv
[1.153s] -- Installing: /home/mojiu/ros2_ws/install/custom_action_interfaces/share/custom_action_interfaces/package.dsv
[1.153s] -- Up-to-date: /home/mojiu/ros2_ws/install/custom_action_interfaces/share/ament_index/resource_index/packages/custom_action_interfaces
[1.154s] -- Up-to-date: /home/mojiu/ros2_ws/install/custom_action_interfaces/share/custom_action_interfaces/cmake/export_custom_action_interfaces__rosidl_generator_cExport.cmake
[1.154s] -- Up-to-date: /home/mojiu/ros2_ws/install/custom_action_interfaces/share/custom_action_interfaces/cmake/export_custom_action_interfaces__rosidl_generator_cExport-noconfig.cmake
[1.154s] -- Up-to-date: /home/mojiu/ros2_ws/install/custom_action_interfaces/share/custom_action_interfaces/cmake/export_custom_action_interfaces__rosidl_typesupport_fastrtps_cExport.cmake
[1.154s] -- Up-to-date: /home/mojiu/ros2_ws/install/custom_action_interfaces/share/custom_action_interfaces/cmake/export_custom_action_interfaces__rosidl_typesupport_fastrtps_cExport-noconfig.cmake
[1.154s] -- Up-to-date: /home/mojiu/ros2_ws/install/custom_action_interfaces/share/custom_action_interfaces/cmake/custom_action_interfaces__rosidl_typesupport_introspection_cExport.cmake
[1.155s] -- Up-to-date: /home/mojiu/ros2_ws/install/custom_action_interfaces/share/custom_action_interfaces/cmake/custom_action_interfaces__rosidl_typesupport_introspection_cExport-noconfig.cmake
[1.155s] -- Up-to-date: /home/mojiu/ros2_ws/install/custom_action_interfaces/share/custom_action_interfaces/cmake/custom_action_interfaces__rosidl_typesupport_cExport.cmake
[1.155s] -- Up-to-date: /home/mojiu/ros2_ws/install/custom_action_interfaces/share/custom_action_interfaces/cmake/custom_action_interfaces__rosidl_typesupport_cExport-noconfig.cmake
[1.155s] -- Up-to-date: /home/mojiu/ros2_ws/install/custom_action_interfaces/share/custom_action_interfaces/cmake/export_custom_action_interfaces__rosidl_generator_cppExport.cmake
[1.155s] -- Up-to-date: /home/mojiu/ros2_ws/install/custom_action_interfaces/share/custom_action_interfaces/cmake/export_custom_action_interfaces__rosidl_typesupport_fastrtps_cppExport.cmake
[1.156s] -- Up-to-date: /home/mojiu/ros2_ws/install/custom_action_interfaces/share/custom_action_interfaces/cmake/export_custom_action_interfaces__rosidl_typesupport_fastrtps_cppExport-noconfig.cmake
[1.156s] -- Up-to-date: /home/mojiu/ros2_ws/install/custom_action_interfaces/share/custom_action_interfaces/cmake/custom_action_interfaces__rosidl_typesupport_introspection_cppExport.cmake
[1.156s] -- Up-to-date: /home/mojiu/ros2_ws/install/custom_action_interfaces/share/custom_action_interfaces/cmake/custom_action_interfaces__rosidl_typesupport_introspection_cppExport-noconfig.cmake
[1.157s] -- Up-to-date: /home/mojiu/ros2_ws/install/custom_action_interfaces/share/custom_action_interfaces/cmake/custom_action_interfaces__rosidl_typesupport_cppExport.cmake
[1.157s] -- Up-to-date: /home/mojiu/ros2_ws/install/custom_action_interfaces/share/custom_action_interfaces/cmake/custom_action_interfaces__rosidl_typesupport_cppExport-noconfig.cmake
[1.157s] -- Up-to-date: /home/mojiu/ros2_ws/install/custom_action_interfaces/share/custom_action_interfaces/cmake/export_custom_action_interfaces__rosidl_generator_pyExport.cmake
[1.157s] -- Up-to-date: /home/mojiu/ros2_ws/install/custom_action_interfaces/share/custom_action_interfaces/cmake/export_custom_action_interfaces__rosidl_generator_pyExport-noconfig.cmake
[1.158s] -- Up-to-date: /home/mojiu/ros2_ws/install/custom_action_interfaces/share/custom_action_interfaces/cmake/rosidl_cmake-extras.cmake
[1.159s] -- Up-to-date: /home/mojiu/ros2_ws/install/custom_action_interfaces/share/custom_action_interfaces/cmake/ament_cmake_export_dependencies-extras.cmake
[1.159s] -- Up-to-date: /home/mojiu/ros2_ws/install/custom_action_interfaces/share/custom_action_interfaces/cmake/ament_cmake_export_include_directories-extras.cmake
[1.159s] -- Up-to-date: /home/mojiu/ros2_ws/install/custom_action_interfaces/share/custom_action_interfaces/cmake/ament_cmake_export_libraries-extras.cmake
[1.160s] -- Up-to-date: /home/mojiu/ros2_ws/install/custom_action_interfaces/share/custom_action_interfaces/cmake/ament_cmake_export_targets-extras.cmake
[1.160s] -- Up-to-date: /home/mojiu/ros2_ws/install/custom_action_interfaces/share/custom_action_interfaces/cmake/rosidl_cmake_export_typesupport_targets-extras.cmake
[1.161s] -- Up-to-date: /home/mojiu/ros2_ws/install/custom_action_interfaces/share/custom_action_interfaces/cmake/rosidl_cmake_export_typesupport_libraries-extras.cmake
[1.161s] -- Up-to-date: /home/mojiu/ros2_ws/install/custom_action_interfaces/share/custom_action_interfaces/cmake/custom_action_interfacesConfig.cmake
[1.161s] -- Up-to-date: /home/mojiu/ros2_ws/install/custom_action_interfaces/share/custom_action_interfaces/cmake/custom_action_interfacesConfig-version.cmake
[1.161s] -- Up-to-date: /home/mojiu/ros2_ws/install/custom_action_interfaces/share/custom_action_interfaces/package.xml
[1.162s] Invoked command in '/home/mojiu/ros2_ws/build/custom_action_interfaces' returned '0': CMAKE_PREFIX_PATH=${CMAKE_PREFIX_PATH}:/opt/ros/jazzy DEBUGINFOD_URLS=https://debuginfod.ubuntu.com /usr/bin/cmake --install /home/mojiu/ros2_ws/build/custom_action_interfaces
