[0.034s] Invoking command in '/home/mojiu/ros2_ws/build/custom_action_interfaces': CMAKE_PREFIX_PATH=${CMAKE_PREFIX_PATH}:/opt/ros/jazzy DEBUGINFOD_URLS=https://debuginfod.ubuntu.com /usr/bin/cmake --build /home/mojiu/ros2_ws/build/custom_action_interfaces -- -j8 -l8
[0.108s] [  2%] Built target custom_action_interfaces__rosidl_generator_type_description
[0.127s] [  2%] Built target ament_cmake_python_copy_custom_action_interfaces
[0.163s] [ 17%] Built target custom_action_interfaces__rosidl_generator_c
[0.168s] [ 20%] Built target custom_action_interfaces__cpp
[0.228s] [ 29%] Built target custom_action_interfaces__rosidl_typesupport_c
[0.248s] [ 38%] Built target custom_action_interfaces__rosidl_typesupport_fastrtps_c
[0.266s] [ 47%] Built target custom_action_interfaces__rosidl_typesupport_introspection_c
[0.282s] [ 55%] Built target custom_action_interfaces__rosidl_typesupport_cpp
[0.282s] [ 64%] Built target custom_action_interfaces__rosidl_typesupport_fastrtps_cpp
[0.289s] [ 73%] Built target custom_action_interfaces__rosidl_typesupport_introspection_cpp
[0.354s] [ 73%] Built target custom_action_interfaces
[0.409s] [ 76%] Built target custom_action_interfaces__py
[0.446s] [ 82%] Built target custom_action_interfaces__rosidl_generator_py
[0.521s] [ 88%] Built target custom_action_interfaces_s__rosidl_typesupport_introspection_c
[0.522s] [ 94%] Built target custom_action_interfaces_s__rosidl_typesupport_fastrtps_c
[0.525s] [100%] Built target custom_action_interfaces_s__rosidl_typesupport_c
[0.665s] running egg_info
[0.704s] writing custom_action_interfaces.egg-info/PKG-INFO
[0.704s] writing dependency_links to custom_action_interfaces.egg-info/dependency_links.txt
[0.706s] writing top-level names to custom_action_interfaces.egg-info/top_level.txt
[0.820s] reading manifest file 'custom_action_interfaces.egg-info/SOURCES.txt'
[0.822s] writing manifest file 'custom_action_interfaces.egg-info/SOURCES.txt'
[0.867s] [100%] Built target ament_cmake_python_build_custom_action_interfaces_egg
[0.886s] Invoked command in '/home/mojiu/ros2_ws/build/custom_action_interfaces' returned '0': CMAKE_PREFIX_PATH=${CMAKE_PREFIX_PATH}:/opt/ros/jazzy DEBUGINFOD_URLS=https://debuginfod.ubuntu.com /usr/bin/cmake --build /home/mojiu/ros2_ws/build/custom_action_interfaces -- -j8 -l8
[0.964s] Invoking command in '/home/mojiu/ros2_ws/build/custom_action_interfaces': CMAKE_PREFIX_PATH=${CMAKE_PREFIX_PATH}:/opt/ros/jazzy DEBUGINFOD_URLS=https://debuginfod.ubuntu.com /usr/bin/cmake --install /home/mojiu/ros2_ws/build/custom_action_interfaces
[0.976s] -- Install configuration: ""
[0.977s] -- Up-to-date: /home/mojiu/ros2_ws/install/custom_action_interfaces/share/ament_index/resource_index/rosidl_interfaces/custom_action_interfaces
[0.977s] -- Up-to-date: /home/mojiu/ros2_ws/install/custom_action_interfaces/share/custom_action_interfaces/action/Fibonacci.json
[0.977s] -- Up-to-date: /home/mojiu/ros2_ws/install/custom_action_interfaces/include/custom_action_interfaces/custom_action_interfaces
[0.977s] -- Up-to-date: /home/mojiu/ros2_ws/install/custom_action_interfaces/include/custom_action_interfaces/custom_action_interfaces/action
[0.978s] -- Up-to-date: /home/mojiu/ros2_ws/install/custom_action_interfaces/include/custom_action_interfaces/custom_action_interfaces/action/detail
[0.978s] -- Installing: /home/mojiu/ros2_ws/install/custom_action_interfaces/include/custom_action_interfaces/custom_action_interfaces/action/detail/fibonacci__type_support.c
[0.978s] -- Up-to-date: /home/mojiu/ros2_ws/install/custom_action_interfaces/include/custom_action_interfaces/custom_action_interfaces/action/detail/fibonacci__struct.h
[0.978s] -- Up-to-date: /home/mojiu/ros2_ws/install/custom_action_interfaces/include/custom_action_interfaces/custom_action_interfaces/action/detail/fibonacci__type_support.h
[0.978s] -- Up-to-date: /home/mojiu/ros2_ws/install/custom_action_interfaces/include/custom_action_interfaces/custom_action_interfaces/action/detail/fibonacci__functions.c
[0.979s] -- Up-to-date: /home/mojiu/ros2_ws/install/custom_action_interfaces/include/custom_action_interfaces/custom_action_interfaces/action/detail/fibonacci__functions.h
[0.979s] -- Up-to-date: /home/mojiu/ros2_ws/install/custom_action_interfaces/include/custom_action_interfaces/custom_action_interfaces/action/detail/fibonacci__description.c
[0.979s] -- Up-to-date: /home/mojiu/ros2_ws/install/custom_action_interfaces/include/custom_action_interfaces/custom_action_interfaces/action/fibonacci.h
[0.979s] -- Up-to-date: /home/mojiu/ros2_ws/install/custom_action_interfaces/include/custom_action_interfaces/custom_action_interfaces/msg
[0.979s] -- Up-to-date: /home/mojiu/ros2_ws/install/custom_action_interfaces/include/custom_action_interfaces/custom_action_interfaces/msg/rosidl_generator_c__visibility_control.h
[0.979s] -- Up-to-date: /home/mojiu/ros2_ws/install/custom_action_interfaces/share/custom_action_interfaces/environment/library_path.sh
[0.979s] -- Up-to-date: /home/mojiu/ros2_ws/install/custom_action_interfaces/share/custom_action_interfaces/environment/library_path.dsv
[0.980s] -- Up-to-date: /home/mojiu/ros2_ws/install/custom_action_interfaces/lib/libcustom_action_interfaces__rosidl_generator_c.so
[0.980s] -- Up-to-date: /home/mojiu/ros2_ws/install/custom_action_interfaces/include/custom_action_interfaces/custom_action_interfaces
[0.980s] -- Up-to-date: /home/mojiu/ros2_ws/install/custom_action_interfaces/include/custom_action_interfaces/custom_action_interfaces/action
[0.980s] -- Up-to-date: /home/mojiu/ros2_ws/install/custom_action_interfaces/include/custom_action_interfaces/custom_action_interfaces/action/detail
[0.980s] -- Up-to-date: /home/mojiu/ros2_ws/install/custom_action_interfaces/include/custom_action_interfaces/custom_action_interfaces/action/detail/fibonacci__rosidl_typesupport_fastrtps_c.h
[0.981s] -- Up-to-date: /home/mojiu/ros2_ws/install/custom_action_interfaces/include/custom_action_interfaces/custom_action_interfaces/msg
[0.981s] -- Up-to-date: /home/mojiu/ros2_ws/install/custom_action_interfaces/include/custom_action_interfaces/custom_action_interfaces/msg/rosidl_typesupport_fastrtps_c__visibility_control.h
[0.981s] -- Up-to-date: /home/mojiu/ros2_ws/install/custom_action_interfaces/lib/libcustom_action_interfaces__rosidl_typesupport_fastrtps_c.so
[0.981s] -- Up-to-date: /home/mojiu/ros2_ws/install/custom_action_interfaces/include/custom_action_interfaces/custom_action_interfaces
[0.981s] -- Up-to-date: /home/mojiu/ros2_ws/install/custom_action_interfaces/include/custom_action_interfaces/custom_action_interfaces/action
[0.982s] -- Up-to-date: /home/mojiu/ros2_ws/install/custom_action_interfaces/include/custom_action_interfaces/custom_action_interfaces/action/detail
[0.982s] -- Up-to-date: /home/mojiu/ros2_ws/install/custom_action_interfaces/include/custom_action_interfaces/custom_action_interfaces/action/detail/fibonacci__rosidl_typesupport_introspection_c.h
[0.982s] -- Installing: /home/mojiu/ros2_ws/install/custom_action_interfaces/include/custom_action_interfaces/custom_action_interfaces/action/detail/fibonacci__type_support.c
[0.982s] -- Up-to-date: /home/mojiu/ros2_ws/install/custom_action_interfaces/include/custom_action_interfaces/custom_action_interfaces/msg
[0.982s] -- Up-to-date: /home/mojiu/ros2_ws/install/custom_action_interfaces/include/custom_action_interfaces/custom_action_interfaces/msg/rosidl_typesupport_introspection_c__visibility_control.h
[0.982s] -- Up-to-date: /home/mojiu/ros2_ws/install/custom_action_interfaces/lib/libcustom_action_interfaces__rosidl_typesupport_introspection_c.so
[0.983s] -- Up-to-date: /home/mojiu/ros2_ws/install/custom_action_interfaces/lib/libcustom_action_interfaces__rosidl_typesupport_c.so
[0.983s] -- Up-to-date: /home/mojiu/ros2_ws/install/custom_action_interfaces/include/custom_action_interfaces/custom_action_interfaces
[0.983s] -- Up-to-date: /home/mojiu/ros2_ws/install/custom_action_interfaces/include/custom_action_interfaces/custom_action_interfaces/action
[0.983s] -- Up-to-date: /home/mojiu/ros2_ws/install/custom_action_interfaces/include/custom_action_interfaces/custom_action_interfaces/action/detail
[0.983s] -- Up-to-date: /home/mojiu/ros2_ws/install/custom_action_interfaces/include/custom_action_interfaces/custom_action_interfaces/action/detail/fibonacci__traits.hpp
[0.984s] -- Up-to-date: /home/mojiu/ros2_ws/install/custom_action_interfaces/include/custom_action_interfaces/custom_action_interfaces/action/detail/fibonacci__struct.hpp
[0.984s] -- Up-to-date: /home/mojiu/ros2_ws/install/custom_action_interfaces/include/custom_action_interfaces/custom_action_interfaces/action/detail/fibonacci__type_support.hpp
[0.984s] -- Up-to-date: /home/mojiu/ros2_ws/install/custom_action_interfaces/include/custom_action_interfaces/custom_action_interfaces/action/detail/fibonacci__builder.hpp
[0.984s] -- Up-to-date: /home/mojiu/ros2_ws/install/custom_action_interfaces/include/custom_action_interfaces/custom_action_interfaces/action/fibonacci.hpp
[0.984s] -- Up-to-date: /home/mojiu/ros2_ws/install/custom_action_interfaces/include/custom_action_interfaces/custom_action_interfaces/msg
[0.984s] -- Up-to-date: /home/mojiu/ros2_ws/install/custom_action_interfaces/include/custom_action_interfaces/custom_action_interfaces/msg/rosidl_generator_cpp__visibility_control.hpp
[0.984s] -- Up-to-date: /home/mojiu/ros2_ws/install/custom_action_interfaces/include/custom_action_interfaces/custom_action_interfaces
[0.985s] -- Up-to-date: /home/mojiu/ros2_ws/install/custom_action_interfaces/include/custom_action_interfaces/custom_action_interfaces/action
[0.985s] -- Up-to-date: /home/mojiu/ros2_ws/install/custom_action_interfaces/include/custom_action_interfaces/custom_action_interfaces/action/detail
[0.985s] -- Up-to-date: /home/mojiu/ros2_ws/install/custom_action_interfaces/include/custom_action_interfaces/custom_action_interfaces/action/detail/dds_fastrtps
[0.985s] -- Up-to-date: /home/mojiu/ros2_ws/install/custom_action_interfaces/include/custom_action_interfaces/custom_action_interfaces/action/detail/fibonacci__rosidl_typesupport_fastrtps_cpp.hpp
[0.985s] -- Up-to-date: /home/mojiu/ros2_ws/install/custom_action_interfaces/include/custom_action_interfaces/custom_action_interfaces/msg
[0.985s] -- Up-to-date: /home/mojiu/ros2_ws/install/custom_action_interfaces/include/custom_action_interfaces/custom_action_interfaces/msg/rosidl_typesupport_fastrtps_cpp__visibility_control.h
[0.986s] -- Up-to-date: /home/mojiu/ros2_ws/install/custom_action_interfaces/lib/libcustom_action_interfaces__rosidl_typesupport_fastrtps_cpp.so
[0.986s] -- Up-to-date: /home/mojiu/ros2_ws/install/custom_action_interfaces/include/custom_action_interfaces/custom_action_interfaces
[0.986s] -- Up-to-date: /home/mojiu/ros2_ws/install/custom_action_interfaces/include/custom_action_interfaces/custom_action_interfaces/action
[0.986s] -- Up-to-date: /home/mojiu/ros2_ws/install/custom_action_interfaces/include/custom_action_interfaces/custom_action_interfaces/action/detail
[0.986s] -- Up-to-date: /home/mojiu/ros2_ws/install/custom_action_interfaces/include/custom_action_interfaces/custom_action_interfaces/action/detail/fibonacci__type_support.cpp
[0.986s] -- Up-to-date: /home/mojiu/ros2_ws/install/custom_action_interfaces/include/custom_action_interfaces/custom_action_interfaces/action/detail/fibonacci__rosidl_typesupport_introspection_cpp.hpp
[0.987s] -- Up-to-date: /home/mojiu/ros2_ws/install/custom_action_interfaces/lib/libcustom_action_interfaces__rosidl_typesupport_introspection_cpp.so
[0.987s] -- Up-to-date: /home/mojiu/ros2_ws/install/custom_action_interfaces/lib/libcustom_action_interfaces__rosidl_typesupport_cpp.so
[0.987s] -- Up-to-date: /home/mojiu/ros2_ws/install/custom_action_interfaces/share/custom_action_interfaces/environment/pythonpath.sh
[0.987s] -- Up-to-date: /home/mojiu/ros2_ws/install/custom_action_interfaces/share/custom_action_interfaces/environment/pythonpath.dsv
[0.987s] -- Up-to-date: /home/mojiu/ros2_ws/install/custom_action_interfaces/lib/python3.12/site-packages/custom_action_interfaces-0.0.0-py3.12.egg-info
[0.987s] -- Installing: /home/mojiu/ros2_ws/install/custom_action_interfaces/lib/python3.12/site-packages/custom_action_interfaces-0.0.0-py3.12.egg-info/PKG-INFO
[0.987s] -- Installing: /home/mojiu/ros2_ws/install/custom_action_interfaces/lib/python3.12/site-packages/custom_action_interfaces-0.0.0-py3.12.egg-info/SOURCES.txt
[0.988s] -- Installing: /home/mojiu/ros2_ws/install/custom_action_interfaces/lib/python3.12/site-packages/custom_action_interfaces-0.0.0-py3.12.egg-info/top_level.txt
[0.988s] -- Installing: /home/mojiu/ros2_ws/install/custom_action_interfaces/lib/python3.12/site-packages/custom_action_interfaces-0.0.0-py3.12.egg-info/dependency_links.txt
[0.988s] -- Up-to-date: /home/mojiu/ros2_ws/install/custom_action_interfaces/lib/python3.12/site-packages/custom_action_interfaces
[0.988s] -- Up-to-date: /home/mojiu/ros2_ws/install/custom_action_interfaces/lib/python3.12/site-packages/custom_action_interfaces/action
[0.988s] -- Up-to-date: /home/mojiu/ros2_ws/install/custom_action_interfaces/lib/python3.12/site-packages/custom_action_interfaces/action/_fibonacci_s.c
[0.988s] -- Up-to-date: /home/mojiu/ros2_ws/install/custom_action_interfaces/lib/python3.12/site-packages/custom_action_interfaces/action/__init__.py
[0.988s] -- Up-to-date: /home/mojiu/ros2_ws/install/custom_action_interfaces/lib/python3.12/site-packages/custom_action_interfaces/action/_fibonacci.py
[0.989s] -- Up-to-date: /home/mojiu/ros2_ws/install/custom_action_interfaces/lib/python3.12/site-packages/custom_action_interfaces/_custom_action_interfaces_s.ep.rosidl_typesupport_c.c
[0.989s] -- Up-to-date: /home/mojiu/ros2_ws/install/custom_action_interfaces/lib/python3.12/site-packages/custom_action_interfaces/_custom_action_interfaces_s.ep.rosidl_typesupport_fastrtps_c.c
[0.989s] -- Up-to-date: /home/mojiu/ros2_ws/install/custom_action_interfaces/lib/python3.12/site-packages/custom_action_interfaces/__init__.py
[0.989s] -- Up-to-date: /home/mojiu/ros2_ws/install/custom_action_interfaces/lib/python3.12/site-packages/custom_action_interfaces/custom_action_interfaces_s__rosidl_typesupport_introspection_c.so
[0.989s] -- Up-to-date: /home/mojiu/ros2_ws/install/custom_action_interfaces/lib/python3.12/site-packages/custom_action_interfaces/custom_action_interfaces_s__rosidl_typesupport_c.so
[0.989s] -- Up-to-date: /home/mojiu/ros2_ws/install/custom_action_interfaces/lib/python3.12/site-packages/custom_action_interfaces/custom_action_interfaces_s__rosidl_typesupport_fastrtps_c.so
[0.989s] -- Up-to-date: /home/mojiu/ros2_ws/install/custom_action_interfaces/lib/python3.12/site-packages/custom_action_interfaces/_custom_action_interfaces_s.ep.rosidl_typesupport_introspection_c.c
[1.043s] Listing '/home/mojiu/ros2_ws/install/custom_action_interfaces/lib/python3.12/site-packages/custom_action_interfaces'...
[1.043s] Listing '/home/mojiu/ros2_ws/install/custom_action_interfaces/lib/python3.12/site-packages/custom_action_interfaces/action'...
[1.050s] -- Up-to-date: /home/mojiu/ros2_ws/install/custom_action_interfaces/lib/python3.12/site-packages/custom_action_interfaces/custom_action_interfaces_s__rosidl_typesupport_fastrtps_c.so
[1.051s] -- Up-to-date: /home/mojiu/ros2_ws/install/custom_action_interfaces/lib/python3.12/site-packages/custom_action_interfaces/custom_action_interfaces_s__rosidl_typesupport_introspection_c.so
[1.051s] -- Up-to-date: /home/mojiu/ros2_ws/install/custom_action_interfaces/lib/python3.12/site-packages/custom_action_interfaces/custom_action_interfaces_s__rosidl_typesupport_c.so
[1.052s] -- Up-to-date: /home/mojiu/ros2_ws/install/custom_action_interfaces/lib/libcustom_action_interfaces__rosidl_generator_py.so
[1.052s] -- Up-to-date: /home/mojiu/ros2_ws/install/custom_action_interfaces/share/custom_action_interfaces/action/Fibonacci.idl
[1.052s] -- Up-to-date: /home/mojiu/ros2_ws/install/custom_action_interfaces/share/custom_action_interfaces/action/Fibonacci.action
[1.053s] -- Up-to-date: /home/mojiu/ros2_ws/install/custom_action_interfaces/share/ament_index/resource_index/package_run_dependencies/custom_action_interfaces
[1.053s] -- Up-to-date: /home/mojiu/ros2_ws/install/custom_action_interfaces/share/ament_index/resource_index/parent_prefix_path/custom_action_interfaces
[1.053s] -- Up-to-date: /home/mojiu/ros2_ws/install/custom_action_interfaces/share/custom_action_interfaces/environment/ament_prefix_path.sh
[1.053s] -- Up-to-date: /home/mojiu/ros2_ws/install/custom_action_interfaces/share/custom_action_interfaces/environment/ament_prefix_path.dsv
[1.054s] -- Up-to-date: /home/mojiu/ros2_ws/install/custom_action_interfaces/share/custom_action_interfaces/environment/path.sh
[1.054s] -- Up-to-date: /home/mojiu/ros2_ws/install/custom_action_interfaces/share/custom_action_interfaces/environment/path.dsv
[1.054s] -- Up-to-date: /home/mojiu/ros2_ws/install/custom_action_interfaces/share/custom_action_interfaces/local_setup.bash
[1.054s] -- Up-to-date: /home/mojiu/ros2_ws/install/custom_action_interfaces/share/custom_action_interfaces/local_setup.sh
[1.055s] -- Up-to-date: /home/mojiu/ros2_ws/install/custom_action_interfaces/share/custom_action_interfaces/local_setup.zsh
[1.055s] -- Up-to-date: /home/mojiu/ros2_ws/install/custom_action_interfaces/share/custom_action_interfaces/local_setup.dsv
[1.055s] -- Installing: /home/mojiu/ros2_ws/install/custom_action_interfaces/share/custom_action_interfaces/package.dsv
[1.055s] -- Up-to-date: /home/mojiu/ros2_ws/install/custom_action_interfaces/share/ament_index/resource_index/packages/custom_action_interfaces
[1.055s] -- Up-to-date: /home/mojiu/ros2_ws/install/custom_action_interfaces/share/custom_action_interfaces/cmake/export_custom_action_interfaces__rosidl_generator_cExport.cmake
[1.056s] -- Up-to-date: /home/mojiu/ros2_ws/install/custom_action_interfaces/share/custom_action_interfaces/cmake/export_custom_action_interfaces__rosidl_generator_cExport-noconfig.cmake
[1.056s] -- Up-to-date: /home/mojiu/ros2_ws/install/custom_action_interfaces/share/custom_action_interfaces/cmake/export_custom_action_interfaces__rosidl_typesupport_fastrtps_cExport.cmake
[1.056s] -- Up-to-date: /home/mojiu/ros2_ws/install/custom_action_interfaces/share/custom_action_interfaces/cmake/export_custom_action_interfaces__rosidl_typesupport_fastrtps_cExport-noconfig.cmake
[1.057s] -- Up-to-date: /home/mojiu/ros2_ws/install/custom_action_interfaces/share/custom_action_interfaces/cmake/custom_action_interfaces__rosidl_typesupport_introspection_cExport.cmake
[1.057s] -- Up-to-date: /home/mojiu/ros2_ws/install/custom_action_interfaces/share/custom_action_interfaces/cmake/custom_action_interfaces__rosidl_typesupport_introspection_cExport-noconfig.cmake
[1.057s] -- Up-to-date: /home/mojiu/ros2_ws/install/custom_action_interfaces/share/custom_action_interfaces/cmake/custom_action_interfaces__rosidl_typesupport_cExport.cmake
[1.057s] -- Up-to-date: /home/mojiu/ros2_ws/install/custom_action_interfaces/share/custom_action_interfaces/cmake/custom_action_interfaces__rosidl_typesupport_cExport-noconfig.cmake
[1.058s] -- Up-to-date: /home/mojiu/ros2_ws/install/custom_action_interfaces/share/custom_action_interfaces/cmake/export_custom_action_interfaces__rosidl_generator_cppExport.cmake
[1.059s] -- Up-to-date: /home/mojiu/ros2_ws/install/custom_action_interfaces/share/custom_action_interfaces/cmake/export_custom_action_interfaces__rosidl_typesupport_fastrtps_cppExport.cmake
[1.059s] -- Up-to-date: /home/mojiu/ros2_ws/install/custom_action_interfaces/share/custom_action_interfaces/cmake/export_custom_action_interfaces__rosidl_typesupport_fastrtps_cppExport-noconfig.cmake
[1.059s] -- Up-to-date: /home/mojiu/ros2_ws/install/custom_action_interfaces/share/custom_action_interfaces/cmake/custom_action_interfaces__rosidl_typesupport_introspection_cppExport.cmake
[1.059s] -- Up-to-date: /home/mojiu/ros2_ws/install/custom_action_interfaces/share/custom_action_interfaces/cmake/custom_action_interfaces__rosidl_typesupport_introspection_cppExport-noconfig.cmake
[1.059s] -- Up-to-date: /home/mojiu/ros2_ws/install/custom_action_interfaces/share/custom_action_interfaces/cmake/custom_action_interfaces__rosidl_typesupport_cppExport.cmake
[1.060s] -- Up-to-date: /home/mojiu/ros2_ws/install/custom_action_interfaces/share/custom_action_interfaces/cmake/custom_action_interfaces__rosidl_typesupport_cppExport-noconfig.cmake
[1.062s] -- Up-to-date: /home/mojiu/ros2_ws/install/custom_action_interfaces/share/custom_action_interfaces/cmake/export_custom_action_interfaces__rosidl_generator_pyExport.cmake
[1.062s] -- Up-to-date: /home/mojiu/ros2_ws/install/custom_action_interfaces/share/custom_action_interfaces/cmake/export_custom_action_interfaces__rosidl_generator_pyExport-noconfig.cmake
[1.062s] -- Up-to-date: /home/mojiu/ros2_ws/install/custom_action_interfaces/share/custom_action_interfaces/cmake/rosidl_cmake-extras.cmake
[1.062s] -- Up-to-date: /home/mojiu/ros2_ws/install/custom_action_interfaces/share/custom_action_interfaces/cmake/ament_cmake_export_dependencies-extras.cmake
[1.062s] -- Up-to-date: /home/mojiu/ros2_ws/install/custom_action_interfaces/share/custom_action_interfaces/cmake/ament_cmake_export_include_directories-extras.cmake
[1.063s] -- Up-to-date: /home/mojiu/ros2_ws/install/custom_action_interfaces/share/custom_action_interfaces/cmake/ament_cmake_export_libraries-extras.cmake
[1.063s] -- Up-to-date: /home/mojiu/ros2_ws/install/custom_action_interfaces/share/custom_action_interfaces/cmake/ament_cmake_export_targets-extras.cmake
[1.063s] -- Up-to-date: /home/mojiu/ros2_ws/install/custom_action_interfaces/share/custom_action_interfaces/cmake/rosidl_cmake_export_typesupport_targets-extras.cmake
[1.063s] -- Up-to-date: /home/mojiu/ros2_ws/install/custom_action_interfaces/share/custom_action_interfaces/cmake/rosidl_cmake_export_typesupport_libraries-extras.cmake
[1.063s] -- Up-to-date: /home/mojiu/ros2_ws/install/custom_action_interfaces/share/custom_action_interfaces/cmake/custom_action_interfacesConfig.cmake
[1.063s] -- Up-to-date: /home/mojiu/ros2_ws/install/custom_action_interfaces/share/custom_action_interfaces/cmake/custom_action_interfacesConfig-version.cmake
[1.063s] -- Up-to-date: /home/mojiu/ros2_ws/install/custom_action_interfaces/share/custom_action_interfaces/package.xml
[1.065s] Invoked command in '/home/mojiu/ros2_ws/build/custom_action_interfaces' returned '0': CMAKE_PREFIX_PATH=${CMAKE_PREFIX_PATH}:/opt/ros/jazzy DEBUGINFOD_URLS=https://debuginfod.ubuntu.com /usr/bin/cmake --install /home/mojiu/ros2_ws/build/custom_action_interfaces
