[0.011s] Invoking command in '/home/mojiu/ros2_ws/build/learning_tf2_cpp': CMAKE_PREFIX_PATH=${CMAKE_PREFIX_PATH}:/opt/ros/jazzy DEBUGINFOD_URLS=https://debuginfod.ubuntu.com /usr/bin/cmake /home/mojiu/ros2_ws/src/learning_tf2_cpp -DCMAKE_INSTALL_PREFIX=/home/mojiu/ros2_ws/install/learning_tf2_cpp
[0.026s] -- Found ament_cmake: 2.5.3 (/opt/ros/jazzy/share/ament_cmake/cmake)
[0.189s] -- Found Python3: /usr/bin/python3 (found version "3.12.3") found components: Interpreter 
[0.283s] -- Found geometry_msgs: 5.3.5 (/opt/ros/jazzy/share/geometry_msgs/cmake)
[0.316s] -- Found rosidl_generator_c: 4.6.5 (/opt/ros/jazzy/share/rosidl_generator_c/cmake)
[0.329s] -- Found rosidl_generator_cpp: 4.6.5 (/opt/ros/jazzy/share/rosidl_generator_cpp/cmake)
[0.343s] -- Using all available rosidl_typesupport_c: rosidl_typesupport_fastrtps_c;rosidl_typesupport_introspection_c
[0.371s] -- Using all available rosidl_typesupport_cpp: rosidl_typesupport_fastrtps_cpp;rosidl_typesupport_introspection_cpp
[0.455s] -- Found rclcpp: 28.1.6 (/opt/ros/jazzy/share/rclcpp/cmake)
[0.530s] -- Found rmw_implementation_cmake: 7.3.1 (/opt/ros/jazzy/share/rmw_implementation_cmake/cmake)
[0.531s] -- Found rmw_fastrtps_cpp: 8.4.1 (/opt/ros/jazzy/share/rmw_fastrtps_cpp/cmake)
[0.619s] -- Using RMW implementation 'rmw_fastrtps_cpp' as default
[0.722s] -- Found tf2: 0.36.7 (/opt/ros/jazzy/share/tf2/cmake)
[0.730s] -- Found tf2_ros: 0.36.7 (/opt/ros/jazzy/share/tf2_ros/cmake)
[0.885s] -- Found turtlesim: 1.8.3 (/opt/ros/jazzy/share/turtlesim/cmake)
[0.915s] -- Found ament_lint_auto: 0.17.1 (/opt/ros/jazzy/share/ament_lint_auto/cmake)
[1.048s] -- Added test 'cppcheck' to perform static code analysis on C / C++ code
[1.048s] -- Configured cppcheck include dirs: 
[1.048s] -- Configured cppcheck exclude dirs and/or files: 
[1.049s] -- Added test 'lint_cmake' to check CMake code style
[1.051s] -- Added test 'uncrustify' to check C / C++ code style
[1.051s] -- Configured uncrustify additional arguments: 
[1.052s] -- Added test 'xmllint' to check XML markup files
[1.053s] -- Configuring done (1.0s)
[1.070s] -- Generating done (0.0s)
[1.075s] -- Build files have been written to: /home/mojiu/ros2_ws/build/learning_tf2_cpp
[1.086s] Invoked command in '/home/mojiu/ros2_ws/build/learning_tf2_cpp' returned '0': CMAKE_PREFIX_PATH=${CMAKE_PREFIX_PATH}:/opt/ros/jazzy DEBUGINFOD_URLS=https://debuginfod.ubuntu.com /usr/bin/cmake /home/mojiu/ros2_ws/src/learning_tf2_cpp -DCMAKE_INSTALL_PREFIX=/home/mojiu/ros2_ws/install/learning_tf2_cpp
[1.087s] Invoking command in '/home/mojiu/ros2_ws/build/learning_tf2_cpp': CMAKE_PREFIX_PATH=${CMAKE_PREFIX_PATH}:/opt/ros/jazzy DEBUGINFOD_URLS=https://debuginfod.ubuntu.com /usr/bin/cmake --build /home/mojiu/ros2_ws/build/learning_tf2_cpp -- -j8 -l8
[1.142s] [ 50%] [32mBuilding CXX object CMakeFiles/static_turtle_tf2_broadcaster.dir/src/static_turtle_tf2_broadcaster.cpp.o[0m
[5.301s] [100%] [32m[1mLinking CXX executable static_turtle_tf2_broadcaster[0m
[5.553s] [100%] Built target static_turtle_tf2_broadcaster
[5.565s] Invoked command in '/home/mojiu/ros2_ws/build/learning_tf2_cpp' returned '0': CMAKE_PREFIX_PATH=${CMAKE_PREFIX_PATH}:/opt/ros/jazzy DEBUGINFOD_URLS=https://debuginfod.ubuntu.com /usr/bin/cmake --build /home/mojiu/ros2_ws/build/learning_tf2_cpp -- -j8 -l8
[5.574s] Invoking command in '/home/mojiu/ros2_ws/build/learning_tf2_cpp': CMAKE_PREFIX_PATH=${CMAKE_PREFIX_PATH}:/opt/ros/jazzy DEBUGINFOD_URLS=https://debuginfod.ubuntu.com /usr/bin/cmake --install /home/mojiu/ros2_ws/build/learning_tf2_cpp
[5.582s] -- Install configuration: ""
[5.582s] -- Installing: /home/mojiu/ros2_ws/install/learning_tf2_cpp/lib/learning_tf2_cpp/static_turtle_tf2_broadcaster
[5.583s] -- Set non-toolchain portion of runtime path of "/home/mojiu/ros2_ws/install/learning_tf2_cpp/lib/learning_tf2_cpp/static_turtle_tf2_broadcaster" to ""
[5.583s] -- Installing: /home/mojiu/ros2_ws/install/learning_tf2_cpp/share/ament_index/resource_index/package_run_dependencies/learning_tf2_cpp
[5.583s] -- Installing: /home/mojiu/ros2_ws/install/learning_tf2_cpp/share/ament_index/resource_index/parent_prefix_path/learning_tf2_cpp
[5.583s] -- Installing: /home/mojiu/ros2_ws/install/learning_tf2_cpp/share/learning_tf2_cpp/environment/ament_prefix_path.sh
[5.584s] -- Installing: /home/mojiu/ros2_ws/install/learning_tf2_cpp/share/learning_tf2_cpp/environment/ament_prefix_path.dsv
[5.584s] -- Installing: /home/mojiu/ros2_ws/install/learning_tf2_cpp/share/learning_tf2_cpp/environment/path.sh
[5.584s] -- Installing: /home/mojiu/ros2_ws/install/learning_tf2_cpp/share/learning_tf2_cpp/environment/path.dsv
[5.584s] -- Installing: /home/mojiu/ros2_ws/install/learning_tf2_cpp/share/learning_tf2_cpp/local_setup.bash
[5.584s] -- Installing: /home/mojiu/ros2_ws/install/learning_tf2_cpp/share/learning_tf2_cpp/local_setup.sh
[5.584s] -- Installing: /home/mojiu/ros2_ws/install/learning_tf2_cpp/share/learning_tf2_cpp/local_setup.zsh
[5.584s] -- Installing: /home/mojiu/ros2_ws/install/learning_tf2_cpp/share/learning_tf2_cpp/local_setup.dsv
[5.585s] -- Installing: /home/mojiu/ros2_ws/install/learning_tf2_cpp/share/learning_tf2_cpp/package.dsv
[5.585s] -- Installing: /home/mojiu/ros2_ws/install/learning_tf2_cpp/share/ament_index/resource_index/packages/learning_tf2_cpp
[5.585s] -- Installing: /home/mojiu/ros2_ws/install/learning_tf2_cpp/share/learning_tf2_cpp/cmake/learning_tf2_cppConfig.cmake
[5.585s] -- Installing: /home/mojiu/ros2_ws/install/learning_tf2_cpp/share/learning_tf2_cpp/cmake/learning_tf2_cppConfig-version.cmake
[5.585s] -- Installing: /home/mojiu/ros2_ws/install/learning_tf2_cpp/share/learning_tf2_cpp/package.xml
[5.587s] Invoked command in '/home/mojiu/ros2_ws/build/learning_tf2_cpp' returned '0': CMAKE_PREFIX_PATH=${CMAKE_PREFIX_PATH}:/opt/ros/jazzy DEBUGINFOD_URLS=https://debuginfod.ubuntu.com /usr/bin/cmake --install /home/mojiu/ros2_ws/build/learning_tf2_cpp
