[0.025s] Invoking command in '/home/mojiu/ros2_ws/build/polygon_plugins': AMENT_PREFIX_PATH=/home/mojiu/ros2_ws/install/polygon_base:${AMENT_PREFIX_PATH} CMAKE_PREFIX_PATH=/home/mojiu/ros2_ws/install/polygon_base:/opt/ros/jazzy/opt/gz_math_vendor:/opt/ros/jazzy/opt/gz_utils_vendor:/opt/ros/jazzy/opt/gz_cmake_vendor:/opt/ros/jazzy DEBUGINFOD_URLS=https://debuginfod.ubuntu.com /usr/bin/cmake --build /home/mojiu/ros2_ws/build/polygon_plugins -- -j8 -l8
[0.157s] [100%] Built target polygon_plugins
[0.178s] Invoked command in '/home/mojiu/ros2_ws/build/polygon_plugins' returned '0': AMENT_PREFIX_PATH=/home/mojiu/ros2_ws/install/polygon_base:${AMENT_PREFIX_PATH} CMAKE_PREFIX_PATH=/home/mojiu/ros2_ws/install/polygon_base:/opt/ros/jazzy/opt/gz_math_vendor:/opt/ros/jazzy/opt/gz_utils_vendor:/opt/ros/jazzy/opt/gz_cmake_vendor:/opt/ros/jazzy DEBUGINFOD_URLS=https://debuginfod.ubuntu.com /usr/bin/cmake --build /home/mojiu/ros2_ws/build/polygon_plugins -- -j8 -l8
[0.211s] Invoking command in '/home/mojiu/ros2_ws/build/polygon_plugins': AMENT_PREFIX_PATH=/home/mojiu/ros2_ws/install/polygon_base:${AMENT_PREFIX_PATH} CMAKE_PREFIX_PATH=/home/mojiu/ros2_ws/install/polygon_base:/opt/ros/jazzy/opt/gz_math_vendor:/opt/ros/jazzy/opt/gz_utils_vendor:/opt/ros/jazzy/opt/gz_cmake_vendor:/opt/ros/jazzy DEBUGINFOD_URLS=https://debuginfod.ubuntu.com /usr/bin/cmake --install /home/mojiu/ros2_ws/build/polygon_plugins
[0.222s] -- Install configuration: ""
[0.229s] -- Up-to-date: /home/mojiu/ros2_ws/install/polygon_plugins/share/polygon_plugins/plugins.xml
[0.229s] -- Up-to-date: /home/mojiu/ros2_ws/install/polygon_plugins/include/polygon_plugins
[0.230s] -- Up-to-date: /home/mojiu/ros2_ws/install/polygon_plugins/include/polygon_plugins/polygon_plugins
[0.230s] -- Up-to-date: /home/mojiu/ros2_ws/install/polygon_plugins/include/polygon_plugins/polygon_plugins/visibility_control.h
[0.231s] -- Up-to-date: /home/mojiu/ros2_ws/install/polygon_plugins/include/polygon_plugins/polygon_plugins/polygon_plugins.hpp
[0.233s] -- Up-to-date: /home/mojiu/ros2_ws/install/polygon_plugins/lib/libpolygon_plugins.so
[0.233s] -- Up-to-date: /home/mojiu/ros2_ws/install/polygon_plugins/share/polygon_plugins/environment/library_path.sh
[0.233s] -- Up-to-date: /home/mojiu/ros2_ws/install/polygon_plugins/share/polygon_plugins/environment/library_path.dsv
[0.233s] -- Up-to-date: /home/mojiu/ros2_ws/install/polygon_plugins/share/ament_index/resource_index/package_run_dependencies/polygon_plugins
[0.234s] -- Up-to-date: /home/mojiu/ros2_ws/install/polygon_plugins/share/ament_index/resource_index/parent_prefix_path/polygon_plugins
[0.234s] -- Up-to-date: /home/mojiu/ros2_ws/install/polygon_plugins/share/polygon_plugins/environment/ament_prefix_path.sh
[0.234s] -- Up-to-date: /home/mojiu/ros2_ws/install/polygon_plugins/share/polygon_plugins/environment/ament_prefix_path.dsv
[0.234s] -- Up-to-date: /home/mojiu/ros2_ws/install/polygon_plugins/share/polygon_plugins/environment/path.sh
[0.235s] -- Up-to-date: /home/mojiu/ros2_ws/install/polygon_plugins/share/polygon_plugins/environment/path.dsv
[0.235s] -- Up-to-date: /home/mojiu/ros2_ws/install/polygon_plugins/share/polygon_plugins/local_setup.bash
[0.235s] -- Up-to-date: /home/mojiu/ros2_ws/install/polygon_plugins/share/polygon_plugins/local_setup.sh
[0.235s] -- Up-to-date: /home/mojiu/ros2_ws/install/polygon_plugins/share/polygon_plugins/local_setup.zsh
[0.235s] -- Up-to-date: /home/mojiu/ros2_ws/install/polygon_plugins/share/polygon_plugins/local_setup.dsv
[0.236s] -- Installing: /home/mojiu/ros2_ws/install/polygon_plugins/share/polygon_plugins/package.dsv
[0.236s] -- Up-to-date: /home/mojiu/ros2_ws/install/polygon_plugins/share/ament_index/resource_index/packages/polygon_plugins
[0.236s] -- Up-to-date: /home/mojiu/ros2_ws/install/polygon_plugins/share/ament_index/resource_index/polygon_base__pluginlib__plugin/polygon_plugins
[0.236s] -- Up-to-date: /home/mojiu/ros2_ws/install/polygon_plugins/share/polygon_plugins/cmake/export_polygon_pluginsExport.cmake
[0.236s] -- Up-to-date: /home/mojiu/ros2_ws/install/polygon_plugins/share/polygon_plugins/cmake/export_polygon_pluginsExport-noconfig.cmake
[0.237s] -- Up-to-date: /home/mojiu/ros2_ws/install/polygon_plugins/share/polygon_plugins/cmake/ament_cmake_export_include_directories-extras.cmake
[0.237s] -- Up-to-date: /home/mojiu/ros2_ws/install/polygon_plugins/share/polygon_plugins/cmake/ament_cmake_export_libraries-extras.cmake
[0.237s] -- Up-to-date: /home/mojiu/ros2_ws/install/polygon_plugins/share/polygon_plugins/cmake/ament_cmake_export_targets-extras.cmake
[0.237s] -- Up-to-date: /home/mojiu/ros2_ws/install/polygon_plugins/share/polygon_plugins/cmake/polygon_pluginsConfig.cmake
[0.238s] -- Up-to-date: /home/mojiu/ros2_ws/install/polygon_plugins/share/polygon_plugins/cmake/polygon_pluginsConfig-version.cmake
[0.238s] -- Up-to-date: /home/mojiu/ros2_ws/install/polygon_plugins/share/polygon_plugins/package.xml
[0.239s] Invoked command in '/home/mojiu/ros2_ws/build/polygon_plugins' returned '0': AMENT_PREFIX_PATH=/home/mojiu/ros2_ws/install/polygon_base:${AMENT_PREFIX_PATH} CMAKE_PREFIX_PATH=/home/mojiu/ros2_ws/install/polygon_base:/opt/ros/jazzy/opt/gz_math_vendor:/opt/ros/jazzy/opt/gz_utils_vendor:/opt/ros/jazzy/opt/gz_cmake_vendor:/opt/ros/jazzy DEBUGINFOD_URLS=https://debuginfod.ubuntu.com /usr/bin/cmake --install /home/mojiu/ros2_ws/build/polygon_plugins
