[0.045s] Invoking command in '/home/mojiu/ros2_ws/build/custom_action_interfaces': CMAKE_PREFIX_PATH=${CMAKE_PREFIX_PATH}:/opt/ros/jazzy DEBUGINFOD_URLS=https://debuginfod.ubuntu.com /usr/bin/cmake --build /home/mojiu/ros2_ws/build/custom_action_interfaces -- -j8 -l8
[0.150s] [  2%] Built target custom_action_interfaces__rosidl_generator_type_description
[0.201s] [  2%] Built target ament_cmake_python_copy_custom_action_interfaces
[0.208s] [  5%] Built target custom_action_interfaces__cpp
[0.215s] [ 20%] Built target custom_action_interfaces__rosidl_generator_c
[0.290s] [ 29%] Built target custom_action_interfaces__rosidl_typesupport_c
[0.291s] [ 38%] Built target custom_action_interfaces__rosidl_typesupport_introspection_c
[0.323s] [ 50%] Built target custom_action_interfaces__rosidl_typesupport_fastrtps_cpp
[0.333s] [ 55%] Built target custom_action_interfaces__rosidl_typesupport_fastrtps_c
[0.348s] [ 64%] Built target custom_action_interfaces__rosidl_typesupport_cpp
[0.357s] [ 73%] Built target custom_action_interfaces__rosidl_typesupport_introspection_cpp
[0.398s] [ 73%] Built target custom_action_interfaces
[0.456s] [ 76%] Built target custom_action_interfaces__py
[0.522s] [ 82%] Built target custom_action_interfaces__rosidl_generator_py
[0.597s] [ 88%] Built target custom_action_interfaces_s__rosidl_typesupport_fastrtps_c
[0.600s] [ 94%] Built target custom_action_interfaces_s__rosidl_typesupport_introspection_c
[0.632s] [100%] Built target custom_action_interfaces_s__rosidl_typesupport_c
[0.783s] running egg_info
[0.823s] writing custom_action_interfaces.egg-info/PKG-INFO
[0.823s] writing dependency_links to custom_action_interfaces.egg-info/dependency_links.txt
[0.824s] writing top-level names to custom_action_interfaces.egg-info/top_level.txt
[0.941s] reading manifest file 'custom_action_interfaces.egg-info/SOURCES.txt'
[0.943s] writing manifest file 'custom_action_interfaces.egg-info/SOURCES.txt'
[0.990s] [100%] Built target ament_cmake_python_build_custom_action_interfaces_egg
[1.006s] Invoked command in '/home/mojiu/ros2_ws/build/custom_action_interfaces' returned '0': CMAKE_PREFIX_PATH=${CMAKE_PREFIX_PATH}:/opt/ros/jazzy DEBUGINFOD_URLS=https://debuginfod.ubuntu.com /usr/bin/cmake --build /home/mojiu/ros2_ws/build/custom_action_interfaces -- -j8 -l8
[1.092s] Invoking command in '/home/mojiu/ros2_ws/build/custom_action_interfaces': CMAKE_PREFIX_PATH=${CMAKE_PREFIX_PATH}:/opt/ros/jazzy DEBUGINFOD_URLS=https://debuginfod.ubuntu.com /usr/bin/cmake --install /home/mojiu/ros2_ws/build/custom_action_interfaces
[1.109s] -- Install configuration: ""
[1.109s] -- Up-to-date: /home/mojiu/ros2_ws/install/custom_action_interfaces/share/ament_index/resource_index/rosidl_interfaces/custom_action_interfaces
[1.109s] -- Up-to-date: /home/mojiu/ros2_ws/install/custom_action_interfaces/share/custom_action_interfaces/action/Fibonacci.json
[1.109s] -- Up-to-date: /home/mojiu/ros2_ws/install/custom_action_interfaces/include/custom_action_interfaces/custom_action_interfaces
[1.110s] -- Up-to-date: /home/mojiu/ros2_ws/install/custom_action_interfaces/include/custom_action_interfaces/custom_action_interfaces/action
[1.110s] -- Up-to-date: /home/mojiu/ros2_ws/install/custom_action_interfaces/include/custom_action_interfaces/custom_action_interfaces/action/detail
[1.110s] -- Installing: /home/mojiu/ros2_ws/install/custom_action_interfaces/include/custom_action_interfaces/custom_action_interfaces/action/detail/fibonacci__type_support.c
[1.110s] -- Up-to-date: /home/mojiu/ros2_ws/install/custom_action_interfaces/include/custom_action_interfaces/custom_action_interfaces/action/detail/fibonacci__struct.h
[1.110s] -- Up-to-date: /home/mojiu/ros2_ws/install/custom_action_interfaces/include/custom_action_interfaces/custom_action_interfaces/action/detail/fibonacci__type_support.h
[1.110s] -- Up-to-date: /home/mojiu/ros2_ws/install/custom_action_interfaces/include/custom_action_interfaces/custom_action_interfaces/action/detail/fibonacci__functions.c
[1.110s] -- Up-to-date: /home/mojiu/ros2_ws/install/custom_action_interfaces/include/custom_action_interfaces/custom_action_interfaces/action/detail/fibonacci__functions.h
[1.111s] -- Up-to-date: /home/mojiu/ros2_ws/install/custom_action_interfaces/include/custom_action_interfaces/custom_action_interfaces/action/detail/fibonacci__description.c
[1.111s] -- Up-to-date: /home/mojiu/ros2_ws/install/custom_action_interfaces/include/custom_action_interfaces/custom_action_interfaces/action/fibonacci.h
[1.111s] -- Up-to-date: /home/mojiu/ros2_ws/install/custom_action_interfaces/include/custom_action_interfaces/custom_action_interfaces/msg
[1.111s] -- Up-to-date: /home/mojiu/ros2_ws/install/custom_action_interfaces/include/custom_action_interfaces/custom_action_interfaces/msg/rosidl_generator_c__visibility_control.h
[1.111s] -- Up-to-date: /home/mojiu/ros2_ws/install/custom_action_interfaces/share/custom_action_interfaces/environment/library_path.sh
[1.112s] -- Up-to-date: /home/mojiu/ros2_ws/install/custom_action_interfaces/share/custom_action_interfaces/environment/library_path.dsv
[1.112s] -- Up-to-date: /home/mojiu/ros2_ws/install/custom_action_interfaces/lib/libcustom_action_interfaces__rosidl_generator_c.so
[1.119s] -- Up-to-date: /home/mojiu/ros2_ws/install/custom_action_interfaces/include/custom_action_interfaces/custom_action_interfaces
[1.119s] -- Up-to-date: /home/mojiu/ros2_ws/install/custom_action_interfaces/include/custom_action_interfaces/custom_action_interfaces/action
[1.119s] -- Up-to-date: /home/mojiu/ros2_ws/install/custom_action_interfaces/include/custom_action_interfaces/custom_action_interfaces/action/detail
[1.119s] -- Up-to-date: /home/mojiu/ros2_ws/install/custom_action_interfaces/include/custom_action_interfaces/custom_action_interfaces/action/detail/fibonacci__rosidl_typesupport_fastrtps_c.h
[1.119s] -- Up-to-date: /home/mojiu/ros2_ws/install/custom_action_interfaces/include/custom_action_interfaces/custom_action_interfaces/msg
[1.120s] -- Up-to-date: /home/mojiu/ros2_ws/install/custom_action_interfaces/include/custom_action_interfaces/custom_action_interfaces/msg/rosidl_typesupport_fastrtps_c__visibility_control.h
[1.120s] -- Installing: /home/mojiu/ros2_ws/install/custom_action_interfaces/lib/libcustom_action_interfaces__rosidl_typesupport_fastrtps_c.so
[1.120s] -- Set non-toolchain portion of runtime path of "/home/mojiu/ros2_ws/install/custom_action_interfaces/lib/libcustom_action_interfaces__rosidl_typesupport_fastrtps_c.so" to ""
[1.120s] -- Up-to-date: /home/mojiu/ros2_ws/install/custom_action_interfaces/include/custom_action_interfaces/custom_action_interfaces
[1.120s] -- Up-to-date: /home/mojiu/ros2_ws/install/custom_action_interfaces/include/custom_action_interfaces/custom_action_interfaces/action
[1.120s] -- Up-to-date: /home/mojiu/ros2_ws/install/custom_action_interfaces/include/custom_action_interfaces/custom_action_interfaces/action/detail
[1.121s] -- Up-to-date: /home/mojiu/ros2_ws/install/custom_action_interfaces/include/custom_action_interfaces/custom_action_interfaces/action/detail/fibonacci__rosidl_typesupport_introspection_c.h
[1.121s] -- Installing: /home/mojiu/ros2_ws/install/custom_action_interfaces/include/custom_action_interfaces/custom_action_interfaces/action/detail/fibonacci__type_support.c
[1.121s] -- Up-to-date: /home/mojiu/ros2_ws/install/custom_action_interfaces/include/custom_action_interfaces/custom_action_interfaces/msg
[1.121s] -- Up-to-date: /home/mojiu/ros2_ws/install/custom_action_interfaces/include/custom_action_interfaces/custom_action_interfaces/msg/rosidl_typesupport_introspection_c__visibility_control.h
[1.124s] -- Up-to-date: /home/mojiu/ros2_ws/install/custom_action_interfaces/lib/libcustom_action_interfaces__rosidl_typesupport_introspection_c.so
[1.124s] -- Up-to-date: /home/mojiu/ros2_ws/install/custom_action_interfaces/lib/libcustom_action_interfaces__rosidl_typesupport_c.so
[1.124s] -- Up-to-date: /home/mojiu/ros2_ws/install/custom_action_interfaces/include/custom_action_interfaces/custom_action_interfaces
[1.125s] -- Up-to-date: /home/mojiu/ros2_ws/install/custom_action_interfaces/include/custom_action_interfaces/custom_action_interfaces/action
[1.125s] -- Up-to-date: /home/mojiu/ros2_ws/install/custom_action_interfaces/include/custom_action_interfaces/custom_action_interfaces/action/detail
[1.125s] -- Up-to-date: /home/mojiu/ros2_ws/install/custom_action_interfaces/include/custom_action_interfaces/custom_action_interfaces/action/detail/fibonacci__traits.hpp
[1.125s] -- Up-to-date: /home/mojiu/ros2_ws/install/custom_action_interfaces/include/custom_action_interfaces/custom_action_interfaces/action/detail/fibonacci__struct.hpp
[1.125s] -- Up-to-date: /home/mojiu/ros2_ws/install/custom_action_interfaces/include/custom_action_interfaces/custom_action_interfaces/action/detail/fibonacci__type_support.hpp
[1.125s] -- Up-to-date: /home/mojiu/ros2_ws/install/custom_action_interfaces/include/custom_action_interfaces/custom_action_interfaces/action/detail/fibonacci__builder.hpp
[1.126s] -- Up-to-date: /home/mojiu/ros2_ws/install/custom_action_interfaces/include/custom_action_interfaces/custom_action_interfaces/action/fibonacci.hpp
[1.126s] -- Up-to-date: /home/mojiu/ros2_ws/install/custom_action_interfaces/include/custom_action_interfaces/custom_action_interfaces/msg
[1.126s] -- Up-to-date: /home/mojiu/ros2_ws/install/custom_action_interfaces/include/custom_action_interfaces/custom_action_interfaces/msg/rosidl_generator_cpp__visibility_control.hpp
[1.126s] -- Up-to-date: /home/mojiu/ros2_ws/install/custom_action_interfaces/include/custom_action_interfaces/custom_action_interfaces
[1.126s] -- Up-to-date: /home/mojiu/ros2_ws/install/custom_action_interfaces/include/custom_action_interfaces/custom_action_interfaces/action
[1.126s] -- Up-to-date: /home/mojiu/ros2_ws/install/custom_action_interfaces/include/custom_action_interfaces/custom_action_interfaces/action/detail
[1.126s] -- Up-to-date: /home/mojiu/ros2_ws/install/custom_action_interfaces/include/custom_action_interfaces/custom_action_interfaces/action/detail/dds_fastrtps
[1.127s] -- Up-to-date: /home/mojiu/ros2_ws/install/custom_action_interfaces/include/custom_action_interfaces/custom_action_interfaces/action/detail/fibonacci__rosidl_typesupport_fastrtps_cpp.hpp
[1.127s] -- Up-to-date: /home/mojiu/ros2_ws/install/custom_action_interfaces/include/custom_action_interfaces/custom_action_interfaces/msg
[1.127s] -- Up-to-date: /home/mojiu/ros2_ws/install/custom_action_interfaces/include/custom_action_interfaces/custom_action_interfaces/msg/rosidl_typesupport_fastrtps_cpp__visibility_control.h
[1.129s] -- Installing: /home/mojiu/ros2_ws/install/custom_action_interfaces/lib/libcustom_action_interfaces__rosidl_typesupport_fastrtps_cpp.so
[1.130s] -- Set non-toolchain portion of runtime path of "/home/mojiu/ros2_ws/install/custom_action_interfaces/lib/libcustom_action_interfaces__rosidl_typesupport_fastrtps_cpp.so" to ""
[1.130s] -- Up-to-date: /home/mojiu/ros2_ws/install/custom_action_interfaces/include/custom_action_interfaces/custom_action_interfaces
[1.130s] -- Up-to-date: /home/mojiu/ros2_ws/install/custom_action_interfaces/include/custom_action_interfaces/custom_action_interfaces/action
[1.130s] -- Up-to-date: /home/mojiu/ros2_ws/install/custom_action_interfaces/include/custom_action_interfaces/custom_action_interfaces/action/detail
[1.130s] -- Up-to-date: /home/mojiu/ros2_ws/install/custom_action_interfaces/include/custom_action_interfaces/custom_action_interfaces/action/detail/fibonacci__type_support.cpp
[1.131s] -- Up-to-date: /home/mojiu/ros2_ws/install/custom_action_interfaces/include/custom_action_interfaces/custom_action_interfaces/action/detail/fibonacci__rosidl_typesupport_introspection_cpp.hpp
[1.132s] -- Installing: /home/mojiu/ros2_ws/install/custom_action_interfaces/lib/libcustom_action_interfaces__rosidl_typesupport_introspection_cpp.so
[1.133s] -- Set non-toolchain portion of runtime path of "/home/mojiu/ros2_ws/install/custom_action_interfaces/lib/libcustom_action_interfaces__rosidl_typesupport_introspection_cpp.so" to ""
[1.135s] -- Installing: /home/mojiu/ros2_ws/install/custom_action_interfaces/lib/libcustom_action_interfaces__rosidl_typesupport_cpp.so
[1.135s] -- Set non-toolchain portion of runtime path of "/home/mojiu/ros2_ws/install/custom_action_interfaces/lib/libcustom_action_interfaces__rosidl_typesupport_cpp.so" to ""
[1.136s] -- Up-to-date: /home/mojiu/ros2_ws/install/custom_action_interfaces/share/custom_action_interfaces/environment/pythonpath.sh
[1.136s] -- Up-to-date: /home/mojiu/ros2_ws/install/custom_action_interfaces/share/custom_action_interfaces/environment/pythonpath.dsv
[1.136s] -- Up-to-date: /home/mojiu/ros2_ws/install/custom_action_interfaces/lib/python3.12/site-packages/custom_action_interfaces-0.0.0-py3.12.egg-info
[1.136s] -- Installing: /home/mojiu/ros2_ws/install/custom_action_interfaces/lib/python3.12/site-packages/custom_action_interfaces-0.0.0-py3.12.egg-info/PKG-INFO
[1.136s] -- Installing: /home/mojiu/ros2_ws/install/custom_action_interfaces/lib/python3.12/site-packages/custom_action_interfaces-0.0.0-py3.12.egg-info/SOURCES.txt
[1.136s] -- Installing: /home/mojiu/ros2_ws/install/custom_action_interfaces/lib/python3.12/site-packages/custom_action_interfaces-0.0.0-py3.12.egg-info/top_level.txt
[1.136s] -- Installing: /home/mojiu/ros2_ws/install/custom_action_interfaces/lib/python3.12/site-packages/custom_action_interfaces-0.0.0-py3.12.egg-info/dependency_links.txt
[1.137s] -- Up-to-date: /home/mojiu/ros2_ws/install/custom_action_interfaces/lib/python3.12/site-packages/custom_action_interfaces
[1.137s] -- Up-to-date: /home/mojiu/ros2_ws/install/custom_action_interfaces/lib/python3.12/site-packages/custom_action_interfaces/action
[1.137s] -- Up-to-date: /home/mojiu/ros2_ws/install/custom_action_interfaces/lib/python3.12/site-packages/custom_action_interfaces/action/_fibonacci_s.c
[1.137s] -- Up-to-date: /home/mojiu/ros2_ws/install/custom_action_interfaces/lib/python3.12/site-packages/custom_action_interfaces/action/__init__.py
[1.137s] -- Up-to-date: /home/mojiu/ros2_ws/install/custom_action_interfaces/lib/python3.12/site-packages/custom_action_interfaces/action/_fibonacci.py
[1.138s] -- Up-to-date: /home/mojiu/ros2_ws/install/custom_action_interfaces/lib/python3.12/site-packages/custom_action_interfaces/_custom_action_interfaces_s.ep.rosidl_typesupport_c.c
[1.138s] -- Up-to-date: /home/mojiu/ros2_ws/install/custom_action_interfaces/lib/python3.12/site-packages/custom_action_interfaces/_custom_action_interfaces_s.ep.rosidl_typesupport_fastrtps_c.c
[1.138s] -- Up-to-date: /home/mojiu/ros2_ws/install/custom_action_interfaces/lib/python3.12/site-packages/custom_action_interfaces/__init__.py
[1.138s] -- Installing: /home/mojiu/ros2_ws/install/custom_action_interfaces/lib/python3.12/site-packages/custom_action_interfaces/custom_action_interfaces_s__rosidl_typesupport_introspection_c.so
[1.138s] -- Installing: /home/mojiu/ros2_ws/install/custom_action_interfaces/lib/python3.12/site-packages/custom_action_interfaces/custom_action_interfaces_s__rosidl_typesupport_c.so
[1.138s] -- Installing: /home/mojiu/ros2_ws/install/custom_action_interfaces/lib/python3.12/site-packages/custom_action_interfaces/custom_action_interfaces_s__rosidl_typesupport_fastrtps_c.so
[1.139s] -- Up-to-date: /home/mojiu/ros2_ws/install/custom_action_interfaces/lib/python3.12/site-packages/custom_action_interfaces/_custom_action_interfaces_s.ep.rosidl_typesupport_introspection_c.c
[1.187s] Listing '/home/mojiu/ros2_ws/install/custom_action_interfaces/lib/python3.12/site-packages/custom_action_interfaces'...
[1.187s] Listing '/home/mojiu/ros2_ws/install/custom_action_interfaces/lib/python3.12/site-packages/custom_action_interfaces/action'...
[1.198s] -- Installing: /home/mojiu/ros2_ws/install/custom_action_interfaces/lib/python3.12/site-packages/custom_action_interfaces/custom_action_interfaces_s__rosidl_typesupport_fastrtps_c.so
[1.199s] -- Set non-toolchain portion of runtime path of "/home/mojiu/ros2_ws/install/custom_action_interfaces/lib/python3.12/site-packages/custom_action_interfaces/custom_action_interfaces_s__rosidl_typesupport_fastrtps_c.so" to ""
[1.199s] -- Installing: /home/mojiu/ros2_ws/install/custom_action_interfaces/lib/python3.12/site-packages/custom_action_interfaces/custom_action_interfaces_s__rosidl_typesupport_introspection_c.so
[1.200s] -- Set non-toolchain portion of runtime path of "/home/mojiu/ros2_ws/install/custom_action_interfaces/lib/python3.12/site-packages/custom_action_interfaces/custom_action_interfaces_s__rosidl_typesupport_introspection_c.so" to ""
[1.200s] -- Installing: /home/mojiu/ros2_ws/install/custom_action_interfaces/lib/python3.12/site-packages/custom_action_interfaces/custom_action_interfaces_s__rosidl_typesupport_c.so
[1.201s] -- Set non-toolchain portion of runtime path of "/home/mojiu/ros2_ws/install/custom_action_interfaces/lib/python3.12/site-packages/custom_action_interfaces/custom_action_interfaces_s__rosidl_typesupport_c.so" to ""
[1.201s] -- Installing: /home/mojiu/ros2_ws/install/custom_action_interfaces/lib/libcustom_action_interfaces__rosidl_generator_py.so
[1.206s] -- Set non-toolchain portion of runtime path of "/home/mojiu/ros2_ws/install/custom_action_interfaces/lib/libcustom_action_interfaces__rosidl_generator_py.so" to ""
[1.206s] -- Up-to-date: /home/mojiu/ros2_ws/install/custom_action_interfaces/share/custom_action_interfaces/action/Fibonacci.idl
[1.207s] -- Up-to-date: /home/mojiu/ros2_ws/install/custom_action_interfaces/share/custom_action_interfaces/action/Fibonacci.action
[1.207s] -- Up-to-date: /home/mojiu/ros2_ws/install/custom_action_interfaces/share/ament_index/resource_index/package_run_dependencies/custom_action_interfaces
[1.207s] -- Up-to-date: /home/mojiu/ros2_ws/install/custom_action_interfaces/share/ament_index/resource_index/parent_prefix_path/custom_action_interfaces
[1.207s] -- Up-to-date: /home/mojiu/ros2_ws/install/custom_action_interfaces/share/custom_action_interfaces/environment/ament_prefix_path.sh
[1.207s] -- Up-to-date: /home/mojiu/ros2_ws/install/custom_action_interfaces/share/custom_action_interfaces/environment/ament_prefix_path.dsv
[1.208s] -- Up-to-date: /home/mojiu/ros2_ws/install/custom_action_interfaces/share/custom_action_interfaces/environment/path.sh
[1.208s] -- Up-to-date: /home/mojiu/ros2_ws/install/custom_action_interfaces/share/custom_action_interfaces/environment/path.dsv
[1.208s] -- Up-to-date: /home/mojiu/ros2_ws/install/custom_action_interfaces/share/custom_action_interfaces/local_setup.bash
[1.209s] -- Up-to-date: /home/mojiu/ros2_ws/install/custom_action_interfaces/share/custom_action_interfaces/local_setup.sh
[1.209s] -- Up-to-date: /home/mojiu/ros2_ws/install/custom_action_interfaces/share/custom_action_interfaces/local_setup.zsh
[1.210s] -- Up-to-date: /home/mojiu/ros2_ws/install/custom_action_interfaces/share/custom_action_interfaces/local_setup.dsv
[1.210s] -- Installing: /home/mojiu/ros2_ws/install/custom_action_interfaces/share/custom_action_interfaces/package.dsv
[1.211s] -- Up-to-date: /home/mojiu/ros2_ws/install/custom_action_interfaces/share/ament_index/resource_index/packages/custom_action_interfaces
[1.212s] -- Up-to-date: /home/mojiu/ros2_ws/install/custom_action_interfaces/share/custom_action_interfaces/cmake/export_custom_action_interfaces__rosidl_generator_cExport.cmake
[1.213s] -- Up-to-date: /home/mojiu/ros2_ws/install/custom_action_interfaces/share/custom_action_interfaces/cmake/export_custom_action_interfaces__rosidl_generator_cExport-noconfig.cmake
[1.215s] -- Up-to-date: /home/mojiu/ros2_ws/install/custom_action_interfaces/share/custom_action_interfaces/cmake/export_custom_action_interfaces__rosidl_typesupport_fastrtps_cExport.cmake
[1.215s] -- Up-to-date: /home/mojiu/ros2_ws/install/custom_action_interfaces/share/custom_action_interfaces/cmake/export_custom_action_interfaces__rosidl_typesupport_fastrtps_cExport-noconfig.cmake
[1.215s] -- Up-to-date: /home/mojiu/ros2_ws/install/custom_action_interfaces/share/custom_action_interfaces/cmake/custom_action_interfaces__rosidl_typesupport_introspection_cExport.cmake
[1.215s] -- Up-to-date: /home/mojiu/ros2_ws/install/custom_action_interfaces/share/custom_action_interfaces/cmake/custom_action_interfaces__rosidl_typesupport_introspection_cExport-noconfig.cmake
[1.218s] -- Up-to-date: /home/mojiu/ros2_ws/install/custom_action_interfaces/share/custom_action_interfaces/cmake/custom_action_interfaces__rosidl_typesupport_cExport.cmake
[1.218s] -- Up-to-date: /home/mojiu/ros2_ws/install/custom_action_interfaces/share/custom_action_interfaces/cmake/custom_action_interfaces__rosidl_typesupport_cExport-noconfig.cmake
[1.218s] -- Up-to-date: /home/mojiu/ros2_ws/install/custom_action_interfaces/share/custom_action_interfaces/cmake/export_custom_action_interfaces__rosidl_generator_cppExport.cmake
[1.218s] -- Up-to-date: /home/mojiu/ros2_ws/install/custom_action_interfaces/share/custom_action_interfaces/cmake/export_custom_action_interfaces__rosidl_typesupport_fastrtps_cppExport.cmake
[1.219s] -- Up-to-date: /home/mojiu/ros2_ws/install/custom_action_interfaces/share/custom_action_interfaces/cmake/export_custom_action_interfaces__rosidl_typesupport_fastrtps_cppExport-noconfig.cmake
[1.219s] -- Up-to-date: /home/mojiu/ros2_ws/install/custom_action_interfaces/share/custom_action_interfaces/cmake/custom_action_interfaces__rosidl_typesupport_introspection_cppExport.cmake
[1.220s] -- Up-to-date: /home/mojiu/ros2_ws/install/custom_action_interfaces/share/custom_action_interfaces/cmake/custom_action_interfaces__rosidl_typesupport_introspection_cppExport-noconfig.cmake
[1.221s] -- Up-to-date: /home/mojiu/ros2_ws/install/custom_action_interfaces/share/custom_action_interfaces/cmake/custom_action_interfaces__rosidl_typesupport_cppExport.cmake
[1.221s] -- Up-to-date: /home/mojiu/ros2_ws/install/custom_action_interfaces/share/custom_action_interfaces/cmake/custom_action_interfaces__rosidl_typesupport_cppExport-noconfig.cmake
[1.222s] -- Up-to-date: /home/mojiu/ros2_ws/install/custom_action_interfaces/share/custom_action_interfaces/cmake/export_custom_action_interfaces__rosidl_generator_pyExport.cmake
[1.222s] -- Up-to-date: /home/mojiu/ros2_ws/install/custom_action_interfaces/share/custom_action_interfaces/cmake/export_custom_action_interfaces__rosidl_generator_pyExport-noconfig.cmake
[1.222s] -- Up-to-date: /home/mojiu/ros2_ws/install/custom_action_interfaces/share/custom_action_interfaces/cmake/rosidl_cmake-extras.cmake
[1.223s] -- Up-to-date: /home/mojiu/ros2_ws/install/custom_action_interfaces/share/custom_action_interfaces/cmake/ament_cmake_export_dependencies-extras.cmake
[1.223s] -- Up-to-date: /home/mojiu/ros2_ws/install/custom_action_interfaces/share/custom_action_interfaces/cmake/ament_cmake_export_include_directories-extras.cmake
[1.223s] -- Up-to-date: /home/mojiu/ros2_ws/install/custom_action_interfaces/share/custom_action_interfaces/cmake/ament_cmake_export_libraries-extras.cmake
[1.224s] -- Up-to-date: /home/mojiu/ros2_ws/install/custom_action_interfaces/share/custom_action_interfaces/cmake/ament_cmake_export_targets-extras.cmake
[1.224s] -- Up-to-date: /home/mojiu/ros2_ws/install/custom_action_interfaces/share/custom_action_interfaces/cmake/rosidl_cmake_export_typesupport_targets-extras.cmake
[1.224s] -- Up-to-date: /home/mojiu/ros2_ws/install/custom_action_interfaces/share/custom_action_interfaces/cmake/rosidl_cmake_export_typesupport_libraries-extras.cmake
[1.224s] -- Up-to-date: /home/mojiu/ros2_ws/install/custom_action_interfaces/share/custom_action_interfaces/cmake/custom_action_interfacesConfig.cmake
[1.224s] -- Up-to-date: /home/mojiu/ros2_ws/install/custom_action_interfaces/share/custom_action_interfaces/cmake/custom_action_interfacesConfig-version.cmake
[1.225s] -- Up-to-date: /home/mojiu/ros2_ws/install/custom_action_interfaces/share/custom_action_interfaces/package.xml
[1.227s] Invoked command in '/home/mojiu/ros2_ws/build/custom_action_interfaces' returned '0': CMAKE_PREFIX_PATH=${CMAKE_PREFIX_PATH}:/opt/ros/jazzy DEBUGINFOD_URLS=https://debuginfod.ubuntu.com /usr/bin/cmake --install /home/mojiu/ros2_ws/build/custom_action_interfaces
