[0.011s] Invoking command in '/home/mojiu/ros2_ws/build/example_topic_rclcpp': CMAKE_PREFIX_PATH=${CMAKE_PREFIX_PATH}:/opt/ros/jazzy DEBUGINFOD_URLS=https://debuginfod.ubuntu.com /usr/bin/cmake --build /home/mojiu/ros2_ws/build/example_topic_rclcpp -- -j8 -l8
[0.038s] -- Found ament_cmake: 2.5.2 (/opt/ros/jazzy/share/ament_cmake/cmake)
[0.251s] -- Found rclcpp: 28.1.5 (/opt/ros/jazzy/share/rclcpp/cmake)
[0.278s] -- Found rosidl_generator_c: 4.6.4 (/opt/ros/jazzy/share/rosidl_generator_c/cmake)
[0.288s] -- Found rosidl_generator_cpp: 4.6.4 (/opt/ros/jazzy/share/rosidl_generator_cpp/cmake)
[0.300s] -- Using all available rosidl_typesupport_c: rosidl_typesupport_fastrtps_c;rosidl_typesupport_introspection_c
[0.315s] -- Using all available rosidl_typesupport_cpp: rosidl_typesupport_fastrtps_cpp;rosidl_typesupport_introspection_cpp
[0.384s] -- Found rmw_implementation_cmake: 7.3.1 (/opt/ros/jazzy/share/rmw_implementation_cmake/cmake)
[0.386s] -- Found rmw_fastrtps_cpp: 8.4.1 (/opt/ros/jazzy/share/rmw_fastrtps_cpp/cmake)
[0.459s] -- Using RMW implementation 'rmw_fastrtps_cpp' as default
[0.532s] -- Found std_msgs: 5.3.5 (/opt/ros/jazzy/share/std_msgs/cmake)
[0.550s] -- Found ament_lint_auto: 0.17.1 (/opt/ros/jazzy/share/ament_lint_auto/cmake)
[0.642s] -- Added test 'cppcheck' to perform static code analysis on C / C++ code
[0.643s] -- Configured cppcheck include dirs: 
[0.643s] -- Configured cppcheck exclude dirs and/or files: 
[0.643s] -- Added test 'lint_cmake' to check CMake code style
[0.644s] -- Added test 'uncrustify' to check C / C++ code style
[0.644s] -- Configured uncrustify additional arguments: 
[0.644s] -- Added test 'xmllint' to check XML markup files
[0.645s] -- Configuring done (0.6s)
[0.658s] -- Generating done (0.0s)
[0.660s] -- Build files have been written to: /home/mojiu/ros2_ws/build/example_topic_rclcpp
[0.706s] [ 75%] Built target topic_publisher_01
[0.707s] [ 75%] [32mBuilding CXX object CMakeFiles/topic_subscribe_01.dir/src/topic_subscribe_01.cpp.o[0m
[8.756s] [100%] [32m[1mLinking CXX executable topic_subscribe_01[0m
[9.035s] [100%] Built target topic_subscribe_01
[9.047s] Invoked command in '/home/mojiu/ros2_ws/build/example_topic_rclcpp' returned '0': CMAKE_PREFIX_PATH=${CMAKE_PREFIX_PATH}:/opt/ros/jazzy DEBUGINFOD_URLS=https://debuginfod.ubuntu.com /usr/bin/cmake --build /home/mojiu/ros2_ws/build/example_topic_rclcpp -- -j8 -l8
[9.087s] Invoking command in '/home/mojiu/ros2_ws/build/example_topic_rclcpp': CMAKE_PREFIX_PATH=${CMAKE_PREFIX_PATH}:/opt/ros/jazzy DEBUGINFOD_URLS=https://debuginfod.ubuntu.com /usr/bin/cmake --install /home/mojiu/ros2_ws/build/example_topic_rclcpp
[9.096s] -- Install configuration: ""
[9.096s] -- Up-to-date: /home/mojiu/ros2_ws/install/example_topic_rclcpp/lib/example_topic_rclcpp/topic_publisher_01
[9.096s] -- Installing: /home/mojiu/ros2_ws/install/example_topic_rclcpp/lib/example_topic_rclcpp/topic_subscribe_01
[9.100s] -- Set non-toolchain portion of runtime path of "/home/mojiu/ros2_ws/install/example_topic_rclcpp/lib/example_topic_rclcpp/topic_subscribe_01" to ""
[9.101s] -- Up-to-date: /home/mojiu/ros2_ws/install/example_topic_rclcpp/share/ament_index/resource_index/package_run_dependencies/example_topic_rclcpp
[9.101s] -- Up-to-date: /home/mojiu/ros2_ws/install/example_topic_rclcpp/share/ament_index/resource_index/parent_prefix_path/example_topic_rclcpp
[9.101s] -- Up-to-date: /home/mojiu/ros2_ws/install/example_topic_rclcpp/share/example_topic_rclcpp/environment/ament_prefix_path.sh
[9.101s] -- Up-to-date: /home/mojiu/ros2_ws/install/example_topic_rclcpp/share/example_topic_rclcpp/environment/ament_prefix_path.dsv
[9.101s] -- Up-to-date: /home/mojiu/ros2_ws/install/example_topic_rclcpp/share/example_topic_rclcpp/environment/path.sh
[9.101s] -- Up-to-date: /home/mojiu/ros2_ws/install/example_topic_rclcpp/share/example_topic_rclcpp/environment/path.dsv
[9.101s] -- Up-to-date: /home/mojiu/ros2_ws/install/example_topic_rclcpp/share/example_topic_rclcpp/local_setup.bash
[9.101s] -- Up-to-date: /home/mojiu/ros2_ws/install/example_topic_rclcpp/share/example_topic_rclcpp/local_setup.sh
[9.102s] -- Up-to-date: /home/mojiu/ros2_ws/install/example_topic_rclcpp/share/example_topic_rclcpp/local_setup.zsh
[9.102s] -- Up-to-date: /home/mojiu/ros2_ws/install/example_topic_rclcpp/share/example_topic_rclcpp/local_setup.dsv
[9.102s] -- Installing: /home/mojiu/ros2_ws/install/example_topic_rclcpp/share/example_topic_rclcpp/package.dsv
[9.102s] -- Up-to-date: /home/mojiu/ros2_ws/install/example_topic_rclcpp/share/ament_index/resource_index/packages/example_topic_rclcpp
[9.102s] -- Up-to-date: /home/mojiu/ros2_ws/install/example_topic_rclcpp/share/example_topic_rclcpp/cmake/example_topic_rclcppConfig.cmake
[9.102s] -- Up-to-date: /home/mojiu/ros2_ws/install/example_topic_rclcpp/share/example_topic_rclcpp/cmake/example_topic_rclcppConfig-version.cmake
[9.102s] -- Up-to-date: /home/mojiu/ros2_ws/install/example_topic_rclcpp/share/example_topic_rclcpp/package.xml
[9.103s] Invoked command in '/home/mojiu/ros2_ws/build/example_topic_rclcpp' returned '0': CMAKE_PREFIX_PATH=${CMAKE_PREFIX_PATH}:/opt/ros/jazzy DEBUGINFOD_URLS=https://debuginfod.ubuntu.com /usr/bin/cmake --install /home/mojiu/ros2_ws/build/example_topic_rclcpp
