[0.014s] Invoking command in '/home/mojiu/ros2_ws/build/cpp_srvcli': CMAKE_PREFIX_PATH=${CMAKE_PREFIX_PATH}:/opt/ros/jazzy DEBUGINFOD_URLS=https://debuginfod.ubuntu.com /usr/bin/cmake --build /home/mojiu/ros2_ws/build/cpp_srvcli -- -j8 -l8
[0.042s] -- Found ament_cmake: 2.5.2 (/opt/ros/jazzy/share/ament_cmake/cmake)
[0.264s] -- Found rclcpp: 28.1.3 (/opt/ros/jazzy/share/rclcpp/cmake)
[0.292s] -- Found rosidl_generator_c: 4.6.3 (/opt/ros/jazzy/share/rosidl_generator_c/cmake)
[0.302s] -- Found rosidl_generator_cpp: 4.6.3 (/opt/ros/jazzy/share/rosidl_generator_cpp/cmake)
[0.315s] -- Using all available rosidl_typesupport_c: rosidl_typesupport_fastrtps_c;rosidl_typesupport_introspection_c
[0.330s] -- Using all available rosidl_typesupport_cpp: rosidl_typesupport_fastrtps_cpp;rosidl_typesupport_introspection_cpp
[0.396s] -- Found rmw_implementation_cmake: 7.3.1 (/opt/ros/jazzy/share/rmw_implementation_cmake/cmake)
[0.397s] -- Found rmw_fastrtps_cpp: 8.4.1 (/opt/ros/jazzy/share/rmw_fastrtps_cpp/cmake)
[0.466s] -- Using RMW implementation 'rmw_fastrtps_cpp' as default
[0.540s] -- Found example_interfaces: 0.12.0 (/opt/ros/jazzy/share/example_interfaces/cmake)
[0.604s] -- Found tutorial_interfaces: 0.0.0 (/home/mojiu/ros2_ws/install/tutorial_interfaces/share/tutorial_interfaces/cmake)
[0.758s] -- Configuring done (0.7s)
[0.780s] -- Generating done (0.0s)
[0.783s] -- Build files have been written to: /home/mojiu/ros2_ws/build/cpp_srvcli
[0.829s] [ 25%] [32mBuilding CXX object CMakeFiles/client.dir/src/add_two_ints_client.cpp.o[0m
[0.830s] [ 50%] [32mBuilding CXX object CMakeFiles/server.dir/src/add_two_ints_server.cpp.o[0m
[4.532s] [ 75%] [32m[1mLinking CXX executable server[0m
[4.681s] [ 75%] Built target server
[4.796s] [100%] [32m[1mLinking CXX executable client[0m
[4.943s] [100%] Built target client
[4.955s] Invoked command in '/home/mojiu/ros2_ws/build/cpp_srvcli' returned '0': CMAKE_PREFIX_PATH=${CMAKE_PREFIX_PATH}:/opt/ros/jazzy DEBUGINFOD_URLS=https://debuginfod.ubuntu.com /usr/bin/cmake --build /home/mojiu/ros2_ws/build/cpp_srvcli -- -j8 -l8
[4.989s] Invoking command in '/home/mojiu/ros2_ws/build/cpp_srvcli': CMAKE_PREFIX_PATH=${CMAKE_PREFIX_PATH}:/opt/ros/jazzy DEBUGINFOD_URLS=https://debuginfod.ubuntu.com /usr/bin/cmake --install /home/mojiu/ros2_ws/build/cpp_srvcli
[4.996s] -- Install configuration: ""
[4.997s] -- Installing: /home/mojiu/ros2_ws/install/cpp_srvcli/lib/cpp_srvcli/server
[4.998s] -- Set non-toolchain portion of runtime path of "/home/mojiu/ros2_ws/install/cpp_srvcli/lib/cpp_srvcli/server" to ""
[4.999s] -- Installing: /home/mojiu/ros2_ws/install/cpp_srvcli/lib/cpp_srvcli/client
[5.000s] -- Set non-toolchain portion of runtime path of "/home/mojiu/ros2_ws/install/cpp_srvcli/lib/cpp_srvcli/client" to ""
[5.000s] -- Installing: /home/mojiu/ros2_ws/install/cpp_srvcli/share/ament_index/resource_index/package_run_dependencies/cpp_srvcli
[5.000s] -- Installing: /home/mojiu/ros2_ws/install/cpp_srvcli/share/ament_index/resource_index/parent_prefix_path/cpp_srvcli
[5.000s] -- Up-to-date: /home/mojiu/ros2_ws/install/cpp_srvcli/share/cpp_srvcli/environment/ament_prefix_path.sh
[5.000s] -- Up-to-date: /home/mojiu/ros2_ws/install/cpp_srvcli/share/cpp_srvcli/environment/ament_prefix_path.dsv
[5.001s] -- Up-to-date: /home/mojiu/ros2_ws/install/cpp_srvcli/share/cpp_srvcli/environment/path.sh
[5.001s] -- Up-to-date: /home/mojiu/ros2_ws/install/cpp_srvcli/share/cpp_srvcli/environment/path.dsv
[5.001s] -- Up-to-date: /home/mojiu/ros2_ws/install/cpp_srvcli/share/cpp_srvcli/local_setup.bash
[5.001s] -- Up-to-date: /home/mojiu/ros2_ws/install/cpp_srvcli/share/cpp_srvcli/local_setup.sh
[5.001s] -- Up-to-date: /home/mojiu/ros2_ws/install/cpp_srvcli/share/cpp_srvcli/local_setup.zsh
[5.001s] -- Up-to-date: /home/mojiu/ros2_ws/install/cpp_srvcli/share/cpp_srvcli/local_setup.dsv
[5.001s] -- Installing: /home/mojiu/ros2_ws/install/cpp_srvcli/share/cpp_srvcli/package.dsv
[5.002s] -- Up-to-date: /home/mojiu/ros2_ws/install/cpp_srvcli/share/ament_index/resource_index/packages/cpp_srvcli
[5.002s] -- Up-to-date: /home/mojiu/ros2_ws/install/cpp_srvcli/share/cpp_srvcli/cmake/cpp_srvcliConfig.cmake
[5.002s] -- Up-to-date: /home/mojiu/ros2_ws/install/cpp_srvcli/share/cpp_srvcli/cmake/cpp_srvcliConfig-version.cmake
[5.002s] -- Installing: /home/mojiu/ros2_ws/install/cpp_srvcli/share/cpp_srvcli/package.xml
[5.003s] Invoked command in '/home/mojiu/ros2_ws/build/cpp_srvcli' returned '0': CMAKE_PREFIX_PATH=${CMAKE_PREFIX_PATH}:/opt/ros/jazzy DEBUGINFOD_URLS=https://debuginfod.ubuntu.com /usr/bin/cmake --install /home/mojiu/ros2_ws/build/cpp_srvcli
