[0.011s] Invoking command in '/home/mojiu/ros2_ws/build/cpp_srvcli': CMAKE_PREFIX_PATH=${CMAKE_PREFIX_PATH}:/opt/ros/jazzy DEBUGINFOD_URLS=https://debuginfod.ubuntu.com /usr/bin/cmake --build /home/mojiu/ros2_ws/build/cpp_srvcli -- -j8 -l8
[0.035s] -- Found ament_cmake: 2.5.2 (/opt/ros/jazzy/share/ament_cmake/cmake)
[0.241s] -- Found rclcpp: 28.1.3 (/opt/ros/jazzy/share/rclcpp/cmake)
[0.268s] -- Found rosidl_generator_c: 4.6.3 (/opt/ros/jazzy/share/rosidl_generator_c/cmake)
[0.277s] -- Found rosidl_generator_cpp: 4.6.3 (/opt/ros/jazzy/share/rosidl_generator_cpp/cmake)
[0.289s] -- Using all available rosidl_typesupport_c: rosidl_typesupport_fastrtps_c;rosidl_typesupport_introspection_c
[0.303s] -- Using all available rosidl_typesupport_cpp: rosidl_typesupport_fastrtps_cpp;rosidl_typesupport_introspection_cpp
[0.367s] -- Found rmw_implementation_cmake: 7.3.1 (/opt/ros/jazzy/share/rmw_implementation_cmake/cmake)
[0.369s] -- Found rmw_fastrtps_cpp: 8.4.1 (/opt/ros/jazzy/share/rmw_fastrtps_cpp/cmake)
[0.430s] -- Using RMW implementation 'rmw_fastrtps_cpp' as default
[0.498s] -- Found example_interfaces: 0.12.0 (/opt/ros/jazzy/share/example_interfaces/cmake)
[0.638s] -- Configuring done (0.6s)
[0.657s] -- Generating done (0.0s)
[0.659s] -- Build files have been written to: /home/mojiu/ros2_ws/build/cpp_srvcli
[0.704s] [ 25%] [32mBuilding CXX object CMakeFiles/client.dir/src/add_two_ints_client.cpp.o[0m
[0.705s] [ 50%] [32mBuilding CXX object CMakeFiles/server.dir/src/add_two_ints_server.cpp.o[0m
[4.279s] [ 75%] [32m[1mLinking CXX executable server[0m
[4.423s] [ 75%] Built target server
[4.502s] [100%] [32m[1mLinking CXX executable client[0m
[4.645s] [100%] Built target client
[4.656s] Invoked command in '/home/mojiu/ros2_ws/build/cpp_srvcli' returned '0': CMAKE_PREFIX_PATH=${CMAKE_PREFIX_PATH}:/opt/ros/jazzy DEBUGINFOD_URLS=https://debuginfod.ubuntu.com /usr/bin/cmake --build /home/mojiu/ros2_ws/build/cpp_srvcli -- -j8 -l8
[4.688s] Invoking command in '/home/mojiu/ros2_ws/build/cpp_srvcli': CMAKE_PREFIX_PATH=${CMAKE_PREFIX_PATH}:/opt/ros/jazzy DEBUGINFOD_URLS=https://debuginfod.ubuntu.com /usr/bin/cmake --install /home/mojiu/ros2_ws/build/cpp_srvcli
[4.695s] -- Install configuration: ""
[4.695s] -- Installing: /home/mojiu/ros2_ws/install/cpp_srvcli/lib/cpp_srvcli/server
[4.696s] -- Set non-toolchain portion of runtime path of "/home/mojiu/ros2_ws/install/cpp_srvcli/lib/cpp_srvcli/server" to ""
[4.696s] -- Installing: /home/mojiu/ros2_ws/install/cpp_srvcli/lib/cpp_srvcli/client
[4.697s] -- Set non-toolchain portion of runtime path of "/home/mojiu/ros2_ws/install/cpp_srvcli/lib/cpp_srvcli/client" to ""
[4.698s] -- Up-to-date: /home/mojiu/ros2_ws/install/cpp_srvcli/share/ament_index/resource_index/package_run_dependencies/cpp_srvcli
[4.698s] -- Up-to-date: /home/mojiu/ros2_ws/install/cpp_srvcli/share/ament_index/resource_index/parent_prefix_path/cpp_srvcli
[4.698s] -- Up-to-date: /home/mojiu/ros2_ws/install/cpp_srvcli/share/cpp_srvcli/environment/ament_prefix_path.sh
[4.698s] -- Up-to-date: /home/mojiu/ros2_ws/install/cpp_srvcli/share/cpp_srvcli/environment/ament_prefix_path.dsv
[4.698s] -- Up-to-date: /home/mojiu/ros2_ws/install/cpp_srvcli/share/cpp_srvcli/environment/path.sh
[4.698s] -- Up-to-date: /home/mojiu/ros2_ws/install/cpp_srvcli/share/cpp_srvcli/environment/path.dsv
[4.698s] -- Up-to-date: /home/mojiu/ros2_ws/install/cpp_srvcli/share/cpp_srvcli/local_setup.bash
[4.698s] -- Up-to-date: /home/mojiu/ros2_ws/install/cpp_srvcli/share/cpp_srvcli/local_setup.sh
[4.698s] -- Up-to-date: /home/mojiu/ros2_ws/install/cpp_srvcli/share/cpp_srvcli/local_setup.zsh
[4.698s] -- Up-to-date: /home/mojiu/ros2_ws/install/cpp_srvcli/share/cpp_srvcli/local_setup.dsv
[4.698s] -- Installing: /home/mojiu/ros2_ws/install/cpp_srvcli/share/cpp_srvcli/package.dsv
[4.698s] -- Up-to-date: /home/mojiu/ros2_ws/install/cpp_srvcli/share/ament_index/resource_index/packages/cpp_srvcli
[4.698s] -- Up-to-date: /home/mojiu/ros2_ws/install/cpp_srvcli/share/cpp_srvcli/cmake/cpp_srvcliConfig.cmake
[4.698s] -- Up-to-date: /home/mojiu/ros2_ws/install/cpp_srvcli/share/cpp_srvcli/cmake/cpp_srvcliConfig-version.cmake
[4.699s] -- Up-to-date: /home/mojiu/ros2_ws/install/cpp_srvcli/share/cpp_srvcli/package.xml
[4.700s] Invoked command in '/home/mojiu/ros2_ws/build/cpp_srvcli' returned '0': CMAKE_PREFIX_PATH=${CMAKE_PREFIX_PATH}:/opt/ros/jazzy DEBUGINFOD_URLS=https://debuginfod.ubuntu.com /usr/bin/cmake --install /home/mojiu/ros2_ws/build/cpp_srvcli
