[0.046s] Invoking command in '/home/mojiu/ros2_ws/build/polygon_base': CMAKE_PREFIX_PATH=${CMAKE_PREFIX_PATH}:/opt/ros/jazzy DEBUGINFOD_URLS=https://debuginfod.ubuntu.com /usr/bin/cmake --build /home/mojiu/ros2_ws/build/polygon_base -- -j8 -l8
[0.135s] [100%] Built target area_node
[0.164s] Invoked command in '/home/mojiu/ros2_ws/build/polygon_base' returned '0': CMAKE_PREFIX_PATH=${CMAKE_PREFIX_PATH}:/opt/ros/jazzy DEBUGINFOD_URLS=https://debuginfod.ubuntu.com /usr/bin/cmake --build /home/mojiu/ros2_ws/build/polygon_base -- -j8 -l8
[0.317s] Invoking command in '/home/mojiu/ros2_ws/build/polygon_base': CMAKE_PREFIX_PATH=${CMAKE_PREFIX_PATH}:/opt/ros/jazzy DEBUGINFOD_URLS=https://debuginfod.ubuntu.com /usr/bin/cmake --install /home/mojiu/ros2_ws/build/polygon_base
[0.357s] -- Install configuration: ""
[0.358s] -- Up-to-date: /home/mojiu/ros2_ws/install/polygon_base/include
[0.358s] -- Up-to-date: /home/mojiu/ros2_ws/install/polygon_base/include/polygon_base
[0.361s] -- Up-to-date: /home/mojiu/ros2_ws/install/polygon_base/include/polygon_base/regular_polygon.hpp
[0.361s] -- Up-to-date: /home/mojiu/ros2_ws/install/polygon_base/lib/polygon_base/area_node
[0.362s] -- Up-to-date: /home/mojiu/ros2_ws/install/polygon_base/share/ament_index/resource_index/package_run_dependencies/polygon_base
[0.362s] -- Up-to-date: /home/mojiu/ros2_ws/install/polygon_base/share/ament_index/resource_index/parent_prefix_path/polygon_base
[0.362s] -- Up-to-date: /home/mojiu/ros2_ws/install/polygon_base/share/polygon_base/environment/ament_prefix_path.sh
[0.362s] -- Up-to-date: /home/mojiu/ros2_ws/install/polygon_base/share/polygon_base/environment/ament_prefix_path.dsv
[0.362s] -- Up-to-date: /home/mojiu/ros2_ws/install/polygon_base/share/polygon_base/environment/path.sh
[0.364s] -- Up-to-date: /home/mojiu/ros2_ws/install/polygon_base/share/polygon_base/environment/path.dsv
[0.364s] -- Up-to-date: /home/mojiu/ros2_ws/install/polygon_base/share/polygon_base/local_setup.bash
[0.364s] -- Up-to-date: /home/mojiu/ros2_ws/install/polygon_base/share/polygon_base/local_setup.sh
[0.364s] -- Up-to-date: /home/mojiu/ros2_ws/install/polygon_base/share/polygon_base/local_setup.zsh
[0.364s] -- Up-to-date: /home/mojiu/ros2_ws/install/polygon_base/share/polygon_base/local_setup.dsv
[0.364s] -- Installing: /home/mojiu/ros2_ws/install/polygon_base/share/polygon_base/package.dsv
[0.367s] -- Up-to-date: /home/mojiu/ros2_ws/install/polygon_base/share/ament_index/resource_index/packages/polygon_base
[0.367s] -- Up-to-date: /home/mojiu/ros2_ws/install/polygon_base/share/polygon_base/cmake/ament_cmake_export_include_directories-extras.cmake
[0.367s] -- Up-to-date: /home/mojiu/ros2_ws/install/polygon_base/share/polygon_base/cmake/polygon_baseConfig.cmake
[0.367s] -- Up-to-date: /home/mojiu/ros2_ws/install/polygon_base/share/polygon_base/cmake/polygon_baseConfig-version.cmake
[0.367s] -- Up-to-date: /home/mojiu/ros2_ws/install/polygon_base/share/polygon_base/package.xml
[0.380s] Invoked command in '/home/mojiu/ros2_ws/build/polygon_base' returned '0': CMAKE_PREFIX_PATH=${CMAKE_PREFIX_PATH}:/opt/ros/jazzy DEBUGINFOD_URLS=https://debuginfod.ubuntu.com /usr/bin/cmake --install /home/mojiu/ros2_ws/build/polygon_base
