[0.036s] Invoking command in '/home/mojiu/ros2_ws/build/more_interfaces': CMAKE_PREFIX_PATH=${CMAKE_PREFIX_PATH}:/opt/ros/jazzy DEBUGINFOD_URLS=https://debuginfod.ubuntu.com /usr/bin/cmake --build /home/mojiu/ros2_ws/build/more_interfaces -- -j8 -l8
[0.122s] [  2%] Built target more_interfaces__rosidl_generator_type_description
[0.148s] [  2%] Built target ament_cmake_python_copy_more_interfaces
[0.180s] [ 16%] Built target more_interfaces__rosidl_generator_c
[0.197s] [ 19%] Built target more_interfaces__cpp
[0.290s] [ 27%] Built target more_interfaces__rosidl_typesupport_fastrtps_c
[0.290s] [ 36%] Built target more_interfaces__rosidl_typesupport_introspection_c
[0.320s] [ 44%] Built target more_interfaces__rosidl_typesupport_cpp
[0.321s] [ 52%] Built target more_interfaces__rosidl_typesupport_fastrtps_cpp
[0.325s] [ 61%] Built target more_interfaces__rosidl_typesupport_introspection_cpp
[0.327s] [ 69%] Built target more_interfaces__rosidl_typesupport_c
[0.375s] [ 75%] Built target publish_address_book
[0.390s] [ 75%] Built target more_interfaces
[0.472s] [ 77%] Built target more_interfaces__py
[0.530s] [ 83%] Built target more_interfaces__rosidl_generator_py
[0.608s] [ 88%] Built target more_interfaces_s__rosidl_typesupport_introspection_c
[0.613s] [ 94%] Built target more_interfaces_s__rosidl_typesupport_fastrtps_c
[0.622s] [100%] Built target more_interfaces_s__rosidl_typesupport_c
[0.781s] running egg_info
[0.821s] writing more_interfaces.egg-info/PKG-INFO
[0.821s] writing dependency_links to more_interfaces.egg-info/dependency_links.txt
[0.821s] writing top-level names to more_interfaces.egg-info/top_level.txt
[0.937s] reading manifest file 'more_interfaces.egg-info/SOURCES.txt'
[0.938s] writing manifest file 'more_interfaces.egg-info/SOURCES.txt'
[0.986s] [100%] Built target ament_cmake_python_build_more_interfaces_egg
[1.002s] Invoked command in '/home/mojiu/ros2_ws/build/more_interfaces' returned '0': CMAKE_PREFIX_PATH=${CMAKE_PREFIX_PATH}:/opt/ros/jazzy DEBUGINFOD_URLS=https://debuginfod.ubuntu.com /usr/bin/cmake --build /home/mojiu/ros2_ws/build/more_interfaces -- -j8 -l8
[1.092s] Invoking command in '/home/mojiu/ros2_ws/build/more_interfaces': CMAKE_PREFIX_PATH=${CMAKE_PREFIX_PATH}:/opt/ros/jazzy DEBUGINFOD_URLS=https://debuginfod.ubuntu.com /usr/bin/cmake --install /home/mojiu/ros2_ws/build/more_interfaces
[1.104s] -- Install configuration: ""
[1.104s] -- Up-to-date: /home/mojiu/ros2_ws/install/more_interfaces/share/ament_index/resource_index/rosidl_interfaces/more_interfaces
[1.104s] -- Up-to-date: /home/mojiu/ros2_ws/install/more_interfaces/share/more_interfaces/msg/AddressBook.json
[1.105s] -- Up-to-date: /home/mojiu/ros2_ws/install/more_interfaces/include/more_interfaces/more_interfaces
[1.105s] -- Up-to-date: /home/mojiu/ros2_ws/install/more_interfaces/include/more_interfaces/more_interfaces/msg
[1.105s] -- Up-to-date: /home/mojiu/ros2_ws/install/more_interfaces/include/more_interfaces/more_interfaces/msg/detail
[1.105s] -- Up-to-date: /home/mojiu/ros2_ws/install/more_interfaces/include/more_interfaces/more_interfaces/msg/detail/address_book__type_support.h
[1.106s] -- Up-to-date: /home/mojiu/ros2_ws/install/more_interfaces/include/more_interfaces/more_interfaces/msg/detail/address_book__struct.h
[1.106s] -- Up-to-date: /home/mojiu/ros2_ws/install/more_interfaces/include/more_interfaces/more_interfaces/msg/detail/address_book__description.c
[1.106s] -- Up-to-date: /home/mojiu/ros2_ws/install/more_interfaces/include/more_interfaces/more_interfaces/msg/detail/address_book__functions.c
[1.106s] -- Up-to-date: /home/mojiu/ros2_ws/install/more_interfaces/include/more_interfaces/more_interfaces/msg/detail/address_book__functions.h
[1.107s] -- Installing: /home/mojiu/ros2_ws/install/more_interfaces/include/more_interfaces/more_interfaces/msg/detail/address_book__type_support.c
[1.107s] -- Up-to-date: /home/mojiu/ros2_ws/install/more_interfaces/include/more_interfaces/more_interfaces/msg/address_book.h
[1.107s] -- Up-to-date: /home/mojiu/ros2_ws/install/more_interfaces/include/more_interfaces/more_interfaces/msg/rosidl_generator_c__visibility_control.h
[1.107s] -- Up-to-date: /home/mojiu/ros2_ws/install/more_interfaces/share/more_interfaces/environment/library_path.sh
[1.108s] -- Up-to-date: /home/mojiu/ros2_ws/install/more_interfaces/share/more_interfaces/environment/library_path.dsv
[1.108s] -- Up-to-date: /home/mojiu/ros2_ws/install/more_interfaces/lib/libmore_interfaces__rosidl_generator_c.so
[1.108s] -- Up-to-date: /home/mojiu/ros2_ws/install/more_interfaces/include/more_interfaces/more_interfaces
[1.108s] -- Up-to-date: /home/mojiu/ros2_ws/install/more_interfaces/include/more_interfaces/more_interfaces/msg
[1.108s] -- Up-to-date: /home/mojiu/ros2_ws/install/more_interfaces/include/more_interfaces/more_interfaces/msg/rosidl_typesupport_fastrtps_c__visibility_control.h
[1.109s] -- Up-to-date: /home/mojiu/ros2_ws/install/more_interfaces/include/more_interfaces/more_interfaces/msg/detail
[1.109s] -- Up-to-date: /home/mojiu/ros2_ws/install/more_interfaces/include/more_interfaces/more_interfaces/msg/detail/address_book__rosidl_typesupport_fastrtps_c.h
[1.109s] -- Up-to-date: /home/mojiu/ros2_ws/install/more_interfaces/lib/libmore_interfaces__rosidl_typesupport_fastrtps_c.so
[1.110s] -- Up-to-date: /home/mojiu/ros2_ws/install/more_interfaces/include/more_interfaces/more_interfaces
[1.110s] -- Up-to-date: /home/mojiu/ros2_ws/install/more_interfaces/include/more_interfaces/more_interfaces/msg
[1.110s] -- Up-to-date: /home/mojiu/ros2_ws/install/more_interfaces/include/more_interfaces/more_interfaces/msg/detail
[1.111s] -- Up-to-date: /home/mojiu/ros2_ws/install/more_interfaces/include/more_interfaces/more_interfaces/msg/detail/address_book__rosidl_typesupport_introspection_c.h
[1.111s] -- Installing: /home/mojiu/ros2_ws/install/more_interfaces/include/more_interfaces/more_interfaces/msg/detail/address_book__type_support.c
[1.111s] -- Up-to-date: /home/mojiu/ros2_ws/install/more_interfaces/include/more_interfaces/more_interfaces/msg/rosidl_typesupport_introspection_c__visibility_control.h
[1.111s] -- Up-to-date: /home/mojiu/ros2_ws/install/more_interfaces/lib/libmore_interfaces__rosidl_typesupport_introspection_c.so
[1.111s] -- Up-to-date: /home/mojiu/ros2_ws/install/more_interfaces/lib/libmore_interfaces__rosidl_typesupport_c.so
[1.112s] -- Up-to-date: /home/mojiu/ros2_ws/install/more_interfaces/include/more_interfaces/more_interfaces
[1.112s] -- Up-to-date: /home/mojiu/ros2_ws/install/more_interfaces/include/more_interfaces/more_interfaces/msg
[1.112s] -- Up-to-date: /home/mojiu/ros2_ws/install/more_interfaces/include/more_interfaces/more_interfaces/msg/detail
[1.112s] -- Up-to-date: /home/mojiu/ros2_ws/install/more_interfaces/include/more_interfaces/more_interfaces/msg/detail/address_book__builder.hpp
[1.112s] -- Up-to-date: /home/mojiu/ros2_ws/install/more_interfaces/include/more_interfaces/more_interfaces/msg/detail/address_book__traits.hpp
[1.112s] -- Up-to-date: /home/mojiu/ros2_ws/install/more_interfaces/include/more_interfaces/more_interfaces/msg/detail/address_book__type_support.hpp
[1.113s] -- Up-to-date: /home/mojiu/ros2_ws/install/more_interfaces/include/more_interfaces/more_interfaces/msg/detail/address_book__struct.hpp
[1.113s] -- Up-to-date: /home/mojiu/ros2_ws/install/more_interfaces/include/more_interfaces/more_interfaces/msg/rosidl_generator_cpp__visibility_control.hpp
[1.113s] -- Up-to-date: /home/mojiu/ros2_ws/install/more_interfaces/include/more_interfaces/more_interfaces/msg/address_book.hpp
[1.113s] -- Up-to-date: /home/mojiu/ros2_ws/install/more_interfaces/include/more_interfaces/more_interfaces
[1.113s] -- Up-to-date: /home/mojiu/ros2_ws/install/more_interfaces/include/more_interfaces/more_interfaces/msg
[1.113s] -- Up-to-date: /home/mojiu/ros2_ws/install/more_interfaces/include/more_interfaces/more_interfaces/msg/detail
[1.114s] -- Up-to-date: /home/mojiu/ros2_ws/install/more_interfaces/include/more_interfaces/more_interfaces/msg/detail/dds_fastrtps
[1.114s] -- Up-to-date: /home/mojiu/ros2_ws/install/more_interfaces/include/more_interfaces/more_interfaces/msg/detail/address_book__rosidl_typesupport_fastrtps_cpp.hpp
[1.114s] -- Up-to-date: /home/mojiu/ros2_ws/install/more_interfaces/include/more_interfaces/more_interfaces/msg/rosidl_typesupport_fastrtps_cpp__visibility_control.h
[1.114s] -- Up-to-date: /home/mojiu/ros2_ws/install/more_interfaces/lib/libmore_interfaces__rosidl_typesupport_fastrtps_cpp.so
[1.115s] -- Up-to-date: /home/mojiu/ros2_ws/install/more_interfaces/include/more_interfaces/more_interfaces
[1.115s] -- Up-to-date: /home/mojiu/ros2_ws/install/more_interfaces/include/more_interfaces/more_interfaces/msg
[1.115s] -- Up-to-date: /home/mojiu/ros2_ws/install/more_interfaces/include/more_interfaces/more_interfaces/msg/detail
[1.116s] -- Up-to-date: /home/mojiu/ros2_ws/install/more_interfaces/include/more_interfaces/more_interfaces/msg/detail/address_book__rosidl_typesupport_introspection_cpp.hpp
[1.116s] -- Up-to-date: /home/mojiu/ros2_ws/install/more_interfaces/include/more_interfaces/more_interfaces/msg/detail/address_book__type_support.cpp
[1.116s] -- Up-to-date: /home/mojiu/ros2_ws/install/more_interfaces/lib/libmore_interfaces__rosidl_typesupport_introspection_cpp.so
[1.116s] -- Up-to-date: /home/mojiu/ros2_ws/install/more_interfaces/lib/libmore_interfaces__rosidl_typesupport_cpp.so
[1.116s] -- Up-to-date: /home/mojiu/ros2_ws/install/more_interfaces/share/more_interfaces/environment/pythonpath.sh
[1.116s] -- Up-to-date: /home/mojiu/ros2_ws/install/more_interfaces/share/more_interfaces/environment/pythonpath.dsv
[1.116s] -- Up-to-date: /home/mojiu/ros2_ws/install/more_interfaces/lib/python3.12/site-packages/more_interfaces-0.0.0-py3.12.egg-info
[1.117s] -- Installing: /home/mojiu/ros2_ws/install/more_interfaces/lib/python3.12/site-packages/more_interfaces-0.0.0-py3.12.egg-info/PKG-INFO
[1.117s] -- Installing: /home/mojiu/ros2_ws/install/more_interfaces/lib/python3.12/site-packages/more_interfaces-0.0.0-py3.12.egg-info/SOURCES.txt
[1.117s] -- Installing: /home/mojiu/ros2_ws/install/more_interfaces/lib/python3.12/site-packages/more_interfaces-0.0.0-py3.12.egg-info/top_level.txt
[1.117s] -- Installing: /home/mojiu/ros2_ws/install/more_interfaces/lib/python3.12/site-packages/more_interfaces-0.0.0-py3.12.egg-info/dependency_links.txt
[1.117s] -- Up-to-date: /home/mojiu/ros2_ws/install/more_interfaces/lib/python3.12/site-packages/more_interfaces
[1.117s] -- Up-to-date: /home/mojiu/ros2_ws/install/more_interfaces/lib/python3.12/site-packages/more_interfaces/_more_interfaces_s.ep.rosidl_typesupport_fastrtps_c.c
[1.118s] -- Up-to-date: /home/mojiu/ros2_ws/install/more_interfaces/lib/python3.12/site-packages/more_interfaces/__init__.py
[1.118s] -- Up-to-date: /home/mojiu/ros2_ws/install/more_interfaces/lib/python3.12/site-packages/more_interfaces/_more_interfaces_s.ep.rosidl_typesupport_introspection_c.c
[1.118s] -- Up-to-date: /home/mojiu/ros2_ws/install/more_interfaces/lib/python3.12/site-packages/more_interfaces/more_interfaces_s__rosidl_typesupport_c.so
[1.118s] -- Up-to-date: /home/mojiu/ros2_ws/install/more_interfaces/lib/python3.12/site-packages/more_interfaces/more_interfaces_s__rosidl_typesupport_introspection_c.so
[1.118s] -- Up-to-date: /home/mojiu/ros2_ws/install/more_interfaces/lib/python3.12/site-packages/more_interfaces/more_interfaces_s__rosidl_typesupport_fastrtps_c.so
[1.118s] -- Up-to-date: /home/mojiu/ros2_ws/install/more_interfaces/lib/python3.12/site-packages/more_interfaces/_more_interfaces_s.ep.rosidl_typesupport_c.c
[1.119s] -- Up-to-date: /home/mojiu/ros2_ws/install/more_interfaces/lib/python3.12/site-packages/more_interfaces/msg
[1.119s] -- Up-to-date: /home/mojiu/ros2_ws/install/more_interfaces/lib/python3.12/site-packages/more_interfaces/msg/_address_book_s.c
[1.119s] -- Up-to-date: /home/mojiu/ros2_ws/install/more_interfaces/lib/python3.12/site-packages/more_interfaces/msg/_address_book.py
[1.119s] -- Up-to-date: /home/mojiu/ros2_ws/install/more_interfaces/lib/python3.12/site-packages/more_interfaces/msg/__init__.py
[1.196s] Listing '/home/mojiu/ros2_ws/install/more_interfaces/lib/python3.12/site-packages/more_interfaces'...
[1.196s] Listing '/home/mojiu/ros2_ws/install/more_interfaces/lib/python3.12/site-packages/more_interfaces/msg'...
[1.196s] -- Up-to-date: /home/mojiu/ros2_ws/install/more_interfaces/lib/python3.12/site-packages/more_interfaces/more_interfaces_s__rosidl_typesupport_fastrtps_c.so
[1.196s] -- Up-to-date: /home/mojiu/ros2_ws/install/more_interfaces/lib/python3.12/site-packages/more_interfaces/more_interfaces_s__rosidl_typesupport_introspection_c.so
[1.196s] -- Up-to-date: /home/mojiu/ros2_ws/install/more_interfaces/lib/python3.12/site-packages/more_interfaces/more_interfaces_s__rosidl_typesupport_c.so
[1.197s] -- Up-to-date: /home/mojiu/ros2_ws/install/more_interfaces/lib/libmore_interfaces__rosidl_generator_py.so
[1.197s] -- Up-to-date: /home/mojiu/ros2_ws/install/more_interfaces/share/more_interfaces/msg/AddressBook.idl
[1.197s] -- Up-to-date: /home/mojiu/ros2_ws/install/more_interfaces/share/more_interfaces/msg/AddressBook.msg
[1.197s] -- Up-to-date: /home/mojiu/ros2_ws/install/more_interfaces/lib/more_interfaces/publish_address_book
[1.198s] -- Up-to-date: /home/mojiu/ros2_ws/install/more_interfaces/share/ament_index/resource_index/package_run_dependencies/more_interfaces
[1.198s] -- Up-to-date: /home/mojiu/ros2_ws/install/more_interfaces/share/ament_index/resource_index/parent_prefix_path/more_interfaces
[1.198s] -- Up-to-date: /home/mojiu/ros2_ws/install/more_interfaces/share/more_interfaces/environment/ament_prefix_path.sh
[1.198s] -- Up-to-date: /home/mojiu/ros2_ws/install/more_interfaces/share/more_interfaces/environment/ament_prefix_path.dsv
[1.199s] -- Up-to-date: /home/mojiu/ros2_ws/install/more_interfaces/share/more_interfaces/environment/path.sh
[1.199s] -- Up-to-date: /home/mojiu/ros2_ws/install/more_interfaces/share/more_interfaces/environment/path.dsv
[1.199s] -- Up-to-date: /home/mojiu/ros2_ws/install/more_interfaces/share/more_interfaces/local_setup.bash
[1.199s] -- Up-to-date: /home/mojiu/ros2_ws/install/more_interfaces/share/more_interfaces/local_setup.sh
[1.199s] -- Up-to-date: /home/mojiu/ros2_ws/install/more_interfaces/share/more_interfaces/local_setup.zsh
[1.199s] -- Up-to-date: /home/mojiu/ros2_ws/install/more_interfaces/share/more_interfaces/local_setup.dsv
[1.200s] -- Installing: /home/mojiu/ros2_ws/install/more_interfaces/share/more_interfaces/package.dsv
[1.200s] -- Up-to-date: /home/mojiu/ros2_ws/install/more_interfaces/share/ament_index/resource_index/packages/more_interfaces
[1.200s] -- Up-to-date: /home/mojiu/ros2_ws/install/more_interfaces/share/more_interfaces/cmake/export_more_interfaces__rosidl_generator_cExport.cmake
[1.200s] -- Up-to-date: /home/mojiu/ros2_ws/install/more_interfaces/share/more_interfaces/cmake/export_more_interfaces__rosidl_generator_cExport-noconfig.cmake
[1.200s] -- Up-to-date: /home/mojiu/ros2_ws/install/more_interfaces/share/more_interfaces/cmake/export_more_interfaces__rosidl_typesupport_fastrtps_cExport.cmake
[1.201s] -- Up-to-date: /home/mojiu/ros2_ws/install/more_interfaces/share/more_interfaces/cmake/export_more_interfaces__rosidl_typesupport_fastrtps_cExport-noconfig.cmake
[1.201s] -- Up-to-date: /home/mojiu/ros2_ws/install/more_interfaces/share/more_interfaces/cmake/more_interfaces__rosidl_typesupport_introspection_cExport.cmake
[1.203s] -- Up-to-date: /home/mojiu/ros2_ws/install/more_interfaces/share/more_interfaces/cmake/more_interfaces__rosidl_typesupport_introspection_cExport-noconfig.cmake
[1.203s] -- Up-to-date: /home/mojiu/ros2_ws/install/more_interfaces/share/more_interfaces/cmake/more_interfaces__rosidl_typesupport_cExport.cmake
[1.203s] -- Up-to-date: /home/mojiu/ros2_ws/install/more_interfaces/share/more_interfaces/cmake/more_interfaces__rosidl_typesupport_cExport-noconfig.cmake
[1.204s] -- Up-to-date: /home/mojiu/ros2_ws/install/more_interfaces/share/more_interfaces/cmake/export_more_interfaces__rosidl_generator_cppExport.cmake
[1.205s] -- Up-to-date: /home/mojiu/ros2_ws/install/more_interfaces/share/more_interfaces/cmake/export_more_interfaces__rosidl_typesupport_fastrtps_cppExport.cmake
[1.205s] -- Up-to-date: /home/mojiu/ros2_ws/install/more_interfaces/share/more_interfaces/cmake/export_more_interfaces__rosidl_typesupport_fastrtps_cppExport-noconfig.cmake
[1.205s] -- Up-to-date: /home/mojiu/ros2_ws/install/more_interfaces/share/more_interfaces/cmake/more_interfaces__rosidl_typesupport_introspection_cppExport.cmake
[1.206s] -- Up-to-date: /home/mojiu/ros2_ws/install/more_interfaces/share/more_interfaces/cmake/more_interfaces__rosidl_typesupport_introspection_cppExport-noconfig.cmake
[1.206s] -- Up-to-date: /home/mojiu/ros2_ws/install/more_interfaces/share/more_interfaces/cmake/more_interfaces__rosidl_typesupport_cppExport.cmake
[1.206s] -- Up-to-date: /home/mojiu/ros2_ws/install/more_interfaces/share/more_interfaces/cmake/more_interfaces__rosidl_typesupport_cppExport-noconfig.cmake
[1.206s] -- Up-to-date: /home/mojiu/ros2_ws/install/more_interfaces/share/more_interfaces/cmake/export_more_interfaces__rosidl_generator_pyExport.cmake
[1.207s] -- Up-to-date: /home/mojiu/ros2_ws/install/more_interfaces/share/more_interfaces/cmake/export_more_interfaces__rosidl_generator_pyExport-noconfig.cmake
[1.207s] -- Up-to-date: /home/mojiu/ros2_ws/install/more_interfaces/share/more_interfaces/cmake/rosidl_cmake-extras.cmake
[1.207s] -- Up-to-date: /home/mojiu/ros2_ws/install/more_interfaces/share/more_interfaces/cmake/ament_cmake_export_include_directories-extras.cmake
[1.207s] -- Up-to-date: /home/mojiu/ros2_ws/install/more_interfaces/share/more_interfaces/cmake/ament_cmake_export_libraries-extras.cmake
[1.207s] -- Up-to-date: /home/mojiu/ros2_ws/install/more_interfaces/share/more_interfaces/cmake/ament_cmake_export_targets-extras.cmake
[1.208s] -- Up-to-date: /home/mojiu/ros2_ws/install/more_interfaces/share/more_interfaces/cmake/rosidl_cmake_export_typesupport_targets-extras.cmake
[1.208s] -- Up-to-date: /home/mojiu/ros2_ws/install/more_interfaces/share/more_interfaces/cmake/ament_cmake_export_dependencies-extras.cmake
[1.208s] -- Up-to-date: /home/mojiu/ros2_ws/install/more_interfaces/share/more_interfaces/cmake/rosidl_cmake_export_typesupport_libraries-extras.cmake
[1.208s] -- Up-to-date: /home/mojiu/ros2_ws/install/more_interfaces/share/more_interfaces/cmake/more_interfacesConfig.cmake
[1.208s] -- Up-to-date: /home/mojiu/ros2_ws/install/more_interfaces/share/more_interfaces/cmake/more_interfacesConfig-version.cmake
[1.209s] -- Up-to-date: /home/mojiu/ros2_ws/install/more_interfaces/share/more_interfaces/package.xml
[1.209s] Invoked command in '/home/mojiu/ros2_ws/build/more_interfaces' returned '0': CMAKE_PREFIX_PATH=${CMAKE_PREFIX_PATH}:/opt/ros/jazzy DEBUGINFOD_URLS=https://debuginfod.ubuntu.com /usr/bin/cmake --install /home/mojiu/ros2_ws/build/more_interfaces
