[0.039s] Invoking command in '/home/mojiu/ros2_ws/build/cpp_parameters': CMAKE_PREFIX_PATH=${CMAKE_PREFIX_PATH}:/opt/ros/jazzy DEBUGINFOD_URLS=https://debuginfod.ubuntu.com /usr/bin/cmake --build /home/mojiu/ros2_ws/build/cpp_parameters -- -j8 -l8
[0.101s] -- Found ament_cmake: 2.5.2 (/opt/ros/jazzy/share/ament_cmake/cmake)
[1.055s] -- Found rclcpp: 28.1.5 (/opt/ros/jazzy/share/rclcpp/cmake)
[1.288s] -- Found rosidl_generator_c: 4.6.4 (/opt/ros/jazzy/share/rosidl_generator_c/cmake)
[1.350s] -- Found rosidl_generator_cpp: 4.6.4 (/opt/ros/jazzy/share/rosidl_generator_cpp/cmake)
[1.444s] -- Using all available rosidl_typesupport_c: rosidl_typesupport_fastrtps_c;rosidl_typesupport_introspection_c
[1.526s] -- Using all available rosidl_typesupport_cpp: rosidl_typesupport_fastrtps_cpp;rosidl_typesupport_introspection_cpp
[2.135s] -- Found rmw_implementation_cmake: 7.3.1 (/opt/ros/jazzy/share/rmw_implementation_cmake/cmake)
[2.152s] -- Found rmw_fastrtps_cpp: 8.4.1 (/opt/ros/jazzy/share/rmw_fastrtps_cpp/cmake)
[2.551s] -- Using RMW implementation 'rmw_fastrtps_cpp' as default
[3.258s] -- Found ament_lint_auto: 0.17.1 (/opt/ros/jazzy/share/ament_lint_auto/cmake)
[3.825s] -- Added test 'cppcheck' to perform static code analysis on C / C++ code
[3.833s] -- Configured cppcheck include dirs: 
[3.833s] -- Configured cppcheck exclude dirs and/or files: 
[3.838s] -- Added test 'flake8' to check Python code syntax and style conventions
[3.839s] -- Configured 'flake8' exclude dirs and/or files: 
[3.841s] -- Added test 'lint_cmake' to check CMake code style
[3.842s] -- Added test 'pep257' to check Python code against some of the docstring style conventions in PEP 257
[3.851s] -- Added test 'uncrustify' to check C / C++ code style
[3.851s] -- Configured uncrustify additional arguments: 
[3.861s] -- Added test 'xmllint' to check XML markup files
[3.873s] -- Configuring done (3.8s)
[3.982s] -- Generating done (0.1s)
[3.985s] -- Build files have been written to: /home/mojiu/ros2_ws/build/cpp_parameters
[4.311s] [ 50%] [32mBuilding CXX object CMakeFiles/minimal_param_node.dir/src/cpp_parameters_node.cpp.o[0m
[11.122s] [100%] [32m[1mLinking CXX executable minimal_param_node[0m
[11.336s] [100%] Built target minimal_param_node
