[0.009s] Invoking command in '/home/mojiu/ros2_ws/build/example_topic_rclcpp': CMAKE_PREFIX_PATH=${CMAKE_PREFIX_PATH}:/opt/ros/jazzy DEBUGINFOD_URLS=https://debuginfod.ubuntu.com /usr/bin/cmake --build /home/mojiu/ros2_ws/build/example_topic_rclcpp -- -j8 -l8
[0.036s] -- Found ament_cmake: 2.5.2 (/opt/ros/jazzy/share/ament_cmake/cmake)
[0.242s] -- Found rclcpp: 28.1.5 (/opt/ros/jazzy/share/rclcpp/cmake)
[0.269s] -- Found rosidl_generator_c: 4.6.4 (/opt/ros/jazzy/share/rosidl_generator_c/cmake)
[0.278s] -- Found rosidl_generator_cpp: 4.6.4 (/opt/ros/jazzy/share/rosidl_generator_cpp/cmake)
[0.290s] -- Using all available rosidl_typesupport_c: rosidl_typesupport_fastrtps_c;rosidl_typesupport_introspection_c
[0.304s] -- Using all available rosidl_typesupport_cpp: rosidl_typesupport_fastrtps_cpp;rosidl_typesupport_introspection_cpp
[0.376s] -- Found rmw_implementation_cmake: 7.3.1 (/opt/ros/jazzy/share/rmw_implementation_cmake/cmake)
[0.377s] -- Found rmw_fastrtps_cpp: 8.4.1 (/opt/ros/jazzy/share/rmw_fastrtps_cpp/cmake)
[0.449s] -- Using RMW implementation 'rmw_fastrtps_cpp' as default
[0.523s] -- Found std_msgs: 5.3.5 (/opt/ros/jazzy/share/std_msgs/cmake)
[0.539s] -- Found ament_lint_auto: 0.17.1 (/opt/ros/jazzy/share/ament_lint_auto/cmake)
[0.633s] -- Added test 'cppcheck' to perform static code analysis on C / C++ code
[0.633s] -- Configured cppcheck include dirs: 
[0.633s] -- Configured cppcheck exclude dirs and/or files: 
[0.634s] -- Added test 'lint_cmake' to check CMake code style
[0.634s] -- Added test 'uncrustify' to check C / C++ code style
[0.635s] -- Configured uncrustify additional arguments: 
[0.635s] -- Added test 'xmllint' to check XML markup files
[0.636s] -- Configuring done (0.6s)
[0.649s] -- Generating done (0.0s)
[0.651s] -- Build files have been written to: /home/mojiu/ros2_ws/build/example_topic_rclcpp
[0.684s] [ 25%] [32mBuilding CXX object CMakeFiles/topic_subscribe_01.dir/src/topic_subscribe_01.cpp.o[0m
[0.696s] [ 75%] Built target topic_publisher_01
[0.706s] [100%] [32m[1mLinking CXX executable topic_subscribe_01[0m
[0.778s] /usr/bin/ld: /usr/lib/gcc/x86_64-linux-gnu/13/../../../x86_64-linux-gnu/Scrt1.o: in function `_start':
[0.778s] (.text+0x1b): undefined reference to `main'
[0.780s] collect2: error: ld returned 1 exit status
[0.782s] gmake[2]: *** [CMakeFiles/topic_subscribe_01.dir/build.make:171：topic_subscribe_01] 错误 1
[0.782s] gmake[1]: *** [CMakeFiles/Makefile2:165：CMakeFiles/topic_subscribe_01.dir/all] 错误 2
[0.782s] gmake: *** [Makefile:146：all] 错误 2
[0.784s] Invoked command in '/home/mojiu/ros2_ws/build/example_topic_rclcpp' returned '2': CMAKE_PREFIX_PATH=${CMAKE_PREFIX_PATH}:/opt/ros/jazzy DEBUGINFOD_URLS=https://debuginfod.ubuntu.com /usr/bin/cmake --build /home/mojiu/ros2_ws/build/example_topic_rclcpp -- -j8 -l8
