[0.041s] Invoking command in '/home/mojiu/ros2_ws/build/cpp_pubsub': CMAKE_PREFIX_PATH=${CMAKE_PREFIX_PATH}:/opt/ros/jazzy DEBUGINFOD_URLS=https://debuginfod.ubuntu.com /usr/bin/cmake --build /home/mojiu/ros2_ws/build/cpp_pubsub -- -j8 -l8
[0.168s] [ 50%] Built target listener
[0.201s] [100%] Built target talker
[0.320s] Invoked command in '/home/mojiu/ros2_ws/build/cpp_pubsub' returned '0': CMAKE_PREFIX_PATH=${CMAKE_PREFIX_PATH}:/opt/ros/jazzy DEBUGINFOD_URLS=https://debuginfod.ubuntu.com /usr/bin/cmake --build /home/mojiu/ros2_ws/build/cpp_pubsub -- -j8 -l8
[0.431s] Invoking command in '/home/mojiu/ros2_ws/build/cpp_pubsub': CMAKE_PREFIX_PATH=${CMAKE_PREFIX_PATH}:/opt/ros/jazzy DEBUGINFOD_URLS=https://debuginfod.ubuntu.com /usr/bin/cmake --install /home/mojiu/ros2_ws/build/cpp_pubsub
[0.459s] -- Install configuration: ""
[0.459s] -- Up-to-date: /home/mojiu/ros2_ws/install/cpp_pubsub/lib/cpp_pubsub/talker
[0.459s] -- Up-to-date: /home/mojiu/ros2_ws/install/cpp_pubsub/lib/cpp_pubsub/talker
[0.460s] -- Up-to-date: /home/mojiu/ros2_ws/install/cpp_pubsub/lib/cpp_pubsub/listener
[0.460s] -- Up-to-date: /home/mojiu/ros2_ws/install/cpp_pubsub/share/ament_index/resource_index/package_run_dependencies/cpp_pubsub
[0.460s] -- Up-to-date: /home/mojiu/ros2_ws/install/cpp_pubsub/share/ament_index/resource_index/parent_prefix_path/cpp_pubsub
[0.463s] -- Up-to-date: /home/mojiu/ros2_ws/install/cpp_pubsub/share/cpp_pubsub/environment/ament_prefix_path.sh
[0.463s] -- Up-to-date: /home/mojiu/ros2_ws/install/cpp_pubsub/share/cpp_pubsub/environment/ament_prefix_path.dsv
[0.463s] -- Up-to-date: /home/mojiu/ros2_ws/install/cpp_pubsub/share/cpp_pubsub/environment/path.sh
[0.464s] -- Up-to-date: /home/mojiu/ros2_ws/install/cpp_pubsub/share/cpp_pubsub/environment/path.dsv
[0.464s] -- Up-to-date: /home/mojiu/ros2_ws/install/cpp_pubsub/share/cpp_pubsub/local_setup.bash
[0.464s] -- Up-to-date: /home/mojiu/ros2_ws/install/cpp_pubsub/share/cpp_pubsub/local_setup.sh
[0.464s] -- Up-to-date: /home/mojiu/ros2_ws/install/cpp_pubsub/share/cpp_pubsub/local_setup.zsh
[0.464s] -- Up-to-date: /home/mojiu/ros2_ws/install/cpp_pubsub/share/cpp_pubsub/local_setup.dsv
[0.464s] -- Installing: /home/mojiu/ros2_ws/install/cpp_pubsub/share/cpp_pubsub/package.dsv
[0.465s] -- Up-to-date: /home/mojiu/ros2_ws/install/cpp_pubsub/share/ament_index/resource_index/packages/cpp_pubsub
[0.465s] -- Up-to-date: /home/mojiu/ros2_ws/install/cpp_pubsub/share/cpp_pubsub/cmake/cpp_pubsubConfig.cmake
[0.465s] -- Up-to-date: /home/mojiu/ros2_ws/install/cpp_pubsub/share/cpp_pubsub/cmake/cpp_pubsubConfig-version.cmake
[0.465s] -- Up-to-date: /home/mojiu/ros2_ws/install/cpp_pubsub/share/cpp_pubsub/package.xml
[0.536s] Invoked command in '/home/mojiu/ros2_ws/build/cpp_pubsub' returned '0': CMAKE_PREFIX_PATH=${CMAKE_PREFIX_PATH}:/opt/ros/jazzy DEBUGINFOD_URLS=https://debuginfod.ubuntu.com /usr/bin/cmake --install /home/mojiu/ros2_ws/build/cpp_pubsub
