[0.009s] Invoking command in '/home/mojiu/ros2_ws/build/polygon_base': CMAKE_PREFIX_PATH=${CMAKE_PREFIX_PATH}:/opt/ros/jazzy DEBUGINFOD_URLS=https://debuginfod.ubuntu.com /usr/bin/cmake /home/mojiu/ros2_ws/src/polygon_base -DCMAKE_INSTALL_PREFIX=/home/mojiu/ros2_ws/install/polygon_base
[0.097s] -- The C compiler identification is GNU 13.2.0
[0.187s] -- The CXX compiler identification is GNU 13.2.0
[0.206s] -- Detecting C compiler ABI info
[0.293s] -- Detecting C compiler ABI info - done
[0.303s] -- Check for working C compiler: /usr/bin/cc - skipped
[0.303s] -- Detecting C compile features
[0.304s] -- Detecting C compile features - done
[0.313s] -- Detecting CXX compiler ABI info
[0.411s] -- Detecting CXX compiler ABI info - done
[0.421s] -- Check for working CXX compiler: /usr/bin/c++ - skipped
[0.421s] -- Detecting CXX compile features
[0.422s] -- Detecting CXX compile features - done
[0.428s] -- Found ament_cmake: 2.5.2 (/opt/ros/jazzy/share/ament_cmake/cmake)
[0.586s] -- Found Python3: /usr/bin/python3 (found version "3.12.3") found components: Interpreter 
[0.705s] -- Found pluginlib: 5.4.2 (/opt/ros/jazzy/share/pluginlib/cmake)
[0.742s] -- Found TinyXML2 via Config file: /usr/lib/x86_64-linux-gnu/cmake/tinyxml2
[0.745s] -- Found ament_lint_auto: 0.17.1 (/opt/ros/jazzy/share/ament_lint_auto/cmake)
[0.852s] -- Added test 'cppcheck' to perform static code analysis on C / C++ code
[0.853s] -- Configured cppcheck include dirs: $<BUILD_INTERFACE:/home/mojiu/ros2_ws/src/polygon_base/include>
[0.853s] -- Configured cppcheck exclude dirs and/or files: 
[0.853s] -- Added test 'lint_cmake' to check CMake code style
[0.855s] -- Added test 'uncrustify' to check C / C++ code style
[0.855s] -- Configured uncrustify additional arguments: 
[0.855s] -- Added test 'xmllint' to check XML markup files
[0.858s] -- Configuring done (0.8s)
[0.864s] -- Generating done (0.0s)
[0.865s] -- Build files have been written to: /home/mojiu/ros2_ws/build/polygon_base
[0.870s] Invoked command in '/home/mojiu/ros2_ws/build/polygon_base' returned '0': CMAKE_PREFIX_PATH=${CMAKE_PREFIX_PATH}:/opt/ros/jazzy DEBUGINFOD_URLS=https://debuginfod.ubuntu.com /usr/bin/cmake /home/mojiu/ros2_ws/src/polygon_base -DCMAKE_INSTALL_PREFIX=/home/mojiu/ros2_ws/install/polygon_base
[0.872s] Invoking command in '/home/mojiu/ros2_ws/build/polygon_base': CMAKE_PREFIX_PATH=${CMAKE_PREFIX_PATH}:/opt/ros/jazzy DEBUGINFOD_URLS=https://debuginfod.ubuntu.com /usr/bin/cmake --build /home/mojiu/ros2_ws/build/polygon_base -- -j8 -l8
[0.921s] [ 50%] [32mBuilding CXX object CMakeFiles/area_node.dir/src/area_node.cpp.o[0m
[4.196s] [100%] [32m[1mLinking CXX executable area_node[0m
[4.318s] [100%] Built target area_node
[4.328s] Invoked command in '/home/mojiu/ros2_ws/build/polygon_base' returned '0': CMAKE_PREFIX_PATH=${CMAKE_PREFIX_PATH}:/opt/ros/jazzy DEBUGINFOD_URLS=https://debuginfod.ubuntu.com /usr/bin/cmake --build /home/mojiu/ros2_ws/build/polygon_base -- -j8 -l8
[4.361s] Invoking command in '/home/mojiu/ros2_ws/build/polygon_base': CMAKE_PREFIX_PATH=${CMAKE_PREFIX_PATH}:/opt/ros/jazzy DEBUGINFOD_URLS=https://debuginfod.ubuntu.com /usr/bin/cmake --install /home/mojiu/ros2_ws/build/polygon_base
[4.368s] -- Install configuration: ""
[4.368s] -- Installing: /home/mojiu/ros2_ws/install/polygon_base/include
[4.368s] -- Installing: /home/mojiu/ros2_ws/install/polygon_base/include/polygon_base
[4.368s] -- Installing: /home/mojiu/ros2_ws/install/polygon_base/include/polygon_base/regular_polygon.hpp
[4.369s] -- Installing: /home/mojiu/ros2_ws/install/polygon_base/lib/polygon_base/area_node
[4.370s] -- Set non-toolchain portion of runtime path of "/home/mojiu/ros2_ws/install/polygon_base/lib/polygon_base/area_node" to ""
[4.370s] -- Installing: /home/mojiu/ros2_ws/install/polygon_base/share/ament_index/resource_index/package_run_dependencies/polygon_base
[4.370s] -- Installing: /home/mojiu/ros2_ws/install/polygon_base/share/ament_index/resource_index/parent_prefix_path/polygon_base
[4.370s] -- Installing: /home/mojiu/ros2_ws/install/polygon_base/share/polygon_base/environment/ament_prefix_path.sh
[4.371s] -- Installing: /home/mojiu/ros2_ws/install/polygon_base/share/polygon_base/environment/ament_prefix_path.dsv
[4.371s] -- Installing: /home/mojiu/ros2_ws/install/polygon_base/share/polygon_base/environment/path.sh
[4.371s] -- Installing: /home/mojiu/ros2_ws/install/polygon_base/share/polygon_base/environment/path.dsv
[4.371s] -- Installing: /home/mojiu/ros2_ws/install/polygon_base/share/polygon_base/local_setup.bash
[4.371s] -- Installing: /home/mojiu/ros2_ws/install/polygon_base/share/polygon_base/local_setup.sh
[4.371s] -- Installing: /home/mojiu/ros2_ws/install/polygon_base/share/polygon_base/local_setup.zsh
[4.372s] -- Installing: /home/mojiu/ros2_ws/install/polygon_base/share/polygon_base/local_setup.dsv
[4.372s] -- Installing: /home/mojiu/ros2_ws/install/polygon_base/share/polygon_base/package.dsv
[4.372s] -- Installing: /home/mojiu/ros2_ws/install/polygon_base/share/ament_index/resource_index/packages/polygon_base
[4.372s] -- Installing: /home/mojiu/ros2_ws/install/polygon_base/share/polygon_base/cmake/ament_cmake_export_include_directories-extras.cmake
[4.372s] -- Installing: /home/mojiu/ros2_ws/install/polygon_base/share/polygon_base/cmake/polygon_baseConfig.cmake
[4.372s] -- Installing: /home/mojiu/ros2_ws/install/polygon_base/share/polygon_base/cmake/polygon_baseConfig-version.cmake
[4.372s] -- Installing: /home/mojiu/ros2_ws/install/polygon_base/share/polygon_base/package.xml
[4.374s] Invoked command in '/home/mojiu/ros2_ws/build/polygon_base' returned '0': CMAKE_PREFIX_PATH=${CMAKE_PREFIX_PATH}:/opt/ros/jazzy DEBUGINFOD_URLS=https://debuginfod.ubuntu.com /usr/bin/cmake --install /home/mojiu/ros2_ws/build/polygon_base
