[0.012s] Invoking command in '/home/mojiu/ros2_ws/build/example_parameters_rclcpp': CMAKE_PREFIX_PATH=${CMAKE_PREFIX_PATH}:/opt/ros/jazzy DEBUGINFOD_URLS=https://debuginfod.ubuntu.com /usr/bin/cmake /home/mojiu/ros2_ws/src/example_parameters_rclcpp -DCMAKE_INSTALL_PREFIX=/home/mojiu/ros2_ws/install/example_parameters_rclcpp
[0.108s] -- The C compiler identification is GNU 13.2.0
[0.199s] -- The CXX compiler identification is GNU 13.2.0
[0.219s] -- Detecting C compiler ABI info
[0.312s] -- Detecting C compiler ABI info - done
[0.323s] -- Check for working C compiler: /usr/bin/cc - skipped
[0.324s] -- Detecting C compile features
[0.324s] -- Detecting C compile features - done
[0.334s] -- Detecting CXX compiler ABI info
[0.438s] -- Detecting CXX compiler ABI info - done
[0.449s] -- Check for working CXX compiler: /usr/bin/c++ - skipped
[0.449s] -- Detecting CXX compile features
[0.450s] -- Detecting CXX compile features - done
[0.454s] -- Found ament_cmake: 2.5.2 (/opt/ros/jazzy/share/ament_cmake/cmake)
[0.604s] -- Found Python3: /usr/bin/python3 (found version "3.12.3") found components: Interpreter 
[0.730s] -- Found rclcpp: 28.1.5 (/opt/ros/jazzy/share/rclcpp/cmake)
[0.779s] -- Found rosidl_generator_c: 4.6.4 (/opt/ros/jazzy/share/rosidl_generator_c/cmake)
[0.795s] -- Found rosidl_generator_cpp: 4.6.4 (/opt/ros/jazzy/share/rosidl_generator_cpp/cmake)
[0.816s] -- Using all available rosidl_typesupport_c: rosidl_typesupport_fastrtps_c;rosidl_typesupport_introspection_c
[0.839s] -- Using all available rosidl_typesupport_cpp: rosidl_typesupport_fastrtps_cpp;rosidl_typesupport_introspection_cpp
[0.940s] -- Found rmw_implementation_cmake: 7.3.1 (/opt/ros/jazzy/share/rmw_implementation_cmake/cmake)
[0.943s] -- Found rmw_fastrtps_cpp: 8.4.1 (/opt/ros/jazzy/share/rmw_fastrtps_cpp/cmake)
[1.032s] -- Found OpenSSL: /usr/lib/x86_64-linux-gnu/libcrypto.so (found version "3.0.13")  
[1.054s] -- Found FastRTPS: /opt/ros/jazzy/include (Required is at least version "2.13") 
[1.080s] -- Using RMW implementation 'rmw_fastrtps_cpp' as default
[1.178s] -- Found ament_lint_auto: 0.17.1 (/opt/ros/jazzy/share/ament_lint_auto/cmake)
[1.302s] -- Added test 'cppcheck' to perform static code analysis on C / C++ code
[1.302s] -- Configured cppcheck include dirs: $<BUILD_INTERFACE:/home/mojiu/ros2_ws/src/example_parameters_rclcpp/include>
[1.302s] -- Configured cppcheck exclude dirs and/or files: 
[1.303s] -- Added test 'lint_cmake' to check CMake code style
[1.305s] -- Added test 'uncrustify' to check C / C++ code style
[1.305s] -- Configured uncrustify additional arguments: 
[1.305s] -- Added test 'xmllint' to check XML markup files
[1.307s] -- Configuring done (1.3s)
[1.318s] -- Generating done (0.0s)
[1.322s] -- Build files have been written to: /home/mojiu/ros2_ws/build/example_parameters_rclcpp
[1.332s] Invoked command in '/home/mojiu/ros2_ws/build/example_parameters_rclcpp' returned '0': CMAKE_PREFIX_PATH=${CMAKE_PREFIX_PATH}:/opt/ros/jazzy DEBUGINFOD_URLS=https://debuginfod.ubuntu.com /usr/bin/cmake /home/mojiu/ros2_ws/src/example_parameters_rclcpp -DCMAKE_INSTALL_PREFIX=/home/mojiu/ros2_ws/install/example_parameters_rclcpp
[1.334s] Invoking command in '/home/mojiu/ros2_ws/build/example_parameters_rclcpp': CMAKE_PREFIX_PATH=${CMAKE_PREFIX_PATH}:/opt/ros/jazzy DEBUGINFOD_URLS=https://debuginfod.ubuntu.com /usr/bin/cmake --build /home/mojiu/ros2_ws/build/example_parameters_rclcpp -- -j8 -l8
[1.382s] [ 50%] [32mBuilding CXX object CMakeFiles/parameters_basic.dir/src/parameters_basic.cpp.o[0m
[4.658s] [100%] [32m[1mLinking CXX executable parameters_basic[0m
[4.783s] [100%] Built target parameters_basic
[4.794s] Invoked command in '/home/mojiu/ros2_ws/build/example_parameters_rclcpp' returned '0': CMAKE_PREFIX_PATH=${CMAKE_PREFIX_PATH}:/opt/ros/jazzy DEBUGINFOD_URLS=https://debuginfod.ubuntu.com /usr/bin/cmake --build /home/mojiu/ros2_ws/build/example_parameters_rclcpp -- -j8 -l8
[4.804s] Invoking command in '/home/mojiu/ros2_ws/build/example_parameters_rclcpp': CMAKE_PREFIX_PATH=${CMAKE_PREFIX_PATH}:/opt/ros/jazzy DEBUGINFOD_URLS=https://debuginfod.ubuntu.com /usr/bin/cmake --install /home/mojiu/ros2_ws/build/example_parameters_rclcpp
[4.811s] -- Install configuration: ""
[4.811s] -- Installing: /home/mojiu/ros2_ws/install/example_parameters_rclcpp/lib/example_parameters_rclcpp/parameters_basic
[4.812s] -- Set non-toolchain portion of runtime path of "/home/mojiu/ros2_ws/install/example_parameters_rclcpp/lib/example_parameters_rclcpp/parameters_basic" to ""
[4.812s] -- Installing: /home/mojiu/ros2_ws/install/example_parameters_rclcpp/share/ament_index/resource_index/package_run_dependencies/example_parameters_rclcpp
[4.812s] -- Installing: /home/mojiu/ros2_ws/install/example_parameters_rclcpp/share/ament_index/resource_index/parent_prefix_path/example_parameters_rclcpp
[4.812s] -- Installing: /home/mojiu/ros2_ws/install/example_parameters_rclcpp/share/example_parameters_rclcpp/environment/ament_prefix_path.sh
[4.812s] -- Installing: /home/mojiu/ros2_ws/install/example_parameters_rclcpp/share/example_parameters_rclcpp/environment/ament_prefix_path.dsv
[4.812s] -- Installing: /home/mojiu/ros2_ws/install/example_parameters_rclcpp/share/example_parameters_rclcpp/environment/path.sh
[4.813s] -- Installing: /home/mojiu/ros2_ws/install/example_parameters_rclcpp/share/example_parameters_rclcpp/environment/path.dsv
[4.813s] -- Installing: /home/mojiu/ros2_ws/install/example_parameters_rclcpp/share/example_parameters_rclcpp/local_setup.bash
[4.813s] -- Installing: /home/mojiu/ros2_ws/install/example_parameters_rclcpp/share/example_parameters_rclcpp/local_setup.sh
[4.813s] -- Installing: /home/mojiu/ros2_ws/install/example_parameters_rclcpp/share/example_parameters_rclcpp/local_setup.zsh
[4.813s] -- Installing: /home/mojiu/ros2_ws/install/example_parameters_rclcpp/share/example_parameters_rclcpp/local_setup.dsv
[4.813s] -- Installing: /home/mojiu/ros2_ws/install/example_parameters_rclcpp/share/example_parameters_rclcpp/package.dsv
[4.813s] -- Installing: /home/mojiu/ros2_ws/install/example_parameters_rclcpp/share/ament_index/resource_index/packages/example_parameters_rclcpp
[4.813s] -- Installing: /home/mojiu/ros2_ws/install/example_parameters_rclcpp/share/example_parameters_rclcpp/cmake/example_parameters_rclcppConfig.cmake
[4.814s] -- Installing: /home/mojiu/ros2_ws/install/example_parameters_rclcpp/share/example_parameters_rclcpp/cmake/example_parameters_rclcppConfig-version.cmake
[4.814s] -- Installing: /home/mojiu/ros2_ws/install/example_parameters_rclcpp/share/example_parameters_rclcpp/package.xml
[4.816s] Invoked command in '/home/mojiu/ros2_ws/build/example_parameters_rclcpp' returned '0': CMAKE_PREFIX_PATH=${CMAKE_PREFIX_PATH}:/opt/ros/jazzy DEBUGINFOD_URLS=https://debuginfod.ubuntu.com /usr/bin/cmake --install /home/mojiu/ros2_ws/build/example_parameters_rclcpp
