[0.013s] Invoking command in '/home/mojiu/ros2_ws/build/tutorial_interfaces': CMAKE_PREFIX_PATH=${CMAKE_PREFIX_PATH}:/opt/ros/jazzy DEBUGINFOD_URLS=https://debuginfod.ubuntu.com /usr/bin/cmake --build /home/mojiu/ros2_ws/build/tutorial_interfaces -- -j8 -l8
[0.055s] -- Found ament_cmake: 2.5.2 (/opt/ros/jazzy/share/ament_cmake/cmake)
[0.083s] -- Found Python3: /usr/bin/python3 (found version "3.12.3") found components: Interpreter 
[0.170s] -- Found geometry_msgs: 5.3.5 (/opt/ros/jazzy/share/geometry_msgs/cmake)
[0.204s] -- Found rosidl_generator_c: 4.6.3 (/opt/ros/jazzy/share/rosidl_generator_c/cmake)
[0.215s] -- Found rosidl_generator_cpp: 4.6.3 (/opt/ros/jazzy/share/rosidl_generator_cpp/cmake)
[0.232s] -- Using all available rosidl_typesupport_c: rosidl_typesupport_fastrtps_c;rosidl_typesupport_introspection_c
[0.249s] -- Using all available rosidl_typesupport_cpp: rosidl_typesupport_fastrtps_cpp;rosidl_typesupport_introspection_cpp
[0.300s] -- Found rosidl_default_generators: 1.6.0 (/opt/ros/jazzy/share/rosidl_default_generators/cmake)
[0.311s] -- Found rosidl_adapter: 4.6.3 (/opt/ros/jazzy/share/rosidl_adapter/cmake)
[0.620s] -- Found ament_cmake_ros: 0.12.0 (/opt/ros/jazzy/share/ament_cmake_ros/cmake)
[0.926s] -- Using all available rosidl_typesupport_c: rosidl_typesupport_fastrtps_c;rosidl_typesupport_introspection_c
[1.046s] -- Using all available rosidl_typesupport_cpp: rosidl_typesupport_fastrtps_cpp;rosidl_typesupport_introspection_cpp
[1.047s] -- Found python_cmake_module: 0.11.1 (/opt/ros/jazzy/share/python_cmake_module/cmake)
[1.350s] -- Found Python3: /usr/bin/python3 (found version "3.12.3") found components: Interpreter Development NumPy Development.Module Development.Embed 
[1.397s] -- Found ament_lint_auto: 0.17.1 (/opt/ros/jazzy/share/ament_lint_auto/cmake)
[1.416s] -- Added test 'lint_cmake' to check CMake code style
[1.418s] -- Added test 'xmllint' to check XML markup files
[1.422s] -- Configuring done (1.4s)
[1.490s] -- Generating done (0.1s)
[1.495s] -- Build files have been written to: /home/mojiu/ros2_ws/build/tutorial_interfaces
[1.532s] [  1%] Built target tutorial_interfaces__rosidl_generator_type_description
[1.543s] [  1%] Built target ament_cmake_python_copy_tutorial_interfaces
[1.554s] [  3%] Built target tutorial_interfaces__cpp
[1.561s] [ 24%] Built target tutorial_interfaces__rosidl_generator_c
[1.597s] [ 33%] Built target tutorial_interfaces__rosidl_typesupport_introspection_c
[1.597s] [ 51%] Built target tutorial_interfaces__rosidl_typesupport_cpp
[1.597s] [ 51%] Built target tutorial_interfaces__rosidl_typesupport_c
[1.600s] [ 61%] Built target tutorial_interfaces__rosidl_typesupport_introspection_cpp
[1.601s] [ 70%] Built target tutorial_interfaces__rosidl_typesupport_fastrtps_cpp
[1.602s] [ 79%] Built target tutorial_interfaces__rosidl_typesupport_fastrtps_c
[1.623s] [ 79%] Built target tutorial_interfaces
[1.646s] [ 81%] Built target tutorial_interfaces__py
[1.675s] [ 88%] Built target tutorial_interfaces__rosidl_generator_py
[1.705s] [ 92%] Built target tutorial_interfaces_s__rosidl_typesupport_c
[1.709s] [ 96%] Built target tutorial_interfaces_s__rosidl_typesupport_introspection_c
[1.710s] [100%] Built target tutorial_interfaces_s__rosidl_typesupport_fastrtps_c
[1.838s] running egg_info
[1.864s] writing tutorial_interfaces.egg-info/PKG-INFO
[1.864s] writing dependency_links to tutorial_interfaces.egg-info/dependency_links.txt
[1.864s] writing top-level names to tutorial_interfaces.egg-info/top_level.txt
[1.953s] reading manifest file 'tutorial_interfaces.egg-info/SOURCES.txt'
[1.954s] writing manifest file 'tutorial_interfaces.egg-info/SOURCES.txt'
[1.991s] [100%] Built target ament_cmake_python_build_tutorial_interfaces_egg
[2.008s] Invoked command in '/home/mojiu/ros2_ws/build/tutorial_interfaces' returned '0': CMAKE_PREFIX_PATH=${CMAKE_PREFIX_PATH}:/opt/ros/jazzy DEBUGINFOD_URLS=https://debuginfod.ubuntu.com /usr/bin/cmake --build /home/mojiu/ros2_ws/build/tutorial_interfaces -- -j8 -l8
[2.138s] Invoking command in '/home/mojiu/ros2_ws/build/tutorial_interfaces': CMAKE_PREFIX_PATH=${CMAKE_PREFIX_PATH}:/opt/ros/jazzy DEBUGINFOD_URLS=https://debuginfod.ubuntu.com /usr/bin/cmake --install /home/mojiu/ros2_ws/build/tutorial_interfaces
[2.147s] -- Install configuration: ""
[2.147s] -- Up-to-date: /home/mojiu/ros2_ws/install/tutorial_interfaces/share/ament_index/resource_index/rosidl_interfaces/tutorial_interfaces
[2.147s] -- Up-to-date: /home/mojiu/ros2_ws/install/tutorial_interfaces/share/tutorial_interfaces/msg/Num.json
[2.147s] -- Up-to-date: /home/mojiu/ros2_ws/install/tutorial_interfaces/share/tutorial_interfaces/msg/Sphere.json
[2.147s] -- Up-to-date: /home/mojiu/ros2_ws/install/tutorial_interfaces/share/tutorial_interfaces/srv/AddThreeInts.json
[2.147s] -- Up-to-date: /home/mojiu/ros2_ws/install/tutorial_interfaces/include/tutorial_interfaces/tutorial_interfaces
[2.148s] -- Up-to-date: /home/mojiu/ros2_ws/install/tutorial_interfaces/include/tutorial_interfaces/tutorial_interfaces/srv
[2.148s] -- Up-to-date: /home/mojiu/ros2_ws/install/tutorial_interfaces/include/tutorial_interfaces/tutorial_interfaces/srv/detail
[2.148s] -- Up-to-date: /home/mojiu/ros2_ws/install/tutorial_interfaces/include/tutorial_interfaces/tutorial_interfaces/srv/detail/add_three_ints__functions.c
[2.148s] -- Up-to-date: /home/mojiu/ros2_ws/install/tutorial_interfaces/include/tutorial_interfaces/tutorial_interfaces/srv/detail/add_three_ints__struct.h
[2.149s] -- Up-to-date: /home/mojiu/ros2_ws/install/tutorial_interfaces/include/tutorial_interfaces/tutorial_interfaces/srv/detail/add_three_ints__type_support.c
[2.149s] -- Up-to-date: /home/mojiu/ros2_ws/install/tutorial_interfaces/include/tutorial_interfaces/tutorial_interfaces/srv/detail/add_three_ints__description.c
[2.149s] -- Up-to-date: /home/mojiu/ros2_ws/install/tutorial_interfaces/include/tutorial_interfaces/tutorial_interfaces/srv/detail/add_three_ints__type_support.h
[2.149s] -- Up-to-date: /home/mojiu/ros2_ws/install/tutorial_interfaces/include/tutorial_interfaces/tutorial_interfaces/srv/detail/add_three_ints__functions.h
[2.149s] -- Up-to-date: /home/mojiu/ros2_ws/install/tutorial_interfaces/include/tutorial_interfaces/tutorial_interfaces/srv/add_three_ints.h
[2.149s] -- Up-to-date: /home/mojiu/ros2_ws/install/tutorial_interfaces/include/tutorial_interfaces/tutorial_interfaces/msg
[2.149s] -- Up-to-date: /home/mojiu/ros2_ws/install/tutorial_interfaces/include/tutorial_interfaces/tutorial_interfaces/msg/detail
[2.149s] -- Up-to-date: /home/mojiu/ros2_ws/install/tutorial_interfaces/include/tutorial_interfaces/tutorial_interfaces/msg/detail/num__type_support.h
[2.150s] -- Up-to-date: /home/mojiu/ros2_ws/install/tutorial_interfaces/include/tutorial_interfaces/tutorial_interfaces/msg/detail/sphere__description.c
[2.150s] -- Up-to-date: /home/mojiu/ros2_ws/install/tutorial_interfaces/include/tutorial_interfaces/tutorial_interfaces/msg/detail/sphere__struct.h
[2.150s] -- Up-to-date: /home/mojiu/ros2_ws/install/tutorial_interfaces/include/tutorial_interfaces/tutorial_interfaces/msg/detail/sphere__type_support.c
[2.150s] -- Up-to-date: /home/mojiu/ros2_ws/install/tutorial_interfaces/include/tutorial_interfaces/tutorial_interfaces/msg/detail/num__struct.h
[2.150s] -- Up-to-date: /home/mojiu/ros2_ws/install/tutorial_interfaces/include/tutorial_interfaces/tutorial_interfaces/msg/detail/num__functions.c
[2.150s] -- Up-to-date: /home/mojiu/ros2_ws/install/tutorial_interfaces/include/tutorial_interfaces/tutorial_interfaces/msg/detail/sphere__functions.h
[2.150s] -- Up-to-date: /home/mojiu/ros2_ws/install/tutorial_interfaces/include/tutorial_interfaces/tutorial_interfaces/msg/detail/sphere__type_support.h
[2.150s] -- Up-to-date: /home/mojiu/ros2_ws/install/tutorial_interfaces/include/tutorial_interfaces/tutorial_interfaces/msg/detail/num__description.c
[2.151s] -- Up-to-date: /home/mojiu/ros2_ws/install/tutorial_interfaces/include/tutorial_interfaces/tutorial_interfaces/msg/detail/num__functions.h
[2.151s] -- Up-to-date: /home/mojiu/ros2_ws/install/tutorial_interfaces/include/tutorial_interfaces/tutorial_interfaces/msg/detail/sphere__functions.c
[2.151s] -- Up-to-date: /home/mojiu/ros2_ws/install/tutorial_interfaces/include/tutorial_interfaces/tutorial_interfaces/msg/detail/num__type_support.c
[2.151s] -- Up-to-date: /home/mojiu/ros2_ws/install/tutorial_interfaces/include/tutorial_interfaces/tutorial_interfaces/msg/sphere.h
[2.151s] -- Up-to-date: /home/mojiu/ros2_ws/install/tutorial_interfaces/include/tutorial_interfaces/tutorial_interfaces/msg/num.h
[2.151s] -- Up-to-date: /home/mojiu/ros2_ws/install/tutorial_interfaces/include/tutorial_interfaces/tutorial_interfaces/msg/rosidl_generator_c__visibility_control.h
[2.151s] -- Up-to-date: /home/mojiu/ros2_ws/install/tutorial_interfaces/share/tutorial_interfaces/environment/library_path.sh
[2.151s] -- Up-to-date: /home/mojiu/ros2_ws/install/tutorial_interfaces/share/tutorial_interfaces/environment/library_path.dsv
[2.153s] -- Up-to-date: /home/mojiu/ros2_ws/install/tutorial_interfaces/lib/libtutorial_interfaces__rosidl_generator_c.so
[2.153s] -- Up-to-date: /home/mojiu/ros2_ws/install/tutorial_interfaces/include/tutorial_interfaces/tutorial_interfaces
[2.153s] -- Up-to-date: /home/mojiu/ros2_ws/install/tutorial_interfaces/include/tutorial_interfaces/tutorial_interfaces/srv
[2.153s] -- Up-to-date: /home/mojiu/ros2_ws/install/tutorial_interfaces/include/tutorial_interfaces/tutorial_interfaces/srv/detail
[2.154s] -- Up-to-date: /home/mojiu/ros2_ws/install/tutorial_interfaces/include/tutorial_interfaces/tutorial_interfaces/srv/detail/add_three_ints__rosidl_typesupport_fastrtps_c.h
[2.154s] -- Up-to-date: /home/mojiu/ros2_ws/install/tutorial_interfaces/include/tutorial_interfaces/tutorial_interfaces/msg
[2.154s] -- Up-to-date: /home/mojiu/ros2_ws/install/tutorial_interfaces/include/tutorial_interfaces/tutorial_interfaces/msg/rosidl_typesupport_fastrtps_c__visibility_control.h
[2.154s] -- Up-to-date: /home/mojiu/ros2_ws/install/tutorial_interfaces/include/tutorial_interfaces/tutorial_interfaces/msg/detail
[2.154s] -- Up-to-date: /home/mojiu/ros2_ws/install/tutorial_interfaces/include/tutorial_interfaces/tutorial_interfaces/msg/detail/num__rosidl_typesupport_fastrtps_c.h
[2.154s] -- Up-to-date: /home/mojiu/ros2_ws/install/tutorial_interfaces/include/tutorial_interfaces/tutorial_interfaces/msg/detail/sphere__rosidl_typesupport_fastrtps_c.h
[2.154s] -- Up-to-date: /home/mojiu/ros2_ws/install/tutorial_interfaces/lib/libtutorial_interfaces__rosidl_typesupport_fastrtps_c.so
[2.154s] -- Up-to-date: /home/mojiu/ros2_ws/install/tutorial_interfaces/include/tutorial_interfaces/tutorial_interfaces
[2.154s] -- Up-to-date: /home/mojiu/ros2_ws/install/tutorial_interfaces/include/tutorial_interfaces/tutorial_interfaces/srv
[2.155s] -- Up-to-date: /home/mojiu/ros2_ws/install/tutorial_interfaces/include/tutorial_interfaces/tutorial_interfaces/srv/detail
[2.155s] -- Up-to-date: /home/mojiu/ros2_ws/install/tutorial_interfaces/include/tutorial_interfaces/tutorial_interfaces/srv/detail/add_three_ints__struct.hpp
[2.155s] -- Up-to-date: /home/mojiu/ros2_ws/install/tutorial_interfaces/include/tutorial_interfaces/tutorial_interfaces/srv/detail/add_three_ints__type_support.hpp
[2.155s] -- Up-to-date: /home/mojiu/ros2_ws/install/tutorial_interfaces/include/tutorial_interfaces/tutorial_interfaces/srv/detail/add_three_ints__traits.hpp
[2.155s] -- Up-to-date: /home/mojiu/ros2_ws/install/tutorial_interfaces/include/tutorial_interfaces/tutorial_interfaces/srv/detail/add_three_ints__builder.hpp
[2.155s] -- Up-to-date: /home/mojiu/ros2_ws/install/tutorial_interfaces/include/tutorial_interfaces/tutorial_interfaces/srv/add_three_ints.hpp
[2.156s] -- Up-to-date: /home/mojiu/ros2_ws/install/tutorial_interfaces/include/tutorial_interfaces/tutorial_interfaces/msg
[2.156s] -- Up-to-date: /home/mojiu/ros2_ws/install/tutorial_interfaces/include/tutorial_interfaces/tutorial_interfaces/msg/detail
[2.156s] -- Up-to-date: /home/mojiu/ros2_ws/install/tutorial_interfaces/include/tutorial_interfaces/tutorial_interfaces/msg/detail/sphere__builder.hpp
[2.156s] -- Up-to-date: /home/mojiu/ros2_ws/install/tutorial_interfaces/include/tutorial_interfaces/tutorial_interfaces/msg/detail/num__struct.hpp
[2.156s] -- Up-to-date: /home/mojiu/ros2_ws/install/tutorial_interfaces/include/tutorial_interfaces/tutorial_interfaces/msg/detail/sphere__struct.hpp
[2.156s] -- Up-to-date: /home/mojiu/ros2_ws/install/tutorial_interfaces/include/tutorial_interfaces/tutorial_interfaces/msg/detail/num__type_support.hpp
[2.156s] -- Up-to-date: /home/mojiu/ros2_ws/install/tutorial_interfaces/include/tutorial_interfaces/tutorial_interfaces/msg/detail/sphere__type_support.hpp
[2.157s] -- Up-to-date: /home/mojiu/ros2_ws/install/tutorial_interfaces/include/tutorial_interfaces/tutorial_interfaces/msg/detail/num__builder.hpp
[2.157s] -- Up-to-date: /home/mojiu/ros2_ws/install/tutorial_interfaces/include/tutorial_interfaces/tutorial_interfaces/msg/detail/num__traits.hpp
[2.157s] -- Up-to-date: /home/mojiu/ros2_ws/install/tutorial_interfaces/include/tutorial_interfaces/tutorial_interfaces/msg/detail/sphere__traits.hpp
[2.157s] -- Up-to-date: /home/mojiu/ros2_ws/install/tutorial_interfaces/include/tutorial_interfaces/tutorial_interfaces/msg/rosidl_generator_cpp__visibility_control.hpp
[2.157s] -- Up-to-date: /home/mojiu/ros2_ws/install/tutorial_interfaces/include/tutorial_interfaces/tutorial_interfaces/msg/sphere.hpp
[2.157s] -- Up-to-date: /home/mojiu/ros2_ws/install/tutorial_interfaces/include/tutorial_interfaces/tutorial_interfaces/msg/num.hpp
[2.157s] -- Up-to-date: /home/mojiu/ros2_ws/install/tutorial_interfaces/include/tutorial_interfaces/tutorial_interfaces
[2.158s] -- Up-to-date: /home/mojiu/ros2_ws/install/tutorial_interfaces/include/tutorial_interfaces/tutorial_interfaces/srv
[2.158s] -- Up-to-date: /home/mojiu/ros2_ws/install/tutorial_interfaces/include/tutorial_interfaces/tutorial_interfaces/srv/detail
[2.158s] -- Up-to-date: /home/mojiu/ros2_ws/install/tutorial_interfaces/include/tutorial_interfaces/tutorial_interfaces/srv/detail/dds_fastrtps
[2.158s] -- Up-to-date: /home/mojiu/ros2_ws/install/tutorial_interfaces/include/tutorial_interfaces/tutorial_interfaces/srv/detail/add_three_ints__rosidl_typesupport_fastrtps_cpp.hpp
[2.158s] -- Up-to-date: /home/mojiu/ros2_ws/install/tutorial_interfaces/include/tutorial_interfaces/tutorial_interfaces/msg
[2.158s] -- Up-to-date: /home/mojiu/ros2_ws/install/tutorial_interfaces/include/tutorial_interfaces/tutorial_interfaces/msg/detail
[2.158s] -- Up-to-date: /home/mojiu/ros2_ws/install/tutorial_interfaces/include/tutorial_interfaces/tutorial_interfaces/msg/detail/dds_fastrtps
[2.158s] -- Up-to-date: /home/mojiu/ros2_ws/install/tutorial_interfaces/include/tutorial_interfaces/tutorial_interfaces/msg/detail/sphere__rosidl_typesupport_fastrtps_cpp.hpp
[2.159s] -- Up-to-date: /home/mojiu/ros2_ws/install/tutorial_interfaces/include/tutorial_interfaces/tutorial_interfaces/msg/detail/num__rosidl_typesupport_fastrtps_cpp.hpp
[2.159s] -- Up-to-date: /home/mojiu/ros2_ws/install/tutorial_interfaces/include/tutorial_interfaces/tutorial_interfaces/msg/rosidl_typesupport_fastrtps_cpp__visibility_control.h
[2.159s] -- Up-to-date: /home/mojiu/ros2_ws/install/tutorial_interfaces/lib/libtutorial_interfaces__rosidl_typesupport_fastrtps_cpp.so
[2.159s] -- Up-to-date: /home/mojiu/ros2_ws/install/tutorial_interfaces/include/tutorial_interfaces/tutorial_interfaces
[2.159s] -- Up-to-date: /home/mojiu/ros2_ws/install/tutorial_interfaces/include/tutorial_interfaces/tutorial_interfaces/srv
[2.159s] -- Up-to-date: /home/mojiu/ros2_ws/install/tutorial_interfaces/include/tutorial_interfaces/tutorial_interfaces/srv/detail
[2.159s] -- Up-to-date: /home/mojiu/ros2_ws/install/tutorial_interfaces/include/tutorial_interfaces/tutorial_interfaces/srv/detail/add_three_ints__rosidl_typesupport_introspection_c.h
[2.160s] -- Up-to-date: /home/mojiu/ros2_ws/install/tutorial_interfaces/include/tutorial_interfaces/tutorial_interfaces/srv/detail/add_three_ints__type_support.c
[2.160s] -- Up-to-date: /home/mojiu/ros2_ws/install/tutorial_interfaces/include/tutorial_interfaces/tutorial_interfaces/msg
[2.160s] -- Up-to-date: /home/mojiu/ros2_ws/install/tutorial_interfaces/include/tutorial_interfaces/tutorial_interfaces/msg/detail
[2.160s] -- Up-to-date: /home/mojiu/ros2_ws/install/tutorial_interfaces/include/tutorial_interfaces/tutorial_interfaces/msg/detail/sphere__type_support.c
[2.160s] -- Up-to-date: /home/mojiu/ros2_ws/install/tutorial_interfaces/include/tutorial_interfaces/tutorial_interfaces/msg/detail/num__rosidl_typesupport_introspection_c.h
[2.160s] -- Up-to-date: /home/mojiu/ros2_ws/install/tutorial_interfaces/include/tutorial_interfaces/tutorial_interfaces/msg/detail/sphere__rosidl_typesupport_introspection_c.h
[2.160s] -- Up-to-date: /home/mojiu/ros2_ws/install/tutorial_interfaces/include/tutorial_interfaces/tutorial_interfaces/msg/detail/num__type_support.c
[2.161s] -- Up-to-date: /home/mojiu/ros2_ws/install/tutorial_interfaces/include/tutorial_interfaces/tutorial_interfaces/msg/rosidl_typesupport_introspection_c__visibility_control.h
[2.161s] -- Up-to-date: /home/mojiu/ros2_ws/install/tutorial_interfaces/lib/libtutorial_interfaces__rosidl_typesupport_introspection_c.so
[2.161s] -- Up-to-date: /home/mojiu/ros2_ws/install/tutorial_interfaces/lib/libtutorial_interfaces__rosidl_typesupport_c.so
[2.161s] -- Up-to-date: /home/mojiu/ros2_ws/install/tutorial_interfaces/include/tutorial_interfaces/tutorial_interfaces
[2.161s] -- Up-to-date: /home/mojiu/ros2_ws/install/tutorial_interfaces/include/tutorial_interfaces/tutorial_interfaces/srv
[2.161s] -- Up-to-date: /home/mojiu/ros2_ws/install/tutorial_interfaces/include/tutorial_interfaces/tutorial_interfaces/srv/detail
[2.161s] -- Up-to-date: /home/mojiu/ros2_ws/install/tutorial_interfaces/include/tutorial_interfaces/tutorial_interfaces/srv/detail/add_three_ints__type_support.cpp
[2.162s] -- Up-to-date: /home/mojiu/ros2_ws/install/tutorial_interfaces/include/tutorial_interfaces/tutorial_interfaces/srv/detail/add_three_ints__rosidl_typesupport_introspection_cpp.hpp
[2.162s] -- Up-to-date: /home/mojiu/ros2_ws/install/tutorial_interfaces/include/tutorial_interfaces/tutorial_interfaces/msg
[2.162s] -- Up-to-date: /home/mojiu/ros2_ws/install/tutorial_interfaces/include/tutorial_interfaces/tutorial_interfaces/msg/detail
[2.162s] -- Up-to-date: /home/mojiu/ros2_ws/install/tutorial_interfaces/include/tutorial_interfaces/tutorial_interfaces/msg/detail/num__rosidl_typesupport_introspection_cpp.hpp
[2.162s] -- Up-to-date: /home/mojiu/ros2_ws/install/tutorial_interfaces/include/tutorial_interfaces/tutorial_interfaces/msg/detail/sphere__type_support.cpp
[2.162s] -- Up-to-date: /home/mojiu/ros2_ws/install/tutorial_interfaces/include/tutorial_interfaces/tutorial_interfaces/msg/detail/sphere__rosidl_typesupport_introspection_cpp.hpp
[2.162s] -- Up-to-date: /home/mojiu/ros2_ws/install/tutorial_interfaces/include/tutorial_interfaces/tutorial_interfaces/msg/detail/num__type_support.cpp
[2.163s] -- Up-to-date: /home/mojiu/ros2_ws/install/tutorial_interfaces/lib/libtutorial_interfaces__rosidl_typesupport_introspection_cpp.so
[2.163s] -- Up-to-date: /home/mojiu/ros2_ws/install/tutorial_interfaces/lib/libtutorial_interfaces__rosidl_typesupport_cpp.so
[2.163s] -- Up-to-date: /home/mojiu/ros2_ws/install/tutorial_interfaces/share/tutorial_interfaces/environment/pythonpath.sh
[2.163s] -- Up-to-date: /home/mojiu/ros2_ws/install/tutorial_interfaces/share/tutorial_interfaces/environment/pythonpath.dsv
[2.163s] -- Up-to-date: /home/mojiu/ros2_ws/install/tutorial_interfaces/lib/python3.12/site-packages/tutorial_interfaces-0.0.0-py3.12.egg-info
[2.163s] -- Installing: /home/mojiu/ros2_ws/install/tutorial_interfaces/lib/python3.12/site-packages/tutorial_interfaces-0.0.0-py3.12.egg-info/PKG-INFO
[2.163s] -- Installing: /home/mojiu/ros2_ws/install/tutorial_interfaces/lib/python3.12/site-packages/tutorial_interfaces-0.0.0-py3.12.egg-info/SOURCES.txt
[2.163s] -- Installing: /home/mojiu/ros2_ws/install/tutorial_interfaces/lib/python3.12/site-packages/tutorial_interfaces-0.0.0-py3.12.egg-info/top_level.txt
[2.164s] -- Installing: /home/mojiu/ros2_ws/install/tutorial_interfaces/lib/python3.12/site-packages/tutorial_interfaces-0.0.0-py3.12.egg-info/dependency_links.txt
[2.164s] -- Up-to-date: /home/mojiu/ros2_ws/install/tutorial_interfaces/lib/python3.12/site-packages/tutorial_interfaces
[2.164s] -- Up-to-date: /home/mojiu/ros2_ws/install/tutorial_interfaces/lib/python3.12/site-packages/tutorial_interfaces/_tutorial_interfaces_s.ep.rosidl_typesupport_introspection_c.c
[2.164s] -- Up-to-date: /home/mojiu/ros2_ws/install/tutorial_interfaces/lib/python3.12/site-packages/tutorial_interfaces/tutorial_interfaces_s__rosidl_typesupport_fastrtps_c.so
[2.164s] -- Up-to-date: /home/mojiu/ros2_ws/install/tutorial_interfaces/lib/python3.12/site-packages/tutorial_interfaces/tutorial_interfaces_s__rosidl_typesupport_introspection_c.so
[2.164s] -- Up-to-date: /home/mojiu/ros2_ws/install/tutorial_interfaces/lib/python3.12/site-packages/tutorial_interfaces/_tutorial_interfaces_s.ep.rosidl_typesupport_fastrtps_c.c
[2.165s] -- Installing: /home/mojiu/ros2_ws/install/tutorial_interfaces/lib/python3.12/site-packages/tutorial_interfaces/__init__.py
[2.165s] -- Up-to-date: /home/mojiu/ros2_ws/install/tutorial_interfaces/lib/python3.12/site-packages/tutorial_interfaces/_tutorial_interfaces_s.ep.rosidl_typesupport_c.c
[2.165s] -- Up-to-date: /home/mojiu/ros2_ws/install/tutorial_interfaces/lib/python3.12/site-packages/tutorial_interfaces/srv
[2.165s] -- Up-to-date: /home/mojiu/ros2_ws/install/tutorial_interfaces/lib/python3.12/site-packages/tutorial_interfaces/srv/__init__.py
[2.165s] -- Up-to-date: /home/mojiu/ros2_ws/install/tutorial_interfaces/lib/python3.12/site-packages/tutorial_interfaces/srv/_add_three_ints_s.c
[2.165s] -- Up-to-date: /home/mojiu/ros2_ws/install/tutorial_interfaces/lib/python3.12/site-packages/tutorial_interfaces/srv/_add_three_ints.py
[2.165s] -- Up-to-date: /home/mojiu/ros2_ws/install/tutorial_interfaces/lib/python3.12/site-packages/tutorial_interfaces/tutorial_interfaces_s__rosidl_typesupport_c.so
[2.165s] -- Up-to-date: /home/mojiu/ros2_ws/install/tutorial_interfaces/lib/python3.12/site-packages/tutorial_interfaces/msg
[2.166s] -- Up-to-date: /home/mojiu/ros2_ws/install/tutorial_interfaces/lib/python3.12/site-packages/tutorial_interfaces/msg/_sphere_s.c
[2.166s] -- Up-to-date: /home/mojiu/ros2_ws/install/tutorial_interfaces/lib/python3.12/site-packages/tutorial_interfaces/msg/__init__.py
[2.166s] -- Up-to-date: /home/mojiu/ros2_ws/install/tutorial_interfaces/lib/python3.12/site-packages/tutorial_interfaces/msg/_num.py
[2.166s] -- Up-to-date: /home/mojiu/ros2_ws/install/tutorial_interfaces/lib/python3.12/site-packages/tutorial_interfaces/msg/_sphere.py
[2.166s] -- Up-to-date: /home/mojiu/ros2_ws/install/tutorial_interfaces/lib/python3.12/site-packages/tutorial_interfaces/msg/_num_s.c
[2.208s] Listing '/home/mojiu/ros2_ws/install/tutorial_interfaces/lib/python3.12/site-packages/tutorial_interfaces'...
[2.208s] Compiling '/home/mojiu/ros2_ws/install/tutorial_interfaces/lib/python3.12/site-packages/tutorial_interfaces/__init__.py'...
[2.208s] Listing '/home/mojiu/ros2_ws/install/tutorial_interfaces/lib/python3.12/site-packages/tutorial_interfaces/msg'...
[2.208s] Listing '/home/mojiu/ros2_ws/install/tutorial_interfaces/lib/python3.12/site-packages/tutorial_interfaces/srv'...
[2.215s] -- Up-to-date: /home/mojiu/ros2_ws/install/tutorial_interfaces/lib/python3.12/site-packages/tutorial_interfaces/tutorial_interfaces_s__rosidl_typesupport_fastrtps_c.so
[2.216s] -- Up-to-date: /home/mojiu/ros2_ws/install/tutorial_interfaces/lib/python3.12/site-packages/tutorial_interfaces/tutorial_interfaces_s__rosidl_typesupport_introspection_c.so
[2.217s] -- Up-to-date: /home/mojiu/ros2_ws/install/tutorial_interfaces/lib/python3.12/site-packages/tutorial_interfaces/tutorial_interfaces_s__rosidl_typesupport_c.so
[2.217s] -- Up-to-date: /home/mojiu/ros2_ws/install/tutorial_interfaces/lib/libtutorial_interfaces__rosidl_generator_py.so
[2.218s] -- Up-to-date: /home/mojiu/ros2_ws/install/tutorial_interfaces/share/tutorial_interfaces/msg/Num.idl
[2.218s] -- Up-to-date: /home/mojiu/ros2_ws/install/tutorial_interfaces/share/tutorial_interfaces/msg/Sphere.idl
[2.218s] -- Up-to-date: /home/mojiu/ros2_ws/install/tutorial_interfaces/share/tutorial_interfaces/srv/AddThreeInts.idl
[2.218s] -- Up-to-date: /home/mojiu/ros2_ws/install/tutorial_interfaces/share/tutorial_interfaces/msg/Num.msg
[2.218s] -- Up-to-date: /home/mojiu/ros2_ws/install/tutorial_interfaces/share/tutorial_interfaces/msg/Sphere.msg
[2.219s] -- Up-to-date: /home/mojiu/ros2_ws/install/tutorial_interfaces/share/tutorial_interfaces/srv/AddThreeInts.srv
[2.219s] -- Up-to-date: /home/mojiu/ros2_ws/install/tutorial_interfaces/share/ament_index/resource_index/package_run_dependencies/tutorial_interfaces
[2.219s] -- Up-to-date: /home/mojiu/ros2_ws/install/tutorial_interfaces/share/ament_index/resource_index/parent_prefix_path/tutorial_interfaces
[2.219s] -- Up-to-date: /home/mojiu/ros2_ws/install/tutorial_interfaces/share/tutorial_interfaces/environment/ament_prefix_path.sh
[2.219s] -- Up-to-date: /home/mojiu/ros2_ws/install/tutorial_interfaces/share/tutorial_interfaces/environment/ament_prefix_path.dsv
[2.219s] -- Up-to-date: /home/mojiu/ros2_ws/install/tutorial_interfaces/share/tutorial_interfaces/environment/path.sh
[2.219s] -- Up-to-date: /home/mojiu/ros2_ws/install/tutorial_interfaces/share/tutorial_interfaces/environment/path.dsv
[2.220s] -- Up-to-date: /home/mojiu/ros2_ws/install/tutorial_interfaces/share/tutorial_interfaces/local_setup.bash
[2.220s] -- Up-to-date: /home/mojiu/ros2_ws/install/tutorial_interfaces/share/tutorial_interfaces/local_setup.sh
[2.220s] -- Up-to-date: /home/mojiu/ros2_ws/install/tutorial_interfaces/share/tutorial_interfaces/local_setup.zsh
[2.220s] -- Up-to-date: /home/mojiu/ros2_ws/install/tutorial_interfaces/share/tutorial_interfaces/local_setup.dsv
[2.220s] -- Installing: /home/mojiu/ros2_ws/install/tutorial_interfaces/share/tutorial_interfaces/package.dsv
[2.220s] -- Up-to-date: /home/mojiu/ros2_ws/install/tutorial_interfaces/share/ament_index/resource_index/packages/tutorial_interfaces
[2.221s] -- Up-to-date: /home/mojiu/ros2_ws/install/tutorial_interfaces/share/tutorial_interfaces/cmake/export_tutorial_interfaces__rosidl_generator_cExport.cmake
[2.221s] -- Up-to-date: /home/mojiu/ros2_ws/install/tutorial_interfaces/share/tutorial_interfaces/cmake/export_tutorial_interfaces__rosidl_generator_cExport-noconfig.cmake
[2.221s] -- Up-to-date: /home/mojiu/ros2_ws/install/tutorial_interfaces/share/tutorial_interfaces/cmake/export_tutorial_interfaces__rosidl_typesupport_fastrtps_cExport.cmake
[2.221s] -- Up-to-date: /home/mojiu/ros2_ws/install/tutorial_interfaces/share/tutorial_interfaces/cmake/export_tutorial_interfaces__rosidl_typesupport_fastrtps_cExport-noconfig.cmake
[2.221s] -- Up-to-date: /home/mojiu/ros2_ws/install/tutorial_interfaces/share/tutorial_interfaces/cmake/export_tutorial_interfaces__rosidl_generator_cppExport.cmake
[2.221s] -- Up-to-date: /home/mojiu/ros2_ws/install/tutorial_interfaces/share/tutorial_interfaces/cmake/export_tutorial_interfaces__rosidl_typesupport_fastrtps_cppExport.cmake
[2.221s] -- Up-to-date: /home/mojiu/ros2_ws/install/tutorial_interfaces/share/tutorial_interfaces/cmake/export_tutorial_interfaces__rosidl_typesupport_fastrtps_cppExport-noconfig.cmake
[2.222s] -- Up-to-date: /home/mojiu/ros2_ws/install/tutorial_interfaces/share/tutorial_interfaces/cmake/tutorial_interfaces__rosidl_typesupport_introspection_cExport.cmake
[2.222s] -- Up-to-date: /home/mojiu/ros2_ws/install/tutorial_interfaces/share/tutorial_interfaces/cmake/tutorial_interfaces__rosidl_typesupport_introspection_cExport-noconfig.cmake
[2.222s] -- Up-to-date: /home/mojiu/ros2_ws/install/tutorial_interfaces/share/tutorial_interfaces/cmake/tutorial_interfaces__rosidl_typesupport_cExport.cmake
[2.222s] -- Up-to-date: /home/mojiu/ros2_ws/install/tutorial_interfaces/share/tutorial_interfaces/cmake/tutorial_interfaces__rosidl_typesupport_cExport-noconfig.cmake
[2.222s] -- Up-to-date: /home/mojiu/ros2_ws/install/tutorial_interfaces/share/tutorial_interfaces/cmake/tutorial_interfaces__rosidl_typesupport_introspection_cppExport.cmake
[2.222s] -- Up-to-date: /home/mojiu/ros2_ws/install/tutorial_interfaces/share/tutorial_interfaces/cmake/tutorial_interfaces__rosidl_typesupport_introspection_cppExport-noconfig.cmake
[2.222s] -- Up-to-date: /home/mojiu/ros2_ws/install/tutorial_interfaces/share/tutorial_interfaces/cmake/tutorial_interfaces__rosidl_typesupport_cppExport.cmake
[2.223s] -- Up-to-date: /home/mojiu/ros2_ws/install/tutorial_interfaces/share/tutorial_interfaces/cmake/tutorial_interfaces__rosidl_typesupport_cppExport-noconfig.cmake
[2.223s] -- Up-to-date: /home/mojiu/ros2_ws/install/tutorial_interfaces/share/tutorial_interfaces/cmake/export_tutorial_interfaces__rosidl_generator_pyExport.cmake
[2.223s] -- Up-to-date: /home/mojiu/ros2_ws/install/tutorial_interfaces/share/tutorial_interfaces/cmake/export_tutorial_interfaces__rosidl_generator_pyExport-noconfig.cmake
[2.223s] -- Up-to-date: /home/mojiu/ros2_ws/install/tutorial_interfaces/share/tutorial_interfaces/cmake/rosidl_cmake-extras.cmake
[2.223s] -- Up-to-date: /home/mojiu/ros2_ws/install/tutorial_interfaces/share/tutorial_interfaces/cmake/ament_cmake_export_dependencies-extras.cmake
[2.223s] -- Up-to-date: /home/mojiu/ros2_ws/install/tutorial_interfaces/share/tutorial_interfaces/cmake/ament_cmake_export_include_directories-extras.cmake
[2.223s] -- Up-to-date: /home/mojiu/ros2_ws/install/tutorial_interfaces/share/tutorial_interfaces/cmake/ament_cmake_export_libraries-extras.cmake
[2.224s] -- Up-to-date: /home/mojiu/ros2_ws/install/tutorial_interfaces/share/tutorial_interfaces/cmake/ament_cmake_export_targets-extras.cmake
[2.224s] -- Up-to-date: /home/mojiu/ros2_ws/install/tutorial_interfaces/share/tutorial_interfaces/cmake/rosidl_cmake_export_typesupport_targets-extras.cmake
[2.224s] -- Up-to-date: /home/mojiu/ros2_ws/install/tutorial_interfaces/share/tutorial_interfaces/cmake/rosidl_cmake_export_typesupport_libraries-extras.cmake
[2.224s] -- Up-to-date: /home/mojiu/ros2_ws/install/tutorial_interfaces/share/tutorial_interfaces/cmake/tutorial_interfacesConfig.cmake
[2.224s] -- Up-to-date: /home/mojiu/ros2_ws/install/tutorial_interfaces/share/tutorial_interfaces/cmake/tutorial_interfacesConfig-version.cmake
[2.224s] -- Installing: /home/mojiu/ros2_ws/install/tutorial_interfaces/share/tutorial_interfaces/package.xml
[2.225s] Invoked command in '/home/mojiu/ros2_ws/build/tutorial_interfaces' returned '0': CMAKE_PREFIX_PATH=${CMAKE_PREFIX_PATH}:/opt/ros/jazzy DEBUGINFOD_URLS=https://debuginfod.ubuntu.com /usr/bin/cmake --install /home/mojiu/ros2_ws/build/tutorial_interfaces
