[0.012s] Invoking command in '/home/mojiu/ros2_ws/build/example_action_rclcpp': AMENT_PREFIX_PATH=/home/mojiu/ros2_ws/install/robot_control_interfaces:${AMENT_PREFIX_PATH} CMAKE_PREFIX_PATH=/home/mojiu/ros2_ws/install/robot_control_interfaces:/home/mojiu/ros2_ws/install/cpp_srvcli:/home/mojiu/ros2_ws/install/tutorial_interfaces:/home/mojiu/ros2_ws/install/polygon_plugins:/home/mojiu/ros2_ws/install/polygon_base:/home/mojiu/ros2_ws/install/more_interfaces:/home/mojiu/ros2_ws/install/example_topic_rclcpp:/home/mojiu/ros2_ws/install/example_service_rclcpp:/home/mojiu/ros2_ws/install/example_interfaces_rclcpp:/home/mojiu/ros2_ws/install/example_ros2_interfaces:/home/mojiu/ros2_ws/install/example_parameters_rclcpp:/home/mojiu/ros2_ws/install/custom_action_cpp:/home/mojiu/ros2_ws/install/custom_action_interfaces:/home/mojiu/ros2_ws/install/cpp_pubsub:/home/mojiu/ros2_ws/install/cpp_parameters:/opt/ros/jazzy/opt/sdformat_vendor:/opt/ros/jazzy/opt/gz_math_vendor:/opt/ros/jazzy/opt/gz_utils_vendor:/opt/ros/jazzy/opt/gz_tools_vendor:/opt/ros/jazzy/opt/gz_cmake_vendor:/opt/ros/jazzy DEBUGINFOD_URLS=https://debuginfod.ubuntu.com LD_LIBRARY_PATH=/home/mojiu/ros2_ws/install/robot_control_interfaces/lib:${LD_LIBRARY_PATH} PYTHONPATH=/home/mojiu/ros2_ws/install/robot_control_interfaces/lib/python3.12/site-packages:${PYTHONPATH} /usr/bin/cmake /home/mojiu/ros2_ws/src/example_action_rclcpp -DCMAKE_INSTALL_PREFIX=/home/mojiu/ros2_ws/install/example_action_rclcpp
[0.026s] -- Found ament_cmake: 2.5.2 (/opt/ros/jazzy/share/ament_cmake/cmake)
[0.259s] -- Found rclcpp: 28.1.5 (/opt/ros/jazzy/share/rclcpp/cmake)
[0.295s] -- Found rosidl_generator_c: 4.6.4 (/opt/ros/jazzy/share/rosidl_generator_c/cmake)
[0.307s] -- Found rosidl_generator_cpp: 4.6.4 (/opt/ros/jazzy/share/rosidl_generator_cpp/cmake)
[0.321s] -- Using all available rosidl_typesupport_c: rosidl_typesupport_fastrtps_c;rosidl_typesupport_introspection_c
[0.339s] -- Using all available rosidl_typesupport_cpp: rosidl_typesupport_fastrtps_cpp;rosidl_typesupport_introspection_cpp
[0.410s] -- Found rmw_implementation_cmake: 7.3.1 (/opt/ros/jazzy/share/rmw_implementation_cmake/cmake)
[0.413s] -- Found rmw_fastrtps_cpp: 8.4.1 (/opt/ros/jazzy/share/rmw_fastrtps_cpp/cmake)
[0.497s] -- Using RMW implementation 'rmw_fastrtps_cpp' as default
[0.576s] -- Found robot_control_interfaces: 0.0.0 (/home/mojiu/ros2_ws/install/robot_control_interfaces/share/robot_control_interfaces/cmake)
[0.651s] -- Found example_interfaces: 0.12.0 (/opt/ros/jazzy/share/example_interfaces/cmake)
[0.681s] -- Found rclcpp_action: 28.1.5 (/opt/ros/jazzy/share/rclcpp_action/cmake)
[0.702s] -- Found ament_lint_auto: 0.17.1 (/opt/ros/jazzy/share/ament_lint_auto/cmake)
[0.824s] -- Added test 'cppcheck' to perform static code analysis on C / C++ code
[0.825s] -- Configured cppcheck include dirs: $<BUILD_INTERFACE:/home/mojiu/ros2_ws/src/example_action_rclcpp/include>
[0.825s] -- Configured cppcheck exclude dirs and/or files: 
[0.827s] -- Added test 'lint_cmake' to check CMake code style
[0.829s] -- Added test 'uncrustify' to check C / C++ code style
[0.829s] -- Configured uncrustify additional arguments: 
[0.830s] -- Added test 'xmllint' to check XML markup files
[0.833s] -- Configuring done (0.8s)
[0.851s] -- Generating done (0.0s)
[0.856s] -- Build files have been written to: /home/mojiu/ros2_ws/build/example_action_rclcpp
[0.866s] Invoked command in '/home/mojiu/ros2_ws/build/example_action_rclcpp' returned '0': AMENT_PREFIX_PATH=/home/mojiu/ros2_ws/install/robot_control_interfaces:${AMENT_PREFIX_PATH} CMAKE_PREFIX_PATH=/home/mojiu/ros2_ws/install/robot_control_interfaces:/home/mojiu/ros2_ws/install/cpp_srvcli:/home/mojiu/ros2_ws/install/tutorial_interfaces:/home/mojiu/ros2_ws/install/polygon_plugins:/home/mojiu/ros2_ws/install/polygon_base:/home/mojiu/ros2_ws/install/more_interfaces:/home/mojiu/ros2_ws/install/example_topic_rclcpp:/home/mojiu/ros2_ws/install/example_service_rclcpp:/home/mojiu/ros2_ws/install/example_interfaces_rclcpp:/home/mojiu/ros2_ws/install/example_ros2_interfaces:/home/mojiu/ros2_ws/install/example_parameters_rclcpp:/home/mojiu/ros2_ws/install/custom_action_cpp:/home/mojiu/ros2_ws/install/custom_action_interfaces:/home/mojiu/ros2_ws/install/cpp_pubsub:/home/mojiu/ros2_ws/install/cpp_parameters:/opt/ros/jazzy/opt/sdformat_vendor:/opt/ros/jazzy/opt/gz_math_vendor:/opt/ros/jazzy/opt/gz_utils_vendor:/opt/ros/jazzy/opt/gz_tools_vendor:/opt/ros/jazzy/opt/gz_cmake_vendor:/opt/ros/jazzy DEBUGINFOD_URLS=https://debuginfod.ubuntu.com LD_LIBRARY_PATH=/home/mojiu/ros2_ws/install/robot_control_interfaces/lib:${LD_LIBRARY_PATH} PYTHONPATH=/home/mojiu/ros2_ws/install/robot_control_interfaces/lib/python3.12/site-packages:${PYTHONPATH} /usr/bin/cmake /home/mojiu/ros2_ws/src/example_action_rclcpp -DCMAKE_INSTALL_PREFIX=/home/mojiu/ros2_ws/install/example_action_rclcpp
[0.867s] Invoking command in '/home/mojiu/ros2_ws/build/example_action_rclcpp': AMENT_PREFIX_PATH=/home/mojiu/ros2_ws/install/robot_control_interfaces:${AMENT_PREFIX_PATH} CMAKE_PREFIX_PATH=/home/mojiu/ros2_ws/install/robot_control_interfaces:/home/mojiu/ros2_ws/install/cpp_srvcli:/home/mojiu/ros2_ws/install/tutorial_interfaces:/home/mojiu/ros2_ws/install/polygon_plugins:/home/mojiu/ros2_ws/install/polygon_base:/home/mojiu/ros2_ws/install/more_interfaces:/home/mojiu/ros2_ws/install/example_topic_rclcpp:/home/mojiu/ros2_ws/install/example_service_rclcpp:/home/mojiu/ros2_ws/install/example_interfaces_rclcpp:/home/mojiu/ros2_ws/install/example_ros2_interfaces:/home/mojiu/ros2_ws/install/example_parameters_rclcpp:/home/mojiu/ros2_ws/install/custom_action_cpp:/home/mojiu/ros2_ws/install/custom_action_interfaces:/home/mojiu/ros2_ws/install/cpp_pubsub:/home/mojiu/ros2_ws/install/cpp_parameters:/opt/ros/jazzy/opt/sdformat_vendor:/opt/ros/jazzy/opt/gz_math_vendor:/opt/ros/jazzy/opt/gz_utils_vendor:/opt/ros/jazzy/opt/gz_tools_vendor:/opt/ros/jazzy/opt/gz_cmake_vendor:/opt/ros/jazzy DEBUGINFOD_URLS=https://debuginfod.ubuntu.com LD_LIBRARY_PATH=/home/mojiu/ros2_ws/install/robot_control_interfaces/lib:${LD_LIBRARY_PATH} PYTHONPATH=/home/mojiu/ros2_ws/install/robot_control_interfaces/lib/python3.12/site-packages:${PYTHONPATH} /usr/bin/cmake --build /home/mojiu/ros2_ws/build/example_action_rclcpp -- -j8 -l8
[0.920s] [ 40%] [32mBuilding CXX object CMakeFiles/action_robot_01.dir/src/action_robot_01.cpp.o[0m
[0.920s] [ 40%] [32mBuilding CXX object CMakeFiles/action_robot_01.dir/src/robot.cpp.o[0m
[0.921s] [ 60%] [32mBuilding CXX object CMakeFiles/action_control_01.dir/src/action_control_01.cpp.o[0m
[5.889s] [ 80%] [32m[1mLinking CXX executable action_robot_01[0m
[6.086s] [ 80%] Built target action_robot_01
[6.298s] [100%] [32m[1mLinking CXX executable action_control_01[0m
[6.487s] [100%] Built target action_control_01
[6.499s] Invoked command in '/home/mojiu/ros2_ws/build/example_action_rclcpp' returned '0': AMENT_PREFIX_PATH=/home/mojiu/ros2_ws/install/robot_control_interfaces:${AMENT_PREFIX_PATH} CMAKE_PREFIX_PATH=/home/mojiu/ros2_ws/install/robot_control_interfaces:/home/mojiu/ros2_ws/install/cpp_srvcli:/home/mojiu/ros2_ws/install/tutorial_interfaces:/home/mojiu/ros2_ws/install/polygon_plugins:/home/mojiu/ros2_ws/install/polygon_base:/home/mojiu/ros2_ws/install/more_interfaces:/home/mojiu/ros2_ws/install/example_topic_rclcpp:/home/mojiu/ros2_ws/install/example_service_rclcpp:/home/mojiu/ros2_ws/install/example_interfaces_rclcpp:/home/mojiu/ros2_ws/install/example_ros2_interfaces:/home/mojiu/ros2_ws/install/example_parameters_rclcpp:/home/mojiu/ros2_ws/install/custom_action_cpp:/home/mojiu/ros2_ws/install/custom_action_interfaces:/home/mojiu/ros2_ws/install/cpp_pubsub:/home/mojiu/ros2_ws/install/cpp_parameters:/opt/ros/jazzy/opt/sdformat_vendor:/opt/ros/jazzy/opt/gz_math_vendor:/opt/ros/jazzy/opt/gz_utils_vendor:/opt/ros/jazzy/opt/gz_tools_vendor:/opt/ros/jazzy/opt/gz_cmake_vendor:/opt/ros/jazzy DEBUGINFOD_URLS=https://debuginfod.ubuntu.com LD_LIBRARY_PATH=/home/mojiu/ros2_ws/install/robot_control_interfaces/lib:${LD_LIBRARY_PATH} PYTHONPATH=/home/mojiu/ros2_ws/install/robot_control_interfaces/lib/python3.12/site-packages:${PYTHONPATH} /usr/bin/cmake --build /home/mojiu/ros2_ws/build/example_action_rclcpp -- -j8 -l8
[6.500s] Invoking command in '/home/mojiu/ros2_ws/build/example_action_rclcpp': AMENT_PREFIX_PATH=/home/mojiu/ros2_ws/install/robot_control_interfaces:${AMENT_PREFIX_PATH} CMAKE_PREFIX_PATH=/home/mojiu/ros2_ws/install/robot_control_interfaces:/home/mojiu/ros2_ws/install/cpp_srvcli:/home/mojiu/ros2_ws/install/tutorial_interfaces:/home/mojiu/ros2_ws/install/polygon_plugins:/home/mojiu/ros2_ws/install/polygon_base:/home/mojiu/ros2_ws/install/more_interfaces:/home/mojiu/ros2_ws/install/example_topic_rclcpp:/home/mojiu/ros2_ws/install/example_service_rclcpp:/home/mojiu/ros2_ws/install/example_interfaces_rclcpp:/home/mojiu/ros2_ws/install/example_ros2_interfaces:/home/mojiu/ros2_ws/install/example_parameters_rclcpp:/home/mojiu/ros2_ws/install/custom_action_cpp:/home/mojiu/ros2_ws/install/custom_action_interfaces:/home/mojiu/ros2_ws/install/cpp_pubsub:/home/mojiu/ros2_ws/install/cpp_parameters:/opt/ros/jazzy/opt/sdformat_vendor:/opt/ros/jazzy/opt/gz_math_vendor:/opt/ros/jazzy/opt/gz_utils_vendor:/opt/ros/jazzy/opt/gz_tools_vendor:/opt/ros/jazzy/opt/gz_cmake_vendor:/opt/ros/jazzy DEBUGINFOD_URLS=https://debuginfod.ubuntu.com LD_LIBRARY_PATH=/home/mojiu/ros2_ws/install/robot_control_interfaces/lib:${LD_LIBRARY_PATH} PYTHONPATH=/home/mojiu/ros2_ws/install/robot_control_interfaces/lib/python3.12/site-packages:${PYTHONPATH} /usr/bin/cmake --install /home/mojiu/ros2_ws/build/example_action_rclcpp
[6.508s] -- Install configuration: ""
[6.508s] -- Installing: /home/mojiu/ros2_ws/install/example_action_rclcpp/lib/example_action_rclcpp/action_robot_01
[6.509s] -- Set non-toolchain portion of runtime path of "/home/mojiu/ros2_ws/install/example_action_rclcpp/lib/example_action_rclcpp/action_robot_01" to ""
[6.509s] -- Installing: /home/mojiu/ros2_ws/install/example_action_rclcpp/lib/example_action_rclcpp/action_control_01
[6.510s] -- Set non-toolchain portion of runtime path of "/home/mojiu/ros2_ws/install/example_action_rclcpp/lib/example_action_rclcpp/action_control_01" to ""
[6.511s] -- Installing: /home/mojiu/ros2_ws/install/example_action_rclcpp/share/ament_index/resource_index/package_run_dependencies/example_action_rclcpp
[6.511s] -- Installing: /home/mojiu/ros2_ws/install/example_action_rclcpp/share/ament_index/resource_index/parent_prefix_path/example_action_rclcpp
[6.511s] -- Installing: /home/mojiu/ros2_ws/install/example_action_rclcpp/share/example_action_rclcpp/environment/ament_prefix_path.sh
[6.511s] -- Installing: /home/mojiu/ros2_ws/install/example_action_rclcpp/share/example_action_rclcpp/environment/ament_prefix_path.dsv
[6.511s] -- Installing: /home/mojiu/ros2_ws/install/example_action_rclcpp/share/example_action_rclcpp/environment/path.sh
[6.511s] -- Installing: /home/mojiu/ros2_ws/install/example_action_rclcpp/share/example_action_rclcpp/environment/path.dsv
[6.512s] -- Installing: /home/mojiu/ros2_ws/install/example_action_rclcpp/share/example_action_rclcpp/local_setup.bash
[6.512s] -- Installing: /home/mojiu/ros2_ws/install/example_action_rclcpp/share/example_action_rclcpp/local_setup.sh
[6.512s] -- Installing: /home/mojiu/ros2_ws/install/example_action_rclcpp/share/example_action_rclcpp/local_setup.zsh
[6.512s] -- Installing: /home/mojiu/ros2_ws/install/example_action_rclcpp/share/example_action_rclcpp/local_setup.dsv
[6.512s] -- Installing: /home/mojiu/ros2_ws/install/example_action_rclcpp/share/example_action_rclcpp/package.dsv
[6.512s] -- Installing: /home/mojiu/ros2_ws/install/example_action_rclcpp/share/ament_index/resource_index/packages/example_action_rclcpp
[6.512s] -- Installing: /home/mojiu/ros2_ws/install/example_action_rclcpp/share/example_action_rclcpp/cmake/example_action_rclcppConfig.cmake
[6.512s] -- Installing: /home/mojiu/ros2_ws/install/example_action_rclcpp/share/example_action_rclcpp/cmake/example_action_rclcppConfig-version.cmake
[6.513s] -- Installing: /home/mojiu/ros2_ws/install/example_action_rclcpp/share/example_action_rclcpp/package.xml
[6.515s] Invoked command in '/home/mojiu/ros2_ws/build/example_action_rclcpp' returned '0': AMENT_PREFIX_PATH=/home/mojiu/ros2_ws/install/robot_control_interfaces:${AMENT_PREFIX_PATH} CMAKE_PREFIX_PATH=/home/mojiu/ros2_ws/install/robot_control_interfaces:/home/mojiu/ros2_ws/install/cpp_srvcli:/home/mojiu/ros2_ws/install/tutorial_interfaces:/home/mojiu/ros2_ws/install/polygon_plugins:/home/mojiu/ros2_ws/install/polygon_base:/home/mojiu/ros2_ws/install/more_interfaces:/home/mojiu/ros2_ws/install/example_topic_rclcpp:/home/mojiu/ros2_ws/install/example_service_rclcpp:/home/mojiu/ros2_ws/install/example_interfaces_rclcpp:/home/mojiu/ros2_ws/install/example_ros2_interfaces:/home/mojiu/ros2_ws/install/example_parameters_rclcpp:/home/mojiu/ros2_ws/install/custom_action_cpp:/home/mojiu/ros2_ws/install/custom_action_interfaces:/home/mojiu/ros2_ws/install/cpp_pubsub:/home/mojiu/ros2_ws/install/cpp_parameters:/opt/ros/jazzy/opt/sdformat_vendor:/opt/ros/jazzy/opt/gz_math_vendor:/opt/ros/jazzy/opt/gz_utils_vendor:/opt/ros/jazzy/opt/gz_tools_vendor:/opt/ros/jazzy/opt/gz_cmake_vendor:/opt/ros/jazzy DEBUGINFOD_URLS=https://debuginfod.ubuntu.com LD_LIBRARY_PATH=/home/mojiu/ros2_ws/install/robot_control_interfaces/lib:${LD_LIBRARY_PATH} PYTHONPATH=/home/mojiu/ros2_ws/install/robot_control_interfaces/lib/python3.12/site-packages:${PYTHONPATH} /usr/bin/cmake --install /home/mojiu/ros2_ws/build/example_action_rclcpp
