[0.107s] DEBUG:colcon:Command line arguments: ['/usr/bin/colcon', 'build', '--packages-up-to', 'example_action_rclcpp']
[0.107s] DEBUG:colcon:Parsed command line arguments: Namespace(log_base=None, log_level=None, verb_name='build', build_base='build', install_base='install', merge_install=False, symlink_install=False, test_result_base=None, continue_on_error=False, executor='parallel', parallel_workers=8, event_handlers=None, ignore_user_meta=False, metas=['./colcon.meta'], base_paths=['.'], packages_ignore=None, packages_ignore_regex=None, paths=None, packages_up_to=['example_action_rclcpp'], packages_up_to_regex=None, packages_above=None, packages_above_and_dependencies=None, packages_above_depth=None, packages_select_by_dep=None, packages_skip_by_dep=None, packages_skip_up_to=None, packages_select_build_failed=False, packages_skip_build_finished=False, packages_select_test_failures=False, packages_skip_test_passed=False, packages_select=None, packages_skip=None, packages_select_regex=None, packages_skip_regex=None, packages_start=None, packages_end=None, allow_overriding=[], cmake_args=None, cmake_target=None, cmake_target_skip_unavailable=False, cmake_clean_cache=False, cmake_clean_first=False, cmake_force_configure=False, ament_cmake_args=None, catkin_cmake_args=None, catkin_skip_building_tests=False, verb_parser=<colcon_defaults.argument_parser.defaults.DefaultArgumentsDecorator object at 0x7d76cac822d0>, verb_extension=<colcon_core.verb.build.BuildVerb object at 0x7d76cac81fa0>, main=<bound method BuildVerb.main of <colcon_core.verb.build.BuildVerb object at 0x7d76cac81fa0>>)
[0.145s] Level 1:colcon.colcon_core.package_discovery:discover_packages(colcon_meta) check parameters
[0.145s] Level 1:colcon.colcon_core.package_discovery:discover_packages(recursive) check parameters
[0.145s] Level 1:colcon.colcon_core.package_discovery:discover_packages(ignore) check parameters
[0.145s] Level 1:colcon.colcon_core.package_discovery:discover_packages(path) check parameters
[0.145s] Level 1:colcon.colcon_core.package_discovery:discover_packages(colcon_meta) discover
[0.145s] Level 1:colcon.colcon_core.package_discovery:discover_packages(recursive) discover
[0.145s] INFO:colcon.colcon_core.package_discovery:Crawling recursively for packages in '/home/mojiu/ros2_ws'
[0.145s] Level 1:colcon.colcon_core.package_identification:_identify(.) by extensions ['ignore', 'ignore_ament_install']
[0.145s] Level 1:colcon.colcon_core.package_identification:_identify(.) by extension 'ignore'
[0.145s] Level 1:colcon.colcon_core.package_identification:_identify(.) by extension 'ignore_ament_install'
[0.145s] Level 1:colcon.colcon_core.package_identification:_identify(.) by extensions ['colcon_pkg']
[0.145s] Level 1:colcon.colcon_core.package_identification:_identify(.) by extension 'colcon_pkg'
[0.145s] Level 1:colcon.colcon_core.package_identification:_identify(.) by extensions ['colcon_meta']
[0.145s] Level 1:colcon.colcon_core.package_identification:_identify(.) by extension 'colcon_meta'
[0.145s] Level 1:colcon.colcon_core.package_identification:_identify(.) by extensions ['ros']
[0.145s] Level 1:colcon.colcon_core.package_identification:_identify(.) by extension 'ros'
[0.169s] Level 1:colcon.colcon_core.package_identification:_identify(.) by extensions ['cmake', 'python']
[0.169s] Level 1:colcon.colcon_core.package_identification:_identify(.) by extension 'cmake'
[0.169s] Level 1:colcon.colcon_core.package_identification:_identify(.) by extension 'python'
[0.169s] Level 1:colcon.colcon_core.package_identification:_identify(.) by extensions ['python_setup_py']
[0.169s] Level 1:colcon.colcon_core.package_identification:_identify(.) by extension 'python_setup_py'
[0.169s] Level 1:colcon.colcon_core.package_identification:_identify(build) by extensions ['ignore', 'ignore_ament_install']
[0.169s] Level 1:colcon.colcon_core.package_identification:_identify(build) by extension 'ignore'
[0.169s] Level 1:colcon.colcon_core.package_identification:_identify(build) ignored
[0.169s] Level 1:colcon.colcon_core.package_identification:_identify(install) by extensions ['ignore', 'ignore_ament_install']
[0.170s] Level 1:colcon.colcon_core.package_identification:_identify(install) by extension 'ignore'
[0.170s] Level 1:colcon.colcon_core.package_identification:_identify(install) ignored
[0.170s] Level 1:colcon.colcon_core.package_identification:_identify(log) by extensions ['ignore', 'ignore_ament_install']
[0.170s] Level 1:colcon.colcon_core.package_identification:_identify(log) by extension 'ignore'
[0.170s] Level 1:colcon.colcon_core.package_identification:_identify(log) ignored
[0.170s] Level 1:colcon.colcon_core.package_identification:_identify(src) by extensions ['ignore', 'ignore_ament_install']
[0.170s] Level 1:colcon.colcon_core.package_identification:_identify(src) by extension 'ignore'
[0.170s] Level 1:colcon.colcon_core.package_identification:_identify(src) by extension 'ignore_ament_install'
[0.170s] Level 1:colcon.colcon_core.package_identification:_identify(src) by extensions ['colcon_pkg']
[0.170s] Level 1:colcon.colcon_core.package_identification:_identify(src) by extension 'colcon_pkg'
[0.170s] Level 1:colcon.colcon_core.package_identification:_identify(src) by extensions ['colcon_meta']
[0.170s] Level 1:colcon.colcon_core.package_identification:_identify(src) by extension 'colcon_meta'
[0.170s] Level 1:colcon.colcon_core.package_identification:_identify(src) by extensions ['ros']
[0.170s] Level 1:colcon.colcon_core.package_identification:_identify(src) by extension 'ros'
[0.170s] Level 1:colcon.colcon_core.package_identification:_identify(src) by extensions ['cmake', 'python']
[0.170s] Level 1:colcon.colcon_core.package_identification:_identify(src) by extension 'cmake'
[0.170s] Level 1:colcon.colcon_core.package_identification:_identify(src) by extension 'python'
[0.170s] Level 1:colcon.colcon_core.package_identification:_identify(src) by extensions ['python_setup_py']
[0.170s] Level 1:colcon.colcon_core.package_identification:_identify(src) by extension 'python_setup_py'
[0.171s] Level 1:colcon.colcon_core.package_identification:_identify(src/cpp_parameters) by extensions ['ignore', 'ignore_ament_install']
[0.171s] Level 1:colcon.colcon_core.package_identification:_identify(src/cpp_parameters) by extension 'ignore'
[0.171s] Level 1:colcon.colcon_core.package_identification:_identify(src/cpp_parameters) by extension 'ignore_ament_install'
[0.171s] Level 1:colcon.colcon_core.package_identification:_identify(src/cpp_parameters) by extensions ['colcon_pkg']
[0.171s] Level 1:colcon.colcon_core.package_identification:_identify(src/cpp_parameters) by extension 'colcon_pkg'
[0.171s] Level 1:colcon.colcon_core.package_identification:_identify(src/cpp_parameters) by extensions ['colcon_meta']
[0.171s] Level 1:colcon.colcon_core.package_identification:_identify(src/cpp_parameters) by extension 'colcon_meta'
[0.171s] Level 1:colcon.colcon_core.package_identification:_identify(src/cpp_parameters) by extensions ['ros']
[0.171s] Level 1:colcon.colcon_core.package_identification:_identify(src/cpp_parameters) by extension 'ros'
[0.173s] DEBUG:colcon.colcon_core.package_identification:Package 'src/cpp_parameters' with type 'ros.ament_cmake' and name 'cpp_parameters'
[0.174s] Level 1:colcon.colcon_core.package_identification:_identify(src/cpp_pubsub) by extensions ['ignore', 'ignore_ament_install']
[0.174s] Level 1:colcon.colcon_core.package_identification:_identify(src/cpp_pubsub) by extension 'ignore'
[0.174s] Level 1:colcon.colcon_core.package_identification:_identify(src/cpp_pubsub) by extension 'ignore_ament_install'
[0.174s] Level 1:colcon.colcon_core.package_identification:_identify(src/cpp_pubsub) by extensions ['colcon_pkg']
[0.174s] Level 1:colcon.colcon_core.package_identification:_identify(src/cpp_pubsub) by extension 'colcon_pkg'
[0.174s] Level 1:colcon.colcon_core.package_identification:_identify(src/cpp_pubsub) by extensions ['colcon_meta']
[0.174s] Level 1:colcon.colcon_core.package_identification:_identify(src/cpp_pubsub) by extension 'colcon_meta'
[0.174s] Level 1:colcon.colcon_core.package_identification:_identify(src/cpp_pubsub) by extensions ['ros']
[0.174s] Level 1:colcon.colcon_core.package_identification:_identify(src/cpp_pubsub) by extension 'ros'
[0.174s] DEBUG:colcon.colcon_core.package_identification:Package 'src/cpp_pubsub' with type 'ros.ament_cmake' and name 'cpp_pubsub'
[0.174s] Level 1:colcon.colcon_core.package_identification:_identify(src/cpp_srvcli) by extensions ['ignore', 'ignore_ament_install']
[0.175s] Level 1:colcon.colcon_core.package_identification:_identify(src/cpp_srvcli) by extension 'ignore'
[0.175s] Level 1:colcon.colcon_core.package_identification:_identify(src/cpp_srvcli) by extension 'ignore_ament_install'
[0.175s] Level 1:colcon.colcon_core.package_identification:_identify(src/cpp_srvcli) by extensions ['colcon_pkg']
[0.175s] Level 1:colcon.colcon_core.package_identification:_identify(src/cpp_srvcli) by extension 'colcon_pkg'
[0.175s] Level 1:colcon.colcon_core.package_identification:_identify(src/cpp_srvcli) by extensions ['colcon_meta']
[0.175s] Level 1:colcon.colcon_core.package_identification:_identify(src/cpp_srvcli) by extension 'colcon_meta'
[0.175s] Level 1:colcon.colcon_core.package_identification:_identify(src/cpp_srvcli) by extensions ['ros']
[0.175s] Level 1:colcon.colcon_core.package_identification:_identify(src/cpp_srvcli) by extension 'ros'
[0.175s] DEBUG:colcon.colcon_core.package_identification:Package 'src/cpp_srvcli' with type 'ros.ament_cmake' and name 'cpp_srvcli'
[0.175s] Level 1:colcon.colcon_core.package_identification:_identify(src/custom_action_cpp) by extensions ['ignore', 'ignore_ament_install']
[0.175s] Level 1:colcon.colcon_core.package_identification:_identify(src/custom_action_cpp) by extension 'ignore'
[0.176s] Level 1:colcon.colcon_core.package_identification:_identify(src/custom_action_cpp) by extension 'ignore_ament_install'
[0.176s] Level 1:colcon.colcon_core.package_identification:_identify(src/custom_action_cpp) by extensions ['colcon_pkg']
[0.176s] Level 1:colcon.colcon_core.package_identification:_identify(src/custom_action_cpp) by extension 'colcon_pkg'
[0.176s] Level 1:colcon.colcon_core.package_identification:_identify(src/custom_action_cpp) by extensions ['colcon_meta']
[0.176s] Level 1:colcon.colcon_core.package_identification:_identify(src/custom_action_cpp) by extension 'colcon_meta'
[0.176s] Level 1:colcon.colcon_core.package_identification:_identify(src/custom_action_cpp) by extensions ['ros']
[0.176s] Level 1:colcon.colcon_core.package_identification:_identify(src/custom_action_cpp) by extension 'ros'
[0.176s] DEBUG:colcon.colcon_core.package_identification:Package 'src/custom_action_cpp' with type 'ros.ament_cmake' and name 'custom_action_cpp'
[0.176s] Level 1:colcon.colcon_core.package_identification:_identify(src/custom_action_interfaces) by extensions ['ignore', 'ignore_ament_install']
[0.177s] Level 1:colcon.colcon_core.package_identification:_identify(src/custom_action_interfaces) by extension 'ignore'
[0.177s] Level 1:colcon.colcon_core.package_identification:_identify(src/custom_action_interfaces) by extension 'ignore_ament_install'
[0.177s] Level 1:colcon.colcon_core.package_identification:_identify(src/custom_action_interfaces) by extensions ['colcon_pkg']
[0.177s] Level 1:colcon.colcon_core.package_identification:_identify(src/custom_action_interfaces) by extension 'colcon_pkg'
[0.177s] Level 1:colcon.colcon_core.package_identification:_identify(src/custom_action_interfaces) by extensions ['colcon_meta']
[0.177s] Level 1:colcon.colcon_core.package_identification:_identify(src/custom_action_interfaces) by extension 'colcon_meta'
[0.177s] Level 1:colcon.colcon_core.package_identification:_identify(src/custom_action_interfaces) by extensions ['ros']
[0.177s] Level 1:colcon.colcon_core.package_identification:_identify(src/custom_action_interfaces) by extension 'ros'
[0.177s] DEBUG:colcon.colcon_core.package_identification:Package 'src/custom_action_interfaces' with type 'ros.ament_cmake' and name 'custom_action_interfaces'
[0.177s] Level 1:colcon.colcon_core.package_identification:_identify(src/example_action_rclcpp) by extensions ['ignore', 'ignore_ament_install']
[0.177s] Level 1:colcon.colcon_core.package_identification:_identify(src/example_action_rclcpp) by extension 'ignore'
[0.177s] Level 1:colcon.colcon_core.package_identification:_identify(src/example_action_rclcpp) by extension 'ignore_ament_install'
[0.177s] Level 1:colcon.colcon_core.package_identification:_identify(src/example_action_rclcpp) by extensions ['colcon_pkg']
[0.177s] Level 1:colcon.colcon_core.package_identification:_identify(src/example_action_rclcpp) by extension 'colcon_pkg'
[0.178s] Level 1:colcon.colcon_core.package_identification:_identify(src/example_action_rclcpp) by extensions ['colcon_meta']
[0.178s] Level 1:colcon.colcon_core.package_identification:_identify(src/example_action_rclcpp) by extension 'colcon_meta'
[0.178s] Level 1:colcon.colcon_core.package_identification:_identify(src/example_action_rclcpp) by extensions ['ros']
[0.178s] Level 1:colcon.colcon_core.package_identification:_identify(src/example_action_rclcpp) by extension 'ros'
[0.178s] DEBUG:colcon.colcon_core.package_identification:Package 'src/example_action_rclcpp' with type 'ros.ament_cmake' and name 'example_action_rclcpp'
[0.178s] Level 1:colcon.colcon_core.package_identification:_identify(src/example_interfaces_rclcpp) by extensions ['ignore', 'ignore_ament_install']
[0.178s] Level 1:colcon.colcon_core.package_identification:_identify(src/example_interfaces_rclcpp) by extension 'ignore'
[0.178s] Level 1:colcon.colcon_core.package_identification:_identify(src/example_interfaces_rclcpp) by extension 'ignore_ament_install'
[0.178s] Level 1:colcon.colcon_core.package_identification:_identify(src/example_interfaces_rclcpp) by extensions ['colcon_pkg']
[0.178s] Level 1:colcon.colcon_core.package_identification:_identify(src/example_interfaces_rclcpp) by extension 'colcon_pkg'
[0.178s] Level 1:colcon.colcon_core.package_identification:_identify(src/example_interfaces_rclcpp) by extensions ['colcon_meta']
[0.178s] Level 1:colcon.colcon_core.package_identification:_identify(src/example_interfaces_rclcpp) by extension 'colcon_meta'
[0.178s] Level 1:colcon.colcon_core.package_identification:_identify(src/example_interfaces_rclcpp) by extensions ['ros']
[0.179s] Level 1:colcon.colcon_core.package_identification:_identify(src/example_interfaces_rclcpp) by extension 'ros'
[0.179s] DEBUG:colcon.colcon_core.package_identification:Package 'src/example_interfaces_rclcpp' with type 'ros.ament_cmake' and name 'example_interfaces_rclcpp'
[0.179s] Level 1:colcon.colcon_core.package_identification:_identify(src/example_parameters_rclcpp) by extensions ['ignore', 'ignore_ament_install']
[0.179s] Level 1:colcon.colcon_core.package_identification:_identify(src/example_parameters_rclcpp) by extension 'ignore'
[0.179s] Level 1:colcon.colcon_core.package_identification:_identify(src/example_parameters_rclcpp) by extension 'ignore_ament_install'
[0.179s] Level 1:colcon.colcon_core.package_identification:_identify(src/example_parameters_rclcpp) by extensions ['colcon_pkg']
[0.179s] Level 1:colcon.colcon_core.package_identification:_identify(src/example_parameters_rclcpp) by extension 'colcon_pkg'
[0.179s] Level 1:colcon.colcon_core.package_identification:_identify(src/example_parameters_rclcpp) by extensions ['colcon_meta']
[0.179s] Level 1:colcon.colcon_core.package_identification:_identify(src/example_parameters_rclcpp) by extension 'colcon_meta'
[0.179s] Level 1:colcon.colcon_core.package_identification:_identify(src/example_parameters_rclcpp) by extensions ['ros']
[0.179s] Level 1:colcon.colcon_core.package_identification:_identify(src/example_parameters_rclcpp) by extension 'ros'
[0.180s] DEBUG:colcon.colcon_core.package_identification:Package 'src/example_parameters_rclcpp' with type 'ros.ament_cmake' and name 'example_parameters_rclcpp'
[0.180s] Level 1:colcon.colcon_core.package_identification:_identify(src/example_ros2_interfaces) by extensions ['ignore', 'ignore_ament_install']
[0.180s] Level 1:colcon.colcon_core.package_identification:_identify(src/example_ros2_interfaces) by extension 'ignore'
[0.180s] Level 1:colcon.colcon_core.package_identification:_identify(src/example_ros2_interfaces) by extension 'ignore_ament_install'
[0.180s] Level 1:colcon.colcon_core.package_identification:_identify(src/example_ros2_interfaces) by extensions ['colcon_pkg']
[0.180s] Level 1:colcon.colcon_core.package_identification:_identify(src/example_ros2_interfaces) by extension 'colcon_pkg'
[0.180s] Level 1:colcon.colcon_core.package_identification:_identify(src/example_ros2_interfaces) by extensions ['colcon_meta']
[0.180s] Level 1:colcon.colcon_core.package_identification:_identify(src/example_ros2_interfaces) by extension 'colcon_meta'
[0.180s] Level 1:colcon.colcon_core.package_identification:_identify(src/example_ros2_interfaces) by extensions ['ros']
[0.180s] Level 1:colcon.colcon_core.package_identification:_identify(src/example_ros2_interfaces) by extension 'ros'
[0.181s] DEBUG:colcon.colcon_core.package_identification:Package 'src/example_ros2_interfaces' with type 'ros.ament_cmake' and name 'example_ros2_interfaces'
[0.181s] Level 1:colcon.colcon_core.package_identification:_identify(src/example_service_rclcpp) by extensions ['ignore', 'ignore_ament_install']
[0.181s] Level 1:colcon.colcon_core.package_identification:_identify(src/example_service_rclcpp) by extension 'ignore'
[0.181s] Level 1:colcon.colcon_core.package_identification:_identify(src/example_service_rclcpp) by extension 'ignore_ament_install'
[0.181s] Level 1:colcon.colcon_core.package_identification:_identify(src/example_service_rclcpp) by extensions ['colcon_pkg']
[0.181s] Level 1:colcon.colcon_core.package_identification:_identify(src/example_service_rclcpp) by extension 'colcon_pkg'
[0.181s] Level 1:colcon.colcon_core.package_identification:_identify(src/example_service_rclcpp) by extensions ['colcon_meta']
[0.181s] Level 1:colcon.colcon_core.package_identification:_identify(src/example_service_rclcpp) by extension 'colcon_meta'
[0.181s] Level 1:colcon.colcon_core.package_identification:_identify(src/example_service_rclcpp) by extensions ['ros']
[0.181s] Level 1:colcon.colcon_core.package_identification:_identify(src/example_service_rclcpp) by extension 'ros'
[0.182s] DEBUG:colcon.colcon_core.package_identification:Package 'src/example_service_rclcpp' with type 'ros.ament_cmake' and name 'example_service_rclcpp'
[0.182s] Level 1:colcon.colcon_core.package_identification:_identify(src/example_topic_rclcpp) by extensions ['ignore', 'ignore_ament_install']
[0.182s] Level 1:colcon.colcon_core.package_identification:_identify(src/example_topic_rclcpp) by extension 'ignore'
[0.182s] Level 1:colcon.colcon_core.package_identification:_identify(src/example_topic_rclcpp) by extension 'ignore_ament_install'
[0.182s] Level 1:colcon.colcon_core.package_identification:_identify(src/example_topic_rclcpp) by extensions ['colcon_pkg']
[0.182s] Level 1:colcon.colcon_core.package_identification:_identify(src/example_topic_rclcpp) by extension 'colcon_pkg'
[0.182s] Level 1:colcon.colcon_core.package_identification:_identify(src/example_topic_rclcpp) by extensions ['colcon_meta']
[0.182s] Level 1:colcon.colcon_core.package_identification:_identify(src/example_topic_rclcpp) by extension 'colcon_meta'
[0.182s] Level 1:colcon.colcon_core.package_identification:_identify(src/example_topic_rclcpp) by extensions ['ros']
[0.182s] Level 1:colcon.colcon_core.package_identification:_identify(src/example_topic_rclcpp) by extension 'ros'
[0.183s] DEBUG:colcon.colcon_core.package_identification:Package 'src/example_topic_rclcpp' with type 'ros.ament_cmake' and name 'example_topic_rclcpp'
[0.183s] Level 1:colcon.colcon_core.package_identification:_identify(src/more_interfaces) by extensions ['ignore', 'ignore_ament_install']
[0.183s] Level 1:colcon.colcon_core.package_identification:_identify(src/more_interfaces) by extension 'ignore'
[0.183s] Level 1:colcon.colcon_core.package_identification:_identify(src/more_interfaces) by extension 'ignore_ament_install'
[0.183s] Level 1:colcon.colcon_core.package_identification:_identify(src/more_interfaces) by extensions ['colcon_pkg']
[0.183s] Level 1:colcon.colcon_core.package_identification:_identify(src/more_interfaces) by extension 'colcon_pkg'
[0.183s] Level 1:colcon.colcon_core.package_identification:_identify(src/more_interfaces) by extensions ['colcon_meta']
[0.183s] Level 1:colcon.colcon_core.package_identification:_identify(src/more_interfaces) by extension 'colcon_meta'
[0.183s] Level 1:colcon.colcon_core.package_identification:_identify(src/more_interfaces) by extensions ['ros']
[0.183s] Level 1:colcon.colcon_core.package_identification:_identify(src/more_interfaces) by extension 'ros'
[0.184s] DEBUG:colcon.colcon_core.package_identification:Package 'src/more_interfaces' with type 'ros.ament_cmake' and name 'more_interfaces'
[0.184s] Level 1:colcon.colcon_core.package_identification:_identify(src/original_code) by extensions ['ignore', 'ignore_ament_install']
[0.184s] Level 1:colcon.colcon_core.package_identification:_identify(src/original_code) by extension 'ignore'
[0.184s] Level 1:colcon.colcon_core.package_identification:_identify(src/original_code) by extension 'ignore_ament_install'
[0.184s] Level 1:colcon.colcon_core.package_identification:_identify(src/original_code) by extensions ['colcon_pkg']
[0.184s] Level 1:colcon.colcon_core.package_identification:_identify(src/original_code) by extension 'colcon_pkg'
[0.184s] Level 1:colcon.colcon_core.package_identification:_identify(src/original_code) by extensions ['colcon_meta']
[0.184s] Level 1:colcon.colcon_core.package_identification:_identify(src/original_code) by extension 'colcon_meta'
[0.184s] Level 1:colcon.colcon_core.package_identification:_identify(src/original_code) by extensions ['ros']
[0.184s] Level 1:colcon.colcon_core.package_identification:_identify(src/original_code) by extension 'ros'
[0.184s] Level 1:colcon.colcon_core.package_identification:_identify(src/original_code) by extensions ['cmake', 'python']
[0.184s] Level 1:colcon.colcon_core.package_identification:_identify(src/original_code) by extension 'cmake'
[0.184s] Level 1:colcon.colcon_core.package_identification:_identify(src/original_code) by extension 'python'
[0.184s] Level 1:colcon.colcon_core.package_identification:_identify(src/original_code) by extensions ['python_setup_py']
[0.184s] Level 1:colcon.colcon_core.package_identification:_identify(src/original_code) by extension 'python_setup_py'
[0.184s] Level 1:colcon.colcon_core.package_identification:_identify(src/original_code/src_pubsub) by extensions ['ignore', 'ignore_ament_install']
[0.185s] Level 1:colcon.colcon_core.package_identification:_identify(src/original_code/src_pubsub) by extension 'ignore'
[0.185s] Level 1:colcon.colcon_core.package_identification:_identify(src/original_code/src_pubsub) by extension 'ignore_ament_install'
[0.185s] Level 1:colcon.colcon_core.package_identification:_identify(src/original_code/src_pubsub) by extensions ['colcon_pkg']
[0.185s] Level 1:colcon.colcon_core.package_identification:_identify(src/original_code/src_pubsub) by extension 'colcon_pkg'
[0.185s] Level 1:colcon.colcon_core.package_identification:_identify(src/original_code/src_pubsub) by extensions ['colcon_meta']
[0.185s] Level 1:colcon.colcon_core.package_identification:_identify(src/original_code/src_pubsub) by extension 'colcon_meta'
[0.185s] Level 1:colcon.colcon_core.package_identification:_identify(src/original_code/src_pubsub) by extensions ['ros']
[0.185s] Level 1:colcon.colcon_core.package_identification:_identify(src/original_code/src_pubsub) by extension 'ros'
[0.185s] Level 1:colcon.colcon_core.package_identification:_identify(src/original_code/src_pubsub) by extensions ['cmake', 'python']
[0.185s] Level 1:colcon.colcon_core.package_identification:_identify(src/original_code/src_pubsub) by extension 'cmake'
[0.185s] Level 1:colcon.colcon_core.package_identification:_identify(src/original_code/src_pubsub) by extension 'python'
[0.185s] Level 1:colcon.colcon_core.package_identification:_identify(src/original_code/src_pubsub) by extensions ['python_setup_py']
[0.185s] Level 1:colcon.colcon_core.package_identification:_identify(src/original_code/src_pubsub) by extension 'python_setup_py'
[0.185s] Level 1:colcon.colcon_core.package_identification:_identify(src/original_code/src_srvcli) by extensions ['ignore', 'ignore_ament_install']
[0.185s] Level 1:colcon.colcon_core.package_identification:_identify(src/original_code/src_srvcli) by extension 'ignore'
[0.185s] Level 1:colcon.colcon_core.package_identification:_identify(src/original_code/src_srvcli) by extension 'ignore_ament_install'
[0.185s] Level 1:colcon.colcon_core.package_identification:_identify(src/original_code/src_srvcli) by extensions ['colcon_pkg']
[0.185s] Level 1:colcon.colcon_core.package_identification:_identify(src/original_code/src_srvcli) by extension 'colcon_pkg'
[0.186s] Level 1:colcon.colcon_core.package_identification:_identify(src/original_code/src_srvcli) by extensions ['colcon_meta']
[0.186s] Level 1:colcon.colcon_core.package_identification:_identify(src/original_code/src_srvcli) by extension 'colcon_meta'
[0.186s] Level 1:colcon.colcon_core.package_identification:_identify(src/original_code/src_srvcli) by extensions ['ros']
[0.186s] Level 1:colcon.colcon_core.package_identification:_identify(src/original_code/src_srvcli) by extension 'ros'
[0.186s] Level 1:colcon.colcon_core.package_identification:_identify(src/original_code/src_srvcli) by extensions ['cmake', 'python']
[0.186s] Level 1:colcon.colcon_core.package_identification:_identify(src/original_code/src_srvcli) by extension 'cmake'
[0.186s] Level 1:colcon.colcon_core.package_identification:_identify(src/original_code/src_srvcli) by extension 'python'
[0.186s] Level 1:colcon.colcon_core.package_identification:_identify(src/original_code/src_srvcli) by extensions ['python_setup_py']
[0.186s] Level 1:colcon.colcon_core.package_identification:_identify(src/original_code/src_srvcli) by extension 'python_setup_py'
[0.186s] Level 1:colcon.colcon_core.package_identification:_identify(src/polygon_base) by extensions ['ignore', 'ignore_ament_install']
[0.186s] Level 1:colcon.colcon_core.package_identification:_identify(src/polygon_base) by extension 'ignore'
[0.186s] Level 1:colcon.colcon_core.package_identification:_identify(src/polygon_base) by extension 'ignore_ament_install'
[0.186s] Level 1:colcon.colcon_core.package_identification:_identify(src/polygon_base) by extensions ['colcon_pkg']
[0.186s] Level 1:colcon.colcon_core.package_identification:_identify(src/polygon_base) by extension 'colcon_pkg'
[0.186s] Level 1:colcon.colcon_core.package_identification:_identify(src/polygon_base) by extensions ['colcon_meta']
[0.186s] Level 1:colcon.colcon_core.package_identification:_identify(src/polygon_base) by extension 'colcon_meta'
[0.186s] Level 1:colcon.colcon_core.package_identification:_identify(src/polygon_base) by extensions ['ros']
[0.187s] Level 1:colcon.colcon_core.package_identification:_identify(src/polygon_base) by extension 'ros'
[0.187s] DEBUG:colcon.colcon_core.package_identification:Package 'src/polygon_base' with type 'ros.ament_cmake' and name 'polygon_base'
[0.187s] Level 1:colcon.colcon_core.package_identification:_identify(src/polygon_plugins) by extensions ['ignore', 'ignore_ament_install']
[0.187s] Level 1:colcon.colcon_core.package_identification:_identify(src/polygon_plugins) by extension 'ignore'
[0.187s] Level 1:colcon.colcon_core.package_identification:_identify(src/polygon_plugins) by extension 'ignore_ament_install'
[0.187s] Level 1:colcon.colcon_core.package_identification:_identify(src/polygon_plugins) by extensions ['colcon_pkg']
[0.187s] Level 1:colcon.colcon_core.package_identification:_identify(src/polygon_plugins) by extension 'colcon_pkg'
[0.187s] Level 1:colcon.colcon_core.package_identification:_identify(src/polygon_plugins) by extensions ['colcon_meta']
[0.187s] Level 1:colcon.colcon_core.package_identification:_identify(src/polygon_plugins) by extension 'colcon_meta'
[0.187s] Level 1:colcon.colcon_core.package_identification:_identify(src/polygon_plugins) by extensions ['ros']
[0.187s] Level 1:colcon.colcon_core.package_identification:_identify(src/polygon_plugins) by extension 'ros'
[0.188s] DEBUG:colcon.colcon_core.package_identification:Package 'src/polygon_plugins' with type 'ros.ament_cmake' and name 'polygon_plugins'
[0.188s] Level 1:colcon.colcon_core.package_identification:_identify(src/robot_control_interfaces) by extensions ['ignore', 'ignore_ament_install']
[0.188s] Level 1:colcon.colcon_core.package_identification:_identify(src/robot_control_interfaces) by extension 'ignore'
[0.188s] Level 1:colcon.colcon_core.package_identification:_identify(src/robot_control_interfaces) by extension 'ignore_ament_install'
[0.188s] Level 1:colcon.colcon_core.package_identification:_identify(src/robot_control_interfaces) by extensions ['colcon_pkg']
[0.188s] Level 1:colcon.colcon_core.package_identification:_identify(src/robot_control_interfaces) by extension 'colcon_pkg'
[0.188s] Level 1:colcon.colcon_core.package_identification:_identify(src/robot_control_interfaces) by extensions ['colcon_meta']
[0.188s] Level 1:colcon.colcon_core.package_identification:_identify(src/robot_control_interfaces) by extension 'colcon_meta'
[0.188s] Level 1:colcon.colcon_core.package_identification:_identify(src/robot_control_interfaces) by extensions ['ros']
[0.188s] Level 1:colcon.colcon_core.package_identification:_identify(src/robot_control_interfaces) by extension 'ros'
[0.189s] DEBUG:colcon.colcon_core.package_identification:Package 'src/robot_control_interfaces' with type 'ros.ament_cmake' and name 'robot_control_interfaces'
[0.189s] Level 1:colcon.colcon_core.package_identification:_identify(src/tutorial_interfaces) by extensions ['ignore', 'ignore_ament_install']
[0.189s] Level 1:colcon.colcon_core.package_identification:_identify(src/tutorial_interfaces) by extension 'ignore'
[0.189s] Level 1:colcon.colcon_core.package_identification:_identify(src/tutorial_interfaces) by extension 'ignore_ament_install'
[0.189s] Level 1:colcon.colcon_core.package_identification:_identify(src/tutorial_interfaces) by extensions ['colcon_pkg']
[0.189s] Level 1:colcon.colcon_core.package_identification:_identify(src/tutorial_interfaces) by extension 'colcon_pkg'
[0.189s] Level 1:colcon.colcon_core.package_identification:_identify(src/tutorial_interfaces) by extensions ['colcon_meta']
[0.189s] Level 1:colcon.colcon_core.package_identification:_identify(src/tutorial_interfaces) by extension 'colcon_meta'
[0.189s] Level 1:colcon.colcon_core.package_identification:_identify(src/tutorial_interfaces) by extensions ['ros']
[0.189s] Level 1:colcon.colcon_core.package_identification:_identify(src/tutorial_interfaces) by extension 'ros'
[0.190s] DEBUG:colcon.colcon_core.package_identification:Package 'src/tutorial_interfaces' with type 'ros.ament_cmake' and name 'tutorial_interfaces'
[0.190s] Level 1:colcon.colcon_core.package_discovery:discover_packages(recursive) using defaults
[0.190s] Level 1:colcon.colcon_core.package_discovery:discover_packages(ignore) discover
[0.190s] Level 1:colcon.colcon_core.package_discovery:discover_packages(ignore) using defaults
[0.190s] Level 1:colcon.colcon_core.package_discovery:discover_packages(path) discover
[0.190s] Level 1:colcon.colcon_core.package_discovery:discover_packages(path) using defaults
[0.208s] INFO:colcon.colcon_core.package_selection:Skipping package 'polygon_plugins' in 'src/polygon_plugins'
[0.208s] INFO:colcon.colcon_core.package_selection:Skipping package 'example_interfaces_rclcpp' in 'src/example_interfaces_rclcpp'
[0.208s] INFO:colcon.colcon_core.package_selection:Skipping package 'custom_action_cpp' in 'src/custom_action_cpp'
[0.208s] INFO:colcon.colcon_core.package_selection:Skipping package 'cpp_srvcli' in 'src/cpp_srvcli'
[0.208s] INFO:colcon.colcon_core.package_selection:Skipping package 'tutorial_interfaces' in 'src/tutorial_interfaces'
[0.208s] INFO:colcon.colcon_core.package_selection:Skipping package 'polygon_base' in 'src/polygon_base'
[0.208s] INFO:colcon.colcon_core.package_selection:Skipping package 'more_interfaces' in 'src/more_interfaces'
[0.208s] INFO:colcon.colcon_core.package_selection:Skipping package 'example_topic_rclcpp' in 'src/example_topic_rclcpp'
[0.208s] INFO:colcon.colcon_core.package_selection:Skipping package 'example_service_rclcpp' in 'src/example_service_rclcpp'
[0.208s] INFO:colcon.colcon_core.package_selection:Skipping package 'example_ros2_interfaces' in 'src/example_ros2_interfaces'
[0.208s] INFO:colcon.colcon_core.package_selection:Skipping package 'example_parameters_rclcpp' in 'src/example_parameters_rclcpp'
[0.208s] INFO:colcon.colcon_core.package_selection:Skipping package 'custom_action_interfaces' in 'src/custom_action_interfaces'
[0.208s] INFO:colcon.colcon_core.package_selection:Skipping package 'cpp_pubsub' in 'src/cpp_pubsub'
[0.208s] INFO:colcon.colcon_core.package_selection:Skipping package 'cpp_parameters' in 'src/cpp_parameters'
[0.209s] Level 1:colcon.colcon_core.package_discovery:discover_packages(prefix_path) check parameters
[0.209s] Level 1:colcon.colcon_core.package_discovery:discover_packages(prefix_path) discover
[0.211s] DEBUG:colcon.colcon_installed_package_information.package_discovery:Found 16 installed packages in /home/mojiu/ros2_ws/install
[0.213s] DEBUG:colcon.colcon_installed_package_information.package_discovery:Found 310 installed packages in /opt/ros/jazzy
[0.214s] Level 1:colcon.colcon_core.package_discovery:discover_packages(prefix_path) using defaults
[0.285s] Level 5:colcon.colcon_core.verb:set package 'robot_control_interfaces' build argument 'cmake_args' from command line to 'None'
[0.285s] Level 5:colcon.colcon_core.verb:set package 'robot_control_interfaces' build argument 'cmake_target' from command line to 'None'
[0.285s] Level 5:colcon.colcon_core.verb:set package 'robot_control_interfaces' build argument 'cmake_target_skip_unavailable' from command line to 'False'
[0.285s] Level 5:colcon.colcon_core.verb:set package 'robot_control_interfaces' build argument 'cmake_clean_cache' from command line to 'False'
[0.285s] Level 5:colcon.colcon_core.verb:set package 'robot_control_interfaces' build argument 'cmake_clean_first' from command line to 'False'
[0.285s] Level 5:colcon.colcon_core.verb:set package 'robot_control_interfaces' build argument 'cmake_force_configure' from command line to 'False'
[0.286s] Level 5:colcon.colcon_core.verb:set package 'robot_control_interfaces' build argument 'ament_cmake_args' from command line to 'None'
[0.286s] Level 5:colcon.colcon_core.verb:set package 'robot_control_interfaces' build argument 'catkin_cmake_args' from command line to 'None'
[0.286s] Level 5:colcon.colcon_core.verb:set package 'robot_control_interfaces' build argument 'catkin_skip_building_tests' from command line to 'False'
[0.286s] DEBUG:colcon.colcon_core.verb:Building package 'robot_control_interfaces' with the following arguments: {'ament_cmake_args': None, 'build_base': '/home/mojiu/ros2_ws/build/robot_control_interfaces', 'catkin_cmake_args': None, 'catkin_skip_building_tests': False, 'cmake_args': None, 'cmake_clean_cache': False, 'cmake_clean_first': False, 'cmake_force_configure': False, 'cmake_target': None, 'cmake_target_skip_unavailable': False, 'install_base': '/home/mojiu/ros2_ws/install/robot_control_interfaces', 'merge_install': False, 'path': '/home/mojiu/ros2_ws/src/robot_control_interfaces', 'symlink_install': False, 'test_result_base': None}
[0.286s] Level 5:colcon.colcon_core.verb:set package 'example_action_rclcpp' build argument 'cmake_args' from command line to 'None'
[0.286s] Level 5:colcon.colcon_core.verb:set package 'example_action_rclcpp' build argument 'cmake_target' from command line to 'None'
[0.286s] Level 5:colcon.colcon_core.verb:set package 'example_action_rclcpp' build argument 'cmake_target_skip_unavailable' from command line to 'False'
[0.286s] Level 5:colcon.colcon_core.verb:set package 'example_action_rclcpp' build argument 'cmake_clean_cache' from command line to 'False'
[0.286s] Level 5:colcon.colcon_core.verb:set package 'example_action_rclcpp' build argument 'cmake_clean_first' from command line to 'False'
[0.286s] Level 5:colcon.colcon_core.verb:set package 'example_action_rclcpp' build argument 'cmake_force_configure' from command line to 'False'
[0.286s] Level 5:colcon.colcon_core.verb:set package 'example_action_rclcpp' build argument 'ament_cmake_args' from command line to 'None'
[0.286s] Level 5:colcon.colcon_core.verb:set package 'example_action_rclcpp' build argument 'catkin_cmake_args' from command line to 'None'
[0.286s] Level 5:colcon.colcon_core.verb:set package 'example_action_rclcpp' build argument 'catkin_skip_building_tests' from command line to 'False'
[0.286s] DEBUG:colcon.colcon_core.verb:Building package 'example_action_rclcpp' with the following arguments: {'ament_cmake_args': None, 'build_base': '/home/mojiu/ros2_ws/build/example_action_rclcpp', 'catkin_cmake_args': None, 'catkin_skip_building_tests': False, 'cmake_args': None, 'cmake_clean_cache': False, 'cmake_clean_first': False, 'cmake_force_configure': False, 'cmake_target': None, 'cmake_target_skip_unavailable': False, 'install_base': '/home/mojiu/ros2_ws/install/example_action_rclcpp', 'merge_install': False, 'path': '/home/mojiu/ros2_ws/src/example_action_rclcpp', 'symlink_install': False, 'test_result_base': None}
[0.286s] INFO:colcon.colcon_core.executor:Executing jobs using 'parallel' executor
[0.287s] DEBUG:colcon.colcon_parallel_executor.executor.parallel:run_until_complete
[0.287s] INFO:colcon.colcon_ros.task.ament_cmake.build:Building ROS package in '/home/mojiu/ros2_ws/src/robot_control_interfaces' with build type 'ament_cmake'
[0.288s] INFO:colcon.colcon_cmake.task.cmake.build:Building CMake package in '/home/mojiu/ros2_ws/src/robot_control_interfaces'
[0.290s] INFO:colcon.colcon_core.plugin_system:Skipping extension 'colcon_core.shell.bat': Not used on non-Windows systems
[0.290s] INFO:colcon.colcon_core.shell:Skip shell extension 'powershell' for command environment: Not usable outside of PowerShell
[0.290s] DEBUG:colcon.colcon_core.shell:Skip shell extension 'dsv' for command environment
[0.300s] DEBUG:colcon.colcon_core.event_handler.log_command:Invoking command in '/home/mojiu/ros2_ws/build/robot_control_interfaces': CMAKE_PREFIX_PATH=${CMAKE_PREFIX_PATH}:/opt/ros/jazzy DEBUGINFOD_URLS=https://debuginfod.ubuntu.com /usr/bin/cmake --build /home/mojiu/ros2_ws/build/robot_control_interfaces -- -j8 -l8
[0.766s] DEBUG:colcon.colcon_core.event_handler.log_command:Invoked command in '/home/mojiu/ros2_ws/build/robot_control_interfaces' returned '0': CMAKE_PREFIX_PATH=${CMAKE_PREFIX_PATH}:/opt/ros/jazzy DEBUGINFOD_URLS=https://debuginfod.ubuntu.com /usr/bin/cmake --build /home/mojiu/ros2_ws/build/robot_control_interfaces -- -j8 -l8
[0.778s] DEBUG:colcon.colcon_core.event_handler.log_command:Invoking command in '/home/mojiu/ros2_ws/build/robot_control_interfaces': CMAKE_PREFIX_PATH=${CMAKE_PREFIX_PATH}:/opt/ros/jazzy DEBUGINFOD_URLS=https://debuginfod.ubuntu.com /usr/bin/cmake --install /home/mojiu/ros2_ws/build/robot_control_interfaces
[0.845s] Level 1:colcon.colcon_core.environment:create_environment_scripts_only(robot_control_interfaces)
[0.846s] DEBUG:colcon.colcon_core.event_handler.log_command:Invoked command in '/home/mojiu/ros2_ws/build/robot_control_interfaces' returned '0': CMAKE_PREFIX_PATH=${CMAKE_PREFIX_PATH}:/opt/ros/jazzy DEBUGINFOD_URLS=https://debuginfod.ubuntu.com /usr/bin/cmake --install /home/mojiu/ros2_ws/build/robot_control_interfaces
[0.848s] Level 1:colcon.colcon_core.environment:checking '/home/mojiu/ros2_ws/install/robot_control_interfaces' for CMake module files
[0.849s] Level 1:colcon.colcon_core.environment:checking '/home/mojiu/ros2_ws/install/robot_control_interfaces' for CMake config files
[0.849s] Level 1:colcon.colcon_core.shell:create_environment_hook('robot_control_interfaces', 'cmake_prefix_path')
[0.849s] INFO:colcon.colcon_core.shell:Creating environment hook '/home/mojiu/ros2_ws/install/robot_control_interfaces/share/robot_control_interfaces/hook/cmake_prefix_path.ps1'
[0.850s] INFO:colcon.colcon_core.shell:Creating environment descriptor '/home/mojiu/ros2_ws/install/robot_control_interfaces/share/robot_control_interfaces/hook/cmake_prefix_path.dsv'
[0.850s] INFO:colcon.colcon_core.shell:Creating environment hook '/home/mojiu/ros2_ws/install/robot_control_interfaces/share/robot_control_interfaces/hook/cmake_prefix_path.sh'
[0.851s] Level 1:colcon.colcon_core.environment:checking '/home/mojiu/ros2_ws/install/robot_control_interfaces/lib'
[0.851s] Level 1:colcon.colcon_core.shell:create_environment_hook('robot_control_interfaces', 'ld_library_path_lib')
[0.851s] INFO:colcon.colcon_core.shell:Creating environment hook '/home/mojiu/ros2_ws/install/robot_control_interfaces/share/robot_control_interfaces/hook/ld_library_path_lib.ps1'
[0.851s] INFO:colcon.colcon_core.shell:Creating environment descriptor '/home/mojiu/ros2_ws/install/robot_control_interfaces/share/robot_control_interfaces/hook/ld_library_path_lib.dsv'
[0.852s] INFO:colcon.colcon_core.shell:Creating environment hook '/home/mojiu/ros2_ws/install/robot_control_interfaces/share/robot_control_interfaces/hook/ld_library_path_lib.sh'
[0.852s] Level 1:colcon.colcon_core.environment:checking '/home/mojiu/ros2_ws/install/robot_control_interfaces/bin'
[0.852s] Level 1:colcon.colcon_core.environment:checking '/home/mojiu/ros2_ws/install/robot_control_interfaces/lib/pkgconfig/robot_control_interfaces.pc'
[0.852s] Level 1:colcon.colcon_core.environment:checking '/home/mojiu/ros2_ws/install/robot_control_interfaces/lib/python3.12/site-packages'
[0.852s] Level 1:colcon.colcon_core.shell:create_environment_hook('robot_control_interfaces', 'pythonpath')
[0.853s] INFO:colcon.colcon_core.shell:Creating environment hook '/home/mojiu/ros2_ws/install/robot_control_interfaces/share/robot_control_interfaces/hook/pythonpath.ps1'
[0.853s] INFO:colcon.colcon_core.shell:Creating environment descriptor '/home/mojiu/ros2_ws/install/robot_control_interfaces/share/robot_control_interfaces/hook/pythonpath.dsv'
[0.853s] INFO:colcon.colcon_core.shell:Creating environment hook '/home/mojiu/ros2_ws/install/robot_control_interfaces/share/robot_control_interfaces/hook/pythonpath.sh'
[0.854s] Level 1:colcon.colcon_core.environment:checking '/home/mojiu/ros2_ws/install/robot_control_interfaces/bin'
[0.854s] INFO:colcon.colcon_core.shell:Creating package script '/home/mojiu/ros2_ws/install/robot_control_interfaces/share/robot_control_interfaces/package.ps1'
[0.855s] INFO:colcon.colcon_core.shell:Creating package descriptor '/home/mojiu/ros2_ws/install/robot_control_interfaces/share/robot_control_interfaces/package.dsv'
[0.855s] INFO:colcon.colcon_core.shell:Creating package script '/home/mojiu/ros2_ws/install/robot_control_interfaces/share/robot_control_interfaces/package.sh'
[0.856s] INFO:colcon.colcon_core.shell:Creating package script '/home/mojiu/ros2_ws/install/robot_control_interfaces/share/robot_control_interfaces/package.bash'
[0.856s] INFO:colcon.colcon_core.shell:Creating package script '/home/mojiu/ros2_ws/install/robot_control_interfaces/share/robot_control_interfaces/package.zsh'
[0.857s] Level 1:colcon.colcon_core.environment:create_file_with_runtime_dependencies(/home/mojiu/ros2_ws/install/robot_control_interfaces/share/colcon-core/packages/robot_control_interfaces)
[0.857s] Level 1:colcon.colcon_core.environment:create_environment_scripts_only(robot_control_interfaces)
[0.857s] Level 1:colcon.colcon_core.environment:checking '/home/mojiu/ros2_ws/install/robot_control_interfaces' for CMake module files
[0.858s] Level 1:colcon.colcon_core.environment:checking '/home/mojiu/ros2_ws/install/robot_control_interfaces' for CMake config files
[0.858s] Level 1:colcon.colcon_core.shell:create_environment_hook('robot_control_interfaces', 'cmake_prefix_path')
[0.859s] INFO:colcon.colcon_core.shell:Creating environment hook '/home/mojiu/ros2_ws/install/robot_control_interfaces/share/robot_control_interfaces/hook/cmake_prefix_path.ps1'
[0.859s] INFO:colcon.colcon_core.shell:Creating environment descriptor '/home/mojiu/ros2_ws/install/robot_control_interfaces/share/robot_control_interfaces/hook/cmake_prefix_path.dsv'
[0.859s] INFO:colcon.colcon_core.shell:Creating environment hook '/home/mojiu/ros2_ws/install/robot_control_interfaces/share/robot_control_interfaces/hook/cmake_prefix_path.sh'
[0.860s] Level 1:colcon.colcon_core.environment:checking '/home/mojiu/ros2_ws/install/robot_control_interfaces/lib'
[0.860s] Level 1:colcon.colcon_core.shell:create_environment_hook('robot_control_interfaces', 'ld_library_path_lib')
[0.861s] INFO:colcon.colcon_core.shell:Creating environment hook '/home/mojiu/ros2_ws/install/robot_control_interfaces/share/robot_control_interfaces/hook/ld_library_path_lib.ps1'
[0.861s] INFO:colcon.colcon_core.shell:Creating environment descriptor '/home/mojiu/ros2_ws/install/robot_control_interfaces/share/robot_control_interfaces/hook/ld_library_path_lib.dsv'
[0.861s] INFO:colcon.colcon_core.shell:Creating environment hook '/home/mojiu/ros2_ws/install/robot_control_interfaces/share/robot_control_interfaces/hook/ld_library_path_lib.sh'
[0.862s] Level 1:colcon.colcon_core.environment:checking '/home/mojiu/ros2_ws/install/robot_control_interfaces/bin'
[0.862s] Level 1:colcon.colcon_core.environment:checking '/home/mojiu/ros2_ws/install/robot_control_interfaces/lib/pkgconfig/robot_control_interfaces.pc'
[0.862s] Level 1:colcon.colcon_core.environment:checking '/home/mojiu/ros2_ws/install/robot_control_interfaces/lib/python3.12/site-packages'
[0.862s] Level 1:colcon.colcon_core.shell:create_environment_hook('robot_control_interfaces', 'pythonpath')
[0.862s] INFO:colcon.colcon_core.shell:Creating environment hook '/home/mojiu/ros2_ws/install/robot_control_interfaces/share/robot_control_interfaces/hook/pythonpath.ps1'
[0.863s] INFO:colcon.colcon_core.shell:Creating environment descriptor '/home/mojiu/ros2_ws/install/robot_control_interfaces/share/robot_control_interfaces/hook/pythonpath.dsv'
[0.863s] INFO:colcon.colcon_core.shell:Creating environment hook '/home/mojiu/ros2_ws/install/robot_control_interfaces/share/robot_control_interfaces/hook/pythonpath.sh'
[0.864s] Level 1:colcon.colcon_core.environment:checking '/home/mojiu/ros2_ws/install/robot_control_interfaces/bin'
[0.864s] INFO:colcon.colcon_core.shell:Creating package script '/home/mojiu/ros2_ws/install/robot_control_interfaces/share/robot_control_interfaces/package.ps1'
[0.864s] INFO:colcon.colcon_core.shell:Creating package descriptor '/home/mojiu/ros2_ws/install/robot_control_interfaces/share/robot_control_interfaces/package.dsv'
[0.865s] INFO:colcon.colcon_core.shell:Creating package script '/home/mojiu/ros2_ws/install/robot_control_interfaces/share/robot_control_interfaces/package.sh'
[0.865s] INFO:colcon.colcon_core.shell:Creating package script '/home/mojiu/ros2_ws/install/robot_control_interfaces/share/robot_control_interfaces/package.bash'
[0.866s] INFO:colcon.colcon_core.shell:Creating package script '/home/mojiu/ros2_ws/install/robot_control_interfaces/share/robot_control_interfaces/package.zsh'
[0.866s] Level 1:colcon.colcon_core.environment:create_file_with_runtime_dependencies(/home/mojiu/ros2_ws/install/robot_control_interfaces/share/colcon-core/packages/robot_control_interfaces)
[0.866s] INFO:colcon.colcon_ros.task.ament_cmake.build:Building ROS package in '/home/mojiu/ros2_ws/src/example_action_rclcpp' with build type 'ament_cmake'
[0.866s] INFO:colcon.colcon_cmake.task.cmake.build:Building CMake package in '/home/mojiu/ros2_ws/src/example_action_rclcpp'
[0.867s] INFO:colcon.colcon_core.shell:Skip shell extension 'powershell' for command environment: Not usable outside of PowerShell
[0.867s] DEBUG:colcon.colcon_core.shell:Skip shell extension 'dsv' for command environment
[0.880s] DEBUG:colcon.colcon_core.event_handler.log_command:Invoking command in '/home/mojiu/ros2_ws/build/example_action_rclcpp': AMENT_PREFIX_PATH=/home/mojiu/ros2_ws/install/robot_control_interfaces:${AMENT_PREFIX_PATH} CMAKE_PREFIX_PATH=/home/mojiu/ros2_ws/install/robot_control_interfaces:/home/mojiu/ros2_ws/install/cpp_srvcli:/home/mojiu/ros2_ws/install/tutorial_interfaces:/home/mojiu/ros2_ws/install/polygon_plugins:/home/mojiu/ros2_ws/install/polygon_base:/home/mojiu/ros2_ws/install/more_interfaces:/home/mojiu/ros2_ws/install/example_topic_rclcpp:/home/mojiu/ros2_ws/install/example_service_rclcpp:/home/mojiu/ros2_ws/install/example_interfaces_rclcpp:/home/mojiu/ros2_ws/install/example_ros2_interfaces:/home/mojiu/ros2_ws/install/example_parameters_rclcpp:/home/mojiu/ros2_ws/install/custom_action_cpp:/home/mojiu/ros2_ws/install/custom_action_interfaces:/home/mojiu/ros2_ws/install/cpp_pubsub:/home/mojiu/ros2_ws/install/cpp_parameters:/opt/ros/jazzy/opt/sdformat_vendor:/opt/ros/jazzy/opt/gz_math_vendor:/opt/ros/jazzy/opt/gz_utils_vendor:/opt/ros/jazzy/opt/gz_tools_vendor:/opt/ros/jazzy/opt/gz_cmake_vendor:/opt/ros/jazzy DEBUGINFOD_URLS=https://debuginfod.ubuntu.com LD_LIBRARY_PATH=/home/mojiu/ros2_ws/install/robot_control_interfaces/lib:${LD_LIBRARY_PATH} PYTHONPATH=/home/mojiu/ros2_ws/install/robot_control_interfaces/lib/python3.12/site-packages:${PYTHONPATH} /usr/bin/cmake /home/mojiu/ros2_ws/src/example_action_rclcpp -DCMAKE_INSTALL_PREFIX=/home/mojiu/ros2_ws/install/example_action_rclcpp
[1.733s] DEBUG:colcon.colcon_core.event_handler.log_command:Invoked command in '/home/mojiu/ros2_ws/build/example_action_rclcpp' returned '0': AMENT_PREFIX_PATH=/home/mojiu/ros2_ws/install/robot_control_interfaces:${AMENT_PREFIX_PATH} CMAKE_PREFIX_PATH=/home/mojiu/ros2_ws/install/robot_control_interfaces:/home/mojiu/ros2_ws/install/cpp_srvcli:/home/mojiu/ros2_ws/install/tutorial_interfaces:/home/mojiu/ros2_ws/install/polygon_plugins:/home/mojiu/ros2_ws/install/polygon_base:/home/mojiu/ros2_ws/install/more_interfaces:/home/mojiu/ros2_ws/install/example_topic_rclcpp:/home/mojiu/ros2_ws/install/example_service_rclcpp:/home/mojiu/ros2_ws/install/example_interfaces_rclcpp:/home/mojiu/ros2_ws/install/example_ros2_interfaces:/home/mojiu/ros2_ws/install/example_parameters_rclcpp:/home/mojiu/ros2_ws/install/custom_action_cpp:/home/mojiu/ros2_ws/install/custom_action_interfaces:/home/mojiu/ros2_ws/install/cpp_pubsub:/home/mojiu/ros2_ws/install/cpp_parameters:/opt/ros/jazzy/opt/sdformat_vendor:/opt/ros/jazzy/opt/gz_math_vendor:/opt/ros/jazzy/opt/gz_utils_vendor:/opt/ros/jazzy/opt/gz_tools_vendor:/opt/ros/jazzy/opt/gz_cmake_vendor:/opt/ros/jazzy DEBUGINFOD_URLS=https://debuginfod.ubuntu.com LD_LIBRARY_PATH=/home/mojiu/ros2_ws/install/robot_control_interfaces/lib:${LD_LIBRARY_PATH} PYTHONPATH=/home/mojiu/ros2_ws/install/robot_control_interfaces/lib/python3.12/site-packages:${PYTHONPATH} /usr/bin/cmake /home/mojiu/ros2_ws/src/example_action_rclcpp -DCMAKE_INSTALL_PREFIX=/home/mojiu/ros2_ws/install/example_action_rclcpp
[1.734s] DEBUG:colcon.colcon_core.event_handler.log_command:Invoking command in '/home/mojiu/ros2_ws/build/example_action_rclcpp': AMENT_PREFIX_PATH=/home/mojiu/ros2_ws/install/robot_control_interfaces:${AMENT_PREFIX_PATH} CMAKE_PREFIX_PATH=/home/mojiu/ros2_ws/install/robot_control_interfaces:/home/mojiu/ros2_ws/install/cpp_srvcli:/home/mojiu/ros2_ws/install/tutorial_interfaces:/home/mojiu/ros2_ws/install/polygon_plugins:/home/mojiu/ros2_ws/install/polygon_base:/home/mojiu/ros2_ws/install/more_interfaces:/home/mojiu/ros2_ws/install/example_topic_rclcpp:/home/mojiu/ros2_ws/install/example_service_rclcpp:/home/mojiu/ros2_ws/install/example_interfaces_rclcpp:/home/mojiu/ros2_ws/install/example_ros2_interfaces:/home/mojiu/ros2_ws/install/example_parameters_rclcpp:/home/mojiu/ros2_ws/install/custom_action_cpp:/home/mojiu/ros2_ws/install/custom_action_interfaces:/home/mojiu/ros2_ws/install/cpp_pubsub:/home/mojiu/ros2_ws/install/cpp_parameters:/opt/ros/jazzy/opt/sdformat_vendor:/opt/ros/jazzy/opt/gz_math_vendor:/opt/ros/jazzy/opt/gz_utils_vendor:/opt/ros/jazzy/opt/gz_tools_vendor:/opt/ros/jazzy/opt/gz_cmake_vendor:/opt/ros/jazzy DEBUGINFOD_URLS=https://debuginfod.ubuntu.com LD_LIBRARY_PATH=/home/mojiu/ros2_ws/install/robot_control_interfaces/lib:${LD_LIBRARY_PATH} PYTHONPATH=/home/mojiu/ros2_ws/install/robot_control_interfaces/lib/python3.12/site-packages:${PYTHONPATH} /usr/bin/cmake --build /home/mojiu/ros2_ws/build/example_action_rclcpp -- -j8 -l8
[7.366s] DEBUG:colcon.colcon_core.event_handler.log_command:Invoked command in '/home/mojiu/ros2_ws/build/example_action_rclcpp' returned '0': AMENT_PREFIX_PATH=/home/mojiu/ros2_ws/install/robot_control_interfaces:${AMENT_PREFIX_PATH} CMAKE_PREFIX_PATH=/home/mojiu/ros2_ws/install/robot_control_interfaces:/home/mojiu/ros2_ws/install/cpp_srvcli:/home/mojiu/ros2_ws/install/tutorial_interfaces:/home/mojiu/ros2_ws/install/polygon_plugins:/home/mojiu/ros2_ws/install/polygon_base:/home/mojiu/ros2_ws/install/more_interfaces:/home/mojiu/ros2_ws/install/example_topic_rclcpp:/home/mojiu/ros2_ws/install/example_service_rclcpp:/home/mojiu/ros2_ws/install/example_interfaces_rclcpp:/home/mojiu/ros2_ws/install/example_ros2_interfaces:/home/mojiu/ros2_ws/install/example_parameters_rclcpp:/home/mojiu/ros2_ws/install/custom_action_cpp:/home/mojiu/ros2_ws/install/custom_action_interfaces:/home/mojiu/ros2_ws/install/cpp_pubsub:/home/mojiu/ros2_ws/install/cpp_parameters:/opt/ros/jazzy/opt/sdformat_vendor:/opt/ros/jazzy/opt/gz_math_vendor:/opt/ros/jazzy/opt/gz_utils_vendor:/opt/ros/jazzy/opt/gz_tools_vendor:/opt/ros/jazzy/opt/gz_cmake_vendor:/opt/ros/jazzy DEBUGINFOD_URLS=https://debuginfod.ubuntu.com LD_LIBRARY_PATH=/home/mojiu/ros2_ws/install/robot_control_interfaces/lib:${LD_LIBRARY_PATH} PYTHONPATH=/home/mojiu/ros2_ws/install/robot_control_interfaces/lib/python3.12/site-packages:${PYTHONPATH} /usr/bin/cmake --build /home/mojiu/ros2_ws/build/example_action_rclcpp -- -j8 -l8
[7.367s] DEBUG:colcon.colcon_core.event_handler.log_command:Invoking command in '/home/mojiu/ros2_ws/build/example_action_rclcpp': AMENT_PREFIX_PATH=/home/mojiu/ros2_ws/install/robot_control_interfaces:${AMENT_PREFIX_PATH} CMAKE_PREFIX_PATH=/home/mojiu/ros2_ws/install/robot_control_interfaces:/home/mojiu/ros2_ws/install/cpp_srvcli:/home/mojiu/ros2_ws/install/tutorial_interfaces:/home/mojiu/ros2_ws/install/polygon_plugins:/home/mojiu/ros2_ws/install/polygon_base:/home/mojiu/ros2_ws/install/more_interfaces:/home/mojiu/ros2_ws/install/example_topic_rclcpp:/home/mojiu/ros2_ws/install/example_service_rclcpp:/home/mojiu/ros2_ws/install/example_interfaces_rclcpp:/home/mojiu/ros2_ws/install/example_ros2_interfaces:/home/mojiu/ros2_ws/install/example_parameters_rclcpp:/home/mojiu/ros2_ws/install/custom_action_cpp:/home/mojiu/ros2_ws/install/custom_action_interfaces:/home/mojiu/ros2_ws/install/cpp_pubsub:/home/mojiu/ros2_ws/install/cpp_parameters:/opt/ros/jazzy/opt/sdformat_vendor:/opt/ros/jazzy/opt/gz_math_vendor:/opt/ros/jazzy/opt/gz_utils_vendor:/opt/ros/jazzy/opt/gz_tools_vendor:/opt/ros/jazzy/opt/gz_cmake_vendor:/opt/ros/jazzy DEBUGINFOD_URLS=https://debuginfod.ubuntu.com LD_LIBRARY_PATH=/home/mojiu/ros2_ws/install/robot_control_interfaces/lib:${LD_LIBRARY_PATH} PYTHONPATH=/home/mojiu/ros2_ws/install/robot_control_interfaces/lib/python3.12/site-packages:${PYTHONPATH} /usr/bin/cmake --install /home/mojiu/ros2_ws/build/example_action_rclcpp
[7.381s] Level 1:colcon.colcon_core.environment:create_environment_scripts_only(example_action_rclcpp)
[7.382s] Level 1:colcon.colcon_core.environment:checking '/home/mojiu/ros2_ws/install/example_action_rclcpp' for CMake module files
[7.382s] DEBUG:colcon.colcon_core.event_handler.log_command:Invoked command in '/home/mojiu/ros2_ws/build/example_action_rclcpp' returned '0': AMENT_PREFIX_PATH=/home/mojiu/ros2_ws/install/robot_control_interfaces:${AMENT_PREFIX_PATH} CMAKE_PREFIX_PATH=/home/mojiu/ros2_ws/install/robot_control_interfaces:/home/mojiu/ros2_ws/install/cpp_srvcli:/home/mojiu/ros2_ws/install/tutorial_interfaces:/home/mojiu/ros2_ws/install/polygon_plugins:/home/mojiu/ros2_ws/install/polygon_base:/home/mojiu/ros2_ws/install/more_interfaces:/home/mojiu/ros2_ws/install/example_topic_rclcpp:/home/mojiu/ros2_ws/install/example_service_rclcpp:/home/mojiu/ros2_ws/install/example_interfaces_rclcpp:/home/mojiu/ros2_ws/install/example_ros2_interfaces:/home/mojiu/ros2_ws/install/example_parameters_rclcpp:/home/mojiu/ros2_ws/install/custom_action_cpp:/home/mojiu/ros2_ws/install/custom_action_interfaces:/home/mojiu/ros2_ws/install/cpp_pubsub:/home/mojiu/ros2_ws/install/cpp_parameters:/opt/ros/jazzy/opt/sdformat_vendor:/opt/ros/jazzy/opt/gz_math_vendor:/opt/ros/jazzy/opt/gz_utils_vendor:/opt/ros/jazzy/opt/gz_tools_vendor:/opt/ros/jazzy/opt/gz_cmake_vendor:/opt/ros/jazzy DEBUGINFOD_URLS=https://debuginfod.ubuntu.com LD_LIBRARY_PATH=/home/mojiu/ros2_ws/install/robot_control_interfaces/lib:${LD_LIBRARY_PATH} PYTHONPATH=/home/mojiu/ros2_ws/install/robot_control_interfaces/lib/python3.12/site-packages:${PYTHONPATH} /usr/bin/cmake --install /home/mojiu/ros2_ws/build/example_action_rclcpp
[7.383s] Level 1:colcon.colcon_core.environment:checking '/home/mojiu/ros2_ws/install/example_action_rclcpp' for CMake config files
[7.383s] Level 1:colcon.colcon_core.shell:create_environment_hook('example_action_rclcpp', 'cmake_prefix_path')
[7.383s] INFO:colcon.colcon_core.shell:Creating environment hook '/home/mojiu/ros2_ws/install/example_action_rclcpp/share/example_action_rclcpp/hook/cmake_prefix_path.ps1'
[7.383s] INFO:colcon.colcon_core.shell:Creating environment descriptor '/home/mojiu/ros2_ws/install/example_action_rclcpp/share/example_action_rclcpp/hook/cmake_prefix_path.dsv'
[7.383s] INFO:colcon.colcon_core.shell:Creating environment hook '/home/mojiu/ros2_ws/install/example_action_rclcpp/share/example_action_rclcpp/hook/cmake_prefix_path.sh'
[7.384s] Level 1:colcon.colcon_core.environment:checking '/home/mojiu/ros2_ws/install/example_action_rclcpp/lib'
[7.384s] Level 1:colcon.colcon_core.environment:checking '/home/mojiu/ros2_ws/install/example_action_rclcpp/bin'
[7.384s] Level 1:colcon.colcon_core.environment:checking '/home/mojiu/ros2_ws/install/example_action_rclcpp/lib/pkgconfig/example_action_rclcpp.pc'
[7.384s] Level 1:colcon.colcon_core.environment:checking '/home/mojiu/ros2_ws/install/example_action_rclcpp/lib/python3.12/site-packages'
[7.385s] Level 1:colcon.colcon_core.environment:checking '/home/mojiu/ros2_ws/install/example_action_rclcpp/bin'
[7.385s] INFO:colcon.colcon_core.shell:Creating package script '/home/mojiu/ros2_ws/install/example_action_rclcpp/share/example_action_rclcpp/package.ps1'
[7.385s] INFO:colcon.colcon_core.shell:Creating package descriptor '/home/mojiu/ros2_ws/install/example_action_rclcpp/share/example_action_rclcpp/package.dsv'
[7.386s] INFO:colcon.colcon_core.shell:Creating package script '/home/mojiu/ros2_ws/install/example_action_rclcpp/share/example_action_rclcpp/package.sh'
[7.386s] INFO:colcon.colcon_core.shell:Creating package script '/home/mojiu/ros2_ws/install/example_action_rclcpp/share/example_action_rclcpp/package.bash'
[7.386s] INFO:colcon.colcon_core.shell:Creating package script '/home/mojiu/ros2_ws/install/example_action_rclcpp/share/example_action_rclcpp/package.zsh'
[7.386s] Level 1:colcon.colcon_core.environment:create_file_with_runtime_dependencies(/home/mojiu/ros2_ws/install/example_action_rclcpp/share/colcon-core/packages/example_action_rclcpp)
[7.387s] Level 1:colcon.colcon_core.environment:create_environment_scripts_only(example_action_rclcpp)
[7.387s] Level 1:colcon.colcon_core.environment:checking '/home/mojiu/ros2_ws/install/example_action_rclcpp' for CMake module files
[7.387s] Level 1:colcon.colcon_core.environment:checking '/home/mojiu/ros2_ws/install/example_action_rclcpp' for CMake config files
[7.388s] Level 1:colcon.colcon_core.shell:create_environment_hook('example_action_rclcpp', 'cmake_prefix_path')
[7.388s] INFO:colcon.colcon_core.shell:Creating environment hook '/home/mojiu/ros2_ws/install/example_action_rclcpp/share/example_action_rclcpp/hook/cmake_prefix_path.ps1'
[7.388s] INFO:colcon.colcon_core.shell:Creating environment descriptor '/home/mojiu/ros2_ws/install/example_action_rclcpp/share/example_action_rclcpp/hook/cmake_prefix_path.dsv'
[7.388s] INFO:colcon.colcon_core.shell:Creating environment hook '/home/mojiu/ros2_ws/install/example_action_rclcpp/share/example_action_rclcpp/hook/cmake_prefix_path.sh'
[7.389s] Level 1:colcon.colcon_core.environment:checking '/home/mojiu/ros2_ws/install/example_action_rclcpp/lib'
[7.389s] Level 1:colcon.colcon_core.environment:checking '/home/mojiu/ros2_ws/install/example_action_rclcpp/bin'
[7.389s] Level 1:colcon.colcon_core.environment:checking '/home/mojiu/ros2_ws/install/example_action_rclcpp/lib/pkgconfig/example_action_rclcpp.pc'
[7.389s] Level 1:colcon.colcon_core.environment:checking '/home/mojiu/ros2_ws/install/example_action_rclcpp/lib/python3.12/site-packages'
[7.389s] Level 1:colcon.colcon_core.environment:checking '/home/mojiu/ros2_ws/install/example_action_rclcpp/bin'
[7.390s] INFO:colcon.colcon_core.shell:Creating package script '/home/mojiu/ros2_ws/install/example_action_rclcpp/share/example_action_rclcpp/package.ps1'
[7.390s] INFO:colcon.colcon_core.shell:Creating package descriptor '/home/mojiu/ros2_ws/install/example_action_rclcpp/share/example_action_rclcpp/package.dsv'
[7.390s] INFO:colcon.colcon_core.shell:Creating package script '/home/mojiu/ros2_ws/install/example_action_rclcpp/share/example_action_rclcpp/package.sh'
[7.391s] INFO:colcon.colcon_core.shell:Creating package script '/home/mojiu/ros2_ws/install/example_action_rclcpp/share/example_action_rclcpp/package.bash'
[7.391s] INFO:colcon.colcon_core.shell:Creating package script '/home/mojiu/ros2_ws/install/example_action_rclcpp/share/example_action_rclcpp/package.zsh'
[7.391s] Level 1:colcon.colcon_core.environment:create_file_with_runtime_dependencies(/home/mojiu/ros2_ws/install/example_action_rclcpp/share/colcon-core/packages/example_action_rclcpp)
[7.392s] DEBUG:colcon.colcon_parallel_executor.executor.parallel:closing loop
[7.392s] DEBUG:colcon.colcon_parallel_executor.executor.parallel:loop closed
[7.392s] DEBUG:colcon.colcon_parallel_executor.executor.parallel:run_until_complete finished with '0'
[7.392s] DEBUG:colcon.colcon_core.event_reactor:joining thread
[7.397s] INFO:colcon.colcon_core.plugin_system:Skipping extension 'colcon_notification.desktop_notification.terminal_notifier': Not used on non-Darwin systems
[7.398s] INFO:colcon.colcon_core.plugin_system:Skipping extension 'colcon_notification.desktop_notification.win32': Not used on non-Windows systems
[7.398s] INFO:colcon.colcon_notification.desktop_notification:Sending desktop notification using 'notify2'
[7.412s] DEBUG:colcon.colcon_core.event_reactor:joined thread
[7.412s] INFO:colcon.colcon_core.shell:Creating prefix script '/home/mojiu/ros2_ws/install/local_setup.ps1'
[7.413s] INFO:colcon.colcon_core.shell:Creating prefix util module '/home/mojiu/ros2_ws/install/_local_setup_util_ps1.py'
[7.414s] INFO:colcon.colcon_core.shell:Creating prefix chain script '/home/mojiu/ros2_ws/install/setup.ps1'
[7.416s] INFO:colcon.colcon_core.shell:Creating prefix script '/home/mojiu/ros2_ws/install/local_setup.sh'
[7.416s] INFO:colcon.colcon_core.shell:Creating prefix util module '/home/mojiu/ros2_ws/install/_local_setup_util_sh.py'
[7.417s] INFO:colcon.colcon_core.shell:Creating prefix chain script '/home/mojiu/ros2_ws/install/setup.sh'
[7.419s] INFO:colcon.colcon_core.shell:Creating prefix script '/home/mojiu/ros2_ws/install/local_setup.bash'
[7.420s] INFO:colcon.colcon_core.shell:Creating prefix chain script '/home/mojiu/ros2_ws/install/setup.bash'
[7.421s] INFO:colcon.colcon_core.shell:Creating prefix script '/home/mojiu/ros2_ws/install/local_setup.zsh'
[7.422s] INFO:colcon.colcon_core.shell:Creating prefix chain script '/home/mojiu/ros2_ws/install/setup.zsh'
