[0.042s] Invoking command in '/home/mojiu/ros2_ws/build/cpp_pubsub': CMAKE_PREFIX_PATH=${CMAKE_PREFIX_PATH}:/opt/ros/jazzy DEBUGINFOD_URLS=https://debuginfod.ubuntu.com /usr/bin/cmake --build /home/mojiu/ros2_ws/build/cpp_pubsub -- -j8 -l8
[0.100s] -- Found ament_cmake: 2.5.2 (/opt/ros/jazzy/share/ament_cmake/cmake)
[1.061s] -- Found rclcpp: 28.1.5 (/opt/ros/jazzy/share/rclcpp/cmake)
[1.284s] -- Found rosidl_generator_c: 4.6.4 (/opt/ros/jazzy/share/rosidl_generator_c/cmake)
[1.352s] -- Found rosidl_generator_cpp: 4.6.4 (/opt/ros/jazzy/share/rosidl_generator_cpp/cmake)
[1.466s] -- Using all available rosidl_typesupport_c: rosidl_typesupport_fastrtps_c;rosidl_typesupport_introspection_c
[1.598s] -- Using all available rosidl_typesupport_cpp: rosidl_typesupport_fastrtps_cpp;rosidl_typesupport_introspection_cpp
[2.199s] -- Found rmw_implementation_cmake: 7.3.1 (/opt/ros/jazzy/share/rmw_implementation_cmake/cmake)
[2.210s] -- Found rmw_fastrtps_cpp: 8.4.1 (/opt/ros/jazzy/share/rmw_fastrtps_cpp/cmake)
[2.834s] -- Using RMW implementation 'rmw_fastrtps_cpp' as default
[3.328s] -- Found tutorial_interfaces: 0.0.0 (/home/mojiu/ros2_ws/install/tutorial_interfaces/share/tutorial_interfaces/cmake)
[3.683s] -- Found ament_lint_auto: 0.17.1 (/opt/ros/jazzy/share/ament_lint_auto/cmake)
[4.034s] -- Added test 'cppcheck' to perform static code analysis on C / C++ code
[4.035s] -- Configured cppcheck include dirs: 
[4.035s] -- Configured cppcheck exclude dirs and/or files: 
[4.037s] -- Added test 'lint_cmake' to check CMake code style
[4.040s] -- Added test 'uncrustify' to check C / C++ code style
[4.041s] -- Configured uncrustify additional arguments: 
[4.041s] -- Added test 'xmllint' to check XML markup files
[4.045s] -- Configuring done (4.0s)
[4.143s] -- Generating done (0.1s)
[4.153s] -- Build files have been written to: /home/mojiu/ros2_ws/build/cpp_pubsub
[4.401s] [ 25%] [32mBuilding CXX object CMakeFiles/talker.dir/src/publisher_lambda_function.cpp.o[0m
[4.407s] [ 50%] [32mBuilding CXX object CMakeFiles/listener.dir/src/subscriber_lambda_function.cpp.o[0m
[12.760s] [ 75%] [32m[1mLinking CXX executable talker[0m
[12.986s] [ 75%] Built target talker
[15.622s] [100%] [32m[1mLinking CXX executable listener[0m
[15.905s] [100%] Built target listener
