[0.030s] Invoking command in '/home/mojiu/ros2_ws/build/custom_action_cpp': CMAKE_PREFIX_PATH=/home/mojiu/ros2_ws/install/custom_action_interfaces:/home/mojiu/ros2_ws/install/cpp_srvcli:/home/mojiu/ros2_ws/install/tutorial_interfaces:/home/mojiu/ros2_ws/install/polygon_plugins:/home/mojiu/ros2_ws/install/polygon_base:/home/mojiu/ros2_ws/install/more_interfaces:/home/mojiu/ros2_ws/install/cpp_pubsub:/home/mojiu/ros2_ws/install/cpp_parameters:/opt/ros/jazzy/opt/gz_math_vendor:/opt/ros/jazzy/opt/gz_utils_vendor:/opt/ros/jazzy/opt/gz_cmake_vendor:/opt/ros/jazzy DEBUGINFOD_URLS=https://debuginfod.ubuntu.com LD_LIBRARY_PATH=/home/mojiu/ros2_ws/install/custom_action_interfaces/lib:/home/mojiu/ros2_ws/install/tutorial_interfaces/lib:/home/mojiu/ros2_ws/install/polygon_plugins/lib:/home/mojiu/ros2_ws/install/more_interfaces/lib:/opt/ros/jazzy/opt/rviz_ogre_vendor/lib:/opt/ros/jazzy/lib/x86_64-linux-gnu:/opt/ros/jazzy/opt/gz_math_vendor/lib:/opt/ros/jazzy/opt/gz_utils_vendor/lib:/opt/ros/jazzy/opt/gz_cmake_vendor/lib:/opt/ros/jazzy/lib PYTHONPATH=/home/mojiu/ros2_ws/install/custom_action_interfaces/lib/python3.12/site-packages:/home/mojiu/ros2_ws/install/tutorial_interfaces/lib/python3.12/site-packages:/home/mojiu/ros2_ws/install/more_interfaces/lib/python3.12/site-packages:/opt/ros/jazzy/lib/python3.12/site-packages /usr/bin/cmake /home/mojiu/ros2_ws/src/custom_action_cpp -DCMAKE_INSTALL_PREFIX=/home/mojiu/ros2_ws/install/custom_action_cpp
[0.112s] -- The C compiler identification is GNU 13.2.0
[0.195s] -- The CXX compiler identification is GNU 13.2.0
[0.218s] -- Detecting C compiler ABI info
[0.333s] -- Detecting C compiler ABI info - done
[0.352s] -- Check for working C compiler: /usr/bin/cc - skipped
[0.353s] -- Detecting C compile features
[0.354s] -- Detecting C compile features - done
[0.367s] -- Detecting CXX compiler ABI info
[0.486s] -- Detecting CXX compiler ABI info - done
[0.499s] -- Check for working CXX compiler: /usr/bin/c++ - skipped
[0.499s] -- Detecting CXX compile features
[0.500s] -- Detecting CXX compile features - done
[0.503s] -- Found ament_cmake: 2.5.2 (/opt/ros/jazzy/share/ament_cmake/cmake)
[0.698s] -- Found Python3: /usr/bin/python3 (found version "3.12.3") found components: Interpreter 
[0.821s] -- Found custom_action_interfaces: 0.0.0 (/home/mojiu/ros2_ws/install/custom_action_interfaces/share/custom_action_interfaces/cmake)
[0.878s] -- Found rosidl_generator_c: 4.6.4 (/opt/ros/jazzy/share/rosidl_generator_c/cmake)
[0.896s] -- Found rosidl_generator_cpp: 4.6.4 (/opt/ros/jazzy/share/rosidl_generator_cpp/cmake)
[0.917s] -- Using all available rosidl_typesupport_c: rosidl_typesupport_fastrtps_c;rosidl_typesupport_introspection_c
[0.941s] -- Using all available rosidl_typesupport_cpp: rosidl_typesupport_fastrtps_cpp;rosidl_typesupport_introspection_cpp
[1.056s] -- Found rclcpp: 28.1.5 (/opt/ros/jazzy/share/rclcpp/cmake)
[1.123s] -- Found rmw_implementation_cmake: 7.3.1 (/opt/ros/jazzy/share/rmw_implementation_cmake/cmake)
[1.127s] -- Found rmw_fastrtps_cpp: 8.4.1 (/opt/ros/jazzy/share/rmw_fastrtps_cpp/cmake)
[1.235s] -- Found OpenSSL: /usr/lib/x86_64-linux-gnu/libcrypto.so (found version "3.0.13")  
[1.261s] -- Found FastRTPS: /opt/ros/jazzy/include (Required is at least version "2.13") 
[1.291s] -- Using RMW implementation 'rmw_fastrtps_cpp' as default
[1.408s] -- Found rclcpp_action: 28.1.5 (/opt/ros/jazzy/share/rclcpp_action/cmake)
[1.429s] -- Found rclcpp_components: 28.1.5 (/opt/ros/jazzy/share/rclcpp_components/cmake)
[1.495s] -- Found ament_lint_auto: 0.17.1 (/opt/ros/jazzy/share/ament_lint_auto/cmake)
[1.637s] -- Added test 'cppcheck' to perform static code analysis on C / C++ code
[1.637s] -- Configured cppcheck include dirs: $<BUILD_INTERFACE:/home/mojiu/ros2_ws/src/custom_action_cpp/include>
[1.637s] -- Configured cppcheck exclude dirs and/or files: 
[1.639s] -- Added test 'lint_cmake' to check CMake code style
[1.640s] -- Added test 'uncrustify' to check C / C++ code style
[1.640s] -- Configured uncrustify additional arguments: 
[1.641s] -- Added test 'xmllint' to check XML markup files
[1.643s] -- Configuring done (1.6s)
[1.666s] -- Generating done (0.0s)
[1.668s] -- Build files have been written to: /home/mojiu/ros2_ws/build/custom_action_cpp
[1.678s] Invoked command in '/home/mojiu/ros2_ws/build/custom_action_cpp' returned '0': CMAKE_PREFIX_PATH=/home/mojiu/ros2_ws/install/custom_action_interfaces:/home/mojiu/ros2_ws/install/cpp_srvcli:/home/mojiu/ros2_ws/install/tutorial_interfaces:/home/mojiu/ros2_ws/install/polygon_plugins:/home/mojiu/ros2_ws/install/polygon_base:/home/mojiu/ros2_ws/install/more_interfaces:/home/mojiu/ros2_ws/install/cpp_pubsub:/home/mojiu/ros2_ws/install/cpp_parameters:/opt/ros/jazzy/opt/gz_math_vendor:/opt/ros/jazzy/opt/gz_utils_vendor:/opt/ros/jazzy/opt/gz_cmake_vendor:/opt/ros/jazzy DEBUGINFOD_URLS=https://debuginfod.ubuntu.com LD_LIBRARY_PATH=/home/mojiu/ros2_ws/install/custom_action_interfaces/lib:/home/mojiu/ros2_ws/install/tutorial_interfaces/lib:/home/mojiu/ros2_ws/install/polygon_plugins/lib:/home/mojiu/ros2_ws/install/more_interfaces/lib:/opt/ros/jazzy/opt/rviz_ogre_vendor/lib:/opt/ros/jazzy/lib/x86_64-linux-gnu:/opt/ros/jazzy/opt/gz_math_vendor/lib:/opt/ros/jazzy/opt/gz_utils_vendor/lib:/opt/ros/jazzy/opt/gz_cmake_vendor/lib:/opt/ros/jazzy/lib PYTHONPATH=/home/mojiu/ros2_ws/install/custom_action_interfaces/lib/python3.12/site-packages:/home/mojiu/ros2_ws/install/tutorial_interfaces/lib/python3.12/site-packages:/home/mojiu/ros2_ws/install/more_interfaces/lib/python3.12/site-packages:/opt/ros/jazzy/lib/python3.12/site-packages /usr/bin/cmake /home/mojiu/ros2_ws/src/custom_action_cpp -DCMAKE_INSTALL_PREFIX=/home/mojiu/ros2_ws/install/custom_action_cpp
[1.680s] Invoking command in '/home/mojiu/ros2_ws/build/custom_action_cpp': CMAKE_PREFIX_PATH=/home/mojiu/ros2_ws/install/custom_action_interfaces:/home/mojiu/ros2_ws/install/cpp_srvcli:/home/mojiu/ros2_ws/install/tutorial_interfaces:/home/mojiu/ros2_ws/install/polygon_plugins:/home/mojiu/ros2_ws/install/polygon_base:/home/mojiu/ros2_ws/install/more_interfaces:/home/mojiu/ros2_ws/install/cpp_pubsub:/home/mojiu/ros2_ws/install/cpp_parameters:/opt/ros/jazzy/opt/gz_math_vendor:/opt/ros/jazzy/opt/gz_utils_vendor:/opt/ros/jazzy/opt/gz_cmake_vendor:/opt/ros/jazzy DEBUGINFOD_URLS=https://debuginfod.ubuntu.com LD_LIBRARY_PATH=/home/mojiu/ros2_ws/install/custom_action_interfaces/lib:/home/mojiu/ros2_ws/install/tutorial_interfaces/lib:/home/mojiu/ros2_ws/install/polygon_plugins/lib:/home/mojiu/ros2_ws/install/more_interfaces/lib:/opt/ros/jazzy/opt/rviz_ogre_vendor/lib:/opt/ros/jazzy/lib/x86_64-linux-gnu:/opt/ros/jazzy/opt/gz_math_vendor/lib:/opt/ros/jazzy/opt/gz_utils_vendor/lib:/opt/ros/jazzy/opt/gz_cmake_vendor/lib:/opt/ros/jazzy/lib PYTHONPATH=/home/mojiu/ros2_ws/install/custom_action_interfaces/lib/python3.12/site-packages:/home/mojiu/ros2_ws/install/tutorial_interfaces/lib/python3.12/site-packages:/home/mojiu/ros2_ws/install/more_interfaces/lib/python3.12/site-packages:/opt/ros/jazzy/lib/python3.12/site-packages /usr/bin/cmake --build /home/mojiu/ros2_ws/build/custom_action_cpp -- -j8 -l8
[1.735s] [ 50%] [32mBuilding CXX object CMakeFiles/fibonacci_action_server.dir/rclcpp_components/node_main_fibonacci_action_server.cpp.o[0m
[1.735s] [ 50%] [32mBuilding CXX object CMakeFiles/action_server.dir/src/fibonacci_action_server.cpp.o[0m
[5.813s] [ 75%] [32m[1mLinking CXX executable fibonacci_action_server[0m
[5.949s] [ 75%] Built target fibonacci_action_server
[6.824s] [100%] [32m[1mLinking CXX shared library libaction_server.so[0m
[6.981s] [100%] Built target action_server
[6.992s] Invoked command in '/home/mojiu/ros2_ws/build/custom_action_cpp' returned '0': CMAKE_PREFIX_PATH=/home/mojiu/ros2_ws/install/custom_action_interfaces:/home/mojiu/ros2_ws/install/cpp_srvcli:/home/mojiu/ros2_ws/install/tutorial_interfaces:/home/mojiu/ros2_ws/install/polygon_plugins:/home/mojiu/ros2_ws/install/polygon_base:/home/mojiu/ros2_ws/install/more_interfaces:/home/mojiu/ros2_ws/install/cpp_pubsub:/home/mojiu/ros2_ws/install/cpp_parameters:/opt/ros/jazzy/opt/gz_math_vendor:/opt/ros/jazzy/opt/gz_utils_vendor:/opt/ros/jazzy/opt/gz_cmake_vendor:/opt/ros/jazzy DEBUGINFOD_URLS=https://debuginfod.ubuntu.com LD_LIBRARY_PATH=/home/mojiu/ros2_ws/install/custom_action_interfaces/lib:/home/mojiu/ros2_ws/install/tutorial_interfaces/lib:/home/mojiu/ros2_ws/install/polygon_plugins/lib:/home/mojiu/ros2_ws/install/more_interfaces/lib:/opt/ros/jazzy/opt/rviz_ogre_vendor/lib:/opt/ros/jazzy/lib/x86_64-linux-gnu:/opt/ros/jazzy/opt/gz_math_vendor/lib:/opt/ros/jazzy/opt/gz_utils_vendor/lib:/opt/ros/jazzy/opt/gz_cmake_vendor/lib:/opt/ros/jazzy/lib PYTHONPATH=/home/mojiu/ros2_ws/install/custom_action_interfaces/lib/python3.12/site-packages:/home/mojiu/ros2_ws/install/tutorial_interfaces/lib/python3.12/site-packages:/home/mojiu/ros2_ws/install/more_interfaces/lib/python3.12/site-packages:/opt/ros/jazzy/lib/python3.12/site-packages /usr/bin/cmake --build /home/mojiu/ros2_ws/build/custom_action_cpp -- -j8 -l8
[7.017s] Invoking command in '/home/mojiu/ros2_ws/build/custom_action_cpp': CMAKE_PREFIX_PATH=/home/mojiu/ros2_ws/install/custom_action_interfaces:/home/mojiu/ros2_ws/install/cpp_srvcli:/home/mojiu/ros2_ws/install/tutorial_interfaces:/home/mojiu/ros2_ws/install/polygon_plugins:/home/mojiu/ros2_ws/install/polygon_base:/home/mojiu/ros2_ws/install/more_interfaces:/home/mojiu/ros2_ws/install/cpp_pubsub:/home/mojiu/ros2_ws/install/cpp_parameters:/opt/ros/jazzy/opt/gz_math_vendor:/opt/ros/jazzy/opt/gz_utils_vendor:/opt/ros/jazzy/opt/gz_cmake_vendor:/opt/ros/jazzy DEBUGINFOD_URLS=https://debuginfod.ubuntu.com LD_LIBRARY_PATH=/home/mojiu/ros2_ws/install/custom_action_interfaces/lib:/home/mojiu/ros2_ws/install/tutorial_interfaces/lib:/home/mojiu/ros2_ws/install/polygon_plugins/lib:/home/mojiu/ros2_ws/install/more_interfaces/lib:/opt/ros/jazzy/opt/rviz_ogre_vendor/lib:/opt/ros/jazzy/lib/x86_64-linux-gnu:/opt/ros/jazzy/opt/gz_math_vendor/lib:/opt/ros/jazzy/opt/gz_utils_vendor/lib:/opt/ros/jazzy/opt/gz_cmake_vendor/lib:/opt/ros/jazzy/lib PYTHONPATH=/home/mojiu/ros2_ws/install/custom_action_interfaces/lib/python3.12/site-packages:/home/mojiu/ros2_ws/install/tutorial_interfaces/lib/python3.12/site-packages:/home/mojiu/ros2_ws/install/more_interfaces/lib/python3.12/site-packages:/opt/ros/jazzy/lib/python3.12/site-packages /usr/bin/cmake --install /home/mojiu/ros2_ws/build/custom_action_cpp
[7.025s] -- Install configuration: ""
[7.025s] -- Installing: /home/mojiu/ros2_ws/install/custom_action_cpp/lib/custom_action_cpp/fibonacci_action_server
[7.026s] -- Set non-toolchain portion of runtime path of "/home/mojiu/ros2_ws/install/custom_action_cpp/lib/custom_action_cpp/fibonacci_action_server" to ""
[7.026s] -- Installing: /home/mojiu/ros2_ws/install/custom_action_cpp/lib/libaction_server.so
[7.027s] -- Set non-toolchain portion of runtime path of "/home/mojiu/ros2_ws/install/custom_action_cpp/lib/libaction_server.so" to ""
[7.027s] -- Installing: /home/mojiu/ros2_ws/install/custom_action_cpp/share/ament_index/resource_index/package_run_dependencies/custom_action_cpp
[7.027s] -- Installing: /home/mojiu/ros2_ws/install/custom_action_cpp/share/ament_index/resource_index/parent_prefix_path/custom_action_cpp
[7.027s] -- Installing: /home/mojiu/ros2_ws/install/custom_action_cpp/share/custom_action_cpp/environment/ament_prefix_path.sh
[7.027s] -- Installing: /home/mojiu/ros2_ws/install/custom_action_cpp/share/custom_action_cpp/environment/ament_prefix_path.dsv
[7.028s] -- Installing: /home/mojiu/ros2_ws/install/custom_action_cpp/share/custom_action_cpp/environment/path.sh
[7.028s] -- Installing: /home/mojiu/ros2_ws/install/custom_action_cpp/share/custom_action_cpp/environment/path.dsv
[7.028s] -- Installing: /home/mojiu/ros2_ws/install/custom_action_cpp/share/custom_action_cpp/local_setup.bash
[7.028s] -- Installing: /home/mojiu/ros2_ws/install/custom_action_cpp/share/custom_action_cpp/local_setup.sh
[7.028s] -- Installing: /home/mojiu/ros2_ws/install/custom_action_cpp/share/custom_action_cpp/local_setup.zsh
[7.028s] -- Installing: /home/mojiu/ros2_ws/install/custom_action_cpp/share/custom_action_cpp/local_setup.dsv
[7.028s] -- Installing: /home/mojiu/ros2_ws/install/custom_action_cpp/share/custom_action_cpp/package.dsv
[7.028s] -- Installing: /home/mojiu/ros2_ws/install/custom_action_cpp/share/ament_index/resource_index/packages/custom_action_cpp
[7.029s] -- Installing: /home/mojiu/ros2_ws/install/custom_action_cpp/share/ament_index/resource_index/rclcpp_components/custom_action_cpp
[7.029s] -- Installing: /home/mojiu/ros2_ws/install/custom_action_cpp/share/custom_action_cpp/cmake/custom_action_cppConfig.cmake
[7.029s] -- Installing: /home/mojiu/ros2_ws/install/custom_action_cpp/share/custom_action_cpp/cmake/custom_action_cppConfig-version.cmake
[7.029s] -- Installing: /home/mojiu/ros2_ws/install/custom_action_cpp/share/custom_action_cpp/package.xml
[7.031s] Invoked command in '/home/mojiu/ros2_ws/build/custom_action_cpp' returned '0': CMAKE_PREFIX_PATH=/home/mojiu/ros2_ws/install/custom_action_interfaces:/home/mojiu/ros2_ws/install/cpp_srvcli:/home/mojiu/ros2_ws/install/tutorial_interfaces:/home/mojiu/ros2_ws/install/polygon_plugins:/home/mojiu/ros2_ws/install/polygon_base:/home/mojiu/ros2_ws/install/more_interfaces:/home/mojiu/ros2_ws/install/cpp_pubsub:/home/mojiu/ros2_ws/install/cpp_parameters:/opt/ros/jazzy/opt/gz_math_vendor:/opt/ros/jazzy/opt/gz_utils_vendor:/opt/ros/jazzy/opt/gz_cmake_vendor:/opt/ros/jazzy DEBUGINFOD_URLS=https://debuginfod.ubuntu.com LD_LIBRARY_PATH=/home/mojiu/ros2_ws/install/custom_action_interfaces/lib:/home/mojiu/ros2_ws/install/tutorial_interfaces/lib:/home/mojiu/ros2_ws/install/polygon_plugins/lib:/home/mojiu/ros2_ws/install/more_interfaces/lib:/opt/ros/jazzy/opt/rviz_ogre_vendor/lib:/opt/ros/jazzy/lib/x86_64-linux-gnu:/opt/ros/jazzy/opt/gz_math_vendor/lib:/opt/ros/jazzy/opt/gz_utils_vendor/lib:/opt/ros/jazzy/opt/gz_cmake_vendor/lib:/opt/ros/jazzy/lib PYTHONPATH=/home/mojiu/ros2_ws/install/custom_action_interfaces/lib/python3.12/site-packages:/home/mojiu/ros2_ws/install/tutorial_interfaces/lib/python3.12/site-packages:/home/mojiu/ros2_ws/install/more_interfaces/lib/python3.12/site-packages:/opt/ros/jazzy/lib/python3.12/site-packages /usr/bin/cmake --install /home/mojiu/ros2_ws/build/custom_action_cpp
