[0.050s] Invoking command in '/home/mojiu/ros2_ws/build/more_interfaces': CMAKE_PREFIX_PATH=${CMAKE_PREFIX_PATH}:/opt/ros/jazzy DEBUGINFOD_URLS=https://debuginfod.ubuntu.com /usr/bin/cmake --build /home/mojiu/ros2_ws/build/more_interfaces -- -j8 -l8
[0.128s] -- Found ament_cmake: 2.5.2 (/opt/ros/jazzy/share/ament_cmake/cmake)
[0.184s] -- Found Python3: /usr/bin/python3 (found version "3.12.3") found components: Interpreter 
[0.318s] -- Found rosidl_default_generators: 1.6.0 (/opt/ros/jazzy/share/rosidl_default_generators/cmake)
[0.323s] -- Using all available rosidl_typesupport_c: rosidl_typesupport_fastrtps_c;rosidl_typesupport_introspection_c
[0.389s] -- Using all available rosidl_typesupport_cpp: rosidl_typesupport_fastrtps_cpp;rosidl_typesupport_introspection_cpp
[0.447s] -- Found rosidl_adapter: 4.6.4 (/opt/ros/jazzy/share/rosidl_adapter/cmake)
[0.880s] -- Found ament_cmake_ros: 0.12.0 (/opt/ros/jazzy/share/ament_cmake_ros/cmake)
[0.993s] -- Using all available rosidl_typesupport_c: rosidl_typesupport_fastrtps_c;rosidl_typesupport_introspection_c
[1.141s] -- Using all available rosidl_typesupport_cpp: rosidl_typesupport_fastrtps_cpp;rosidl_typesupport_introspection_cpp
[1.142s] -- Found python_cmake_module: 0.11.1 (/opt/ros/jazzy/share/python_cmake_module/cmake)
[1.528s] -- Found Python3: /usr/bin/python3 (found version "3.12.3") found components: Interpreter Development NumPy Development.Module Development.Embed 
[1.539s] -- Found rclcpp: 28.1.5 (/opt/ros/jazzy/share/rclcpp/cmake)
[1.622s] -- Found rmw_implementation_cmake: 7.3.1 (/opt/ros/jazzy/share/rmw_implementation_cmake/cmake)
[1.624s] -- Found rmw_fastrtps_cpp: 8.4.1 (/opt/ros/jazzy/share/rmw_fastrtps_cpp/cmake)
[1.718s] -- Using RMW implementation 'rmw_fastrtps_cpp' as default
[1.849s] -- Found ament_lint_auto: 0.17.1 (/opt/ros/jazzy/share/ament_lint_auto/cmake)
[1.870s] -- Added test 'cppcheck' to perform static code analysis on C / C++ code
[1.871s] -- Configured cppcheck include dirs: 
[1.871s] -- Configured cppcheck exclude dirs and/or files: 
[1.872s] -- Added test 'lint_cmake' to check CMake code style
[1.873s] -- Added test 'uncrustify' to check C / C++ code style
[1.873s] -- Configured uncrustify additional arguments: 
[1.874s] -- Added test 'xmllint' to check XML markup files
[1.878s] -- Configuring done (1.8s)
[1.936s] -- Generating done (0.0s)
[1.940s] -- Build files have been written to: /home/mojiu/ros2_ws/build/more_interfaces
[1.981s] [  2%] Built target more_interfaces__rosidl_generator_type_description
[2.001s] [  2%] Built target ament_cmake_python_copy_more_interfaces
[2.011s] [  5%] Built target more_interfaces__cpp
[2.014s] [ 19%] Built target more_interfaces__rosidl_generator_c
[2.052s] [ 27%] Built target more_interfaces__rosidl_typesupport_c
[2.054s] [ 30%] [32mBuilding CXX object CMakeFiles/more_interfaces__rosidl_typesupport_cpp.dir/rosidl_typesupport_cpp/more_interfaces/msg/address_book__type_support.cpp.o[0m
[2.056s] [ 33%] [32mBuilding CXX object CMakeFiles/more_interfaces__rosidl_typesupport_fastrtps_c.dir/rosidl_typesupport_fastrtps_c/more_interfaces/msg/detail/address_book__type_support_c.cpp.o[0m
[2.059s] [ 41%] Built target more_interfaces__rosidl_typesupport_introspection_c
[2.061s] [ 44%] [32mBuilding CXX object CMakeFiles/more_interfaces__rosidl_typesupport_fastrtps_cpp.dir/rosidl_typesupport_fastrtps_cpp/more_interfaces/msg/detail/dds_fastrtps/address_book__type_support.cpp.o[0m
[2.067s] [ 47%] [32mBuilding CXX object CMakeFiles/more_interfaces__rosidl_typesupport_introspection_cpp.dir/rosidl_typesupport_introspection_cpp/more_interfaces/msg/detail/address_book__type_support.cpp.o[0m
[2.447s] running egg_info
[2.490s] writing more_interfaces.egg-info/PKG-INFO
[2.491s] writing dependency_links to more_interfaces.egg-info/dependency_links.txt
[2.491s] writing top-level names to more_interfaces.egg-info/top_level.txt
[2.616s] reading manifest file 'more_interfaces.egg-info/SOURCES.txt'
[2.621s] writing manifest file 'more_interfaces.egg-info/SOURCES.txt'
[2.669s] [ 47%] Built target ament_cmake_python_build_more_interfaces_egg
[2.692s] [ 50%] [32m[1mLinking CXX shared library libmore_interfaces__rosidl_typesupport_cpp.so[0m
[2.705s] [ 52%] [32m[1mLinking CXX shared library libmore_interfaces__rosidl_typesupport_introspection_cpp.so[0m
[2.763s] [ 55%] Built target more_interfaces__rosidl_typesupport_cpp
[2.790s] [ 58%] Built target more_interfaces__rosidl_typesupport_introspection_cpp
[2.808s] [ 61%] [32mBuilding CXX object CMakeFiles/publish_address_book.dir/src/publish_address_book.cpp.o[0m
[2.895s] [ 63%] [32m[1mLinking CXX shared library libmore_interfaces__rosidl_typesupport_fastrtps_c.so[0m
[2.985s] [ 66%] [32m[1mLinking CXX shared library libmore_interfaces__rosidl_typesupport_fastrtps_cpp.so[0m
[2.990s] [ 69%] Built target more_interfaces__rosidl_typesupport_fastrtps_c
[3.077s] [ 72%] Built target more_interfaces__rosidl_typesupport_fastrtps_cpp
[3.098s] [ 72%] Built target more_interfaces
[3.119s] [ 75%] Built target more_interfaces__py
[3.143s] [ 77%] [32mBuilding C object CMakeFiles/more_interfaces__rosidl_generator_py.dir/rosidl_generator_py/more_interfaces/msg/_address_book_s.c.o[0m
[3.315s] [ 80%] [32m[1mLinking C shared library libmore_interfaces__rosidl_generator_py.so[0m
[3.356s] [ 80%] Built target more_interfaces__rosidl_generator_py
[3.384s] [ 83%] [32mBuilding C object CMakeFiles/more_interfaces_s__rosidl_typesupport_c.dir/rosidl_generator_py/more_interfaces/_more_interfaces_s.ep.rosidl_typesupport_c.c.o[0m
[3.385s] [ 86%] [32mBuilding C object CMakeFiles/more_interfaces_s__rosidl_typesupport_fastrtps_c.dir/rosidl_generator_py/more_interfaces/_more_interfaces_s.ep.rosidl_typesupport_fastrtps_c.c.o[0m
[3.389s] [ 88%] [32mBuilding C object CMakeFiles/more_interfaces_s__rosidl_typesupport_introspection_c.dir/rosidl_generator_py/more_interfaces/_more_interfaces_s.ep.rosidl_typesupport_introspection_c.c.o[0m
[3.531s] [ 91%] [32m[1mLinking C shared module rosidl_generator_py/more_interfaces/more_interfaces_s__rosidl_typesupport_c.so[0m
[3.566s] [ 91%] Built target more_interfaces_s__rosidl_typesupport_c
[3.601s] [ 97%] [32m[1mLinking C shared module rosidl_generator_py/more_interfaces/more_interfaces_s__rosidl_typesupport_fastrtps_c.so[0m
[3.601s] [ 97%] [32m[1mLinking C shared module rosidl_generator_py/more_interfaces/more_interfaces_s__rosidl_typesupport_introspection_c.so[0m
[3.640s] [ 97%] Built target more_interfaces_s__rosidl_typesupport_introspection_c
[3.640s] [ 97%] Built target more_interfaces_s__rosidl_typesupport_fastrtps_c
[7.771s] [100%] [32m[1mLinking CXX executable publish_address_book[0m
[7.984s] [100%] Built target publish_address_book
