-- Found ament_cmake: 2.5.2 (/opt/ros/jazzy/share/ament_cmake/cmake)
-- Found rosidl_default_generators: 1.6.0 (/opt/ros/jazzy/share/rosidl_default_generators/cmake)
-- Using all available rosidl_typesupport_c: rosidl_typesupport_fastrtps_c;rosidl_typesupport_introspection_c
-- Using all available rosidl_typesupport_cpp: rosidl_typesupport_fastrtps_cpp;rosidl_typesupport_introspection_cpp
-- Found rosidl_adapter: 4.6.4 (/opt/ros/jazzy/share/rosidl_adapter/cmake)
-- Found ament_cmake_ros: 0.12.0 (/opt/ros/jazzy/share/ament_cmake_ros/cmake)
-- Using all available rosidl_typesupport_c: rosidl_typesupport_fastrtps_c;rosidl_typesupport_introspection_c
-- Using all available rosidl_typesupport_cpp: rosidl_typesupport_fastrtps_cpp;rosidl_typesupport_introspection_cpp
-- Found python_cmake_module: 0.11.1 (/opt/ros/jazzy/share/python_cmake_module/cmake)
-- Found PythonExtra: /usr/bin/python3  
-- Found Python3: /usr/bin/python3 (found version "3.12.3") found components: Interpreter Development NumPy Development.Module Development.Embed 
-- Found ament_lint_auto: 0.17.1 (/opt/ros/jazzy/share/ament_lint_auto/cmake)
-- Added test 'lint_cmake' to check CMake code style
-- Added test 'xmllint' to check XML markup files
-- Configuring done (2.8s)
-- Generating done (0.0s)
-- Build files have been written to: /home/mojiu/ros2_ws/build/robot_control_interfaces
[  2%] [34m[1mGenerating type hashes for ROS interfaces[0m
[  2%] Built target ament_cmake_python_copy_robot_control_interfaces
[  2%] Built target robot_control_interfaces__rosidl_generator_type_description
[  5%] [34m[1mGenerating C code for ROS interfaces[0m
running egg_info
creating robot_control_interfaces.egg-info
[  8%] [34m[1mGenerating C++ code for ROS interfaces[0m
writing robot_control_interfaces.egg-info/PKG-INFO
writing dependency_links to robot_control_interfaces.egg-info/dependency_links.txt
writing top-level names to robot_control_interfaces.egg-info/top_level.txt
writing manifest file 'robot_control_interfaces.egg-info/SOURCES.txt'
reading manifest file 'robot_control_interfaces.egg-info/SOURCES.txt'
writing manifest file 'robot_control_interfaces.egg-info/SOURCES.txt'
[  8%] Built target ament_cmake_python_build_robot_control_interfaces_egg
[  8%] Built target robot_control_interfaces__cpp
[ 17%] [32mBuilding C object CMakeFiles/robot_control_interfaces__rosidl_generator_c.dir/rosidl_generator_c/robot_control_interfaces/action/detail/move_robot__description.c.o[0m
[ 17%] [32mBuilding C object CMakeFiles/robot_control_interfaces__rosidl_generator_c.dir/rosidl_generator_c/robot_control_interfaces/action/detail/move_robot__type_support.c.o[0m
[ 17%] [32mBuilding C object CMakeFiles/robot_control_interfaces__rosidl_generator_c.dir/rosidl_generator_c/robot_control_interfaces/action/detail/move_robot__functions.c.o[0m
[ 20%] [32m[1mLinking C shared library librobot_control_interfaces__rosidl_generator_c.so[0m
[ 20%] Built target robot_control_interfaces__rosidl_generator_c
[ 23%] [34m[1mGenerating C++ type support dispatch for ROS interfaces[0m
[ 26%] [34m[1mGenerating C type support for eProsima Fast-RTPS[0m
[ 29%] [34m[1mGenerating C introspection for ROS interfaces[0m
[ 38%] [34m[1mGenerating C type support dispatch for ROS interfaces[0m
[ 38%] [34m[1mGenerating C++ introspection for ROS interfaces[0m
[ 38%] [34m[1mGenerating C++ type support for eProsima Fast-RTPS[0m
[ 41%] [32mBuilding CXX object CMakeFiles/robot_control_interfaces__rosidl_typesupport_introspection_cpp.dir/rosidl_typesupport_introspection_cpp/robot_control_interfaces/action/detail/move_robot__type_support.cpp.o[0m
[ 44%] [32mBuilding CXX object CMakeFiles/robot_control_interfaces__rosidl_typesupport_cpp.dir/rosidl_typesupport_cpp/robot_control_interfaces/action/move_robot__type_support.cpp.o[0m
[ 47%] [32mBuilding CXX object CMakeFiles/robot_control_interfaces__rosidl_typesupport_c.dir/rosidl_typesupport_c/robot_control_interfaces/action/move_robot__type_support.cpp.o[0m
[ 50%] [32mBuilding C object CMakeFiles/robot_control_interfaces__rosidl_typesupport_introspection_c.dir/rosidl_typesupport_introspection_c/robot_control_interfaces/action/detail/move_robot__type_support.c.o[0m
[ 52%] [32m[1mLinking CXX shared library librobot_control_interfaces__rosidl_typesupport_c.so[0m
[ 55%] [32m[1mLinking C shared library librobot_control_interfaces__rosidl_typesupport_introspection_c.so[0m
[ 55%] Built target robot_control_interfaces__rosidl_typesupport_c
[ 55%] Built target robot_control_interfaces__rosidl_typesupport_introspection_c
[ 58%] [32mBuilding CXX object CMakeFiles/robot_control_interfaces__rosidl_typesupport_fastrtps_cpp.dir/rosidl_typesupport_fastrtps_cpp/robot_control_interfaces/action/detail/dds_fastrtps/move_robot__type_support.cpp.o[0m
[ 61%] [32mBuilding CXX object CMakeFiles/robot_control_interfaces__rosidl_typesupport_fastrtps_c.dir/rosidl_typesupport_fastrtps_c/robot_control_interfaces/action/detail/move_robot__type_support_c.cpp.o[0m
[ 64%] [32m[1mLinking CXX shared library librobot_control_interfaces__rosidl_typesupport_cpp.so[0m
[ 67%] [32m[1mLinking CXX shared library librobot_control_interfaces__rosidl_typesupport_introspection_cpp.so[0m
[ 67%] Built target robot_control_interfaces__rosidl_typesupport_cpp
[ 67%] Built target robot_control_interfaces__rosidl_typesupport_introspection_cpp
[ 70%] [32m[1mLinking CXX shared library librobot_control_interfaces__rosidl_typesupport_fastrtps_c.so[0m
[ 70%] Built target robot_control_interfaces__rosidl_typesupport_fastrtps_c
[ 73%] [32m[1mLinking CXX shared library librobot_control_interfaces__rosidl_typesupport_fastrtps_cpp.so[0m
[ 73%] Built target robot_control_interfaces__rosidl_typesupport_fastrtps_cpp
[ 73%] Built target robot_control_interfaces
[ 76%] [34m[1mGenerating Python code for ROS interfaces[0m
[ 76%] Built target robot_control_interfaces__py
[ 79%] [32mBuilding C object CMakeFiles/robot_control_interfaces__rosidl_generator_py.dir/rosidl_generator_py/robot_control_interfaces/action/_move_robot_s.c.o[0m
[ 82%] [32m[1mLinking C shared library librobot_control_interfaces__rosidl_generator_py.so[0m
[ 82%] Built target robot_control_interfaces__rosidl_generator_py
[ 88%] [32mBuilding C object CMakeFiles/robot_control_interfaces_s__rosidl_typesupport_fastrtps_c.dir/rosidl_generator_py/robot_control_interfaces/_robot_control_interfaces_s.ep.rosidl_typesupport_fastrtps_c.c.o[0m
[ 88%] [32mBuilding C object CMakeFiles/robot_control_interfaces_s__rosidl_typesupport_introspection_c.dir/rosidl_generator_py/robot_control_interfaces/_robot_control_interfaces_s.ep.rosidl_typesupport_introspection_c.c.o[0m
[ 91%] [32mBuilding C object CMakeFiles/robot_control_interfaces_s__rosidl_typesupport_c.dir/rosidl_generator_py/robot_control_interfaces/_robot_control_interfaces_s.ep.rosidl_typesupport_c.c.o[0m
[ 97%] [32m[1mLinking C shared module rosidl_generator_py/robot_control_interfaces/robot_control_interfaces_s__rosidl_typesupport_introspection_c.so[0m
[ 97%] [32m[1mLinking C shared module rosidl_generator_py/robot_control_interfaces/robot_control_interfaces_s__rosidl_typesupport_c.so[0m
[100%] [32m[1mLinking C shared module rosidl_generator_py/robot_control_interfaces/robot_control_interfaces_s__rosidl_typesupport_fastrtps_c.so[0m
[100%] Built target robot_control_interfaces_s__rosidl_typesupport_c
[100%] Built target robot_control_interfaces_s__rosidl_typesupport_introspection_c
[100%] Built target robot_control_interfaces_s__rosidl_typesupport_fastrtps_c
-- Install configuration: ""
-- Installing: /home/mojiu/ros2_ws/install/robot_control_interfaces/share/ament_index/resource_index/rosidl_interfaces/robot_control_interfaces
-- Installing: /home/mojiu/ros2_ws/install/robot_control_interfaces/share/robot_control_interfaces/action/MoveRobot.json
-- Installing: /home/mojiu/ros2_ws/install/robot_control_interfaces/include/robot_control_interfaces/robot_control_interfaces
-- Installing: /home/mojiu/ros2_ws/install/robot_control_interfaces/include/robot_control_interfaces/robot_control_interfaces/action
-- Installing: /home/mojiu/ros2_ws/install/robot_control_interfaces/include/robot_control_interfaces/robot_control_interfaces/action/move_robot.h
-- Installing: /home/mojiu/ros2_ws/install/robot_control_interfaces/include/robot_control_interfaces/robot_control_interfaces/action/detail
-- Installing: /home/mojiu/ros2_ws/install/robot_control_interfaces/include/robot_control_interfaces/robot_control_interfaces/action/detail/move_robot__type_support.h
-- Installing: /home/mojiu/ros2_ws/install/robot_control_interfaces/include/robot_control_interfaces/robot_control_interfaces/action/detail/move_robot__type_support.c
-- Installing: /home/mojiu/ros2_ws/install/robot_control_interfaces/include/robot_control_interfaces/robot_control_interfaces/action/detail/move_robot__functions.c
-- Installing: /home/mojiu/ros2_ws/install/robot_control_interfaces/include/robot_control_interfaces/robot_control_interfaces/action/detail/move_robot__functions.h
-- Installing: /home/mojiu/ros2_ws/install/robot_control_interfaces/include/robot_control_interfaces/robot_control_interfaces/action/detail/move_robot__struct.h
-- Installing: /home/mojiu/ros2_ws/install/robot_control_interfaces/include/robot_control_interfaces/robot_control_interfaces/action/detail/move_robot__description.c
-- Installing: /home/mojiu/ros2_ws/install/robot_control_interfaces/include/robot_control_interfaces/robot_control_interfaces/msg
-- Installing: /home/mojiu/ros2_ws/install/robot_control_interfaces/include/robot_control_interfaces/robot_control_interfaces/msg/rosidl_generator_c__visibility_control.h
-- Installing: /home/mojiu/ros2_ws/install/robot_control_interfaces/share/robot_control_interfaces/environment/library_path.sh
-- Installing: /home/mojiu/ros2_ws/install/robot_control_interfaces/share/robot_control_interfaces/environment/library_path.dsv
-- Installing: /home/mojiu/ros2_ws/install/robot_control_interfaces/lib/librobot_control_interfaces__rosidl_generator_c.so
-- Set non-toolchain portion of runtime path of "/home/mojiu/ros2_ws/install/robot_control_interfaces/lib/librobot_control_interfaces__rosidl_generator_c.so" to ""
-- Up-to-date: /home/mojiu/ros2_ws/install/robot_control_interfaces/include/robot_control_interfaces/robot_control_interfaces
-- Up-to-date: /home/mojiu/ros2_ws/install/robot_control_interfaces/include/robot_control_interfaces/robot_control_interfaces/action
-- Up-to-date: /home/mojiu/ros2_ws/install/robot_control_interfaces/include/robot_control_interfaces/robot_control_interfaces/action/detail
-- Installing: /home/mojiu/ros2_ws/install/robot_control_interfaces/include/robot_control_interfaces/robot_control_interfaces/action/detail/move_robot__rosidl_typesupport_fastrtps_c.h
-- Up-to-date: /home/mojiu/ros2_ws/install/robot_control_interfaces/include/robot_control_interfaces/robot_control_interfaces/msg
-- Installing: /home/mojiu/ros2_ws/install/robot_control_interfaces/include/robot_control_interfaces/robot_control_interfaces/msg/rosidl_typesupport_fastrtps_c__visibility_control.h
-- Installing: /home/mojiu/ros2_ws/install/robot_control_interfaces/lib/librobot_control_interfaces__rosidl_typesupport_fastrtps_c.so
-- Set non-toolchain portion of runtime path of "/home/mojiu/ros2_ws/install/robot_control_interfaces/lib/librobot_control_interfaces__rosidl_typesupport_fastrtps_c.so" to ""
-- Up-to-date: /home/mojiu/ros2_ws/install/robot_control_interfaces/include/robot_control_interfaces/robot_control_interfaces
-- Up-to-date: /home/mojiu/ros2_ws/install/robot_control_interfaces/include/robot_control_interfaces/robot_control_interfaces/action
-- Up-to-date: /home/mojiu/ros2_ws/install/robot_control_interfaces/include/robot_control_interfaces/robot_control_interfaces/action/detail
-- Installing: /home/mojiu/ros2_ws/install/robot_control_interfaces/include/robot_control_interfaces/robot_control_interfaces/action/detail/move_robot__type_support.c
-- Installing: /home/mojiu/ros2_ws/install/robot_control_interfaces/include/robot_control_interfaces/robot_control_interfaces/action/detail/move_robot__rosidl_typesupport_introspection_c.h
-- Up-to-date: /home/mojiu/ros2_ws/install/robot_control_interfaces/include/robot_control_interfaces/robot_control_interfaces/msg
-- Installing: /home/mojiu/ros2_ws/install/robot_control_interfaces/include/robot_control_interfaces/robot_control_interfaces/msg/rosidl_typesupport_introspection_c__visibility_control.h
-- Installing: /home/mojiu/ros2_ws/install/robot_control_interfaces/lib/librobot_control_interfaces__rosidl_typesupport_introspection_c.so
-- Set non-toolchain portion of runtime path of "/home/mojiu/ros2_ws/install/robot_control_interfaces/lib/librobot_control_interfaces__rosidl_typesupport_introspection_c.so" to ""
-- Installing: /home/mojiu/ros2_ws/install/robot_control_interfaces/lib/librobot_control_interfaces__rosidl_typesupport_c.so
-- Set non-toolchain portion of runtime path of "/home/mojiu/ros2_ws/install/robot_control_interfaces/lib/librobot_control_interfaces__rosidl_typesupport_c.so" to ""
-- Up-to-date: /home/mojiu/ros2_ws/install/robot_control_interfaces/include/robot_control_interfaces/robot_control_interfaces
-- Up-to-date: /home/mojiu/ros2_ws/install/robot_control_interfaces/include/robot_control_interfaces/robot_control_interfaces/action
-- Installing: /home/mojiu/ros2_ws/install/robot_control_interfaces/include/robot_control_interfaces/robot_control_interfaces/action/move_robot.hpp
-- Up-to-date: /home/mojiu/ros2_ws/install/robot_control_interfaces/include/robot_control_interfaces/robot_control_interfaces/action/detail
-- Installing: /home/mojiu/ros2_ws/install/robot_control_interfaces/include/robot_control_interfaces/robot_control_interfaces/action/detail/move_robot__builder.hpp
-- Installing: /home/mojiu/ros2_ws/install/robot_control_interfaces/include/robot_control_interfaces/robot_control_interfaces/action/detail/move_robot__struct.hpp
-- Installing: /home/mojiu/ros2_ws/install/robot_control_interfaces/include/robot_control_interfaces/robot_control_interfaces/action/detail/move_robot__traits.hpp
-- Installing: /home/mojiu/ros2_ws/install/robot_control_interfaces/include/robot_control_interfaces/robot_control_interfaces/action/detail/move_robot__type_support.hpp
-- Up-to-date: /home/mojiu/ros2_ws/install/robot_control_interfaces/include/robot_control_interfaces/robot_control_interfaces/msg
-- Installing: /home/mojiu/ros2_ws/install/robot_control_interfaces/include/robot_control_interfaces/robot_control_interfaces/msg/rosidl_generator_cpp__visibility_control.hpp
-- Up-to-date: /home/mojiu/ros2_ws/install/robot_control_interfaces/include/robot_control_interfaces/robot_control_interfaces
-- Up-to-date: /home/mojiu/ros2_ws/install/robot_control_interfaces/include/robot_control_interfaces/robot_control_interfaces/action
-- Up-to-date: /home/mojiu/ros2_ws/install/robot_control_interfaces/include/robot_control_interfaces/robot_control_interfaces/action/detail
-- Installing: /home/mojiu/ros2_ws/install/robot_control_interfaces/include/robot_control_interfaces/robot_control_interfaces/action/detail/dds_fastrtps
-- Installing: /home/mojiu/ros2_ws/install/robot_control_interfaces/include/robot_control_interfaces/robot_control_interfaces/action/detail/move_robot__rosidl_typesupport_fastrtps_cpp.hpp
-- Up-to-date: /home/mojiu/ros2_ws/install/robot_control_interfaces/include/robot_control_interfaces/robot_control_interfaces/msg
-- Installing: /home/mojiu/ros2_ws/install/robot_control_interfaces/include/robot_control_interfaces/robot_control_interfaces/msg/rosidl_typesupport_fastrtps_cpp__visibility_control.h
-- Installing: /home/mojiu/ros2_ws/install/robot_control_interfaces/lib/librobot_control_interfaces__rosidl_typesupport_fastrtps_cpp.so
-- Set non-toolchain portion of runtime path of "/home/mojiu/ros2_ws/install/robot_control_interfaces/lib/librobot_control_interfaces__rosidl_typesupport_fastrtps_cpp.so" to ""
-- Up-to-date: /home/mojiu/ros2_ws/install/robot_control_interfaces/include/robot_control_interfaces/robot_control_interfaces
-- Up-to-date: /home/mojiu/ros2_ws/install/robot_control_interfaces/include/robot_control_interfaces/robot_control_interfaces/action
-- Up-to-date: /home/mojiu/ros2_ws/install/robot_control_interfaces/include/robot_control_interfaces/robot_control_interfaces/action/detail
-- Installing: /home/mojiu/ros2_ws/install/robot_control_interfaces/include/robot_control_interfaces/robot_control_interfaces/action/detail/move_robot__rosidl_typesupport_introspection_cpp.hpp
-- Installing: /home/mojiu/ros2_ws/install/robot_control_interfaces/include/robot_control_interfaces/robot_control_interfaces/action/detail/move_robot__type_support.cpp
-- Installing: /home/mojiu/ros2_ws/install/robot_control_interfaces/lib/librobot_control_interfaces__rosidl_typesupport_introspection_cpp.so
-- Set non-toolchain portion of runtime path of "/home/mojiu/ros2_ws/install/robot_control_interfaces/lib/librobot_control_interfaces__rosidl_typesupport_introspection_cpp.so" to ""
-- Installing: /home/mojiu/ros2_ws/install/robot_control_interfaces/lib/librobot_control_interfaces__rosidl_typesupport_cpp.so
-- Set non-toolchain portion of runtime path of "/home/mojiu/ros2_ws/install/robot_control_interfaces/lib/librobot_control_interfaces__rosidl_typesupport_cpp.so" to ""
-- Installing: /home/mojiu/ros2_ws/install/robot_control_interfaces/share/robot_control_interfaces/environment/pythonpath.sh
-- Installing: /home/mojiu/ros2_ws/install/robot_control_interfaces/share/robot_control_interfaces/environment/pythonpath.dsv
-- Installing: /home/mojiu/ros2_ws/install/robot_control_interfaces/lib/python3.12/site-packages/robot_control_interfaces-0.0.0-py3.12.egg-info
-- Installing: /home/mojiu/ros2_ws/install/robot_control_interfaces/lib/python3.12/site-packages/robot_control_interfaces-0.0.0-py3.12.egg-info/PKG-INFO
-- Installing: /home/mojiu/ros2_ws/install/robot_control_interfaces/lib/python3.12/site-packages/robot_control_interfaces-0.0.0-py3.12.egg-info/SOURCES.txt
-- Installing: /home/mojiu/ros2_ws/install/robot_control_interfaces/lib/python3.12/site-packages/robot_control_interfaces-0.0.0-py3.12.egg-info/top_level.txt
-- Installing: /home/mojiu/ros2_ws/install/robot_control_interfaces/lib/python3.12/site-packages/robot_control_interfaces-0.0.0-py3.12.egg-info/dependency_links.txt
-- Installing: /home/mojiu/ros2_ws/install/robot_control_interfaces/lib/python3.12/site-packages/robot_control_interfaces
-- Installing: /home/mojiu/ros2_ws/install/robot_control_interfaces/lib/python3.12/site-packages/robot_control_interfaces/robot_control_interfaces_s__rosidl_typesupport_fastrtps_c.so
-- Installing: /home/mojiu/ros2_ws/install/robot_control_interfaces/lib/python3.12/site-packages/robot_control_interfaces/action
-- Installing: /home/mojiu/ros2_ws/install/robot_control_interfaces/lib/python3.12/site-packages/robot_control_interfaces/action/_move_robot.py
-- Installing: /home/mojiu/ros2_ws/install/robot_control_interfaces/lib/python3.12/site-packages/robot_control_interfaces/action/_move_robot_s.c
-- Installing: /home/mojiu/ros2_ws/install/robot_control_interfaces/lib/python3.12/site-packages/robot_control_interfaces/action/__init__.py
-- Installing: /home/mojiu/ros2_ws/install/robot_control_interfaces/lib/python3.12/site-packages/robot_control_interfaces/__init__.py
-- Installing: /home/mojiu/ros2_ws/install/robot_control_interfaces/lib/python3.12/site-packages/robot_control_interfaces/_robot_control_interfaces_s.ep.rosidl_typesupport_c.c
-- Installing: /home/mojiu/ros2_ws/install/robot_control_interfaces/lib/python3.12/site-packages/robot_control_interfaces/robot_control_interfaces_s__rosidl_typesupport_c.so
-- Installing: /home/mojiu/ros2_ws/install/robot_control_interfaces/lib/python3.12/site-packages/robot_control_interfaces/_robot_control_interfaces_s.ep.rosidl_typesupport_fastrtps_c.c
-- Installing: /home/mojiu/ros2_ws/install/robot_control_interfaces/lib/python3.12/site-packages/robot_control_interfaces/robot_control_interfaces_s__rosidl_typesupport_introspection_c.so
-- Installing: /home/mojiu/ros2_ws/install/robot_control_interfaces/lib/python3.12/site-packages/robot_control_interfaces/_robot_control_interfaces_s.ep.rosidl_typesupport_introspection_c.c
Listing '/home/mojiu/ros2_ws/install/robot_control_interfaces/lib/python3.12/site-packages/robot_control_interfaces'...
Compiling '/home/mojiu/ros2_ws/install/robot_control_interfaces/lib/python3.12/site-packages/robot_control_interfaces/__init__.py'...
Listing '/home/mojiu/ros2_ws/install/robot_control_interfaces/lib/python3.12/site-packages/robot_control_interfaces/action'...
Compiling '/home/mojiu/ros2_ws/install/robot_control_interfaces/lib/python3.12/site-packages/robot_control_interfaces/action/__init__.py'...
Compiling '/home/mojiu/ros2_ws/install/robot_control_interfaces/lib/python3.12/site-packages/robot_control_interfaces/action/_move_robot.py'...
-- Installing: /home/mojiu/ros2_ws/install/robot_control_interfaces/lib/python3.12/site-packages/robot_control_interfaces/robot_control_interfaces_s__rosidl_typesupport_fastrtps_c.so
-- Set non-toolchain portion of runtime path of "/home/mojiu/ros2_ws/install/robot_control_interfaces/lib/python3.12/site-packages/robot_control_interfaces/robot_control_interfaces_s__rosidl_typesupport_fastrtps_c.so" to ""
-- Installing: /home/mojiu/ros2_ws/install/robot_control_interfaces/lib/python3.12/site-packages/robot_control_interfaces/robot_control_interfaces_s__rosidl_typesupport_introspection_c.so
-- Set non-toolchain portion of runtime path of "/home/mojiu/ros2_ws/install/robot_control_interfaces/lib/python3.12/site-packages/robot_control_interfaces/robot_control_interfaces_s__rosidl_typesupport_introspection_c.so" to ""
-- Installing: /home/mojiu/ros2_ws/install/robot_control_interfaces/lib/python3.12/site-packages/robot_control_interfaces/robot_control_interfaces_s__rosidl_typesupport_c.so
-- Set non-toolchain portion of runtime path of "/home/mojiu/ros2_ws/install/robot_control_interfaces/lib/python3.12/site-packages/robot_control_interfaces/robot_control_interfaces_s__rosidl_typesupport_c.so" to ""
-- Installing: /home/mojiu/ros2_ws/install/robot_control_interfaces/lib/librobot_control_interfaces__rosidl_generator_py.so
-- Set non-toolchain portion of runtime path of "/home/mojiu/ros2_ws/install/robot_control_interfaces/lib/librobot_control_interfaces__rosidl_generator_py.so" to ""
-- Installing: /home/mojiu/ros2_ws/install/robot_control_interfaces/share/robot_control_interfaces/action/MoveRobot.idl
-- Installing: /home/mojiu/ros2_ws/install/robot_control_interfaces/share/robot_control_interfaces/action/MoveRobot.action
-- Installing: /home/mojiu/ros2_ws/install/robot_control_interfaces/share/ament_index/resource_index/package_run_dependencies/robot_control_interfaces
-- Installing: /home/mojiu/ros2_ws/install/robot_control_interfaces/share/ament_index/resource_index/parent_prefix_path/robot_control_interfaces
-- Installing: /home/mojiu/ros2_ws/install/robot_control_interfaces/share/robot_control_interfaces/environment/ament_prefix_path.sh
-- Installing: /home/mojiu/ros2_ws/install/robot_control_interfaces/share/robot_control_interfaces/environment/ament_prefix_path.dsv
-- Installing: /home/mojiu/ros2_ws/install/robot_control_interfaces/share/robot_control_interfaces/environment/path.sh
-- Installing: /home/mojiu/ros2_ws/install/robot_control_interfaces/share/robot_control_interfaces/environment/path.dsv
-- Installing: /home/mojiu/ros2_ws/install/robot_control_interfaces/share/robot_control_interfaces/local_setup.bash
-- Installing: /home/mojiu/ros2_ws/install/robot_control_interfaces/share/robot_control_interfaces/local_setup.sh
-- Installing: /home/mojiu/ros2_ws/install/robot_control_interfaces/share/robot_control_interfaces/local_setup.zsh
-- Installing: /home/mojiu/ros2_ws/install/robot_control_interfaces/share/robot_control_interfaces/local_setup.dsv
-- Installing: /home/mojiu/ros2_ws/install/robot_control_interfaces/share/robot_control_interfaces/package.dsv
-- Installing: /home/mojiu/ros2_ws/install/robot_control_interfaces/share/ament_index/resource_index/packages/robot_control_interfaces
-- Installing: /home/mojiu/ros2_ws/install/robot_control_interfaces/share/robot_control_interfaces/cmake/export_robot_control_interfaces__rosidl_generator_cExport.cmake
-- Installing: /home/mojiu/ros2_ws/install/robot_control_interfaces/share/robot_control_interfaces/cmake/export_robot_control_interfaces__rosidl_generator_cExport-noconfig.cmake
-- Installing: /home/mojiu/ros2_ws/install/robot_control_interfaces/share/robot_control_interfaces/cmake/export_robot_control_interfaces__rosidl_typesupport_fastrtps_cExport.cmake
-- Installing: /home/mojiu/ros2_ws/install/robot_control_interfaces/share/robot_control_interfaces/cmake/export_robot_control_interfaces__rosidl_typesupport_fastrtps_cExport-noconfig.cmake
-- Installing: /home/mojiu/ros2_ws/install/robot_control_interfaces/share/robot_control_interfaces/cmake/robot_control_interfaces__rosidl_typesupport_introspection_cExport.cmake
-- Installing: /home/mojiu/ros2_ws/install/robot_control_interfaces/share/robot_control_interfaces/cmake/robot_control_interfaces__rosidl_typesupport_introspection_cExport-noconfig.cmake
-- Installing: /home/mojiu/ros2_ws/install/robot_control_interfaces/share/robot_control_interfaces/cmake/robot_control_interfaces__rosidl_typesupport_cExport.cmake
-- Installing: /home/mojiu/ros2_ws/install/robot_control_interfaces/share/robot_control_interfaces/cmake/robot_control_interfaces__rosidl_typesupport_cExport-noconfig.cmake
-- Installing: /home/mojiu/ros2_ws/install/robot_control_interfaces/share/robot_control_interfaces/cmake/export_robot_control_interfaces__rosidl_generator_cppExport.cmake
-- Installing: /home/mojiu/ros2_ws/install/robot_control_interfaces/share/robot_control_interfaces/cmake/export_robot_control_interfaces__rosidl_typesupport_fastrtps_cppExport.cmake
-- Installing: /home/mojiu/ros2_ws/install/robot_control_interfaces/share/robot_control_interfaces/cmake/export_robot_control_interfaces__rosidl_typesupport_fastrtps_cppExport-noconfig.cmake
-- Installing: /home/mojiu/ros2_ws/install/robot_control_interfaces/share/robot_control_interfaces/cmake/robot_control_interfaces__rosidl_typesupport_introspection_cppExport.cmake
-- Installing: /home/mojiu/ros2_ws/install/robot_control_interfaces/share/robot_control_interfaces/cmake/robot_control_interfaces__rosidl_typesupport_introspection_cppExport-noconfig.cmake
-- Installing: /home/mojiu/ros2_ws/install/robot_control_interfaces/share/robot_control_interfaces/cmake/robot_control_interfaces__rosidl_typesupport_cppExport.cmake
-- Installing: /home/mojiu/ros2_ws/install/robot_control_interfaces/share/robot_control_interfaces/cmake/robot_control_interfaces__rosidl_typesupport_cppExport-noconfig.cmake
-- Installing: /home/mojiu/ros2_ws/install/robot_control_interfaces/share/robot_control_interfaces/cmake/export_robot_control_interfaces__rosidl_generator_pyExport.cmake
-- Installing: /home/mojiu/ros2_ws/install/robot_control_interfaces/share/robot_control_interfaces/cmake/export_robot_control_interfaces__rosidl_generator_pyExport-noconfig.cmake
-- Installing: /home/mojiu/ros2_ws/install/robot_control_interfaces/share/robot_control_interfaces/cmake/rosidl_cmake-extras.cmake
-- Installing: /home/mojiu/ros2_ws/install/robot_control_interfaces/share/robot_control_interfaces/cmake/ament_cmake_export_dependencies-extras.cmake
-- Installing: /home/mojiu/ros2_ws/install/robot_control_interfaces/share/robot_control_interfaces/cmake/ament_cmake_export_include_directories-extras.cmake
-- Installing: /home/mojiu/ros2_ws/install/robot_control_interfaces/share/robot_control_interfaces/cmake/ament_cmake_export_libraries-extras.cmake
-- Installing: /home/mojiu/ros2_ws/install/robot_control_interfaces/share/robot_control_interfaces/cmake/ament_cmake_export_targets-extras.cmake
-- Installing: /home/mojiu/ros2_ws/install/robot_control_interfaces/share/robot_control_interfaces/cmake/rosidl_cmake_export_typesupport_targets-extras.cmake
-- Installing: /home/mojiu/ros2_ws/install/robot_control_interfaces/share/robot_control_interfaces/cmake/rosidl_cmake_export_typesupport_libraries-extras.cmake
-- Installing: /home/mojiu/ros2_ws/install/robot_control_interfaces/share/robot_control_interfaces/cmake/robot_control_interfacesConfig.cmake
-- Installing: /home/mojiu/ros2_ws/install/robot_control_interfaces/share/robot_control_interfaces/cmake/robot_control_interfacesConfig-version.cmake
-- Installing: /home/mojiu/ros2_ws/install/robot_control_interfaces/share/robot_control_interfaces/package.xml
