[0.011s] Invoking command in '/home/mojiu/ros2_ws/build/robot_control_interfaces': CMAKE_PREFIX_PATH=${CMAKE_PREFIX_PATH}:/opt/ros/jazzy DEBUGINFOD_URLS=https://debuginfod.ubuntu.com /usr/bin/cmake /home/mojiu/ros2_ws/src/robot_control_interfaces -DCMAKE_INSTALL_PREFIX=/home/mojiu/ros2_ws/install/robot_control_interfaces
[0.028s] -- Found ament_cmake: 2.5.2 (/opt/ros/jazzy/share/ament_cmake/cmake)
[0.253s] -- Found rosidl_default_generators: 1.6.0 (/opt/ros/jazzy/share/rosidl_default_generators/cmake)
[0.257s] -- Using all available rosidl_typesupport_c: rosidl_typesupport_fastrtps_c;rosidl_typesupport_introspection_c
[0.293s] -- Using all available rosidl_typesupport_cpp: rosidl_typesupport_fastrtps_cpp;rosidl_typesupport_introspection_cpp
[0.325s] -- Found rosidl_adapter: 4.6.4 (/opt/ros/jazzy/share/rosidl_adapter/cmake)
[1.034s] -- Found ament_cmake_ros: 0.12.0 (/opt/ros/jazzy/share/ament_cmake_ros/cmake)
[1.485s] -- Using all available rosidl_typesupport_c: rosidl_typesupport_fastrtps_c;rosidl_typesupport_introspection_c
[2.087s] -- Using all available rosidl_typesupport_cpp: rosidl_typesupport_fastrtps_cpp;rosidl_typesupport_introspection_cpp
[2.098s] -- Found python_cmake_module: 0.11.1 (/opt/ros/jazzy/share/python_cmake_module/cmake)
[2.253s] -- Found PythonExtra: /usr/bin/python3  
[2.775s] -- Found Python3: /usr/bin/python3 (found version "3.12.3") found components: Interpreter Development NumPy Development.Module Development.Embed 
[2.818s] -- Found ament_lint_auto: 0.17.1 (/opt/ros/jazzy/share/ament_lint_auto/cmake)
[2.856s] -- Added test 'lint_cmake' to check CMake code style
[2.858s] -- Added test 'xmllint' to check XML markup files
[2.863s] -- Configuring done (2.8s)
[2.901s] -- Generating done (0.0s)
[2.915s] -- Build files have been written to: /home/mojiu/ros2_ws/build/robot_control_interfaces
[2.921s] Invoked command in '/home/mojiu/ros2_ws/build/robot_control_interfaces' returned '0': CMAKE_PREFIX_PATH=${CMAKE_PREFIX_PATH}:/opt/ros/jazzy DEBUGINFOD_URLS=https://debuginfod.ubuntu.com /usr/bin/cmake /home/mojiu/ros2_ws/src/robot_control_interfaces -DCMAKE_INSTALL_PREFIX=/home/mojiu/ros2_ws/install/robot_control_interfaces
[2.923s] Invoking command in '/home/mojiu/ros2_ws/build/robot_control_interfaces': CMAKE_PREFIX_PATH=${CMAKE_PREFIX_PATH}:/opt/ros/jazzy DEBUGINFOD_URLS=https://debuginfod.ubuntu.com /usr/bin/cmake --build /home/mojiu/ros2_ws/build/robot_control_interfaces -- -j8 -l8
[2.975s] [  2%] [34m[1mGenerating type hashes for ROS interfaces[0m
[2.983s] [  2%] Built target ament_cmake_python_copy_robot_control_interfaces
[3.218s] [  2%] Built target robot_control_interfaces__rosidl_generator_type_description
[3.229s] [  5%] [34m[1mGenerating C code for ROS interfaces[0m
[3.229s] running egg_info
[3.231s] creating robot_control_interfaces.egg-info
[3.240s] [  8%] [34m[1mGenerating C++ code for ROS interfaces[0m
[3.254s] writing robot_control_interfaces.egg-info/PKG-INFO
[3.254s] writing dependency_links to robot_control_interfaces.egg-info/dependency_links.txt
[3.255s] writing top-level names to robot_control_interfaces.egg-info/top_level.txt
[3.255s] writing manifest file 'robot_control_interfaces.egg-info/SOURCES.txt'
[3.319s] reading manifest file 'robot_control_interfaces.egg-info/SOURCES.txt'
[3.319s] writing manifest file 'robot_control_interfaces.egg-info/SOURCES.txt'
[3.350s] [  8%] Built target ament_cmake_python_build_robot_control_interfaces_egg
[3.718s] [  8%] Built target robot_control_interfaces__cpp
[3.759s] [ 17%] [32mBuilding C object CMakeFiles/robot_control_interfaces__rosidl_generator_c.dir/rosidl_generator_c/robot_control_interfaces/action/detail/move_robot__description.c.o[0m
[3.759s] [ 17%] [32mBuilding C object CMakeFiles/robot_control_interfaces__rosidl_generator_c.dir/rosidl_generator_c/robot_control_interfaces/action/detail/move_robot__type_support.c.o[0m
[3.759s] [ 17%] [32mBuilding C object CMakeFiles/robot_control_interfaces__rosidl_generator_c.dir/rosidl_generator_c/robot_control_interfaces/action/detail/move_robot__functions.c.o[0m
[3.931s] [ 20%] [32m[1mLinking C shared library librobot_control_interfaces__rosidl_generator_c.so[0m
[3.970s] [ 20%] Built target robot_control_interfaces__rosidl_generator_c
[3.982s] [ 23%] [34m[1mGenerating C++ type support dispatch for ROS interfaces[0m
[3.982s] [ 26%] [34m[1mGenerating C type support for eProsima Fast-RTPS[0m
[3.984s] [ 29%] [34m[1mGenerating C introspection for ROS interfaces[0m
[3.985s] [ 38%] [34m[1mGenerating C type support dispatch for ROS interfaces[0m
[3.985s] [ 38%] [34m[1mGenerating C++ introspection for ROS interfaces[0m
[3.985s] [ 38%] [34m[1mGenerating C++ type support for eProsima Fast-RTPS[0m
[4.491s] [ 41%] [32mBuilding CXX object CMakeFiles/robot_control_interfaces__rosidl_typesupport_introspection_cpp.dir/rosidl_typesupport_introspection_cpp/robot_control_interfaces/action/detail/move_robot__type_support.cpp.o[0m
[4.531s] [ 44%] [32mBuilding CXX object CMakeFiles/robot_control_interfaces__rosidl_typesupport_cpp.dir/rosidl_typesupport_cpp/robot_control_interfaces/action/move_robot__type_support.cpp.o[0m
[4.543s] [ 47%] [32mBuilding CXX object CMakeFiles/robot_control_interfaces__rosidl_typesupport_c.dir/rosidl_typesupport_c/robot_control_interfaces/action/move_robot__type_support.cpp.o[0m
[4.605s] [ 50%] [32mBuilding C object CMakeFiles/robot_control_interfaces__rosidl_typesupport_introspection_c.dir/rosidl_typesupport_introspection_c/robot_control_interfaces/action/detail/move_robot__type_support.c.o[0m
[4.667s] [ 52%] [32m[1mLinking CXX shared library librobot_control_interfaces__rosidl_typesupport_c.so[0m
[4.724s] [ 55%] [32m[1mLinking C shared library librobot_control_interfaces__rosidl_typesupport_introspection_c.so[0m
[4.743s] [ 55%] Built target robot_control_interfaces__rosidl_typesupport_c
[4.774s] [ 55%] Built target robot_control_interfaces__rosidl_typesupport_introspection_c
[4.841s] [ 58%] [32mBuilding CXX object CMakeFiles/robot_control_interfaces__rosidl_typesupport_fastrtps_cpp.dir/rosidl_typesupport_fastrtps_cpp/robot_control_interfaces/action/detail/dds_fastrtps/move_robot__type_support.cpp.o[0m
[4.960s] [ 61%] [32mBuilding CXX object CMakeFiles/robot_control_interfaces__rosidl_typesupport_fastrtps_c.dir/rosidl_typesupport_fastrtps_c/robot_control_interfaces/action/detail/move_robot__type_support_c.cpp.o[0m
[5.460s] [ 64%] [32m[1mLinking CXX shared library librobot_control_interfaces__rosidl_typesupport_cpp.so[0m
[5.533s] [ 67%] [32m[1mLinking CXX shared library librobot_control_interfaces__rosidl_typesupport_introspection_cpp.so[0m
[5.556s] [ 67%] Built target robot_control_interfaces__rosidl_typesupport_cpp
[5.627s] [ 67%] Built target robot_control_interfaces__rosidl_typesupport_introspection_cpp
[5.724s] [ 70%] [32m[1mLinking CXX shared library librobot_control_interfaces__rosidl_typesupport_fastrtps_c.so[0m
[5.778s] [ 70%] Built target robot_control_interfaces__rosidl_typesupport_fastrtps_c
[6.070s] [ 73%] [32m[1mLinking CXX shared library librobot_control_interfaces__rosidl_typesupport_fastrtps_cpp.so[0m
[6.150s] [ 73%] Built target robot_control_interfaces__rosidl_typesupport_fastrtps_cpp
[6.170s] [ 73%] Built target robot_control_interfaces
[6.191s] [ 76%] [34m[1mGenerating Python code for ROS interfaces[0m
[6.914s] [ 76%] Built target robot_control_interfaces__py
[6.935s] [ 79%] [32mBuilding C object CMakeFiles/robot_control_interfaces__rosidl_generator_py.dir/rosidl_generator_py/robot_control_interfaces/action/_move_robot_s.c.o[0m
[7.177s] [ 82%] [32m[1mLinking C shared library librobot_control_interfaces__rosidl_generator_py.so[0m
[7.224s] [ 82%] Built target robot_control_interfaces__rosidl_generator_py
[7.246s] [ 88%] [32mBuilding C object CMakeFiles/robot_control_interfaces_s__rosidl_typesupport_fastrtps_c.dir/rosidl_generator_py/robot_control_interfaces/_robot_control_interfaces_s.ep.rosidl_typesupport_fastrtps_c.c.o[0m
[7.246s] [ 88%] [32mBuilding C object CMakeFiles/robot_control_interfaces_s__rosidl_typesupport_introspection_c.dir/rosidl_generator_py/robot_control_interfaces/_robot_control_interfaces_s.ep.rosidl_typesupport_introspection_c.c.o[0m
[7.247s] [ 91%] [32mBuilding C object CMakeFiles/robot_control_interfaces_s__rosidl_typesupport_c.dir/rosidl_generator_py/robot_control_interfaces/_robot_control_interfaces_s.ep.rosidl_typesupport_c.c.o[0m
[7.394s] [ 97%] [32m[1mLinking C shared module rosidl_generator_py/robot_control_interfaces/robot_control_interfaces_s__rosidl_typesupport_introspection_c.so[0m
[7.394s] [ 97%] [32m[1mLinking C shared module rosidl_generator_py/robot_control_interfaces/robot_control_interfaces_s__rosidl_typesupport_c.so[0m
[7.402s] [100%] [32m[1mLinking C shared module rosidl_generator_py/robot_control_interfaces/robot_control_interfaces_s__rosidl_typesupport_fastrtps_c.so[0m
[7.429s] [100%] Built target robot_control_interfaces_s__rosidl_typesupport_c
[7.429s] [100%] Built target robot_control_interfaces_s__rosidl_typesupport_introspection_c
[7.439s] [100%] Built target robot_control_interfaces_s__rosidl_typesupport_fastrtps_c
[7.451s] Invoked command in '/home/mojiu/ros2_ws/build/robot_control_interfaces' returned '0': CMAKE_PREFIX_PATH=${CMAKE_PREFIX_PATH}:/opt/ros/jazzy DEBUGINFOD_URLS=https://debuginfod.ubuntu.com /usr/bin/cmake --build /home/mojiu/ros2_ws/build/robot_control_interfaces -- -j8 -l8
[7.461s] Invoking command in '/home/mojiu/ros2_ws/build/robot_control_interfaces': CMAKE_PREFIX_PATH=${CMAKE_PREFIX_PATH}:/opt/ros/jazzy DEBUGINFOD_URLS=https://debuginfod.ubuntu.com /usr/bin/cmake --install /home/mojiu/ros2_ws/build/robot_control_interfaces
[7.470s] -- Install configuration: ""
[7.470s] -- Installing: /home/mojiu/ros2_ws/install/robot_control_interfaces/share/ament_index/resource_index/rosidl_interfaces/robot_control_interfaces
[7.470s] -- Installing: /home/mojiu/ros2_ws/install/robot_control_interfaces/share/robot_control_interfaces/action/MoveRobot.json
[7.470s] -- Installing: /home/mojiu/ros2_ws/install/robot_control_interfaces/include/robot_control_interfaces/robot_control_interfaces
[7.470s] -- Installing: /home/mojiu/ros2_ws/install/robot_control_interfaces/include/robot_control_interfaces/robot_control_interfaces/action
[7.470s] -- Installing: /home/mojiu/ros2_ws/install/robot_control_interfaces/include/robot_control_interfaces/robot_control_interfaces/action/move_robot.h
[7.470s] -- Installing: /home/mojiu/ros2_ws/install/robot_control_interfaces/include/robot_control_interfaces/robot_control_interfaces/action/detail
[7.470s] -- Installing: /home/mojiu/ros2_ws/install/robot_control_interfaces/include/robot_control_interfaces/robot_control_interfaces/action/detail/move_robot__type_support.h
[7.470s] -- Installing: /home/mojiu/ros2_ws/install/robot_control_interfaces/include/robot_control_interfaces/robot_control_interfaces/action/detail/move_robot__type_support.c
[7.471s] -- Installing: /home/mojiu/ros2_ws/install/robot_control_interfaces/include/robot_control_interfaces/robot_control_interfaces/action/detail/move_robot__functions.c
[7.471s] -- Installing: /home/mojiu/ros2_ws/install/robot_control_interfaces/include/robot_control_interfaces/robot_control_interfaces/action/detail/move_robot__functions.h
[7.471s] -- Installing: /home/mojiu/ros2_ws/install/robot_control_interfaces/include/robot_control_interfaces/robot_control_interfaces/action/detail/move_robot__struct.h
[7.471s] -- Installing: /home/mojiu/ros2_ws/install/robot_control_interfaces/include/robot_control_interfaces/robot_control_interfaces/action/detail/move_robot__description.c
[7.471s] -- Installing: /home/mojiu/ros2_ws/install/robot_control_interfaces/include/robot_control_interfaces/robot_control_interfaces/msg
[7.471s] -- Installing: /home/mojiu/ros2_ws/install/robot_control_interfaces/include/robot_control_interfaces/robot_control_interfaces/msg/rosidl_generator_c__visibility_control.h
[7.471s] -- Installing: /home/mojiu/ros2_ws/install/robot_control_interfaces/share/robot_control_interfaces/environment/library_path.sh
[7.471s] -- Installing: /home/mojiu/ros2_ws/install/robot_control_interfaces/share/robot_control_interfaces/environment/library_path.dsv
[7.472s] -- Installing: /home/mojiu/ros2_ws/install/robot_control_interfaces/lib/librobot_control_interfaces__rosidl_generator_c.so
[7.472s] -- Set non-toolchain portion of runtime path of "/home/mojiu/ros2_ws/install/robot_control_interfaces/lib/librobot_control_interfaces__rosidl_generator_c.so" to ""
[7.472s] -- Up-to-date: /home/mojiu/ros2_ws/install/robot_control_interfaces/include/robot_control_interfaces/robot_control_interfaces
[7.472s] -- Up-to-date: /home/mojiu/ros2_ws/install/robot_control_interfaces/include/robot_control_interfaces/robot_control_interfaces/action
[7.473s] -- Up-to-date: /home/mojiu/ros2_ws/install/robot_control_interfaces/include/robot_control_interfaces/robot_control_interfaces/action/detail
[7.473s] -- Installing: /home/mojiu/ros2_ws/install/robot_control_interfaces/include/robot_control_interfaces/robot_control_interfaces/action/detail/move_robot__rosidl_typesupport_fastrtps_c.h
[7.473s] -- Up-to-date: /home/mojiu/ros2_ws/install/robot_control_interfaces/include/robot_control_interfaces/robot_control_interfaces/msg
[7.473s] -- Installing: /home/mojiu/ros2_ws/install/robot_control_interfaces/include/robot_control_interfaces/robot_control_interfaces/msg/rosidl_typesupport_fastrtps_c__visibility_control.h
[7.473s] -- Installing: /home/mojiu/ros2_ws/install/robot_control_interfaces/lib/librobot_control_interfaces__rosidl_typesupport_fastrtps_c.so
[7.473s] -- Set non-toolchain portion of runtime path of "/home/mojiu/ros2_ws/install/robot_control_interfaces/lib/librobot_control_interfaces__rosidl_typesupport_fastrtps_c.so" to ""
[7.473s] -- Up-to-date: /home/mojiu/ros2_ws/install/robot_control_interfaces/include/robot_control_interfaces/robot_control_interfaces
[7.474s] -- Up-to-date: /home/mojiu/ros2_ws/install/robot_control_interfaces/include/robot_control_interfaces/robot_control_interfaces/action
[7.474s] -- Up-to-date: /home/mojiu/ros2_ws/install/robot_control_interfaces/include/robot_control_interfaces/robot_control_interfaces/action/detail
[7.474s] -- Installing: /home/mojiu/ros2_ws/install/robot_control_interfaces/include/robot_control_interfaces/robot_control_interfaces/action/detail/move_robot__type_support.c
[7.474s] -- Installing: /home/mojiu/ros2_ws/install/robot_control_interfaces/include/robot_control_interfaces/robot_control_interfaces/action/detail/move_robot__rosidl_typesupport_introspection_c.h
[7.474s] -- Up-to-date: /home/mojiu/ros2_ws/install/robot_control_interfaces/include/robot_control_interfaces/robot_control_interfaces/msg
[7.474s] -- Installing: /home/mojiu/ros2_ws/install/robot_control_interfaces/include/robot_control_interfaces/robot_control_interfaces/msg/rosidl_typesupport_introspection_c__visibility_control.h
[7.474s] -- Installing: /home/mojiu/ros2_ws/install/robot_control_interfaces/lib/librobot_control_interfaces__rosidl_typesupport_introspection_c.so
[7.475s] -- Set non-toolchain portion of runtime path of "/home/mojiu/ros2_ws/install/robot_control_interfaces/lib/librobot_control_interfaces__rosidl_typesupport_introspection_c.so" to ""
[7.475s] -- Installing: /home/mojiu/ros2_ws/install/robot_control_interfaces/lib/librobot_control_interfaces__rosidl_typesupport_c.so
[7.475s] -- Set non-toolchain portion of runtime path of "/home/mojiu/ros2_ws/install/robot_control_interfaces/lib/librobot_control_interfaces__rosidl_typesupport_c.so" to ""
[7.475s] -- Up-to-date: /home/mojiu/ros2_ws/install/robot_control_interfaces/include/robot_control_interfaces/robot_control_interfaces
[7.475s] -- Up-to-date: /home/mojiu/ros2_ws/install/robot_control_interfaces/include/robot_control_interfaces/robot_control_interfaces/action
[7.475s] -- Installing: /home/mojiu/ros2_ws/install/robot_control_interfaces/include/robot_control_interfaces/robot_control_interfaces/action/move_robot.hpp
[7.475s] -- Up-to-date: /home/mojiu/ros2_ws/install/robot_control_interfaces/include/robot_control_interfaces/robot_control_interfaces/action/detail
[7.476s] -- Installing: /home/mojiu/ros2_ws/install/robot_control_interfaces/include/robot_control_interfaces/robot_control_interfaces/action/detail/move_robot__builder.hpp
[7.476s] -- Installing: /home/mojiu/ros2_ws/install/robot_control_interfaces/include/robot_control_interfaces/robot_control_interfaces/action/detail/move_robot__struct.hpp
[7.476s] -- Installing: /home/mojiu/ros2_ws/install/robot_control_interfaces/include/robot_control_interfaces/robot_control_interfaces/action/detail/move_robot__traits.hpp
[7.476s] -- Installing: /home/mojiu/ros2_ws/install/robot_control_interfaces/include/robot_control_interfaces/robot_control_interfaces/action/detail/move_robot__type_support.hpp
[7.476s] -- Up-to-date: /home/mojiu/ros2_ws/install/robot_control_interfaces/include/robot_control_interfaces/robot_control_interfaces/msg
[7.476s] -- Installing: /home/mojiu/ros2_ws/install/robot_control_interfaces/include/robot_control_interfaces/robot_control_interfaces/msg/rosidl_generator_cpp__visibility_control.hpp
[7.476s] -- Up-to-date: /home/mojiu/ros2_ws/install/robot_control_interfaces/include/robot_control_interfaces/robot_control_interfaces
[7.476s] -- Up-to-date: /home/mojiu/ros2_ws/install/robot_control_interfaces/include/robot_control_interfaces/robot_control_interfaces/action
[7.476s] -- Up-to-date: /home/mojiu/ros2_ws/install/robot_control_interfaces/include/robot_control_interfaces/robot_control_interfaces/action/detail
[7.477s] -- Installing: /home/mojiu/ros2_ws/install/robot_control_interfaces/include/robot_control_interfaces/robot_control_interfaces/action/detail/dds_fastrtps
[7.477s] -- Installing: /home/mojiu/ros2_ws/install/robot_control_interfaces/include/robot_control_interfaces/robot_control_interfaces/action/detail/move_robot__rosidl_typesupport_fastrtps_cpp.hpp
[7.477s] -- Up-to-date: /home/mojiu/ros2_ws/install/robot_control_interfaces/include/robot_control_interfaces/robot_control_interfaces/msg
[7.477s] -- Installing: /home/mojiu/ros2_ws/install/robot_control_interfaces/include/robot_control_interfaces/robot_control_interfaces/msg/rosidl_typesupport_fastrtps_cpp__visibility_control.h
[7.477s] -- Installing: /home/mojiu/ros2_ws/install/robot_control_interfaces/lib/librobot_control_interfaces__rosidl_typesupport_fastrtps_cpp.so
[7.477s] -- Set non-toolchain portion of runtime path of "/home/mojiu/ros2_ws/install/robot_control_interfaces/lib/librobot_control_interfaces__rosidl_typesupport_fastrtps_cpp.so" to ""
[7.477s] -- Up-to-date: /home/mojiu/ros2_ws/install/robot_control_interfaces/include/robot_control_interfaces/robot_control_interfaces
[7.477s] -- Up-to-date: /home/mojiu/ros2_ws/install/robot_control_interfaces/include/robot_control_interfaces/robot_control_interfaces/action
[7.478s] -- Up-to-date: /home/mojiu/ros2_ws/install/robot_control_interfaces/include/robot_control_interfaces/robot_control_interfaces/action/detail
[7.478s] -- Installing: /home/mojiu/ros2_ws/install/robot_control_interfaces/include/robot_control_interfaces/robot_control_interfaces/action/detail/move_robot__rosidl_typesupport_introspection_cpp.hpp
[7.478s] -- Installing: /home/mojiu/ros2_ws/install/robot_control_interfaces/include/robot_control_interfaces/robot_control_interfaces/action/detail/move_robot__type_support.cpp
[7.478s] -- Installing: /home/mojiu/ros2_ws/install/robot_control_interfaces/lib/librobot_control_interfaces__rosidl_typesupport_introspection_cpp.so
[7.478s] -- Set non-toolchain portion of runtime path of "/home/mojiu/ros2_ws/install/robot_control_interfaces/lib/librobot_control_interfaces__rosidl_typesupport_introspection_cpp.so" to ""
[7.478s] -- Installing: /home/mojiu/ros2_ws/install/robot_control_interfaces/lib/librobot_control_interfaces__rosidl_typesupport_cpp.so
[7.478s] -- Set non-toolchain portion of runtime path of "/home/mojiu/ros2_ws/install/robot_control_interfaces/lib/librobot_control_interfaces__rosidl_typesupport_cpp.so" to ""
[7.478s] -- Installing: /home/mojiu/ros2_ws/install/robot_control_interfaces/share/robot_control_interfaces/environment/pythonpath.sh
[7.478s] -- Installing: /home/mojiu/ros2_ws/install/robot_control_interfaces/share/robot_control_interfaces/environment/pythonpath.dsv
[7.479s] -- Installing: /home/mojiu/ros2_ws/install/robot_control_interfaces/lib/python3.12/site-packages/robot_control_interfaces-0.0.0-py3.12.egg-info
[7.479s] -- Installing: /home/mojiu/ros2_ws/install/robot_control_interfaces/lib/python3.12/site-packages/robot_control_interfaces-0.0.0-py3.12.egg-info/PKG-INFO
[7.479s] -- Installing: /home/mojiu/ros2_ws/install/robot_control_interfaces/lib/python3.12/site-packages/robot_control_interfaces-0.0.0-py3.12.egg-info/SOURCES.txt
[7.479s] -- Installing: /home/mojiu/ros2_ws/install/robot_control_interfaces/lib/python3.12/site-packages/robot_control_interfaces-0.0.0-py3.12.egg-info/top_level.txt
[7.479s] -- Installing: /home/mojiu/ros2_ws/install/robot_control_interfaces/lib/python3.12/site-packages/robot_control_interfaces-0.0.0-py3.12.egg-info/dependency_links.txt
[7.479s] -- Installing: /home/mojiu/ros2_ws/install/robot_control_interfaces/lib/python3.12/site-packages/robot_control_interfaces
[7.479s] -- Installing: /home/mojiu/ros2_ws/install/robot_control_interfaces/lib/python3.12/site-packages/robot_control_interfaces/robot_control_interfaces_s__rosidl_typesupport_fastrtps_c.so
[7.479s] -- Installing: /home/mojiu/ros2_ws/install/robot_control_interfaces/lib/python3.12/site-packages/robot_control_interfaces/action
[7.479s] -- Installing: /home/mojiu/ros2_ws/install/robot_control_interfaces/lib/python3.12/site-packages/robot_control_interfaces/action/_move_robot.py
[7.479s] -- Installing: /home/mojiu/ros2_ws/install/robot_control_interfaces/lib/python3.12/site-packages/robot_control_interfaces/action/_move_robot_s.c
[7.479s] -- Installing: /home/mojiu/ros2_ws/install/robot_control_interfaces/lib/python3.12/site-packages/robot_control_interfaces/action/__init__.py
[7.479s] -- Installing: /home/mojiu/ros2_ws/install/robot_control_interfaces/lib/python3.12/site-packages/robot_control_interfaces/__init__.py
[7.479s] -- Installing: /home/mojiu/ros2_ws/install/robot_control_interfaces/lib/python3.12/site-packages/robot_control_interfaces/_robot_control_interfaces_s.ep.rosidl_typesupport_c.c
[7.480s] -- Installing: /home/mojiu/ros2_ws/install/robot_control_interfaces/lib/python3.12/site-packages/robot_control_interfaces/robot_control_interfaces_s__rosidl_typesupport_c.so
[7.480s] -- Installing: /home/mojiu/ros2_ws/install/robot_control_interfaces/lib/python3.12/site-packages/robot_control_interfaces/_robot_control_interfaces_s.ep.rosidl_typesupport_fastrtps_c.c
[7.480s] -- Installing: /home/mojiu/ros2_ws/install/robot_control_interfaces/lib/python3.12/site-packages/robot_control_interfaces/robot_control_interfaces_s__rosidl_typesupport_introspection_c.so
[7.480s] -- Installing: /home/mojiu/ros2_ws/install/robot_control_interfaces/lib/python3.12/site-packages/robot_control_interfaces/_robot_control_interfaces_s.ep.rosidl_typesupport_introspection_c.c
[7.531s] Listing '/home/mojiu/ros2_ws/install/robot_control_interfaces/lib/python3.12/site-packages/robot_control_interfaces'...
[7.531s] Compiling '/home/mojiu/ros2_ws/install/robot_control_interfaces/lib/python3.12/site-packages/robot_control_interfaces/__init__.py'...
[7.531s] Listing '/home/mojiu/ros2_ws/install/robot_control_interfaces/lib/python3.12/site-packages/robot_control_interfaces/action'...
[7.531s] Compiling '/home/mojiu/ros2_ws/install/robot_control_interfaces/lib/python3.12/site-packages/robot_control_interfaces/action/__init__.py'...
[7.531s] Compiling '/home/mojiu/ros2_ws/install/robot_control_interfaces/lib/python3.12/site-packages/robot_control_interfaces/action/_move_robot.py'...
[7.536s] -- Installing: /home/mojiu/ros2_ws/install/robot_control_interfaces/lib/python3.12/site-packages/robot_control_interfaces/robot_control_interfaces_s__rosidl_typesupport_fastrtps_c.so
[7.536s] -- Set non-toolchain portion of runtime path of "/home/mojiu/ros2_ws/install/robot_control_interfaces/lib/python3.12/site-packages/robot_control_interfaces/robot_control_interfaces_s__rosidl_typesupport_fastrtps_c.so" to ""
[7.537s] -- Installing: /home/mojiu/ros2_ws/install/robot_control_interfaces/lib/python3.12/site-packages/robot_control_interfaces/robot_control_interfaces_s__rosidl_typesupport_introspection_c.so
[7.537s] -- Set non-toolchain portion of runtime path of "/home/mojiu/ros2_ws/install/robot_control_interfaces/lib/python3.12/site-packages/robot_control_interfaces/robot_control_interfaces_s__rosidl_typesupport_introspection_c.so" to ""
[7.537s] -- Installing: /home/mojiu/ros2_ws/install/robot_control_interfaces/lib/python3.12/site-packages/robot_control_interfaces/robot_control_interfaces_s__rosidl_typesupport_c.so
[7.538s] -- Set non-toolchain portion of runtime path of "/home/mojiu/ros2_ws/install/robot_control_interfaces/lib/python3.12/site-packages/robot_control_interfaces/robot_control_interfaces_s__rosidl_typesupport_c.so" to ""
[7.538s] -- Installing: /home/mojiu/ros2_ws/install/robot_control_interfaces/lib/librobot_control_interfaces__rosidl_generator_py.so
[7.538s] -- Set non-toolchain portion of runtime path of "/home/mojiu/ros2_ws/install/robot_control_interfaces/lib/librobot_control_interfaces__rosidl_generator_py.so" to ""
[7.538s] -- Installing: /home/mojiu/ros2_ws/install/robot_control_interfaces/share/robot_control_interfaces/action/MoveRobot.idl
[7.539s] -- Installing: /home/mojiu/ros2_ws/install/robot_control_interfaces/share/robot_control_interfaces/action/MoveRobot.action
[7.539s] -- Installing: /home/mojiu/ros2_ws/install/robot_control_interfaces/share/ament_index/resource_index/package_run_dependencies/robot_control_interfaces
[7.539s] -- Installing: /home/mojiu/ros2_ws/install/robot_control_interfaces/share/ament_index/resource_index/parent_prefix_path/robot_control_interfaces
[7.539s] -- Installing: /home/mojiu/ros2_ws/install/robot_control_interfaces/share/robot_control_interfaces/environment/ament_prefix_path.sh
[7.539s] -- Installing: /home/mojiu/ros2_ws/install/robot_control_interfaces/share/robot_control_interfaces/environment/ament_prefix_path.dsv
[7.539s] -- Installing: /home/mojiu/ros2_ws/install/robot_control_interfaces/share/robot_control_interfaces/environment/path.sh
[7.540s] -- Installing: /home/mojiu/ros2_ws/install/robot_control_interfaces/share/robot_control_interfaces/environment/path.dsv
[7.540s] -- Installing: /home/mojiu/ros2_ws/install/robot_control_interfaces/share/robot_control_interfaces/local_setup.bash
[7.540s] -- Installing: /home/mojiu/ros2_ws/install/robot_control_interfaces/share/robot_control_interfaces/local_setup.sh
[7.540s] -- Installing: /home/mojiu/ros2_ws/install/robot_control_interfaces/share/robot_control_interfaces/local_setup.zsh
[7.540s] -- Installing: /home/mojiu/ros2_ws/install/robot_control_interfaces/share/robot_control_interfaces/local_setup.dsv
[7.540s] -- Installing: /home/mojiu/ros2_ws/install/robot_control_interfaces/share/robot_control_interfaces/package.dsv
[7.540s] -- Installing: /home/mojiu/ros2_ws/install/robot_control_interfaces/share/ament_index/resource_index/packages/robot_control_interfaces
[7.541s] -- Installing: /home/mojiu/ros2_ws/install/robot_control_interfaces/share/robot_control_interfaces/cmake/export_robot_control_interfaces__rosidl_generator_cExport.cmake
[7.541s] -- Installing: /home/mojiu/ros2_ws/install/robot_control_interfaces/share/robot_control_interfaces/cmake/export_robot_control_interfaces__rosidl_generator_cExport-noconfig.cmake
[7.541s] -- Installing: /home/mojiu/ros2_ws/install/robot_control_interfaces/share/robot_control_interfaces/cmake/export_robot_control_interfaces__rosidl_typesupport_fastrtps_cExport.cmake
[7.541s] -- Installing: /home/mojiu/ros2_ws/install/robot_control_interfaces/share/robot_control_interfaces/cmake/export_robot_control_interfaces__rosidl_typesupport_fastrtps_cExport-noconfig.cmake
[7.541s] -- Installing: /home/mojiu/ros2_ws/install/robot_control_interfaces/share/robot_control_interfaces/cmake/robot_control_interfaces__rosidl_typesupport_introspection_cExport.cmake
[7.541s] -- Installing: /home/mojiu/ros2_ws/install/robot_control_interfaces/share/robot_control_interfaces/cmake/robot_control_interfaces__rosidl_typesupport_introspection_cExport-noconfig.cmake
[7.542s] -- Installing: /home/mojiu/ros2_ws/install/robot_control_interfaces/share/robot_control_interfaces/cmake/robot_control_interfaces__rosidl_typesupport_cExport.cmake
[7.542s] -- Installing: /home/mojiu/ros2_ws/install/robot_control_interfaces/share/robot_control_interfaces/cmake/robot_control_interfaces__rosidl_typesupport_cExport-noconfig.cmake
[7.542s] -- Installing: /home/mojiu/ros2_ws/install/robot_control_interfaces/share/robot_control_interfaces/cmake/export_robot_control_interfaces__rosidl_generator_cppExport.cmake
[7.542s] -- Installing: /home/mojiu/ros2_ws/install/robot_control_interfaces/share/robot_control_interfaces/cmake/export_robot_control_interfaces__rosidl_typesupport_fastrtps_cppExport.cmake
[7.542s] -- Installing: /home/mojiu/ros2_ws/install/robot_control_interfaces/share/robot_control_interfaces/cmake/export_robot_control_interfaces__rosidl_typesupport_fastrtps_cppExport-noconfig.cmake
[7.542s] -- Installing: /home/mojiu/ros2_ws/install/robot_control_interfaces/share/robot_control_interfaces/cmake/robot_control_interfaces__rosidl_typesupport_introspection_cppExport.cmake
[7.542s] -- Installing: /home/mojiu/ros2_ws/install/robot_control_interfaces/share/robot_control_interfaces/cmake/robot_control_interfaces__rosidl_typesupport_introspection_cppExport-noconfig.cmake
[7.542s] -- Installing: /home/mojiu/ros2_ws/install/robot_control_interfaces/share/robot_control_interfaces/cmake/robot_control_interfaces__rosidl_typesupport_cppExport.cmake
[7.543s] -- Installing: /home/mojiu/ros2_ws/install/robot_control_interfaces/share/robot_control_interfaces/cmake/robot_control_interfaces__rosidl_typesupport_cppExport-noconfig.cmake
[7.543s] -- Installing: /home/mojiu/ros2_ws/install/robot_control_interfaces/share/robot_control_interfaces/cmake/export_robot_control_interfaces__rosidl_generator_pyExport.cmake
[7.543s] -- Installing: /home/mojiu/ros2_ws/install/robot_control_interfaces/share/robot_control_interfaces/cmake/export_robot_control_interfaces__rosidl_generator_pyExport-noconfig.cmake
[7.543s] -- Installing: /home/mojiu/ros2_ws/install/robot_control_interfaces/share/robot_control_interfaces/cmake/rosidl_cmake-extras.cmake
[7.543s] -- Installing: /home/mojiu/ros2_ws/install/robot_control_interfaces/share/robot_control_interfaces/cmake/ament_cmake_export_dependencies-extras.cmake
[7.543s] -- Installing: /home/mojiu/ros2_ws/install/robot_control_interfaces/share/robot_control_interfaces/cmake/ament_cmake_export_include_directories-extras.cmake
[7.543s] -- Installing: /home/mojiu/ros2_ws/install/robot_control_interfaces/share/robot_control_interfaces/cmake/ament_cmake_export_libraries-extras.cmake
[7.544s] -- Installing: /home/mojiu/ros2_ws/install/robot_control_interfaces/share/robot_control_interfaces/cmake/ament_cmake_export_targets-extras.cmake
[7.544s] -- Installing: /home/mojiu/ros2_ws/install/robot_control_interfaces/share/robot_control_interfaces/cmake/rosidl_cmake_export_typesupport_targets-extras.cmake
[7.544s] -- Installing: /home/mojiu/ros2_ws/install/robot_control_interfaces/share/robot_control_interfaces/cmake/rosidl_cmake_export_typesupport_libraries-extras.cmake
[7.544s] -- Installing: /home/mojiu/ros2_ws/install/robot_control_interfaces/share/robot_control_interfaces/cmake/robot_control_interfacesConfig.cmake
[7.544s] -- Installing: /home/mojiu/ros2_ws/install/robot_control_interfaces/share/robot_control_interfaces/cmake/robot_control_interfacesConfig-version.cmake
[7.544s] -- Installing: /home/mojiu/ros2_ws/install/robot_control_interfaces/share/robot_control_interfaces/package.xml
[7.547s] Invoked command in '/home/mojiu/ros2_ws/build/robot_control_interfaces' returned '0': CMAKE_PREFIX_PATH=${CMAKE_PREFIX_PATH}:/opt/ros/jazzy DEBUGINFOD_URLS=https://debuginfod.ubuntu.com /usr/bin/cmake --install /home/mojiu/ros2_ws/build/robot_control_interfaces
