[0.033s] Invoking command in '/home/mojiu/ros2_ws/build/more_interfaces': CMAKE_PREFIX_PATH=${CMAKE_PREFIX_PATH}:/opt/ros/jazzy DEBUGINFOD_URLS=https://debuginfod.ubuntu.com /usr/bin/cmake --build /home/mojiu/ros2_ws/build/more_interfaces -- -j8 -l8
[0.125s] [  2%] Built target more_interfaces__rosidl_generator_type_description
[0.155s] [  2%] Built target ament_cmake_python_copy_more_interfaces
[0.174s] [  5%] Built target more_interfaces__cpp
[0.183s] [ 19%] Built target more_interfaces__rosidl_generator_c
[0.276s] [ 33%] Built target more_interfaces__rosidl_typesupport_fastrtps_c
[0.282s] [ 36%] Built target more_interfaces__rosidl_typesupport_cpp
[0.301s] [ 44%] Built target more_interfaces__rosidl_typesupport_introspection_c
[0.301s] [ 52%] Built target more_interfaces__rosidl_typesupport_introspection_cpp
[0.315s] [ 61%] Built target more_interfaces__rosidl_typesupport_c
[0.323s] [ 69%] Built target more_interfaces__rosidl_typesupport_fastrtps_cpp
[0.343s] [ 75%] Built target publish_address_book
[0.368s] [ 75%] Built target more_interfaces
[0.411s] [ 77%] Built target more_interfaces__py
[0.469s] [ 83%] Built target more_interfaces__rosidl_generator_py
[0.527s] [ 88%] Built target more_interfaces_s__rosidl_typesupport_fastrtps_c
[0.537s] [ 94%] Built target more_interfaces_s__rosidl_typesupport_c
[0.543s] [100%] Built target more_interfaces_s__rosidl_typesupport_introspection_c
[0.749s] running egg_info
[0.783s] writing more_interfaces.egg-info/PKG-INFO
[0.784s] writing dependency_links to more_interfaces.egg-info/dependency_links.txt
[0.785s] writing top-level names to more_interfaces.egg-info/top_level.txt
[0.888s] reading manifest file 'more_interfaces.egg-info/SOURCES.txt'
[0.889s] writing manifest file 'more_interfaces.egg-info/SOURCES.txt'
[0.933s] [100%] Built target ament_cmake_python_build_more_interfaces_egg
[0.951s] Invoked command in '/home/mojiu/ros2_ws/build/more_interfaces' returned '0': CMAKE_PREFIX_PATH=${CMAKE_PREFIX_PATH}:/opt/ros/jazzy DEBUGINFOD_URLS=https://debuginfod.ubuntu.com /usr/bin/cmake --build /home/mojiu/ros2_ws/build/more_interfaces -- -j8 -l8
[1.041s] Invoking command in '/home/mojiu/ros2_ws/build/more_interfaces': CMAKE_PREFIX_PATH=${CMAKE_PREFIX_PATH}:/opt/ros/jazzy DEBUGINFOD_URLS=https://debuginfod.ubuntu.com /usr/bin/cmake --install /home/mojiu/ros2_ws/build/more_interfaces
[1.049s] -- Install configuration: ""
[1.049s] -- Up-to-date: /home/mojiu/ros2_ws/install/more_interfaces/share/ament_index/resource_index/rosidl_interfaces/more_interfaces
[1.049s] -- Up-to-date: /home/mojiu/ros2_ws/install/more_interfaces/share/more_interfaces/msg/AddressBook.json
[1.049s] -- Up-to-date: /home/mojiu/ros2_ws/install/more_interfaces/include/more_interfaces/more_interfaces
[1.049s] -- Up-to-date: /home/mojiu/ros2_ws/install/more_interfaces/include/more_interfaces/more_interfaces/msg
[1.050s] -- Up-to-date: /home/mojiu/ros2_ws/install/more_interfaces/include/more_interfaces/more_interfaces/msg/detail
[1.050s] -- Up-to-date: /home/mojiu/ros2_ws/install/more_interfaces/include/more_interfaces/more_interfaces/msg/detail/address_book__type_support.h
[1.050s] -- Up-to-date: /home/mojiu/ros2_ws/install/more_interfaces/include/more_interfaces/more_interfaces/msg/detail/address_book__struct.h
[1.050s] -- Up-to-date: /home/mojiu/ros2_ws/install/more_interfaces/include/more_interfaces/more_interfaces/msg/detail/address_book__description.c
[1.050s] -- Up-to-date: /home/mojiu/ros2_ws/install/more_interfaces/include/more_interfaces/more_interfaces/msg/detail/address_book__functions.c
[1.050s] -- Up-to-date: /home/mojiu/ros2_ws/install/more_interfaces/include/more_interfaces/more_interfaces/msg/detail/address_book__functions.h
[1.051s] -- Installing: /home/mojiu/ros2_ws/install/more_interfaces/include/more_interfaces/more_interfaces/msg/detail/address_book__type_support.c
[1.051s] -- Up-to-date: /home/mojiu/ros2_ws/install/more_interfaces/include/more_interfaces/more_interfaces/msg/address_book.h
[1.051s] -- Up-to-date: /home/mojiu/ros2_ws/install/more_interfaces/include/more_interfaces/more_interfaces/msg/rosidl_generator_c__visibility_control.h
[1.051s] -- Up-to-date: /home/mojiu/ros2_ws/install/more_interfaces/share/more_interfaces/environment/library_path.sh
[1.054s] -- Up-to-date: /home/mojiu/ros2_ws/install/more_interfaces/share/more_interfaces/environment/library_path.dsv
[1.054s] -- Up-to-date: /home/mojiu/ros2_ws/install/more_interfaces/lib/libmore_interfaces__rosidl_generator_c.so
[1.055s] -- Up-to-date: /home/mojiu/ros2_ws/install/more_interfaces/include/more_interfaces/more_interfaces
[1.055s] -- Up-to-date: /home/mojiu/ros2_ws/install/more_interfaces/include/more_interfaces/more_interfaces/msg
[1.055s] -- Up-to-date: /home/mojiu/ros2_ws/install/more_interfaces/include/more_interfaces/more_interfaces/msg/rosidl_typesupport_fastrtps_c__visibility_control.h
[1.055s] -- Up-to-date: /home/mojiu/ros2_ws/install/more_interfaces/include/more_interfaces/more_interfaces/msg/detail
[1.055s] -- Up-to-date: /home/mojiu/ros2_ws/install/more_interfaces/include/more_interfaces/more_interfaces/msg/detail/address_book__rosidl_typesupport_fastrtps_c.h
[1.055s] -- Up-to-date: /home/mojiu/ros2_ws/install/more_interfaces/lib/libmore_interfaces__rosidl_typesupport_fastrtps_c.so
[1.056s] -- Up-to-date: /home/mojiu/ros2_ws/install/more_interfaces/include/more_interfaces/more_interfaces
[1.056s] -- Up-to-date: /home/mojiu/ros2_ws/install/more_interfaces/include/more_interfaces/more_interfaces/msg
[1.056s] -- Up-to-date: /home/mojiu/ros2_ws/install/more_interfaces/include/more_interfaces/more_interfaces/msg/detail
[1.056s] -- Up-to-date: /home/mojiu/ros2_ws/install/more_interfaces/include/more_interfaces/more_interfaces/msg/detail/address_book__rosidl_typesupport_introspection_c.h
[1.057s] -- Installing: /home/mojiu/ros2_ws/install/more_interfaces/include/more_interfaces/more_interfaces/msg/detail/address_book__type_support.c
[1.058s] -- Up-to-date: /home/mojiu/ros2_ws/install/more_interfaces/include/more_interfaces/more_interfaces/msg/rosidl_typesupport_introspection_c__visibility_control.h
[1.058s] -- Up-to-date: /home/mojiu/ros2_ws/install/more_interfaces/lib/libmore_interfaces__rosidl_typesupport_introspection_c.so
[1.058s] -- Up-to-date: /home/mojiu/ros2_ws/install/more_interfaces/lib/libmore_interfaces__rosidl_typesupport_c.so
[1.058s] -- Up-to-date: /home/mojiu/ros2_ws/install/more_interfaces/include/more_interfaces/more_interfaces
[1.058s] -- Up-to-date: /home/mojiu/ros2_ws/install/more_interfaces/include/more_interfaces/more_interfaces/msg
[1.059s] -- Up-to-date: /home/mojiu/ros2_ws/install/more_interfaces/include/more_interfaces/more_interfaces/msg/detail
[1.059s] -- Up-to-date: /home/mojiu/ros2_ws/install/more_interfaces/include/more_interfaces/more_interfaces/msg/detail/address_book__builder.hpp
[1.060s] -- Up-to-date: /home/mojiu/ros2_ws/install/more_interfaces/include/more_interfaces/more_interfaces/msg/detail/address_book__traits.hpp
[1.060s] -- Up-to-date: /home/mojiu/ros2_ws/install/more_interfaces/include/more_interfaces/more_interfaces/msg/detail/address_book__type_support.hpp
[1.060s] -- Up-to-date: /home/mojiu/ros2_ws/install/more_interfaces/include/more_interfaces/more_interfaces/msg/detail/address_book__struct.hpp
[1.060s] -- Up-to-date: /home/mojiu/ros2_ws/install/more_interfaces/include/more_interfaces/more_interfaces/msg/rosidl_generator_cpp__visibility_control.hpp
[1.060s] -- Up-to-date: /home/mojiu/ros2_ws/install/more_interfaces/include/more_interfaces/more_interfaces/msg/address_book.hpp
[1.061s] -- Up-to-date: /home/mojiu/ros2_ws/install/more_interfaces/include/more_interfaces/more_interfaces
[1.061s] -- Up-to-date: /home/mojiu/ros2_ws/install/more_interfaces/include/more_interfaces/more_interfaces/msg
[1.061s] -- Up-to-date: /home/mojiu/ros2_ws/install/more_interfaces/include/more_interfaces/more_interfaces/msg/detail
[1.061s] -- Up-to-date: /home/mojiu/ros2_ws/install/more_interfaces/include/more_interfaces/more_interfaces/msg/detail/dds_fastrtps
[1.061s] -- Up-to-date: /home/mojiu/ros2_ws/install/more_interfaces/include/more_interfaces/more_interfaces/msg/detail/address_book__rosidl_typesupport_fastrtps_cpp.hpp
[1.061s] -- Up-to-date: /home/mojiu/ros2_ws/install/more_interfaces/include/more_interfaces/more_interfaces/msg/rosidl_typesupport_fastrtps_cpp__visibility_control.h
[1.062s] -- Up-to-date: /home/mojiu/ros2_ws/install/more_interfaces/lib/libmore_interfaces__rosidl_typesupport_fastrtps_cpp.so
[1.062s] -- Up-to-date: /home/mojiu/ros2_ws/install/more_interfaces/include/more_interfaces/more_interfaces
[1.062s] -- Up-to-date: /home/mojiu/ros2_ws/install/more_interfaces/include/more_interfaces/more_interfaces/msg
[1.062s] -- Up-to-date: /home/mojiu/ros2_ws/install/more_interfaces/include/more_interfaces/more_interfaces/msg/detail
[1.065s] -- Up-to-date: /home/mojiu/ros2_ws/install/more_interfaces/include/more_interfaces/more_interfaces/msg/detail/address_book__rosidl_typesupport_introspection_cpp.hpp
[1.066s] -- Up-to-date: /home/mojiu/ros2_ws/install/more_interfaces/include/more_interfaces/more_interfaces/msg/detail/address_book__type_support.cpp
[1.066s] -- Up-to-date: /home/mojiu/ros2_ws/install/more_interfaces/lib/libmore_interfaces__rosidl_typesupport_introspection_cpp.so
[1.066s] -- Up-to-date: /home/mojiu/ros2_ws/install/more_interfaces/lib/libmore_interfaces__rosidl_typesupport_cpp.so
[1.066s] -- Up-to-date: /home/mojiu/ros2_ws/install/more_interfaces/share/more_interfaces/environment/pythonpath.sh
[1.066s] -- Up-to-date: /home/mojiu/ros2_ws/install/more_interfaces/share/more_interfaces/environment/pythonpath.dsv
[1.067s] -- Up-to-date: /home/mojiu/ros2_ws/install/more_interfaces/lib/python3.12/site-packages/more_interfaces-0.0.0-py3.12.egg-info
[1.067s] -- Installing: /home/mojiu/ros2_ws/install/more_interfaces/lib/python3.12/site-packages/more_interfaces-0.0.0-py3.12.egg-info/PKG-INFO
[1.067s] -- Installing: /home/mojiu/ros2_ws/install/more_interfaces/lib/python3.12/site-packages/more_interfaces-0.0.0-py3.12.egg-info/SOURCES.txt
[1.067s] -- Installing: /home/mojiu/ros2_ws/install/more_interfaces/lib/python3.12/site-packages/more_interfaces-0.0.0-py3.12.egg-info/top_level.txt
[1.067s] -- Installing: /home/mojiu/ros2_ws/install/more_interfaces/lib/python3.12/site-packages/more_interfaces-0.0.0-py3.12.egg-info/dependency_links.txt
[1.067s] -- Up-to-date: /home/mojiu/ros2_ws/install/more_interfaces/lib/python3.12/site-packages/more_interfaces
[1.068s] -- Up-to-date: /home/mojiu/ros2_ws/install/more_interfaces/lib/python3.12/site-packages/more_interfaces/_more_interfaces_s.ep.rosidl_typesupport_fastrtps_c.c
[1.068s] -- Up-to-date: /home/mojiu/ros2_ws/install/more_interfaces/lib/python3.12/site-packages/more_interfaces/__init__.py
[1.068s] -- Up-to-date: /home/mojiu/ros2_ws/install/more_interfaces/lib/python3.12/site-packages/more_interfaces/_more_interfaces_s.ep.rosidl_typesupport_introspection_c.c
[1.068s] -- Up-to-date: /home/mojiu/ros2_ws/install/more_interfaces/lib/python3.12/site-packages/more_interfaces/more_interfaces_s__rosidl_typesupport_c.so
[1.068s] -- Up-to-date: /home/mojiu/ros2_ws/install/more_interfaces/lib/python3.12/site-packages/more_interfaces/more_interfaces_s__rosidl_typesupport_introspection_c.so
[1.068s] -- Up-to-date: /home/mojiu/ros2_ws/install/more_interfaces/lib/python3.12/site-packages/more_interfaces/more_interfaces_s__rosidl_typesupport_fastrtps_c.so
[1.072s] -- Up-to-date: /home/mojiu/ros2_ws/install/more_interfaces/lib/python3.12/site-packages/more_interfaces/_more_interfaces_s.ep.rosidl_typesupport_c.c
[1.072s] -- Up-to-date: /home/mojiu/ros2_ws/install/more_interfaces/lib/python3.12/site-packages/more_interfaces/msg
[1.072s] -- Up-to-date: /home/mojiu/ros2_ws/install/more_interfaces/lib/python3.12/site-packages/more_interfaces/msg/_address_book_s.c
[1.072s] -- Up-to-date: /home/mojiu/ros2_ws/install/more_interfaces/lib/python3.12/site-packages/more_interfaces/msg/_address_book.py
[1.073s] -- Up-to-date: /home/mojiu/ros2_ws/install/more_interfaces/lib/python3.12/site-packages/more_interfaces/msg/__init__.py
[1.120s] Listing '/home/mojiu/ros2_ws/install/more_interfaces/lib/python3.12/site-packages/more_interfaces'...
[1.120s] Listing '/home/mojiu/ros2_ws/install/more_interfaces/lib/python3.12/site-packages/more_interfaces/msg'...
[1.136s] -- Up-to-date: /home/mojiu/ros2_ws/install/more_interfaces/lib/python3.12/site-packages/more_interfaces/more_interfaces_s__rosidl_typesupport_fastrtps_c.so
[1.142s] -- Up-to-date: /home/mojiu/ros2_ws/install/more_interfaces/lib/python3.12/site-packages/more_interfaces/more_interfaces_s__rosidl_typesupport_introspection_c.so
[1.144s] -- Up-to-date: /home/mojiu/ros2_ws/install/more_interfaces/lib/python3.12/site-packages/more_interfaces/more_interfaces_s__rosidl_typesupport_c.so
[1.146s] -- Up-to-date: /home/mojiu/ros2_ws/install/more_interfaces/lib/libmore_interfaces__rosidl_generator_py.so
[1.147s] -- Up-to-date: /home/mojiu/ros2_ws/install/more_interfaces/share/more_interfaces/msg/AddressBook.idl
[1.147s] -- Up-to-date: /home/mojiu/ros2_ws/install/more_interfaces/share/more_interfaces/msg/AddressBook.msg
[1.151s] -- Up-to-date: /home/mojiu/ros2_ws/install/more_interfaces/lib/more_interfaces/publish_address_book
[1.151s] -- Up-to-date: /home/mojiu/ros2_ws/install/more_interfaces/share/ament_index/resource_index/package_run_dependencies/more_interfaces
[1.152s] -- Up-to-date: /home/mojiu/ros2_ws/install/more_interfaces/share/ament_index/resource_index/parent_prefix_path/more_interfaces
[1.152s] -- Up-to-date: /home/mojiu/ros2_ws/install/more_interfaces/share/more_interfaces/environment/ament_prefix_path.sh
[1.152s] -- Up-to-date: /home/mojiu/ros2_ws/install/more_interfaces/share/more_interfaces/environment/ament_prefix_path.dsv
[1.152s] -- Up-to-date: /home/mojiu/ros2_ws/install/more_interfaces/share/more_interfaces/environment/path.sh
[1.153s] -- Up-to-date: /home/mojiu/ros2_ws/install/more_interfaces/share/more_interfaces/environment/path.dsv
[1.153s] -- Up-to-date: /home/mojiu/ros2_ws/install/more_interfaces/share/more_interfaces/local_setup.bash
[1.154s] -- Up-to-date: /home/mojiu/ros2_ws/install/more_interfaces/share/more_interfaces/local_setup.sh
[1.154s] -- Up-to-date: /home/mojiu/ros2_ws/install/more_interfaces/share/more_interfaces/local_setup.zsh
[1.156s] -- Up-to-date: /home/mojiu/ros2_ws/install/more_interfaces/share/more_interfaces/local_setup.dsv
[1.157s] -- Installing: /home/mojiu/ros2_ws/install/more_interfaces/share/more_interfaces/package.dsv
[1.159s] -- Up-to-date: /home/mojiu/ros2_ws/install/more_interfaces/share/ament_index/resource_index/packages/more_interfaces
[1.159s] -- Up-to-date: /home/mojiu/ros2_ws/install/more_interfaces/share/more_interfaces/cmake/export_more_interfaces__rosidl_generator_cExport.cmake
[1.160s] -- Up-to-date: /home/mojiu/ros2_ws/install/more_interfaces/share/more_interfaces/cmake/export_more_interfaces__rosidl_generator_cExport-noconfig.cmake
[1.160s] -- Up-to-date: /home/mojiu/ros2_ws/install/more_interfaces/share/more_interfaces/cmake/export_more_interfaces__rosidl_typesupport_fastrtps_cExport.cmake
[1.160s] -- Up-to-date: /home/mojiu/ros2_ws/install/more_interfaces/share/more_interfaces/cmake/export_more_interfaces__rosidl_typesupport_fastrtps_cExport-noconfig.cmake
[1.161s] -- Up-to-date: /home/mojiu/ros2_ws/install/more_interfaces/share/more_interfaces/cmake/more_interfaces__rosidl_typesupport_introspection_cExport.cmake
[1.161s] -- Up-to-date: /home/mojiu/ros2_ws/install/more_interfaces/share/more_interfaces/cmake/more_interfaces__rosidl_typesupport_introspection_cExport-noconfig.cmake
[1.162s] -- Up-to-date: /home/mojiu/ros2_ws/install/more_interfaces/share/more_interfaces/cmake/more_interfaces__rosidl_typesupport_cExport.cmake
[1.163s] -- Up-to-date: /home/mojiu/ros2_ws/install/more_interfaces/share/more_interfaces/cmake/more_interfaces__rosidl_typesupport_cExport-noconfig.cmake
[1.163s] -- Up-to-date: /home/mojiu/ros2_ws/install/more_interfaces/share/more_interfaces/cmake/export_more_interfaces__rosidl_generator_cppExport.cmake
[1.164s] -- Up-to-date: /home/mojiu/ros2_ws/install/more_interfaces/share/more_interfaces/cmake/export_more_interfaces__rosidl_typesupport_fastrtps_cppExport.cmake
[1.165s] -- Up-to-date: /home/mojiu/ros2_ws/install/more_interfaces/share/more_interfaces/cmake/export_more_interfaces__rosidl_typesupport_fastrtps_cppExport-noconfig.cmake
[1.166s] -- Up-to-date: /home/mojiu/ros2_ws/install/more_interfaces/share/more_interfaces/cmake/more_interfaces__rosidl_typesupport_introspection_cppExport.cmake
[1.166s] -- Up-to-date: /home/mojiu/ros2_ws/install/more_interfaces/share/more_interfaces/cmake/more_interfaces__rosidl_typesupport_introspection_cppExport-noconfig.cmake
[1.166s] -- Up-to-date: /home/mojiu/ros2_ws/install/more_interfaces/share/more_interfaces/cmake/more_interfaces__rosidl_typesupport_cppExport.cmake
[1.167s] -- Up-to-date: /home/mojiu/ros2_ws/install/more_interfaces/share/more_interfaces/cmake/more_interfaces__rosidl_typesupport_cppExport-noconfig.cmake
[1.167s] -- Up-to-date: /home/mojiu/ros2_ws/install/more_interfaces/share/more_interfaces/cmake/export_more_interfaces__rosidl_generator_pyExport.cmake
[1.167s] -- Up-to-date: /home/mojiu/ros2_ws/install/more_interfaces/share/more_interfaces/cmake/export_more_interfaces__rosidl_generator_pyExport-noconfig.cmake
[1.168s] -- Up-to-date: /home/mojiu/ros2_ws/install/more_interfaces/share/more_interfaces/cmake/rosidl_cmake-extras.cmake
[1.168s] -- Up-to-date: /home/mojiu/ros2_ws/install/more_interfaces/share/more_interfaces/cmake/ament_cmake_export_include_directories-extras.cmake
[1.168s] -- Up-to-date: /home/mojiu/ros2_ws/install/more_interfaces/share/more_interfaces/cmake/ament_cmake_export_libraries-extras.cmake
[1.169s] -- Up-to-date: /home/mojiu/ros2_ws/install/more_interfaces/share/more_interfaces/cmake/ament_cmake_export_targets-extras.cmake
[1.169s] -- Up-to-date: /home/mojiu/ros2_ws/install/more_interfaces/share/more_interfaces/cmake/rosidl_cmake_export_typesupport_targets-extras.cmake
[1.169s] -- Up-to-date: /home/mojiu/ros2_ws/install/more_interfaces/share/more_interfaces/cmake/ament_cmake_export_dependencies-extras.cmake
[1.169s] -- Up-to-date: /home/mojiu/ros2_ws/install/more_interfaces/share/more_interfaces/cmake/rosidl_cmake_export_typesupport_libraries-extras.cmake
[1.170s] -- Up-to-date: /home/mojiu/ros2_ws/install/more_interfaces/share/more_interfaces/cmake/more_interfacesConfig.cmake
[1.178s] -- Up-to-date: /home/mojiu/ros2_ws/install/more_interfaces/share/more_interfaces/cmake/more_interfacesConfig-version.cmake
[1.179s] -- Up-to-date: /home/mojiu/ros2_ws/install/more_interfaces/share/more_interfaces/package.xml
[1.180s] Invoked command in '/home/mojiu/ros2_ws/build/more_interfaces' returned '0': CMAKE_PREFIX_PATH=${CMAKE_PREFIX_PATH}:/opt/ros/jazzy DEBUGINFOD_URLS=https://debuginfod.ubuntu.com /usr/bin/cmake --install /home/mojiu/ros2_ws/build/more_interfaces
