[0.017s] Invoking command in '/home/mojiu/ros2_ws/build/custom_action_cpp': AMENT_PREFIX_PATH=/home/mojiu/ros2_ws/install/custom_action_interfaces:${AMENT_PREFIX_PATH} CMAKE_PREFIX_PATH=/home/mojiu/ros2_ws/install/custom_action_interfaces:/home/mojiu/ros2_ws/install/cpp_srvcli:/home/mojiu/ros2_ws/install/tutorial_interfaces:/home/mojiu/ros2_ws/install/polygon_plugins:/home/mojiu/ros2_ws/install/polygon_base:/home/mojiu/ros2_ws/install/more_interfaces:/home/mojiu/ros2_ws/install/example_topic_rclcpp:/home/mojiu/ros2_ws/install/example_service_rclcpp:/home/mojiu/ros2_ws/install/custom_action_cpp:/home/mojiu/ros2_ws/install/cpp_pubsub:/home/mojiu/ros2_ws/install/cpp_parameters:/opt/ros/jazzy/opt/sdformat_vendor:/opt/ros/jazzy/opt/gz_math_vendor:/opt/ros/jazzy/opt/gz_utils_vendor:/opt/ros/jazzy/opt/gz_tools_vendor:/opt/ros/jazzy/opt/gz_cmake_vendor:/opt/ros/jazzy DEBUGINFOD_URLS=https://debuginfod.ubuntu.com LD_LIBRARY_PATH=/home/mojiu/ros2_ws/install/custom_action_interfaces/lib:/home/mojiu/ros2_ws/install/tutorial_interfaces/lib:/home/mojiu/ros2_ws/install/polygon_plugins/lib:/home/mojiu/ros2_ws/install/more_interfaces/lib:/home/mojiu/ros2_ws/install/custom_action_cpp/lib:/opt/ros/jazzy/opt/sdformat_vendor/lib:/opt/ros/jazzy/opt/rviz_ogre_vendor/lib:/opt/ros/jazzy/lib/x86_64-linux-gnu:/opt/ros/jazzy/opt/gz_math_vendor/lib:/opt/ros/jazzy/opt/gz_utils_vendor/lib:/opt/ros/jazzy/opt/gz_tools_vendor/lib:/opt/ros/jazzy/opt/gz_cmake_vendor/lib:/opt/ros/jazzy/lib PYTHONPATH=/home/mojiu/ros2_ws/install/custom_action_interfaces/lib/python3.12/site-packages:/home/mojiu/ros2_ws/install/tutorial_interfaces/lib/python3.12/site-packages:/home/mojiu/ros2_ws/install/more_interfaces/lib/python3.12/site-packages:/opt/ros/jazzy/lib/python3.12/site-packages /usr/bin/cmake --build /home/mojiu/ros2_ws/build/custom_action_cpp -- -j8 -l8
[0.062s] -- Found ament_cmake: 2.5.2 (/opt/ros/jazzy/share/ament_cmake/cmake)
[0.444s] -- Found custom_action_interfaces: 0.0.0 (/home/mojiu/ros2_ws/install/custom_action_interfaces/share/custom_action_interfaces/cmake)
[0.483s] -- Found rosidl_generator_c: 4.6.4 (/opt/ros/jazzy/share/rosidl_generator_c/cmake)
[0.496s] -- Found rosidl_generator_cpp: 4.6.4 (/opt/ros/jazzy/share/rosidl_generator_cpp/cmake)
[0.518s] -- Using all available rosidl_typesupport_c: rosidl_typesupport_fastrtps_c;rosidl_typesupport_introspection_c
[0.539s] -- Using all available rosidl_typesupport_cpp: rosidl_typesupport_fastrtps_cpp;rosidl_typesupport_introspection_cpp
[0.644s] -- Found rclcpp: 28.1.5 (/opt/ros/jazzy/share/rclcpp/cmake)
[0.719s] -- Found rmw_implementation_cmake: 7.3.1 (/opt/ros/jazzy/share/rmw_implementation_cmake/cmake)
[0.722s] -- Found rmw_fastrtps_cpp: 8.4.1 (/opt/ros/jazzy/share/rmw_fastrtps_cpp/cmake)
[0.837s] -- Using RMW implementation 'rmw_fastrtps_cpp' as default
[0.972s] -- Found rclcpp_action: 28.1.5 (/opt/ros/jazzy/share/rclcpp_action/cmake)
[0.995s] -- Found rclcpp_components: 28.1.5 (/opt/ros/jazzy/share/rclcpp_components/cmake)
[1.058s] -- Found ament_lint_auto: 0.17.1 (/opt/ros/jazzy/share/ament_lint_auto/cmake)
[1.175s] -- Added test 'cppcheck' to perform static code analysis on C / C++ code
[1.175s] -- Configured cppcheck include dirs: $<BUILD_INTERFACE:/home/mojiu/ros2_ws/src/custom_action_cpp/include>
[1.175s] -- Configured cppcheck exclude dirs and/or files: 
[1.176s] -- Added test 'lint_cmake' to check CMake code style
[1.177s] -- Added test 'uncrustify' to check C / C++ code style
[1.177s] -- Configured uncrustify additional arguments: 
[1.177s] -- Added test 'xmllint' to check XML markup files
[1.178s] -- Configuring done (1.1s)
[1.213s] -- Generating done (0.0s)
[1.217s] -- Build files have been written to: /home/mojiu/ros2_ws/build/custom_action_cpp
[1.300s] [ 12%] [32mBuilding CXX object CMakeFiles/fibonacci_action_client.dir/rclcpp_components/node_main_fibonacci_action_client.cpp.o[0m
[1.301s] [ 25%] [32mBuilding CXX object CMakeFiles/action_client.dir/src/fibonacci_action_client.cpp.o[0m
[1.302s] [ 37%] [32mBuilding CXX object CMakeFiles/action_server.dir/src/fibonacci_action_server.cpp.o[0m
[1.308s] [ 50%] [32mBuilding CXX object CMakeFiles/fibonacci_action_server.dir/rclcpp_components/node_main_fibonacci_action_server.cpp.o[0m
[8.638s] [ 62%] [32m[1mLinking CXX executable fibonacci_action_client[0m
[8.883s] [ 62%] Built target fibonacci_action_client
[8.917s] [ 75%] [32m[1mLinking CXX executable fibonacci_action_server[0m
[9.121s] [ 75%] Built target fibonacci_action_server
[10.492s] [ 87%] [32m[1mLinking CXX shared library libaction_server.so[0m
[10.691s] [ 87%] Built target action_server
[11.101s] [100%] [32m[1mLinking CXX shared library libaction_client.so[0m
[11.275s] [100%] Built target action_client
[11.286s] Invoked command in '/home/mojiu/ros2_ws/build/custom_action_cpp' returned '0': AMENT_PREFIX_PATH=/home/mojiu/ros2_ws/install/custom_action_interfaces:${AMENT_PREFIX_PATH} CMAKE_PREFIX_PATH=/home/mojiu/ros2_ws/install/custom_action_interfaces:/home/mojiu/ros2_ws/install/cpp_srvcli:/home/mojiu/ros2_ws/install/tutorial_interfaces:/home/mojiu/ros2_ws/install/polygon_plugins:/home/mojiu/ros2_ws/install/polygon_base:/home/mojiu/ros2_ws/install/more_interfaces:/home/mojiu/ros2_ws/install/example_topic_rclcpp:/home/mojiu/ros2_ws/install/example_service_rclcpp:/home/mojiu/ros2_ws/install/custom_action_cpp:/home/mojiu/ros2_ws/install/cpp_pubsub:/home/mojiu/ros2_ws/install/cpp_parameters:/opt/ros/jazzy/opt/sdformat_vendor:/opt/ros/jazzy/opt/gz_math_vendor:/opt/ros/jazzy/opt/gz_utils_vendor:/opt/ros/jazzy/opt/gz_tools_vendor:/opt/ros/jazzy/opt/gz_cmake_vendor:/opt/ros/jazzy DEBUGINFOD_URLS=https://debuginfod.ubuntu.com LD_LIBRARY_PATH=/home/mojiu/ros2_ws/install/custom_action_interfaces/lib:/home/mojiu/ros2_ws/install/tutorial_interfaces/lib:/home/mojiu/ros2_ws/install/polygon_plugins/lib:/home/mojiu/ros2_ws/install/more_interfaces/lib:/home/mojiu/ros2_ws/install/custom_action_cpp/lib:/opt/ros/jazzy/opt/sdformat_vendor/lib:/opt/ros/jazzy/opt/rviz_ogre_vendor/lib:/opt/ros/jazzy/lib/x86_64-linux-gnu:/opt/ros/jazzy/opt/gz_math_vendor/lib:/opt/ros/jazzy/opt/gz_utils_vendor/lib:/opt/ros/jazzy/opt/gz_tools_vendor/lib:/opt/ros/jazzy/opt/gz_cmake_vendor/lib:/opt/ros/jazzy/lib PYTHONPATH=/home/mojiu/ros2_ws/install/custom_action_interfaces/lib/python3.12/site-packages:/home/mojiu/ros2_ws/install/tutorial_interfaces/lib/python3.12/site-packages:/home/mojiu/ros2_ws/install/more_interfaces/lib/python3.12/site-packages:/opt/ros/jazzy/lib/python3.12/site-packages /usr/bin/cmake --build /home/mojiu/ros2_ws/build/custom_action_cpp -- -j8 -l8
[11.322s] Invoking command in '/home/mojiu/ros2_ws/build/custom_action_cpp': AMENT_PREFIX_PATH=/home/mojiu/ros2_ws/install/custom_action_interfaces:${AMENT_PREFIX_PATH} CMAKE_PREFIX_PATH=/home/mojiu/ros2_ws/install/custom_action_interfaces:/home/mojiu/ros2_ws/install/cpp_srvcli:/home/mojiu/ros2_ws/install/tutorial_interfaces:/home/mojiu/ros2_ws/install/polygon_plugins:/home/mojiu/ros2_ws/install/polygon_base:/home/mojiu/ros2_ws/install/more_interfaces:/home/mojiu/ros2_ws/install/example_topic_rclcpp:/home/mojiu/ros2_ws/install/example_service_rclcpp:/home/mojiu/ros2_ws/install/custom_action_cpp:/home/mojiu/ros2_ws/install/cpp_pubsub:/home/mojiu/ros2_ws/install/cpp_parameters:/opt/ros/jazzy/opt/sdformat_vendor:/opt/ros/jazzy/opt/gz_math_vendor:/opt/ros/jazzy/opt/gz_utils_vendor:/opt/ros/jazzy/opt/gz_tools_vendor:/opt/ros/jazzy/opt/gz_cmake_vendor:/opt/ros/jazzy DEBUGINFOD_URLS=https://debuginfod.ubuntu.com LD_LIBRARY_PATH=/home/mojiu/ros2_ws/install/custom_action_interfaces/lib:/home/mojiu/ros2_ws/install/tutorial_interfaces/lib:/home/mojiu/ros2_ws/install/polygon_plugins/lib:/home/mojiu/ros2_ws/install/more_interfaces/lib:/home/mojiu/ros2_ws/install/custom_action_cpp/lib:/opt/ros/jazzy/opt/sdformat_vendor/lib:/opt/ros/jazzy/opt/rviz_ogre_vendor/lib:/opt/ros/jazzy/lib/x86_64-linux-gnu:/opt/ros/jazzy/opt/gz_math_vendor/lib:/opt/ros/jazzy/opt/gz_utils_vendor/lib:/opt/ros/jazzy/opt/gz_tools_vendor/lib:/opt/ros/jazzy/opt/gz_cmake_vendor/lib:/opt/ros/jazzy/lib PYTHONPATH=/home/mojiu/ros2_ws/install/custom_action_interfaces/lib/python3.12/site-packages:/home/mojiu/ros2_ws/install/tutorial_interfaces/lib/python3.12/site-packages:/home/mojiu/ros2_ws/install/more_interfaces/lib/python3.12/site-packages:/opt/ros/jazzy/lib/python3.12/site-packages /usr/bin/cmake --install /home/mojiu/ros2_ws/build/custom_action_cpp
[11.330s] -- Install configuration: ""
[11.331s] -- Installing: /home/mojiu/ros2_ws/install/custom_action_cpp/lib/custom_action_cpp/fibonacci_action_server
[11.332s] -- Set non-toolchain portion of runtime path of "/home/mojiu/ros2_ws/install/custom_action_cpp/lib/custom_action_cpp/fibonacci_action_server" to ""
[11.332s] -- Installing: /home/mojiu/ros2_ws/install/custom_action_cpp/lib/libaction_server.so
[11.334s] -- Set non-toolchain portion of runtime path of "/home/mojiu/ros2_ws/install/custom_action_cpp/lib/libaction_server.so" to ""
[11.334s] -- Installing: /home/mojiu/ros2_ws/install/custom_action_cpp/lib/custom_action_cpp/fibonacci_action_client
[11.335s] -- Set non-toolchain portion of runtime path of "/home/mojiu/ros2_ws/install/custom_action_cpp/lib/custom_action_cpp/fibonacci_action_client" to ""
[11.335s] -- Installing: /home/mojiu/ros2_ws/install/custom_action_cpp/lib/libaction_client.so
[11.337s] -- Set non-toolchain portion of runtime path of "/home/mojiu/ros2_ws/install/custom_action_cpp/lib/libaction_client.so" to ""
[11.337s] -- Up-to-date: /home/mojiu/ros2_ws/install/custom_action_cpp/share/ament_index/resource_index/package_run_dependencies/custom_action_cpp
[11.338s] -- Installing: /home/mojiu/ros2_ws/install/custom_action_cpp/share/ament_index/resource_index/parent_prefix_path/custom_action_cpp
[11.338s] -- Up-to-date: /home/mojiu/ros2_ws/install/custom_action_cpp/share/custom_action_cpp/environment/ament_prefix_path.sh
[11.338s] -- Up-to-date: /home/mojiu/ros2_ws/install/custom_action_cpp/share/custom_action_cpp/environment/ament_prefix_path.dsv
[11.338s] -- Up-to-date: /home/mojiu/ros2_ws/install/custom_action_cpp/share/custom_action_cpp/environment/path.sh
[11.338s] -- Up-to-date: /home/mojiu/ros2_ws/install/custom_action_cpp/share/custom_action_cpp/environment/path.dsv
[11.339s] -- Up-to-date: /home/mojiu/ros2_ws/install/custom_action_cpp/share/custom_action_cpp/local_setup.bash
[11.339s] -- Up-to-date: /home/mojiu/ros2_ws/install/custom_action_cpp/share/custom_action_cpp/local_setup.sh
[11.339s] -- Up-to-date: /home/mojiu/ros2_ws/install/custom_action_cpp/share/custom_action_cpp/local_setup.zsh
[11.339s] -- Up-to-date: /home/mojiu/ros2_ws/install/custom_action_cpp/share/custom_action_cpp/local_setup.dsv
[11.339s] -- Installing: /home/mojiu/ros2_ws/install/custom_action_cpp/share/custom_action_cpp/package.dsv
[11.339s] -- Up-to-date: /home/mojiu/ros2_ws/install/custom_action_cpp/share/ament_index/resource_index/packages/custom_action_cpp
[11.339s] -- Up-to-date: /home/mojiu/ros2_ws/install/custom_action_cpp/share/ament_index/resource_index/rclcpp_components/custom_action_cpp
[11.340s] -- Up-to-date: /home/mojiu/ros2_ws/install/custom_action_cpp/share/custom_action_cpp/cmake/custom_action_cppConfig.cmake
[11.340s] -- Up-to-date: /home/mojiu/ros2_ws/install/custom_action_cpp/share/custom_action_cpp/cmake/custom_action_cppConfig-version.cmake
[11.340s] -- Up-to-date: /home/mojiu/ros2_ws/install/custom_action_cpp/share/custom_action_cpp/package.xml
[11.341s] Invoked command in '/home/mojiu/ros2_ws/build/custom_action_cpp' returned '0': AMENT_PREFIX_PATH=/home/mojiu/ros2_ws/install/custom_action_interfaces:${AMENT_PREFIX_PATH} CMAKE_PREFIX_PATH=/home/mojiu/ros2_ws/install/custom_action_interfaces:/home/mojiu/ros2_ws/install/cpp_srvcli:/home/mojiu/ros2_ws/install/tutorial_interfaces:/home/mojiu/ros2_ws/install/polygon_plugins:/home/mojiu/ros2_ws/install/polygon_base:/home/mojiu/ros2_ws/install/more_interfaces:/home/mojiu/ros2_ws/install/example_topic_rclcpp:/home/mojiu/ros2_ws/install/example_service_rclcpp:/home/mojiu/ros2_ws/install/custom_action_cpp:/home/mojiu/ros2_ws/install/cpp_pubsub:/home/mojiu/ros2_ws/install/cpp_parameters:/opt/ros/jazzy/opt/sdformat_vendor:/opt/ros/jazzy/opt/gz_math_vendor:/opt/ros/jazzy/opt/gz_utils_vendor:/opt/ros/jazzy/opt/gz_tools_vendor:/opt/ros/jazzy/opt/gz_cmake_vendor:/opt/ros/jazzy DEBUGINFOD_URLS=https://debuginfod.ubuntu.com LD_LIBRARY_PATH=/home/mojiu/ros2_ws/install/custom_action_interfaces/lib:/home/mojiu/ros2_ws/install/tutorial_interfaces/lib:/home/mojiu/ros2_ws/install/polygon_plugins/lib:/home/mojiu/ros2_ws/install/more_interfaces/lib:/home/mojiu/ros2_ws/install/custom_action_cpp/lib:/opt/ros/jazzy/opt/sdformat_vendor/lib:/opt/ros/jazzy/opt/rviz_ogre_vendor/lib:/opt/ros/jazzy/lib/x86_64-linux-gnu:/opt/ros/jazzy/opt/gz_math_vendor/lib:/opt/ros/jazzy/opt/gz_utils_vendor/lib:/opt/ros/jazzy/opt/gz_tools_vendor/lib:/opt/ros/jazzy/opt/gz_cmake_vendor/lib:/opt/ros/jazzy/lib PYTHONPATH=/home/mojiu/ros2_ws/install/custom_action_interfaces/lib/python3.12/site-packages:/home/mojiu/ros2_ws/install/tutorial_interfaces/lib/python3.12/site-packages:/home/mojiu/ros2_ws/install/more_interfaces/lib/python3.12/site-packages:/opt/ros/jazzy/lib/python3.12/site-packages /usr/bin/cmake --install /home/mojiu/ros2_ws/build/custom_action_cpp
