-- Found ament_cmake: 2.5.2 (/opt/ros/jazzy/share/ament_cmake/cmake)
-- Found rclcpp: 28.1.5 (/opt/ros/jazzy/share/rclcpp/cmake)
-- Found rosidl_generator_c: 4.6.4 (/opt/ros/jazzy/share/rosidl_generator_c/cmake)
-- Found rosidl_generator_cpp: 4.6.4 (/opt/ros/jazzy/share/rosidl_generator_cpp/cmake)
-- Using all available rosidl_typesupport_c: rosidl_typesupport_fastrtps_c;rosidl_typesupport_introspection_c
-- Using all available rosidl_typesupport_cpp: rosidl_typesupport_fastrtps_cpp;rosidl_typesupport_introspection_cpp
-- Found rmw_implementation_cmake: 7.3.1 (/opt/ros/jazzy/share/rmw_implementation_cmake/cmake)
-- Found rmw_fastrtps_cpp: 8.4.1 (/opt/ros/jazzy/share/rmw_fastrtps_cpp/cmake)
-- Using RMW implementation 'rmw_fastrtps_cpp' as default
-- Found std_msgs: 5.3.5 (/opt/ros/jazzy/share/std_msgs/cmake)
-- Found ament_lint_auto: 0.17.1 (/opt/ros/jazzy/share/ament_lint_auto/cmake)
-- Added test 'cppcheck' to perform static code analysis on C / C++ code
-- Configured cppcheck include dirs: 
-- Configured cppcheck exclude dirs and/or files: 
-- Added test 'lint_cmake' to check CMake code style
-- Added test 'uncrustify' to check C / C++ code style
-- Configured uncrustify additional arguments: 
-- Added test 'xmllint' to check XML markup files
-- Configuring done (0.6s)
-- Generating done (0.0s)
-- Build files have been written to: /home/mojiu/ros2_ws/build/example_topic_rclcpp
[ 50%] [32mBuilding CXX object CMakeFiles/topic_publisher_01.dir/src/topic_publisher_01.cpp.o[0m
[100%] [32m[1mLinking CXX executable topic_publisher_01[0m
[100%] Built target topic_publisher_01
-- Install configuration: ""
-- Installing: /home/mojiu/ros2_ws/install/example_topic_rclcpp/lib/example_topic_rclcpp/topic_publisher_01
-- Set non-toolchain portion of runtime path of "/home/mojiu/ros2_ws/install/example_topic_rclcpp/lib/example_topic_rclcpp/topic_publisher_01" to ""
-- Installing: /home/mojiu/ros2_ws/install/example_topic_rclcpp/share/ament_index/resource_index/package_run_dependencies/example_topic_rclcpp
-- Up-to-date: /home/mojiu/ros2_ws/install/example_topic_rclcpp/share/ament_index/resource_index/parent_prefix_path/example_topic_rclcpp
-- Up-to-date: /home/mojiu/ros2_ws/install/example_topic_rclcpp/share/example_topic_rclcpp/environment/ament_prefix_path.sh
-- Up-to-date: /home/mojiu/ros2_ws/install/example_topic_rclcpp/share/example_topic_rclcpp/environment/ament_prefix_path.dsv
-- Up-to-date: /home/mojiu/ros2_ws/install/example_topic_rclcpp/share/example_topic_rclcpp/environment/path.sh
-- Up-to-date: /home/mojiu/ros2_ws/install/example_topic_rclcpp/share/example_topic_rclcpp/environment/path.dsv
-- Up-to-date: /home/mojiu/ros2_ws/install/example_topic_rclcpp/share/example_topic_rclcpp/local_setup.bash
-- Up-to-date: /home/mojiu/ros2_ws/install/example_topic_rclcpp/share/example_topic_rclcpp/local_setup.sh
-- Up-to-date: /home/mojiu/ros2_ws/install/example_topic_rclcpp/share/example_topic_rclcpp/local_setup.zsh
-- Up-to-date: /home/mojiu/ros2_ws/install/example_topic_rclcpp/share/example_topic_rclcpp/local_setup.dsv
-- Installing: /home/mojiu/ros2_ws/install/example_topic_rclcpp/share/example_topic_rclcpp/package.dsv
-- Up-to-date: /home/mojiu/ros2_ws/install/example_topic_rclcpp/share/ament_index/resource_index/packages/example_topic_rclcpp
-- Up-to-date: /home/mojiu/ros2_ws/install/example_topic_rclcpp/share/example_topic_rclcpp/cmake/example_topic_rclcppConfig.cmake
-- Up-to-date: /home/mojiu/ros2_ws/install/example_topic_rclcpp/share/example_topic_rclcpp/cmake/example_topic_rclcppConfig-version.cmake
-- Installing: /home/mojiu/ros2_ws/install/example_topic_rclcpp/share/example_topic_rclcpp/package.xml
