[0.040s] Invoking command in '/home/mojiu/ros2_ws/build/example_interfaces_rclcpp': CMAKE_PREFIX_PATH=${CMAKE_PREFIX_PATH}:/opt/ros/jazzy DEBUGINFOD_URLS=https://debuginfod.ubuntu.com /usr/bin/cmake /home/mojiu/ros2_ws/src/example_interfaces_rclcpp -DCMAKE_INSTALL_PREFIX=/home/mojiu/ros2_ws/install/example_interfaces_rclcpp
[0.336s] -- The C compiler identification is GNU 13.2.0
[0.678s] -- The CXX compiler identification is GNU 13.2.0
[0.778s] -- Detecting C compiler ABI info
[1.232s] -- Detecting C compiler ABI info - done
[1.314s] -- Check for working C compiler: /usr/bin/cc - skipped
[1.315s] -- Detecting C compile features
[1.317s] -- Detecting C compile features - done
[1.366s] -- Detecting CXX compiler ABI info
[1.863s] -- Detecting CXX compiler ABI info - done
[1.909s] -- Check for working CXX compiler: /usr/bin/c++ - skipped
[1.911s] -- Detecting CXX compile features
[1.913s] -- Detecting CXX compile features - done
[1.937s] -- Found ament_cmake: 2.5.2 (/opt/ros/jazzy/share/ament_cmake/cmake)
[2.374s] -- Found Python3: /usr/bin/python3 (found version "3.12.3") found components: Interpreter 
[2.902s] -- Found rclcpp: 28.1.5 (/opt/ros/jazzy/share/rclcpp/cmake)
[3.144s] -- Found rosidl_generator_c: 4.6.4 (/opt/ros/jazzy/share/rosidl_generator_c/cmake)
[3.251s] -- Found rosidl_generator_cpp: 4.6.4 (/opt/ros/jazzy/share/rosidl_generator_cpp/cmake)
[3.394s] -- Using all available rosidl_typesupport_c: rosidl_typesupport_fastrtps_c;rosidl_typesupport_introspection_c
[3.575s] -- Using all available rosidl_typesupport_cpp: rosidl_typesupport_fastrtps_cpp;rosidl_typesupport_introspection_cpp
[4.071s] -- Found rmw_implementation_cmake: 7.3.1 (/opt/ros/jazzy/share/rmw_implementation_cmake/cmake)
[4.077s] -- Found rmw_fastrtps_cpp: 8.4.1 (/opt/ros/jazzy/share/rmw_fastrtps_cpp/cmake)
[4.553s] -- Found OpenSSL: /usr/lib/x86_64-linux-gnu/libcrypto.so (found version "3.0.13")  
[4.607s] -- Found FastRTPS: /opt/ros/jazzy/include (Required is at least version "2.13") 
[4.742s] -- Using RMW implementation 'rmw_fastrtps_cpp' as default
[5.054s] [31mCMake Error at CMakeLists.txt:13 (find_package):
[5.055s]   By not providing "Findexample_ros2_interfaces.cmake" in CMAKE_MODULE_PATH
[5.055s]   this project has asked CMake to find a package configuration file provided
[5.055s]   by "example_ros2_interfaces", but CMake did not find one.
[5.055s] 
[5.055s]   Could not find a package configuration file provided by
[5.055s]   "example_ros2_interfaces" with any of the following names:
[5.056s] 
[5.056s]     example_ros2_interfacesConfig.cmake
[5.056s]     example_ros2_interfaces-config.cmake
[5.056s] 
[5.056s]   Add the installation prefix of "example_ros2_interfaces" to
[5.056s]   CMAKE_PREFIX_PATH or set "example_ros2_interfaces_DIR" to a directory
[5.057s]   containing one of the above files.  If "example_ros2_interfaces" provides a
[5.057s]   separate development package or SDK, be sure it has been installed.
[5.057s] 
[5.057s] [0m
[5.057s] -- Configuring incomplete, errors occurred!
[5.092s] Invoked command in '/home/mojiu/ros2_ws/build/example_interfaces_rclcpp' returned '1': CMAKE_PREFIX_PATH=${CMAKE_PREFIX_PATH}:/opt/ros/jazzy DEBUGINFOD_URLS=https://debuginfod.ubuntu.com /usr/bin/cmake /home/mojiu/ros2_ws/src/example_interfaces_rclcpp -DCMAKE_INSTALL_PREFIX=/home/mojiu/ros2_ws/install/example_interfaces_rclcpp
