[0.011s] Invoking command in '/home/mojiu/ros2_ws/build/example_service_rclcpp': CMAKE_PREFIX_PATH=${CMAKE_PREFIX_PATH}:/opt/ros/jazzy DEBUGINFOD_URLS=https://debuginfod.ubuntu.com /usr/bin/cmake --build /home/mojiu/ros2_ws/build/example_service_rclcpp -- -j8 -l8
[0.039s] -- Found ament_cmake: 2.5.2 (/opt/ros/jazzy/share/ament_cmake/cmake)
[0.253s] -- Found rclcpp: 28.1.5 (/opt/ros/jazzy/share/rclcpp/cmake)
[0.282s] -- Found rosidl_generator_c: 4.6.4 (/opt/ros/jazzy/share/rosidl_generator_c/cmake)
[0.291s] -- Found rosidl_generator_cpp: 4.6.4 (/opt/ros/jazzy/share/rosidl_generator_cpp/cmake)
[0.304s] -- Using all available rosidl_typesupport_c: rosidl_typesupport_fastrtps_c;rosidl_typesupport_introspection_c
[0.321s] -- Using all available rosidl_typesupport_cpp: rosidl_typesupport_fastrtps_cpp;rosidl_typesupport_introspection_cpp
[0.389s] -- Found rmw_implementation_cmake: 7.3.1 (/opt/ros/jazzy/share/rmw_implementation_cmake/cmake)
[0.390s] -- Found rmw_fastrtps_cpp: 8.4.1 (/opt/ros/jazzy/share/rmw_fastrtps_cpp/cmake)
[0.465s] -- Using RMW implementation 'rmw_fastrtps_cpp' as default
[0.540s] -- Found example_interfaces: 0.12.0 (/opt/ros/jazzy/share/example_interfaces/cmake)
[0.601s] -- Found ament_lint_auto: 0.17.1 (/opt/ros/jazzy/share/ament_lint_auto/cmake)
[0.707s] -- Added test 'cppcheck' to perform static code analysis on C / C++ code
[0.708s] -- Configured cppcheck include dirs: 
[0.708s] -- Configured cppcheck exclude dirs and/or files: 
[0.709s] -- Added test 'lint_cmake' to check CMake code style
[0.710s] -- Added test 'uncrustify' to check C / C++ code style
[0.710s] -- Configured uncrustify additional arguments: 
[0.711s] -- Added test 'xmllint' to check XML markup files
[0.712s] -- Configuring done (0.7s)
[0.728s] -- Generating done (0.0s)
[0.730s] -- Build files have been written to: /home/mojiu/ros2_ws/build/example_service_rclcpp
[0.774s] [ 50%] [32m[1mLinking CXX executable service_server_01[0m
[0.774s] [ 50%] [32m[1mLinking CXX executable service_client_01[0m
[0.917s] [ 75%] Built target service_client_01
[0.949s] [100%] Built target service_server_01
[0.961s] Invoked command in '/home/mojiu/ros2_ws/build/example_service_rclcpp' returned '0': CMAKE_PREFIX_PATH=${CMAKE_PREFIX_PATH}:/opt/ros/jazzy DEBUGINFOD_URLS=https://debuginfod.ubuntu.com /usr/bin/cmake --build /home/mojiu/ros2_ws/build/example_service_rclcpp -- -j8 -l8
[0.997s] Invoking command in '/home/mojiu/ros2_ws/build/example_service_rclcpp': CMAKE_PREFIX_PATH=${CMAKE_PREFIX_PATH}:/opt/ros/jazzy DEBUGINFOD_URLS=https://debuginfod.ubuntu.com /usr/bin/cmake --install /home/mojiu/ros2_ws/build/example_service_rclcpp
[1.005s] -- Install configuration: ""
[1.005s] -- Installing: /home/mojiu/ros2_ws/install/example_service_rclcpp/lib/example_service_rclcpp/service_server_01
[1.007s] -- Set non-toolchain portion of runtime path of "/home/mojiu/ros2_ws/install/example_service_rclcpp/lib/example_service_rclcpp/service_server_01" to ""
[1.007s] -- Installing: /home/mojiu/ros2_ws/install/example_service_rclcpp/lib/example_service_rclcpp/service_client_01
[1.007s] -- Set non-toolchain portion of runtime path of "/home/mojiu/ros2_ws/install/example_service_rclcpp/lib/example_service_rclcpp/service_client_01" to ""
[1.007s] -- Up-to-date: /home/mojiu/ros2_ws/install/example_service_rclcpp/share/ament_index/resource_index/package_run_dependencies/example_service_rclcpp
[1.008s] -- Installing: /home/mojiu/ros2_ws/install/example_service_rclcpp/share/ament_index/resource_index/parent_prefix_path/example_service_rclcpp
[1.008s] -- Up-to-date: /home/mojiu/ros2_ws/install/example_service_rclcpp/share/example_service_rclcpp/environment/ament_prefix_path.sh
[1.008s] -- Up-to-date: /home/mojiu/ros2_ws/install/example_service_rclcpp/share/example_service_rclcpp/environment/ament_prefix_path.dsv
[1.008s] -- Up-to-date: /home/mojiu/ros2_ws/install/example_service_rclcpp/share/example_service_rclcpp/environment/path.sh
[1.008s] -- Up-to-date: /home/mojiu/ros2_ws/install/example_service_rclcpp/share/example_service_rclcpp/environment/path.dsv
[1.008s] -- Up-to-date: /home/mojiu/ros2_ws/install/example_service_rclcpp/share/example_service_rclcpp/local_setup.bash
[1.009s] -- Up-to-date: /home/mojiu/ros2_ws/install/example_service_rclcpp/share/example_service_rclcpp/local_setup.sh
[1.009s] -- Up-to-date: /home/mojiu/ros2_ws/install/example_service_rclcpp/share/example_service_rclcpp/local_setup.zsh
[1.009s] -- Up-to-date: /home/mojiu/ros2_ws/install/example_service_rclcpp/share/example_service_rclcpp/local_setup.dsv
[1.009s] -- Installing: /home/mojiu/ros2_ws/install/example_service_rclcpp/share/example_service_rclcpp/package.dsv
[1.009s] -- Up-to-date: /home/mojiu/ros2_ws/install/example_service_rclcpp/share/ament_index/resource_index/packages/example_service_rclcpp
[1.009s] -- Up-to-date: /home/mojiu/ros2_ws/install/example_service_rclcpp/share/example_service_rclcpp/cmake/example_service_rclcppConfig.cmake
[1.009s] -- Up-to-date: /home/mojiu/ros2_ws/install/example_service_rclcpp/share/example_service_rclcpp/cmake/example_service_rclcppConfig-version.cmake
[1.009s] -- Up-to-date: /home/mojiu/ros2_ws/install/example_service_rclcpp/share/example_service_rclcpp/package.xml
[1.011s] Invoked command in '/home/mojiu/ros2_ws/build/example_service_rclcpp' returned '0': CMAKE_PREFIX_PATH=${CMAKE_PREFIX_PATH}:/opt/ros/jazzy DEBUGINFOD_URLS=https://debuginfod.ubuntu.com /usr/bin/cmake --install /home/mojiu/ros2_ws/build/example_service_rclcpp
