[0.012s] Invoking command in '/home/mojiu/ros2_ws/build/learning_tf2_cpp': CMAKE_PREFIX_PATH=${CMAKE_PREFIX_PATH}:/opt/ros/jazzy DEBUGINFOD_URLS=https://debuginfod.ubuntu.com /usr/bin/cmake --build /home/mojiu/ros2_ws/build/learning_tf2_cpp -- -j8 -l8
[0.073s] -- Found ament_cmake: 2.5.3 (/opt/ros/jazzy/share/ament_cmake/cmake)
[0.301s] -- Found geometry_msgs: 5.3.5 (/opt/ros/jazzy/share/geometry_msgs/cmake)
[0.342s] -- Found rosidl_generator_c: 4.6.5 (/opt/ros/jazzy/share/rosidl_generator_c/cmake)
[0.354s] -- Found rosidl_generator_cpp: 4.6.5 (/opt/ros/jazzy/share/rosidl_generator_cpp/cmake)
[0.369s] -- Using all available rosidl_typesupport_c: rosidl_typesupport_fastrtps_c;rosidl_typesupport_introspection_c
[0.386s] -- Using all available rosidl_typesupport_cpp: rosidl_typesupport_fastrtps_cpp;rosidl_typesupport_introspection_cpp
[0.446s] -- Found rclcpp: 28.1.6 (/opt/ros/jazzy/share/rclcpp/cmake)
[0.515s] -- Found rmw_implementation_cmake: 7.3.1 (/opt/ros/jazzy/share/rmw_implementation_cmake/cmake)
[0.517s] -- Found rmw_fastrtps_cpp: 8.4.1 (/opt/ros/jazzy/share/rmw_fastrtps_cpp/cmake)
[0.596s] -- Using RMW implementation 'rmw_fastrtps_cpp' as default
[0.678s] -- Found tf2: 0.36.7 (/opt/ros/jazzy/share/tf2/cmake)
[0.683s] -- Found tf2_ros: 0.36.7 (/opt/ros/jazzy/share/tf2_ros/cmake)
[0.836s] -- Found turtlesim: 1.8.3 (/opt/ros/jazzy/share/turtlesim/cmake)
[0.864s] -- Found ament_lint_auto: 0.17.1 (/opt/ros/jazzy/share/ament_lint_auto/cmake)
[0.966s] -- Added test 'cppcheck' to perform static code analysis on C / C++ code
[0.966s] -- Configured cppcheck include dirs: 
[0.966s] -- Configured cppcheck exclude dirs and/or files: 
[0.967s] -- Added test 'flake8' to check Python code syntax and style conventions
[0.967s] -- Configured 'flake8' exclude dirs and/or files: 
[0.968s] -- Added test 'lint_cmake' to check CMake code style
[0.969s] -- Added test 'pep257' to check Python code against some of the docstring style conventions in PEP 257
[0.970s] -- Added test 'uncrustify' to check C / C++ code style
[0.970s] -- Configured uncrustify additional arguments: 
[0.971s] -- Added test 'xmllint' to check XML markup files
[0.972s] -- Configuring done (0.9s)
[1.000s] -- Generating done (0.0s)
[1.013s] -- Build files have been written to: /home/mojiu/ros2_ws/build/learning_tf2_cpp
[1.051s] [ 25%] [32mBuilding CXX object CMakeFiles/turtle_tf2_broadcaster.dir/src/turtle_tf2_broadcaster.cpp.o[0m
[1.060s] [ 75%] Built target static_turtle_tf2_broadcaster
[9.887s] [100%] [32m[1mLinking CXX executable turtle_tf2_broadcaster[0m
[10.334s] [100%] Built target turtle_tf2_broadcaster
[10.348s] Invoked command in '/home/mojiu/ros2_ws/build/learning_tf2_cpp' returned '0': CMAKE_PREFIX_PATH=${CMAKE_PREFIX_PATH}:/opt/ros/jazzy DEBUGINFOD_URLS=https://debuginfod.ubuntu.com /usr/bin/cmake --build /home/mojiu/ros2_ws/build/learning_tf2_cpp -- -j8 -l8
[10.359s] Invoking command in '/home/mojiu/ros2_ws/build/learning_tf2_cpp': CMAKE_PREFIX_PATH=${CMAKE_PREFIX_PATH}:/opt/ros/jazzy DEBUGINFOD_URLS=https://debuginfod.ubuntu.com /usr/bin/cmake --install /home/mojiu/ros2_ws/build/learning_tf2_cpp
[10.367s] -- Install configuration: ""
[10.367s] -- Up-to-date: /home/mojiu/ros2_ws/install/learning_tf2_cpp/lib/learning_tf2_cpp/static_turtle_tf2_broadcaster
[10.368s] -- Installing: /home/mojiu/ros2_ws/install/learning_tf2_cpp/lib/learning_tf2_cpp/turtle_tf2_broadcaster
[10.374s] -- Set non-toolchain portion of runtime path of "/home/mojiu/ros2_ws/install/learning_tf2_cpp/lib/learning_tf2_cpp/turtle_tf2_broadcaster" to ""
[10.374s] -- Installing: /home/mojiu/ros2_ws/install/learning_tf2_cpp/share/learning_tf2_cpp/launch
[10.374s] -- Installing: /home/mojiu/ros2_ws/install/learning_tf2_cpp/share/learning_tf2_cpp/launch/turtle_tf2_demo.launch.py
[10.374s] -- Installing: /home/mojiu/ros2_ws/install/learning_tf2_cpp/share/ament_index/resource_index/package_run_dependencies/learning_tf2_cpp
[10.375s] -- Up-to-date: /home/mojiu/ros2_ws/install/learning_tf2_cpp/share/ament_index/resource_index/parent_prefix_path/learning_tf2_cpp
[10.375s] -- Up-to-date: /home/mojiu/ros2_ws/install/learning_tf2_cpp/share/learning_tf2_cpp/environment/ament_prefix_path.sh
[10.375s] -- Up-to-date: /home/mojiu/ros2_ws/install/learning_tf2_cpp/share/learning_tf2_cpp/environment/ament_prefix_path.dsv
[10.375s] -- Up-to-date: /home/mojiu/ros2_ws/install/learning_tf2_cpp/share/learning_tf2_cpp/environment/path.sh
[10.376s] -- Up-to-date: /home/mojiu/ros2_ws/install/learning_tf2_cpp/share/learning_tf2_cpp/environment/path.dsv
[10.376s] -- Up-to-date: /home/mojiu/ros2_ws/install/learning_tf2_cpp/share/learning_tf2_cpp/local_setup.bash
[10.376s] -- Up-to-date: /home/mojiu/ros2_ws/install/learning_tf2_cpp/share/learning_tf2_cpp/local_setup.sh
[10.376s] -- Up-to-date: /home/mojiu/ros2_ws/install/learning_tf2_cpp/share/learning_tf2_cpp/local_setup.zsh
[10.376s] -- Up-to-date: /home/mojiu/ros2_ws/install/learning_tf2_cpp/share/learning_tf2_cpp/local_setup.dsv
[10.376s] -- Installing: /home/mojiu/ros2_ws/install/learning_tf2_cpp/share/learning_tf2_cpp/package.dsv
[10.376s] -- Up-to-date: /home/mojiu/ros2_ws/install/learning_tf2_cpp/share/ament_index/resource_index/packages/learning_tf2_cpp
[10.377s] -- Up-to-date: /home/mojiu/ros2_ws/install/learning_tf2_cpp/share/learning_tf2_cpp/cmake/learning_tf2_cppConfig.cmake
[10.377s] -- Up-to-date: /home/mojiu/ros2_ws/install/learning_tf2_cpp/share/learning_tf2_cpp/cmake/learning_tf2_cppConfig-version.cmake
[10.377s] -- Installing: /home/mojiu/ros2_ws/install/learning_tf2_cpp/share/learning_tf2_cpp/package.xml
[10.378s] Invoked command in '/home/mojiu/ros2_ws/build/learning_tf2_cpp' returned '0': CMAKE_PREFIX_PATH=${CMAKE_PREFIX_PATH}:/opt/ros/jazzy DEBUGINFOD_URLS=https://debuginfod.ubuntu.com /usr/bin/cmake --install /home/mojiu/ros2_ws/build/learning_tf2_cpp
