[0.012s] Invoking command in '/home/mojiu/ros2_ws/build/example_topic_rclcpp': CMAKE_PREFIX_PATH=${CMAKE_PREFIX_PATH}:/opt/ros/jazzy DEBUGINFOD_URLS=https://debuginfod.ubuntu.com /usr/bin/cmake --build /home/mojiu/ros2_ws/build/example_topic_rclcpp -- -j8 -l8
[0.055s] -- Found ament_cmake: 2.5.2 (/opt/ros/jazzy/share/ament_cmake/cmake)
[0.310s] -- Found rclcpp: 28.1.5 (/opt/ros/jazzy/share/rclcpp/cmake)
[0.347s] -- Found rosidl_generator_c: 4.6.4 (/opt/ros/jazzy/share/rosidl_generator_c/cmake)
[0.360s] -- Found rosidl_generator_cpp: 4.6.4 (/opt/ros/jazzy/share/rosidl_generator_cpp/cmake)
[0.377s] -- Using all available rosidl_typesupport_c: rosidl_typesupport_fastrtps_c;rosidl_typesupport_introspection_c
[0.394s] -- Using all available rosidl_typesupport_cpp: rosidl_typesupport_fastrtps_cpp;rosidl_typesupport_introspection_cpp
[0.487s] -- Found rmw_implementation_cmake: 7.3.1 (/opt/ros/jazzy/share/rmw_implementation_cmake/cmake)
[0.488s] -- Found rmw_fastrtps_cpp: 8.4.1 (/opt/ros/jazzy/share/rmw_fastrtps_cpp/cmake)
[0.563s] -- Using RMW implementation 'rmw_fastrtps_cpp' as default
[0.655s] -- Found std_msgs: 5.3.5 (/opt/ros/jazzy/share/std_msgs/cmake)
[0.677s] -- Found ament_lint_auto: 0.17.1 (/opt/ros/jazzy/share/ament_lint_auto/cmake)
[0.792s] -- Added test 'cppcheck' to perform static code analysis on C / C++ code
[0.792s] -- Configured cppcheck include dirs: 
[0.792s] -- Configured cppcheck exclude dirs and/or files: 
[0.793s] -- Added test 'lint_cmake' to check CMake code style
[0.794s] -- Added test 'uncrustify' to check C / C++ code style
[0.794s] -- Configured uncrustify additional arguments: 
[0.795s] -- Added test 'xmllint' to check XML markup files
[0.796s] -- Configuring done (0.7s)
[0.814s] -- Generating done (0.0s)
[0.817s] -- Build files have been written to: /home/mojiu/ros2_ws/build/example_topic_rclcpp
[0.856s] [ 25%] [32mBuilding CXX object CMakeFiles/topic_subscribe_01.dir/src/topic_subscribe_01.cpp.o[0m
[0.866s] [ 50%] [32mBuilding CXX object CMakeFiles/topic_publisher_01.dir/src/topic_publisher_01.cpp.o[0m
[0.889s] [ 75%] [32m[1mLinking CXX executable topic_subscribe_01[0m
[0.990s] /usr/bin/ld: /usr/lib/gcc/x86_64-linux-gnu/13/../../../x86_64-linux-gnu/Scrt1.o: in function `_start':
[0.990s] (.text+0x1b): undefined reference to `main'
[0.992s] collect2: error: ld returned 1 exit status
[0.994s] gmake[2]: *** [CMakeFiles/topic_subscribe_01.dir/build.make:163：topic_subscribe_01] 错误 1
[0.994s] gmake[1]: *** [CMakeFiles/Makefile2:165：CMakeFiles/topic_subscribe_01.dir/all] 错误 2
[0.994s] gmake[1]: *** 正在等待未完成的任务....
[5.331s] [100%] [32m[1mLinking CXX executable topic_publisher_01[0m
[5.499s] [100%] Built target topic_publisher_01
[5.501s] gmake: *** [Makefile:146：all] 错误 2
[5.503s] Invoked command in '/home/mojiu/ros2_ws/build/example_topic_rclcpp' returned '2': CMAKE_PREFIX_PATH=${CMAKE_PREFIX_PATH}:/opt/ros/jazzy DEBUGINFOD_URLS=https://debuginfod.ubuntu.com /usr/bin/cmake --build /home/mojiu/ros2_ws/build/example_topic_rclcpp -- -j8 -l8
