[0.028s] Invoking command in '/home/mojiu/ros2_ws/build/custom_action_interfaces': CMAKE_PREFIX_PATH=${CMAKE_PREFIX_PATH}:/opt/ros/jazzy DEBUGINFOD_URLS=https://debuginfod.ubuntu.com /usr/bin/cmake /home/mojiu/ros2_ws/src/custom_action_interfaces -DCMAKE_INSTALL_PREFIX=/home/mojiu/ros2_ws/install/custom_action_interfaces
[0.203s] -- The C compiler identification is GNU 13.2.0
[0.390s] -- The CXX compiler identification is GNU 13.2.0
[0.433s] -- Detecting C compiler ABI info
[0.631s] -- Detecting C compiler ABI info - done
[0.658s] -- Check for working C compiler: /usr/bin/cc - skipped
[0.661s] -- Detecting C compile features
[0.663s] -- Detecting C compile features - done
[0.687s] -- Detecting CXX compiler ABI info
[0.877s] -- Detecting CXX compiler ABI info - done
[0.907s] -- Check for working CXX compiler: /usr/bin/c++ - skipped
[0.907s] -- Detecting CXX compile features
[0.909s] -- Detecting CXX compile features - done
[0.915s] -- Found ament_cmake: 2.5.2 (/opt/ros/jazzy/share/ament_cmake/cmake)
[1.155s] -- Found Python3: /usr/bin/python3 (found version "3.12.3") found components: Interpreter 
[1.318s] -- Found rosidl_default_generators: 1.6.0 (/opt/ros/jazzy/share/rosidl_default_generators/cmake)
[1.324s] -- Using all available rosidl_typesupport_c: rosidl_typesupport_fastrtps_c;rosidl_typesupport_introspection_c
[1.383s] -- Using all available rosidl_typesupport_cpp: rosidl_typesupport_fastrtps_cpp;rosidl_typesupport_introspection_cpp
[1.433s] -- Found rosidl_adapter: 4.6.4 (/opt/ros/jazzy/share/rosidl_adapter/cmake)
[2.410s] -- Found ament_cmake_ros: 0.12.0 (/opt/ros/jazzy/share/ament_cmake_ros/cmake)
[3.041s] -- Using all available rosidl_typesupport_c: rosidl_typesupport_fastrtps_c;rosidl_typesupport_introspection_c
[4.268s] -- Using all available rosidl_typesupport_cpp: rosidl_typesupport_fastrtps_cpp;rosidl_typesupport_introspection_cpp
[4.273s] -- Found python_cmake_module: 0.11.1 (/opt/ros/jazzy/share/python_cmake_module/cmake)
[4.609s] -- Found PythonExtra: /usr/bin/python3  
[5.923s] -- Found Python3: /usr/bin/python3 (found version "3.12.3") found components: Interpreter Development NumPy Development.Module Development.Embed 
[6.070s] -- Found ament_lint_auto: 0.17.1 (/opt/ros/jazzy/share/ament_lint_auto/cmake)
[6.145s] -- Added test 'lint_cmake' to check CMake code style
[6.148s] -- Added test 'xmllint' to check XML markup files
[6.166s] -- Configuring done (6.1s)
[6.248s] -- Generating done (0.1s)
[6.254s] -- Build files have been written to: /home/mojiu/ros2_ws/build/custom_action_interfaces
[6.284s] Invoked command in '/home/mojiu/ros2_ws/build/custom_action_interfaces' returned '0': CMAKE_PREFIX_PATH=${CMAKE_PREFIX_PATH}:/opt/ros/jazzy DEBUGINFOD_URLS=https://debuginfod.ubuntu.com /usr/bin/cmake /home/mojiu/ros2_ws/src/custom_action_interfaces -DCMAKE_INSTALL_PREFIX=/home/mojiu/ros2_ws/install/custom_action_interfaces
[6.286s] Invoking command in '/home/mojiu/ros2_ws/build/custom_action_interfaces': CMAKE_PREFIX_PATH=${CMAKE_PREFIX_PATH}:/opt/ros/jazzy DEBUGINFOD_URLS=https://debuginfod.ubuntu.com /usr/bin/cmake --build /home/mojiu/ros2_ws/build/custom_action_interfaces -- -j8 -l8
[6.497s] [  2%] [34m[1mGenerating type hashes for ROS interfaces[0m
[6.507s] [  2%] Built target ament_cmake_python_copy_custom_action_interfaces
[7.261s] [  2%] Built target custom_action_interfaces__rosidl_generator_type_description
[7.308s] [  5%] [34m[1mGenerating C code for ROS interfaces[0m
[7.359s] [  8%] [34m[1mGenerating C++ code for ROS interfaces[0m
[7.703s] running egg_info
[7.714s] creating custom_action_interfaces.egg-info
[7.809s] writing custom_action_interfaces.egg-info/PKG-INFO
[7.816s] writing dependency_links to custom_action_interfaces.egg-info/dependency_links.txt
[7.816s] writing top-level names to custom_action_interfaces.egg-info/top_level.txt
[7.816s] writing manifest file 'custom_action_interfaces.egg-info/SOURCES.txt'
[8.126s] reading manifest file 'custom_action_interfaces.egg-info/SOURCES.txt'
[8.127s] writing manifest file 'custom_action_interfaces.egg-info/SOURCES.txt'
[8.181s] [  8%] Built target ament_cmake_python_build_custom_action_interfaces_egg
[8.774s] [ 11%] [32mBuilding C object CMakeFiles/custom_action_interfaces__rosidl_generator_c.dir/rosidl_generator_c/custom_action_interfaces/action/detail/fibonacci__type_support.c.o[0m
[8.775s] [ 14%] [32mBuilding C object CMakeFiles/custom_action_interfaces__rosidl_generator_c.dir/rosidl_generator_c/custom_action_interfaces/action/detail/fibonacci__functions.c.o[0m
[8.782s] [ 17%] [32mBuilding C object CMakeFiles/custom_action_interfaces__rosidl_generator_c.dir/rosidl_generator_c/custom_action_interfaces/action/detail/fibonacci__description.c.o[0m
[8.791s] [ 17%] Built target custom_action_interfaces__cpp
[9.121s] [ 20%] [32m[1mLinking C shared library libcustom_action_interfaces__rosidl_generator_c.so[0m
[9.182s] [ 20%] Built target custom_action_interfaces__rosidl_generator_c
[9.200s] [ 23%] [34m[1mGenerating C introspection for ROS interfaces[0m
[9.201s] [ 26%] [34m[1mGenerating C type support dispatch for ROS interfaces[0m
[9.201s] [ 29%] [34m[1mGenerating C++ type support dispatch for ROS interfaces[0m
[9.211s] [ 32%] [34m[1mGenerating C++ introspection for ROS interfaces[0m
[9.214s] [ 35%] [34m[1mGenerating C type support for eProsima Fast-RTPS[0m
[9.222s] [ 38%] [34m[1mGenerating C++ type support for eProsima Fast-RTPS[0m
[9.936s] [ 41%] [32mBuilding CXX object CMakeFiles/custom_action_interfaces__rosidl_typesupport_c.dir/rosidl_typesupport_c/custom_action_interfaces/action/fibonacci__type_support.cpp.o[0m
[9.994s] [ 44%] [32mBuilding CXX object CMakeFiles/custom_action_interfaces__rosidl_typesupport_cpp.dir/rosidl_typesupport_cpp/custom_action_interfaces/action/fibonacci__type_support.cpp.o[0m
[10.218s] [ 47%] [32m[1mLinking CXX shared library libcustom_action_interfaces__rosidl_typesupport_c.so[0m
[10.344s] [ 47%] Built target custom_action_interfaces__rosidl_typesupport_c
[10.375s] [ 50%] [32mBuilding CXX object CMakeFiles/custom_action_interfaces__rosidl_typesupport_introspection_cpp.dir/rosidl_typesupport_introspection_cpp/custom_action_interfaces/action/detail/fibonacci__type_support.cpp.o[0m
[10.414s] [ 52%] [32mBuilding CXX object CMakeFiles/custom_action_interfaces__rosidl_typesupport_fastrtps_c.dir/rosidl_typesupport_fastrtps_c/custom_action_interfaces/action/detail/fibonacci__type_support_c.cpp.o[0m
[10.557s] [ 55%] [32mBuilding C object CMakeFiles/custom_action_interfaces__rosidl_typesupport_introspection_c.dir/rosidl_typesupport_introspection_c/custom_action_interfaces/action/detail/fibonacci__type_support.c.o[0m
[10.854s] [ 58%] [32m[1mLinking C shared library libcustom_action_interfaces__rosidl_typesupport_introspection_c.so[0m
[10.912s] [ 61%] [32mBuilding CXX object CMakeFiles/custom_action_interfaces__rosidl_typesupport_fastrtps_cpp.dir/rosidl_typesupport_fastrtps_cpp/custom_action_interfaces/action/detail/dds_fastrtps/fibonacci__type_support.cpp.o[0m
[10.961s] [ 61%] Built target custom_action_interfaces__rosidl_typesupport_introspection_c
[12.026s] [ 64%] [32m[1mLinking CXX shared library libcustom_action_interfaces__rosidl_typesupport_fastrtps_c.so[0m
[12.183s] [ 64%] Built target custom_action_interfaces__rosidl_typesupport_fastrtps_c
[12.324s] [ 67%] [32m[1mLinking CXX shared library libcustom_action_interfaces__rosidl_typesupport_cpp.so[0m
[12.555s] [ 67%] Built target custom_action_interfaces__rosidl_typesupport_cpp
[12.823s] [ 70%] [32m[1mLinking CXX shared library libcustom_action_interfaces__rosidl_typesupport_introspection_cpp.so[0m
[12.993s] [ 70%] Built target custom_action_interfaces__rosidl_typesupport_introspection_cpp
[13.743s] [ 73%] [32m[1mLinking CXX shared library libcustom_action_interfaces__rosidl_typesupport_fastrtps_cpp.so[0m
[13.885s] [ 73%] Built target custom_action_interfaces__rosidl_typesupport_fastrtps_cpp
[13.912s] [ 73%] Built target custom_action_interfaces
[13.936s] [ 76%] [34m[1mGenerating Python code for ROS interfaces[0m
[15.379s] [ 76%] Built target custom_action_interfaces__py
[15.414s] [ 79%] [32mBuilding C object CMakeFiles/custom_action_interfaces__rosidl_generator_py.dir/rosidl_generator_py/custom_action_interfaces/action/_fibonacci_s.c.o[0m
[15.935s] [ 82%] [32m[1mLinking C shared library libcustom_action_interfaces__rosidl_generator_py.so[0m
[16.013s] [ 82%] Built target custom_action_interfaces__rosidl_generator_py
[16.046s] [ 88%] [32mBuilding C object CMakeFiles/custom_action_interfaces_s__rosidl_typesupport_introspection_c.dir/rosidl_generator_py/custom_action_interfaces/_custom_action_interfaces_s.ep.rosidl_typesupport_introspection_c.c.o[0m
[16.049s] [ 88%] [32mBuilding C object CMakeFiles/custom_action_interfaces_s__rosidl_typesupport_fastrtps_c.dir/rosidl_generator_py/custom_action_interfaces/_custom_action_interfaces_s.ep.rosidl_typesupport_fastrtps_c.c.o[0m
[16.049s] [ 91%] [32mBuilding C object CMakeFiles/custom_action_interfaces_s__rosidl_typesupport_c.dir/rosidl_generator_py/custom_action_interfaces/_custom_action_interfaces_s.ep.rosidl_typesupport_c.c.o[0m
[16.372s] [ 94%] [32m[1mLinking C shared module rosidl_generator_py/custom_action_interfaces/custom_action_interfaces_s__rosidl_typesupport_fastrtps_c.so[0m
[16.389s] [ 97%] [32m[1mLinking C shared module rosidl_generator_py/custom_action_interfaces/custom_action_interfaces_s__rosidl_typesupport_c.so[0m
[16.438s] [ 97%] Built target custom_action_interfaces_s__rosidl_typesupport_fastrtps_c
[16.444s] [100%] [32m[1mLinking C shared module rosidl_generator_py/custom_action_interfaces/custom_action_interfaces_s__rosidl_typesupport_introspection_c.so[0m
[16.454s] [100%] Built target custom_action_interfaces_s__rosidl_typesupport_c
[16.491s] [100%] Built target custom_action_interfaces_s__rosidl_typesupport_introspection_c
[16.507s] Invoked command in '/home/mojiu/ros2_ws/build/custom_action_interfaces' returned '0': CMAKE_PREFIX_PATH=${CMAKE_PREFIX_PATH}:/opt/ros/jazzy DEBUGINFOD_URLS=https://debuginfod.ubuntu.com /usr/bin/cmake --build /home/mojiu/ros2_ws/build/custom_action_interfaces -- -j8 -l8
[16.597s] Invoking command in '/home/mojiu/ros2_ws/build/custom_action_interfaces': CMAKE_PREFIX_PATH=${CMAKE_PREFIX_PATH}:/opt/ros/jazzy DEBUGINFOD_URLS=https://debuginfod.ubuntu.com /usr/bin/cmake --install /home/mojiu/ros2_ws/build/custom_action_interfaces
[16.607s] -- Install configuration: ""
[16.607s] -- Installing: /home/mojiu/ros2_ws/install/custom_action_interfaces/share/ament_index/resource_index/rosidl_interfaces/custom_action_interfaces
[16.607s] -- Installing: /home/mojiu/ros2_ws/install/custom_action_interfaces/share/custom_action_interfaces/action/Fibonacci.json
[16.608s] -- Installing: /home/mojiu/ros2_ws/install/custom_action_interfaces/include/custom_action_interfaces/custom_action_interfaces
[16.608s] -- Installing: /home/mojiu/ros2_ws/install/custom_action_interfaces/include/custom_action_interfaces/custom_action_interfaces/action
[16.608s] -- Installing: /home/mojiu/ros2_ws/install/custom_action_interfaces/include/custom_action_interfaces/custom_action_interfaces/action/detail
[16.608s] -- Installing: /home/mojiu/ros2_ws/install/custom_action_interfaces/include/custom_action_interfaces/custom_action_interfaces/action/detail/fibonacci__type_support.c
[16.609s] -- Installing: /home/mojiu/ros2_ws/install/custom_action_interfaces/include/custom_action_interfaces/custom_action_interfaces/action/detail/fibonacci__struct.h
[16.609s] -- Installing: /home/mojiu/ros2_ws/install/custom_action_interfaces/include/custom_action_interfaces/custom_action_interfaces/action/detail/fibonacci__type_support.h
[16.609s] -- Installing: /home/mojiu/ros2_ws/install/custom_action_interfaces/include/custom_action_interfaces/custom_action_interfaces/action/detail/fibonacci__functions.c
[16.610s] -- Installing: /home/mojiu/ros2_ws/install/custom_action_interfaces/include/custom_action_interfaces/custom_action_interfaces/action/detail/fibonacci__functions.h
[16.610s] -- Installing: /home/mojiu/ros2_ws/install/custom_action_interfaces/include/custom_action_interfaces/custom_action_interfaces/action/detail/fibonacci__description.c
[16.610s] -- Installing: /home/mojiu/ros2_ws/install/custom_action_interfaces/include/custom_action_interfaces/custom_action_interfaces/action/fibonacci.h
[16.610s] -- Installing: /home/mojiu/ros2_ws/install/custom_action_interfaces/include/custom_action_interfaces/custom_action_interfaces/msg
[16.611s] -- Installing: /home/mojiu/ros2_ws/install/custom_action_interfaces/include/custom_action_interfaces/custom_action_interfaces/msg/rosidl_generator_c__visibility_control.h
[16.611s] -- Installing: /home/mojiu/ros2_ws/install/custom_action_interfaces/share/custom_action_interfaces/environment/library_path.sh
[16.611s] -- Installing: /home/mojiu/ros2_ws/install/custom_action_interfaces/share/custom_action_interfaces/environment/library_path.dsv
[16.612s] -- Installing: /home/mojiu/ros2_ws/install/custom_action_interfaces/lib/libcustom_action_interfaces__rosidl_generator_c.so
[16.612s] -- Set non-toolchain portion of runtime path of "/home/mojiu/ros2_ws/install/custom_action_interfaces/lib/libcustom_action_interfaces__rosidl_generator_c.so" to ""
[16.612s] -- Up-to-date: /home/mojiu/ros2_ws/install/custom_action_interfaces/include/custom_action_interfaces/custom_action_interfaces
[16.612s] -- Up-to-date: /home/mojiu/ros2_ws/install/custom_action_interfaces/include/custom_action_interfaces/custom_action_interfaces/action
[16.613s] -- Up-to-date: /home/mojiu/ros2_ws/install/custom_action_interfaces/include/custom_action_interfaces/custom_action_interfaces/action/detail
[16.613s] -- Installing: /home/mojiu/ros2_ws/install/custom_action_interfaces/include/custom_action_interfaces/custom_action_interfaces/action/detail/fibonacci__rosidl_typesupport_fastrtps_c.h
[16.613s] -- Up-to-date: /home/mojiu/ros2_ws/install/custom_action_interfaces/include/custom_action_interfaces/custom_action_interfaces/msg
[16.614s] -- Installing: /home/mojiu/ros2_ws/install/custom_action_interfaces/include/custom_action_interfaces/custom_action_interfaces/msg/rosidl_typesupport_fastrtps_c__visibility_control.h
[16.614s] -- Installing: /home/mojiu/ros2_ws/install/custom_action_interfaces/lib/libcustom_action_interfaces__rosidl_typesupport_fastrtps_c.so
[16.614s] -- Set non-toolchain portion of runtime path of "/home/mojiu/ros2_ws/install/custom_action_interfaces/lib/libcustom_action_interfaces__rosidl_typesupport_fastrtps_c.so" to ""
[16.615s] -- Up-to-date: /home/mojiu/ros2_ws/install/custom_action_interfaces/include/custom_action_interfaces/custom_action_interfaces
[16.615s] -- Up-to-date: /home/mojiu/ros2_ws/install/custom_action_interfaces/include/custom_action_interfaces/custom_action_interfaces/action
[16.615s] -- Up-to-date: /home/mojiu/ros2_ws/install/custom_action_interfaces/include/custom_action_interfaces/custom_action_interfaces/action/detail
[16.615s] -- Installing: /home/mojiu/ros2_ws/install/custom_action_interfaces/include/custom_action_interfaces/custom_action_interfaces/action/detail/fibonacci__rosidl_typesupport_introspection_c.h
[16.615s] -- Installing: /home/mojiu/ros2_ws/install/custom_action_interfaces/include/custom_action_interfaces/custom_action_interfaces/action/detail/fibonacci__type_support.c
[16.616s] -- Up-to-date: /home/mojiu/ros2_ws/install/custom_action_interfaces/include/custom_action_interfaces/custom_action_interfaces/msg
[16.616s] -- Installing: /home/mojiu/ros2_ws/install/custom_action_interfaces/include/custom_action_interfaces/custom_action_interfaces/msg/rosidl_typesupport_introspection_c__visibility_control.h
[16.616s] -- Installing: /home/mojiu/ros2_ws/install/custom_action_interfaces/lib/libcustom_action_interfaces__rosidl_typesupport_introspection_c.so
[16.616s] -- Set non-toolchain portion of runtime path of "/home/mojiu/ros2_ws/install/custom_action_interfaces/lib/libcustom_action_interfaces__rosidl_typesupport_introspection_c.so" to ""
[16.616s] -- Installing: /home/mojiu/ros2_ws/install/custom_action_interfaces/lib/libcustom_action_interfaces__rosidl_typesupport_c.so
[16.617s] -- Set non-toolchain portion of runtime path of "/home/mojiu/ros2_ws/install/custom_action_interfaces/lib/libcustom_action_interfaces__rosidl_typesupport_c.so" to ""
[16.617s] -- Up-to-date: /home/mojiu/ros2_ws/install/custom_action_interfaces/include/custom_action_interfaces/custom_action_interfaces
[16.617s] -- Up-to-date: /home/mojiu/ros2_ws/install/custom_action_interfaces/include/custom_action_interfaces/custom_action_interfaces/action
[16.617s] -- Up-to-date: /home/mojiu/ros2_ws/install/custom_action_interfaces/include/custom_action_interfaces/custom_action_interfaces/action/detail
[16.617s] -- Installing: /home/mojiu/ros2_ws/install/custom_action_interfaces/include/custom_action_interfaces/custom_action_interfaces/action/detail/fibonacci__traits.hpp
[16.618s] -- Installing: /home/mojiu/ros2_ws/install/custom_action_interfaces/include/custom_action_interfaces/custom_action_interfaces/action/detail/fibonacci__struct.hpp
[16.618s] -- Installing: /home/mojiu/ros2_ws/install/custom_action_interfaces/include/custom_action_interfaces/custom_action_interfaces/action/detail/fibonacci__type_support.hpp
[16.618s] -- Installing: /home/mojiu/ros2_ws/install/custom_action_interfaces/include/custom_action_interfaces/custom_action_interfaces/action/detail/fibonacci__builder.hpp
[16.618s] -- Installing: /home/mojiu/ros2_ws/install/custom_action_interfaces/include/custom_action_interfaces/custom_action_interfaces/action/fibonacci.hpp
[16.619s] -- Up-to-date: /home/mojiu/ros2_ws/install/custom_action_interfaces/include/custom_action_interfaces/custom_action_interfaces/msg
[16.619s] -- Installing: /home/mojiu/ros2_ws/install/custom_action_interfaces/include/custom_action_interfaces/custom_action_interfaces/msg/rosidl_generator_cpp__visibility_control.hpp
[16.619s] -- Up-to-date: /home/mojiu/ros2_ws/install/custom_action_interfaces/include/custom_action_interfaces/custom_action_interfaces
[16.619s] -- Up-to-date: /home/mojiu/ros2_ws/install/custom_action_interfaces/include/custom_action_interfaces/custom_action_interfaces/action
[16.619s] -- Up-to-date: /home/mojiu/ros2_ws/install/custom_action_interfaces/include/custom_action_interfaces/custom_action_interfaces/action/detail
[16.620s] -- Installing: /home/mojiu/ros2_ws/install/custom_action_interfaces/include/custom_action_interfaces/custom_action_interfaces/action/detail/dds_fastrtps
[16.620s] -- Installing: /home/mojiu/ros2_ws/install/custom_action_interfaces/include/custom_action_interfaces/custom_action_interfaces/action/detail/fibonacci__rosidl_typesupport_fastrtps_cpp.hpp
[16.620s] -- Up-to-date: /home/mojiu/ros2_ws/install/custom_action_interfaces/include/custom_action_interfaces/custom_action_interfaces/msg
[16.620s] -- Installing: /home/mojiu/ros2_ws/install/custom_action_interfaces/include/custom_action_interfaces/custom_action_interfaces/msg/rosidl_typesupport_fastrtps_cpp__visibility_control.h
[16.620s] -- Installing: /home/mojiu/ros2_ws/install/custom_action_interfaces/lib/libcustom_action_interfaces__rosidl_typesupport_fastrtps_cpp.so
[16.621s] -- Set non-toolchain portion of runtime path of "/home/mojiu/ros2_ws/install/custom_action_interfaces/lib/libcustom_action_interfaces__rosidl_typesupport_fastrtps_cpp.so" to ""
[16.621s] -- Up-to-date: /home/mojiu/ros2_ws/install/custom_action_interfaces/include/custom_action_interfaces/custom_action_interfaces
[16.621s] -- Up-to-date: /home/mojiu/ros2_ws/install/custom_action_interfaces/include/custom_action_interfaces/custom_action_interfaces/action
[16.621s] -- Up-to-date: /home/mojiu/ros2_ws/install/custom_action_interfaces/include/custom_action_interfaces/custom_action_interfaces/action/detail
[16.621s] -- Installing: /home/mojiu/ros2_ws/install/custom_action_interfaces/include/custom_action_interfaces/custom_action_interfaces/action/detail/fibonacci__type_support.cpp
[16.622s] -- Installing: /home/mojiu/ros2_ws/install/custom_action_interfaces/include/custom_action_interfaces/custom_action_interfaces/action/detail/fibonacci__rosidl_typesupport_introspection_cpp.hpp
[16.622s] -- Installing: /home/mojiu/ros2_ws/install/custom_action_interfaces/lib/libcustom_action_interfaces__rosidl_typesupport_introspection_cpp.so
[16.622s] -- Set non-toolchain portion of runtime path of "/home/mojiu/ros2_ws/install/custom_action_interfaces/lib/libcustom_action_interfaces__rosidl_typesupport_introspection_cpp.so" to ""
[16.623s] -- Installing: /home/mojiu/ros2_ws/install/custom_action_interfaces/lib/libcustom_action_interfaces__rosidl_typesupport_cpp.so
[16.624s] -- Set non-toolchain portion of runtime path of "/home/mojiu/ros2_ws/install/custom_action_interfaces/lib/libcustom_action_interfaces__rosidl_typesupport_cpp.so" to ""
[16.624s] -- Installing: /home/mojiu/ros2_ws/install/custom_action_interfaces/share/custom_action_interfaces/environment/pythonpath.sh
[16.625s] -- Installing: /home/mojiu/ros2_ws/install/custom_action_interfaces/share/custom_action_interfaces/environment/pythonpath.dsv
[16.625s] -- Installing: /home/mojiu/ros2_ws/install/custom_action_interfaces/lib/python3.12/site-packages/custom_action_interfaces-0.0.0-py3.12.egg-info
[16.625s] -- Installing: /home/mojiu/ros2_ws/install/custom_action_interfaces/lib/python3.12/site-packages/custom_action_interfaces-0.0.0-py3.12.egg-info/PKG-INFO
[16.627s] -- Installing: /home/mojiu/ros2_ws/install/custom_action_interfaces/lib/python3.12/site-packages/custom_action_interfaces-0.0.0-py3.12.egg-info/SOURCES.txt
[16.627s] -- Installing: /home/mojiu/ros2_ws/install/custom_action_interfaces/lib/python3.12/site-packages/custom_action_interfaces-0.0.0-py3.12.egg-info/top_level.txt
[16.627s] -- Installing: /home/mojiu/ros2_ws/install/custom_action_interfaces/lib/python3.12/site-packages/custom_action_interfaces-0.0.0-py3.12.egg-info/dependency_links.txt
[16.627s] -- Installing: /home/mojiu/ros2_ws/install/custom_action_interfaces/lib/python3.12/site-packages/custom_action_interfaces
[16.628s] -- Installing: /home/mojiu/ros2_ws/install/custom_action_interfaces/lib/python3.12/site-packages/custom_action_interfaces/action
[16.628s] -- Installing: /home/mojiu/ros2_ws/install/custom_action_interfaces/lib/python3.12/site-packages/custom_action_interfaces/action/_fibonacci_s.c
[16.628s] -- Installing: /home/mojiu/ros2_ws/install/custom_action_interfaces/lib/python3.12/site-packages/custom_action_interfaces/action/__init__.py
[16.628s] -- Installing: /home/mojiu/ros2_ws/install/custom_action_interfaces/lib/python3.12/site-packages/custom_action_interfaces/action/_fibonacci.py
[16.629s] -- Installing: /home/mojiu/ros2_ws/install/custom_action_interfaces/lib/python3.12/site-packages/custom_action_interfaces/_custom_action_interfaces_s.ep.rosidl_typesupport_c.c
[16.629s] -- Installing: /home/mojiu/ros2_ws/install/custom_action_interfaces/lib/python3.12/site-packages/custom_action_interfaces/_custom_action_interfaces_s.ep.rosidl_typesupport_fastrtps_c.c
[16.629s] -- Installing: /home/mojiu/ros2_ws/install/custom_action_interfaces/lib/python3.12/site-packages/custom_action_interfaces/__init__.py
[16.629s] -- Installing: /home/mojiu/ros2_ws/install/custom_action_interfaces/lib/python3.12/site-packages/custom_action_interfaces/custom_action_interfaces_s__rosidl_typesupport_introspection_c.so
[16.629s] -- Installing: /home/mojiu/ros2_ws/install/custom_action_interfaces/lib/python3.12/site-packages/custom_action_interfaces/custom_action_interfaces_s__rosidl_typesupport_c.so
[16.629s] -- Installing: /home/mojiu/ros2_ws/install/custom_action_interfaces/lib/python3.12/site-packages/custom_action_interfaces/custom_action_interfaces_s__rosidl_typesupport_fastrtps_c.so
[16.630s] -- Installing: /home/mojiu/ros2_ws/install/custom_action_interfaces/lib/python3.12/site-packages/custom_action_interfaces/_custom_action_interfaces_s.ep.rosidl_typesupport_introspection_c.c
[16.695s] Listing '/home/mojiu/ros2_ws/install/custom_action_interfaces/lib/python3.12/site-packages/custom_action_interfaces'...
[16.695s] Compiling '/home/mojiu/ros2_ws/install/custom_action_interfaces/lib/python3.12/site-packages/custom_action_interfaces/__init__.py'...
[16.695s] Listing '/home/mojiu/ros2_ws/install/custom_action_interfaces/lib/python3.12/site-packages/custom_action_interfaces/action'...
[16.695s] Compiling '/home/mojiu/ros2_ws/install/custom_action_interfaces/lib/python3.12/site-packages/custom_action_interfaces/action/__init__.py'...
[16.696s] Compiling '/home/mojiu/ros2_ws/install/custom_action_interfaces/lib/python3.12/site-packages/custom_action_interfaces/action/_fibonacci.py'...
[16.705s] -- Installing: /home/mojiu/ros2_ws/install/custom_action_interfaces/lib/python3.12/site-packages/custom_action_interfaces/custom_action_interfaces_s__rosidl_typesupport_fastrtps_c.so
[16.707s] -- Set non-toolchain portion of runtime path of "/home/mojiu/ros2_ws/install/custom_action_interfaces/lib/python3.12/site-packages/custom_action_interfaces/custom_action_interfaces_s__rosidl_typesupport_fastrtps_c.so" to ""
[16.707s] -- Installing: /home/mojiu/ros2_ws/install/custom_action_interfaces/lib/python3.12/site-packages/custom_action_interfaces/custom_action_interfaces_s__rosidl_typesupport_introspection_c.so
[16.708s] -- Set non-toolchain portion of runtime path of "/home/mojiu/ros2_ws/install/custom_action_interfaces/lib/python3.12/site-packages/custom_action_interfaces/custom_action_interfaces_s__rosidl_typesupport_introspection_c.so" to ""
[16.708s] -- Installing: /home/mojiu/ros2_ws/install/custom_action_interfaces/lib/python3.12/site-packages/custom_action_interfaces/custom_action_interfaces_s__rosidl_typesupport_c.so
[16.709s] -- Set non-toolchain portion of runtime path of "/home/mojiu/ros2_ws/install/custom_action_interfaces/lib/python3.12/site-packages/custom_action_interfaces/custom_action_interfaces_s__rosidl_typesupport_c.so" to ""
[16.709s] -- Installing: /home/mojiu/ros2_ws/install/custom_action_interfaces/lib/libcustom_action_interfaces__rosidl_generator_py.so
[16.710s] -- Set non-toolchain portion of runtime path of "/home/mojiu/ros2_ws/install/custom_action_interfaces/lib/libcustom_action_interfaces__rosidl_generator_py.so" to ""
[16.710s] -- Installing: /home/mojiu/ros2_ws/install/custom_action_interfaces/share/custom_action_interfaces/action/Fibonacci.idl
[16.710s] -- Installing: /home/mojiu/ros2_ws/install/custom_action_interfaces/share/custom_action_interfaces/action/Fibonacci.action
[16.710s] -- Installing: /home/mojiu/ros2_ws/install/custom_action_interfaces/share/ament_index/resource_index/package_run_dependencies/custom_action_interfaces
[16.711s] -- Installing: /home/mojiu/ros2_ws/install/custom_action_interfaces/share/ament_index/resource_index/parent_prefix_path/custom_action_interfaces
[16.711s] -- Installing: /home/mojiu/ros2_ws/install/custom_action_interfaces/share/custom_action_interfaces/environment/ament_prefix_path.sh
[16.711s] -- Installing: /home/mojiu/ros2_ws/install/custom_action_interfaces/share/custom_action_interfaces/environment/ament_prefix_path.dsv
[16.712s] -- Installing: /home/mojiu/ros2_ws/install/custom_action_interfaces/share/custom_action_interfaces/environment/path.sh
[16.712s] -- Installing: /home/mojiu/ros2_ws/install/custom_action_interfaces/share/custom_action_interfaces/environment/path.dsv
[16.712s] -- Installing: /home/mojiu/ros2_ws/install/custom_action_interfaces/share/custom_action_interfaces/local_setup.bash
[16.712s] -- Installing: /home/mojiu/ros2_ws/install/custom_action_interfaces/share/custom_action_interfaces/local_setup.sh
[16.713s] -- Installing: /home/mojiu/ros2_ws/install/custom_action_interfaces/share/custom_action_interfaces/local_setup.zsh
[16.713s] -- Installing: /home/mojiu/ros2_ws/install/custom_action_interfaces/share/custom_action_interfaces/local_setup.dsv
[16.713s] -- Installing: /home/mojiu/ros2_ws/install/custom_action_interfaces/share/custom_action_interfaces/package.dsv
[16.714s] -- Installing: /home/mojiu/ros2_ws/install/custom_action_interfaces/share/ament_index/resource_index/packages/custom_action_interfaces
[16.714s] -- Installing: /home/mojiu/ros2_ws/install/custom_action_interfaces/share/custom_action_interfaces/cmake/export_custom_action_interfaces__rosidl_generator_cExport.cmake
[16.714s] -- Installing: /home/mojiu/ros2_ws/install/custom_action_interfaces/share/custom_action_interfaces/cmake/export_custom_action_interfaces__rosidl_generator_cExport-noconfig.cmake
[16.715s] -- Installing: /home/mojiu/ros2_ws/install/custom_action_interfaces/share/custom_action_interfaces/cmake/export_custom_action_interfaces__rosidl_typesupport_fastrtps_cExport.cmake
[16.715s] -- Installing: /home/mojiu/ros2_ws/install/custom_action_interfaces/share/custom_action_interfaces/cmake/export_custom_action_interfaces__rosidl_typesupport_fastrtps_cExport-noconfig.cmake
[16.715s] -- Installing: /home/mojiu/ros2_ws/install/custom_action_interfaces/share/custom_action_interfaces/cmake/custom_action_interfaces__rosidl_typesupport_introspection_cExport.cmake
[16.716s] -- Installing: /home/mojiu/ros2_ws/install/custom_action_interfaces/share/custom_action_interfaces/cmake/custom_action_interfaces__rosidl_typesupport_introspection_cExport-noconfig.cmake
[16.716s] -- Installing: /home/mojiu/ros2_ws/install/custom_action_interfaces/share/custom_action_interfaces/cmake/custom_action_interfaces__rosidl_typesupport_cExport.cmake
[16.717s] -- Installing: /home/mojiu/ros2_ws/install/custom_action_interfaces/share/custom_action_interfaces/cmake/custom_action_interfaces__rosidl_typesupport_cExport-noconfig.cmake
[16.717s] -- Installing: /home/mojiu/ros2_ws/install/custom_action_interfaces/share/custom_action_interfaces/cmake/export_custom_action_interfaces__rosidl_generator_cppExport.cmake
[16.717s] -- Installing: /home/mojiu/ros2_ws/install/custom_action_interfaces/share/custom_action_interfaces/cmake/export_custom_action_interfaces__rosidl_typesupport_fastrtps_cppExport.cmake
[16.717s] -- Installing: /home/mojiu/ros2_ws/install/custom_action_interfaces/share/custom_action_interfaces/cmake/export_custom_action_interfaces__rosidl_typesupport_fastrtps_cppExport-noconfig.cmake
[16.718s] -- Installing: /home/mojiu/ros2_ws/install/custom_action_interfaces/share/custom_action_interfaces/cmake/custom_action_interfaces__rosidl_typesupport_introspection_cppExport.cmake
[16.718s] -- Installing: /home/mojiu/ros2_ws/install/custom_action_interfaces/share/custom_action_interfaces/cmake/custom_action_interfaces__rosidl_typesupport_introspection_cppExport-noconfig.cmake
[16.718s] -- Installing: /home/mojiu/ros2_ws/install/custom_action_interfaces/share/custom_action_interfaces/cmake/custom_action_interfaces__rosidl_typesupport_cppExport.cmake
[16.718s] -- Installing: /home/mojiu/ros2_ws/install/custom_action_interfaces/share/custom_action_interfaces/cmake/custom_action_interfaces__rosidl_typesupport_cppExport-noconfig.cmake
[16.718s] -- Installing: /home/mojiu/ros2_ws/install/custom_action_interfaces/share/custom_action_interfaces/cmake/export_custom_action_interfaces__rosidl_generator_pyExport.cmake
[16.719s] -- Installing: /home/mojiu/ros2_ws/install/custom_action_interfaces/share/custom_action_interfaces/cmake/export_custom_action_interfaces__rosidl_generator_pyExport-noconfig.cmake
[16.719s] -- Installing: /home/mojiu/ros2_ws/install/custom_action_interfaces/share/custom_action_interfaces/cmake/rosidl_cmake-extras.cmake
[16.719s] -- Installing: /home/mojiu/ros2_ws/install/custom_action_interfaces/share/custom_action_interfaces/cmake/ament_cmake_export_dependencies-extras.cmake
[16.719s] -- Installing: /home/mojiu/ros2_ws/install/custom_action_interfaces/share/custom_action_interfaces/cmake/ament_cmake_export_include_directories-extras.cmake
[16.719s] -- Installing: /home/mojiu/ros2_ws/install/custom_action_interfaces/share/custom_action_interfaces/cmake/ament_cmake_export_libraries-extras.cmake
[16.720s] -- Installing: /home/mojiu/ros2_ws/install/custom_action_interfaces/share/custom_action_interfaces/cmake/ament_cmake_export_targets-extras.cmake
[16.720s] -- Installing: /home/mojiu/ros2_ws/install/custom_action_interfaces/share/custom_action_interfaces/cmake/rosidl_cmake_export_typesupport_targets-extras.cmake
[16.720s] -- Installing: /home/mojiu/ros2_ws/install/custom_action_interfaces/share/custom_action_interfaces/cmake/rosidl_cmake_export_typesupport_libraries-extras.cmake
[16.720s] -- Installing: /home/mojiu/ros2_ws/install/custom_action_interfaces/share/custom_action_interfaces/cmake/custom_action_interfacesConfig.cmake
[16.720s] -- Installing: /home/mojiu/ros2_ws/install/custom_action_interfaces/share/custom_action_interfaces/cmake/custom_action_interfacesConfig-version.cmake
[16.721s] -- Installing: /home/mojiu/ros2_ws/install/custom_action_interfaces/share/custom_action_interfaces/package.xml
[16.724s] Invoked command in '/home/mojiu/ros2_ws/build/custom_action_interfaces' returned '0': CMAKE_PREFIX_PATH=${CMAKE_PREFIX_PATH}:/opt/ros/jazzy DEBUGINFOD_URLS=https://debuginfod.ubuntu.com /usr/bin/cmake --install /home/mojiu/ros2_ws/build/custom_action_interfaces
