[0.010s] Invoking command in '/home/mojiu/ros2_ws/build/cpp_parameters': CMAKE_PREFIX_PATH=${CMAKE_PREFIX_PATH}:/opt/ros/jazzy DEBUGINFOD_URLS=https://debuginfod.ubuntu.com /usr/bin/cmake --build /home/mojiu/ros2_ws/build/cpp_parameters -- -j8 -l8
[0.034s] -- Found ament_cmake: 2.5.2 (/opt/ros/jazzy/share/ament_cmake/cmake)
[0.235s] -- Found rclcpp: 28.1.5 (/opt/ros/jazzy/share/rclcpp/cmake)
[0.261s] -- Found rosidl_generator_c: 4.6.4 (/opt/ros/jazzy/share/rosidl_generator_c/cmake)
[0.271s] -- Found rosidl_generator_cpp: 4.6.4 (/opt/ros/jazzy/share/rosidl_generator_cpp/cmake)
[0.282s] -- Using all available rosidl_typesupport_c: rosidl_typesupport_fastrtps_c;rosidl_typesupport_introspection_c
[0.296s] -- Using all available rosidl_typesupport_cpp: rosidl_typesupport_fastrtps_cpp;rosidl_typesupport_introspection_cpp
[0.363s] -- Found rmw_implementation_cmake: 7.3.1 (/opt/ros/jazzy/share/rmw_implementation_cmake/cmake)
[0.365s] -- Found rmw_fastrtps_cpp: 8.4.1 (/opt/ros/jazzy/share/rmw_fastrtps_cpp/cmake)
[0.430s] -- Using RMW implementation 'rmw_fastrtps_cpp' as default
[0.501s] -- Found ament_lint_auto: 0.17.1 (/opt/ros/jazzy/share/ament_lint_auto/cmake)
[0.589s] -- Added test 'cppcheck' to perform static code analysis on C / C++ code
[0.589s] -- Configured cppcheck include dirs: 
[0.589s] -- Configured cppcheck exclude dirs and/or files: 
[0.589s] -- Added test 'flake8' to check Python code syntax and style conventions
[0.589s] -- Configured 'flake8' exclude dirs and/or files: 
[0.590s] -- Added test 'lint_cmake' to check CMake code style
[0.590s] -- Added test 'pep257' to check Python code against some of the docstring style conventions in PEP 257
[0.591s] -- Added test 'uncrustify' to check C / C++ code style
[0.591s] -- Configured uncrustify additional arguments: 
[0.592s] -- Added test 'xmllint' to check XML markup files
[0.592s] -- Configuring done (0.6s)
[0.602s] -- Generating done (0.0s)
[0.604s] -- Build files have been written to: /home/mojiu/ros2_ws/build/cpp_parameters
[0.646s] [100%] Built target minimal_param_node
[0.656s] Invoked command in '/home/mojiu/ros2_ws/build/cpp_parameters' returned '0': CMAKE_PREFIX_PATH=${CMAKE_PREFIX_PATH}:/opt/ros/jazzy DEBUGINFOD_URLS=https://debuginfod.ubuntu.com /usr/bin/cmake --build /home/mojiu/ros2_ws/build/cpp_parameters -- -j8 -l8
[0.687s] Invoking command in '/home/mojiu/ros2_ws/build/cpp_parameters': CMAKE_PREFIX_PATH=${CMAKE_PREFIX_PATH}:/opt/ros/jazzy DEBUGINFOD_URLS=https://debuginfod.ubuntu.com /usr/bin/cmake --install /home/mojiu/ros2_ws/build/cpp_parameters
[0.694s] -- Install configuration: ""
[0.695s] -- Up-to-date: /home/mojiu/ros2_ws/install/cpp_parameters/lib/cpp_parameters/minimal_param_node
[0.695s] -- Installing: /home/mojiu/ros2_ws/install/cpp_parameters/share/cpp_parameters/launch
[0.695s] -- Installing: /home/mojiu/ros2_ws/install/cpp_parameters/share/cpp_parameters/launch/cpp_parameters_launch.py
[0.695s] -- Up-to-date: /home/mojiu/ros2_ws/install/cpp_parameters/share/ament_index/resource_index/package_run_dependencies/cpp_parameters
[0.695s] -- Up-to-date: /home/mojiu/ros2_ws/install/cpp_parameters/share/ament_index/resource_index/parent_prefix_path/cpp_parameters
[0.695s] -- Up-to-date: /home/mojiu/ros2_ws/install/cpp_parameters/share/cpp_parameters/environment/ament_prefix_path.sh
[0.695s] -- Up-to-date: /home/mojiu/ros2_ws/install/cpp_parameters/share/cpp_parameters/environment/ament_prefix_path.dsv
[0.695s] -- Up-to-date: /home/mojiu/ros2_ws/install/cpp_parameters/share/cpp_parameters/environment/path.sh
[0.695s] -- Up-to-date: /home/mojiu/ros2_ws/install/cpp_parameters/share/cpp_parameters/environment/path.dsv
[0.696s] -- Up-to-date: /home/mojiu/ros2_ws/install/cpp_parameters/share/cpp_parameters/local_setup.bash
[0.696s] -- Up-to-date: /home/mojiu/ros2_ws/install/cpp_parameters/share/cpp_parameters/local_setup.sh
[0.696s] -- Up-to-date: /home/mojiu/ros2_ws/install/cpp_parameters/share/cpp_parameters/local_setup.zsh
[0.696s] -- Up-to-date: /home/mojiu/ros2_ws/install/cpp_parameters/share/cpp_parameters/local_setup.dsv
[0.696s] -- Installing: /home/mojiu/ros2_ws/install/cpp_parameters/share/cpp_parameters/package.dsv
[0.696s] -- Up-to-date: /home/mojiu/ros2_ws/install/cpp_parameters/share/ament_index/resource_index/packages/cpp_parameters
[0.696s] -- Up-to-date: /home/mojiu/ros2_ws/install/cpp_parameters/share/cpp_parameters/cmake/cpp_parametersConfig.cmake
[0.696s] -- Up-to-date: /home/mojiu/ros2_ws/install/cpp_parameters/share/cpp_parameters/cmake/cpp_parametersConfig-version.cmake
[0.696s] -- Up-to-date: /home/mojiu/ros2_ws/install/cpp_parameters/share/cpp_parameters/package.xml
[0.697s] Invoked command in '/home/mojiu/ros2_ws/build/cpp_parameters' returned '0': CMAKE_PREFIX_PATH=${CMAKE_PREFIX_PATH}:/opt/ros/jazzy DEBUGINFOD_URLS=https://debuginfod.ubuntu.com /usr/bin/cmake --install /home/mojiu/ros2_ws/build/cpp_parameters
