-- The C compiler identification is GNU 13.2.0
-- The CXX compiler identification is GNU 13.2.0
-- Detecting C compiler ABI info
-- Detecting C compiler ABI info - done
-- Check for working C compiler: /usr/bin/cc - skipped
-- Detecting C compile features
-- Detecting C compile features - done
-- Detecting CXX compiler ABI info
-- Detecting CXX compiler ABI info - done
-- Check for working CXX compiler: /usr/bin/c++ - skipped
-- Detecting CXX compile features
-- Detecting CXX compile features - done
-- Found ament_cmake: 2.5.2 (/opt/ros/jazzy/share/ament_cmake/cmake)
-- Found Python3: /usr/bin/python3 (found version "3.12.3") found components: Interpreter 
-- Found rosidl_default_generators: 1.6.0 (/opt/ros/jazzy/share/rosidl_default_generators/cmake)
-- Using all available rosidl_typesupport_c: rosidl_typesupport_fastrtps_c;rosidl_typesupport_introspection_c
-- Using all available rosidl_typesupport_cpp: rosidl_typesupport_fastrtps_cpp;rosidl_typesupport_introspection_cpp
-- Found rosidl_adapter: 4.6.4 (/opt/ros/jazzy/share/rosidl_adapter/cmake)
-- Found geometry_msgs: 5.3.5 (/opt/ros/jazzy/share/geometry_msgs/cmake)
-- Found ament_cmake_ros: 0.12.0 (/opt/ros/jazzy/share/ament_cmake_ros/cmake)
-- Using all available rosidl_typesupport_c: rosidl_typesupport_fastrtps_c;rosidl_typesupport_introspection_c
-- Using all available rosidl_typesupport_cpp: rosidl_typesupport_fastrtps_cpp;rosidl_typesupport_introspection_cpp
-- Found python_cmake_module: 0.11.1 (/opt/ros/jazzy/share/python_cmake_module/cmake)
-- Found PythonExtra: /usr/bin/python3  
-- Found Python3: /usr/bin/python3 (found version "3.12.3") found components: Interpreter Development NumPy Development.Module Development.Embed 
-- Found ament_lint_auto: 0.17.1 (/opt/ros/jazzy/share/ament_lint_auto/cmake)
-- Added test 'lint_cmake' to check CMake code style
-- Added test 'xmllint' to check XML markup files
-- Configuring done (3.5s)
-- Generating done (0.0s)
-- Build files have been written to: /home/mojiu/ros2_ws/build/example_ros2_interfaces
[  1%] [34m[1mGenerating type hashes for ROS interfaces[0m
[  1%] Built target ament_cmake_python_copy_example_ros2_interfaces
running egg_info
creating example_ros2_interfaces.egg-info
[  1%] Built target example_ros2_interfaces__rosidl_generator_type_description
writing example_ros2_interfaces.egg-info/PKG-INFO
writing dependency_links to example_ros2_interfaces.egg-info/dependency_links.txt
writing top-level names to example_ros2_interfaces.egg-info/top_level.txt
writing manifest file 'example_ros2_interfaces.egg-info/SOURCES.txt'
[  3%] [34m[1mGenerating C code for ROS interfaces[0m
[  5%] [34m[1mGenerating C++ code for ROS interfaces[0m
reading manifest file 'example_ros2_interfaces.egg-info/SOURCES.txt'
writing manifest file 'example_ros2_interfaces.egg-info/SOURCES.txt'
[  5%] Built target ament_cmake_python_build_example_ros2_interfaces_egg
[  5%] Built target example_ros2_interfaces__cpp
[ 12%] [32mBuilding C object CMakeFiles/example_ros2_interfaces__rosidl_generator_c.dir/rosidl_generator_c/example_ros2_interfaces/msg/detail/robot_pose__description.c.o[0m
[ 12%] [32mBuilding C object CMakeFiles/example_ros2_interfaces__rosidl_generator_c.dir/rosidl_generator_c/example_ros2_interfaces/msg/detail/robot_pose__functions.c.o[0m
[ 12%] [32mBuilding C object CMakeFiles/example_ros2_interfaces__rosidl_generator_c.dir/rosidl_generator_c/example_ros2_interfaces/msg/detail/robot_pose__type_support.c.o[0m
[ 12%] [32mBuilding C object CMakeFiles/example_ros2_interfaces__rosidl_generator_c.dir/rosidl_generator_c/example_ros2_interfaces/msg/detail/robot_status__type_support.c.o[0m
[ 14%] [32mBuilding C object CMakeFiles/example_ros2_interfaces__rosidl_generator_c.dir/rosidl_generator_c/example_ros2_interfaces/msg/detail/robot_status__description.c.o[0m
[ 16%] [32mBuilding C object CMakeFiles/example_ros2_interfaces__rosidl_generator_c.dir/rosidl_generator_c/example_ros2_interfaces/msg/detail/robot_status__functions.c.o[0m
[ 18%] [32mBuilding C object CMakeFiles/example_ros2_interfaces__rosidl_generator_c.dir/rosidl_generator_c/example_ros2_interfaces/srv/detail/move_robot__description.c.o[0m
[ 20%] [32mBuilding C object CMakeFiles/example_ros2_interfaces__rosidl_generator_c.dir/rosidl_generator_c/example_ros2_interfaces/srv/detail/move_robot__functions.c.o[0m
[ 22%] [32mBuilding C object CMakeFiles/example_ros2_interfaces__rosidl_generator_c.dir/rosidl_generator_c/example_ros2_interfaces/srv/detail/move_robot__type_support.c.o[0m
[ 24%] [32m[1mLinking C shared library libexample_ros2_interfaces__rosidl_generator_c.so[0m
[ 24%] Built target example_ros2_interfaces__rosidl_generator_c
[ 27%] [34m[1mGenerating C++ introspection for ROS interfaces[0m
[ 27%] [34m[1mGenerating C++ type support for eProsima Fast-RTPS[0m
[ 31%] [34m[1mGenerating C++ type support dispatch for ROS interfaces[0m
[ 31%] [34m[1mGenerating C type support for eProsima Fast-RTPS[0m
[ 33%] [34m[1mGenerating C type support dispatch for ROS interfaces[0m
[ 35%] [34m[1mGenerating C introspection for ROS interfaces[0m
[ 40%] [32mBuilding CXX object CMakeFiles/example_ros2_interfaces__rosidl_typesupport_fastrtps_c.dir/rosidl_typesupport_fastrtps_c/example_ros2_interfaces/msg/detail/robot_status__type_support_c.cpp.o[0m
[ 40%] [32mBuilding CXX object CMakeFiles/example_ros2_interfaces__rosidl_typesupport_fastrtps_c.dir/rosidl_typesupport_fastrtps_c/example_ros2_interfaces/srv/detail/move_robot__type_support_c.cpp.o[0m
[ 40%] [32mBuilding CXX object CMakeFiles/example_ros2_interfaces__rosidl_typesupport_fastrtps_c.dir/rosidl_typesupport_fastrtps_c/example_ros2_interfaces/msg/detail/robot_pose__type_support_c.cpp.o[0m
[ 42%] [32mBuilding CXX object CMakeFiles/example_ros2_interfaces__rosidl_typesupport_fastrtps_cpp.dir/rosidl_typesupport_fastrtps_cpp/example_ros2_interfaces/msg/detail/dds_fastrtps/robot_pose__type_support.cpp.o[0m
[ 44%] [32mBuilding CXX object CMakeFiles/example_ros2_interfaces__rosidl_typesupport_cpp.dir/rosidl_typesupport_cpp/example_ros2_interfaces/msg/robot_pose__type_support.cpp.o[0m
[ 46%] [32mBuilding CXX object CMakeFiles/example_ros2_interfaces__rosidl_typesupport_c.dir/rosidl_typesupport_c/example_ros2_interfaces/msg/robot_pose__type_support.cpp.o[0m
[ 48%] [32mBuilding CXX object CMakeFiles/example_ros2_interfaces__rosidl_typesupport_c.dir/rosidl_typesupport_c/example_ros2_interfaces/msg/robot_status__type_support.cpp.o[0m
[ 50%] [32mBuilding CXX object CMakeFiles/example_ros2_interfaces__rosidl_typesupport_introspection_cpp.dir/rosidl_typesupport_introspection_cpp/example_ros2_interfaces/msg/detail/robot_pose__type_support.cpp.o[0m
[ 51%] [32mBuilding C object CMakeFiles/example_ros2_interfaces__rosidl_typesupport_introspection_c.dir/rosidl_typesupport_introspection_c/example_ros2_interfaces/msg/detail/robot_pose__type_support.c.o[0m
[ 53%] [32mBuilding CXX object CMakeFiles/example_ros2_interfaces__rosidl_typesupport_c.dir/rosidl_typesupport_c/example_ros2_interfaces/srv/move_robot__type_support.cpp.o[0m
[ 55%] [32mBuilding C object CMakeFiles/example_ros2_interfaces__rosidl_typesupport_introspection_c.dir/rosidl_typesupport_introspection_c/example_ros2_interfaces/msg/detail/robot_status__type_support.c.o[0m
[ 57%] [32mBuilding C object CMakeFiles/example_ros2_interfaces__rosidl_typesupport_introspection_c.dir/rosidl_typesupport_introspection_c/example_ros2_interfaces/srv/detail/move_robot__type_support.c.o[0m
[ 59%] [32m[1mLinking CXX shared library libexample_ros2_interfaces__rosidl_typesupport_c.so[0m
[ 61%] [32m[1mLinking C shared library libexample_ros2_interfaces__rosidl_typesupport_introspection_c.so[0m
[ 61%] Built target example_ros2_interfaces__rosidl_typesupport_c
[ 62%] [32mBuilding CXX object CMakeFiles/example_ros2_interfaces__rosidl_typesupport_fastrtps_cpp.dir/rosidl_typesupport_fastrtps_cpp/example_ros2_interfaces/msg/detail/dds_fastrtps/robot_status__type_support.cpp.o[0m
[ 62%] Built target example_ros2_interfaces__rosidl_typesupport_introspection_c
[ 64%] [32mBuilding CXX object CMakeFiles/example_ros2_interfaces__rosidl_typesupport_introspection_cpp.dir/rosidl_typesupport_introspection_cpp/example_ros2_interfaces/msg/detail/robot_status__type_support.cpp.o[0m
[ 66%] [32mBuilding CXX object CMakeFiles/example_ros2_interfaces__rosidl_typesupport_cpp.dir/rosidl_typesupport_cpp/example_ros2_interfaces/msg/robot_status__type_support.cpp.o[0m
[ 68%] [32mBuilding CXX object CMakeFiles/example_ros2_interfaces__rosidl_typesupport_cpp.dir/rosidl_typesupport_cpp/example_ros2_interfaces/srv/move_robot__type_support.cpp.o[0m
[ 70%] [32mBuilding CXX object CMakeFiles/example_ros2_interfaces__rosidl_typesupport_fastrtps_cpp.dir/rosidl_typesupport_fastrtps_cpp/example_ros2_interfaces/srv/detail/dds_fastrtps/move_robot__type_support.cpp.o[0m
[ 72%] [32mBuilding CXX object CMakeFiles/example_ros2_interfaces__rosidl_typesupport_introspection_cpp.dir/rosidl_typesupport_introspection_cpp/example_ros2_interfaces/srv/detail/move_robot__type_support.cpp.o[0m
[ 74%] [32m[1mLinking CXX shared library libexample_ros2_interfaces__rosidl_typesupport_fastrtps_c.so[0m
[ 74%] Built target example_ros2_interfaces__rosidl_typesupport_fastrtps_c
[ 75%] [32m[1mLinking CXX shared library libexample_ros2_interfaces__rosidl_typesupport_cpp.so[0m
[ 75%] Built target example_ros2_interfaces__rosidl_typesupport_cpp
[ 77%] [32m[1mLinking CXX shared library libexample_ros2_interfaces__rosidl_typesupport_introspection_cpp.so[0m
[ 77%] Built target example_ros2_interfaces__rosidl_typesupport_introspection_cpp
[ 79%] [32m[1mLinking CXX shared library libexample_ros2_interfaces__rosidl_typesupport_fastrtps_cpp.so[0m
[ 79%] Built target example_ros2_interfaces__rosidl_typesupport_fastrtps_cpp
[ 79%] Built target example_ros2_interfaces
[ 81%] [34m[1mGenerating Python code for ROS interfaces[0m
[ 81%] Built target example_ros2_interfaces__py
[ 87%] [32mBuilding C object CMakeFiles/example_ros2_interfaces__rosidl_generator_py.dir/rosidl_generator_py/example_ros2_interfaces/srv/_move_robot_s.c.o[0m
[ 87%] [32mBuilding C object CMakeFiles/example_ros2_interfaces__rosidl_generator_py.dir/rosidl_generator_py/example_ros2_interfaces/msg/_robot_status_s.c.o[0m
[ 87%] [32mBuilding C object CMakeFiles/example_ros2_interfaces__rosidl_generator_py.dir/rosidl_generator_py/example_ros2_interfaces/msg/_robot_pose_s.c.o[0m
[ 88%] [32m[1mLinking C shared library libexample_ros2_interfaces__rosidl_generator_py.so[0m
[ 88%] Built target example_ros2_interfaces__rosidl_generator_py
[ 94%] [32mBuilding C object CMakeFiles/example_ros2_interfaces_s__rosidl_typesupport_introspection_c.dir/rosidl_generator_py/example_ros2_interfaces/_example_ros2_interfaces_s.ep.rosidl_typesupport_introspection_c.c.o[0m
[ 94%] [32mBuilding C object CMakeFiles/example_ros2_interfaces_s__rosidl_typesupport_c.dir/rosidl_generator_py/example_ros2_interfaces/_example_ros2_interfaces_s.ep.rosidl_typesupport_c.c.o[0m
[ 94%] [32mBuilding C object CMakeFiles/example_ros2_interfaces_s__rosidl_typesupport_fastrtps_c.dir/rosidl_generator_py/example_ros2_interfaces/_example_ros2_interfaces_s.ep.rosidl_typesupport_fastrtps_c.c.o[0m
[ 96%] [32m[1mLinking C shared module rosidl_generator_py/example_ros2_interfaces/example_ros2_interfaces_s__rosidl_typesupport_introspection_c.so[0m
[ 98%] [32m[1mLinking C shared module rosidl_generator_py/example_ros2_interfaces/example_ros2_interfaces_s__rosidl_typesupport_c.so[0m
[100%] [32m[1mLinking C shared module rosidl_generator_py/example_ros2_interfaces/example_ros2_interfaces_s__rosidl_typesupport_fastrtps_c.so[0m
[100%] Built target example_ros2_interfaces_s__rosidl_typesupport_introspection_c
[100%] Built target example_ros2_interfaces_s__rosidl_typesupport_c
[100%] Built target example_ros2_interfaces_s__rosidl_typesupport_fastrtps_c
-- Install configuration: ""
-- Installing: /home/mojiu/ros2_ws/install/example_ros2_interfaces/share/ament_index/resource_index/rosidl_interfaces/example_ros2_interfaces
-- Installing: /home/mojiu/ros2_ws/install/example_ros2_interfaces/share/example_ros2_interfaces/msg/RobotPose.json
-- Installing: /home/mojiu/ros2_ws/install/example_ros2_interfaces/share/example_ros2_interfaces/msg/RobotStatus.json
-- Installing: /home/mojiu/ros2_ws/install/example_ros2_interfaces/share/example_ros2_interfaces/srv/MoveRobot.json
-- Installing: /home/mojiu/ros2_ws/install/example_ros2_interfaces/include/example_ros2_interfaces/example_ros2_interfaces
-- Installing: /home/mojiu/ros2_ws/install/example_ros2_interfaces/include/example_ros2_interfaces/example_ros2_interfaces/srv
-- Installing: /home/mojiu/ros2_ws/install/example_ros2_interfaces/include/example_ros2_interfaces/example_ros2_interfaces/srv/move_robot.h
-- Installing: /home/mojiu/ros2_ws/install/example_ros2_interfaces/include/example_ros2_interfaces/example_ros2_interfaces/srv/detail
-- Installing: /home/mojiu/ros2_ws/install/example_ros2_interfaces/include/example_ros2_interfaces/example_ros2_interfaces/srv/detail/move_robot__type_support.h
-- Installing: /home/mojiu/ros2_ws/install/example_ros2_interfaces/include/example_ros2_interfaces/example_ros2_interfaces/srv/detail/move_robot__type_support.c
-- Installing: /home/mojiu/ros2_ws/install/example_ros2_interfaces/include/example_ros2_interfaces/example_ros2_interfaces/srv/detail/move_robot__functions.c
-- Installing: /home/mojiu/ros2_ws/install/example_ros2_interfaces/include/example_ros2_interfaces/example_ros2_interfaces/srv/detail/move_robot__functions.h
-- Installing: /home/mojiu/ros2_ws/install/example_ros2_interfaces/include/example_ros2_interfaces/example_ros2_interfaces/srv/detail/move_robot__struct.h
-- Installing: /home/mojiu/ros2_ws/install/example_ros2_interfaces/include/example_ros2_interfaces/example_ros2_interfaces/srv/detail/move_robot__description.c
-- Installing: /home/mojiu/ros2_ws/install/example_ros2_interfaces/include/example_ros2_interfaces/example_ros2_interfaces/msg
-- Installing: /home/mojiu/ros2_ws/install/example_ros2_interfaces/include/example_ros2_interfaces/example_ros2_interfaces/msg/robot_pose.h
-- Installing: /home/mojiu/ros2_ws/install/example_ros2_interfaces/include/example_ros2_interfaces/example_ros2_interfaces/msg/detail
-- Installing: /home/mojiu/ros2_ws/install/example_ros2_interfaces/include/example_ros2_interfaces/example_ros2_interfaces/msg/detail/robot_status__type_support.c
-- Installing: /home/mojiu/ros2_ws/install/example_ros2_interfaces/include/example_ros2_interfaces/example_ros2_interfaces/msg/detail/robot_pose__functions.c
-- Installing: /home/mojiu/ros2_ws/install/example_ros2_interfaces/include/example_ros2_interfaces/example_ros2_interfaces/msg/detail/robot_status__type_support.h
-- Installing: /home/mojiu/ros2_ws/install/example_ros2_interfaces/include/example_ros2_interfaces/example_ros2_interfaces/msg/detail/robot_status__description.c
-- Installing: /home/mojiu/ros2_ws/install/example_ros2_interfaces/include/example_ros2_interfaces/example_ros2_interfaces/msg/detail/robot_pose__struct.h
-- Installing: /home/mojiu/ros2_ws/install/example_ros2_interfaces/include/example_ros2_interfaces/example_ros2_interfaces/msg/detail/robot_pose__type_support.c
-- Installing: /home/mojiu/ros2_ws/install/example_ros2_interfaces/include/example_ros2_interfaces/example_ros2_interfaces/msg/detail/robot_status__functions.h
-- Installing: /home/mojiu/ros2_ws/install/example_ros2_interfaces/include/example_ros2_interfaces/example_ros2_interfaces/msg/detail/robot_pose__functions.h
-- Installing: /home/mojiu/ros2_ws/install/example_ros2_interfaces/include/example_ros2_interfaces/example_ros2_interfaces/msg/detail/robot_pose__type_support.h
-- Installing: /home/mojiu/ros2_ws/install/example_ros2_interfaces/include/example_ros2_interfaces/example_ros2_interfaces/msg/detail/robot_pose__description.c
-- Installing: /home/mojiu/ros2_ws/install/example_ros2_interfaces/include/example_ros2_interfaces/example_ros2_interfaces/msg/detail/robot_status__struct.h
-- Installing: /home/mojiu/ros2_ws/install/example_ros2_interfaces/include/example_ros2_interfaces/example_ros2_interfaces/msg/detail/robot_status__functions.c
-- Installing: /home/mojiu/ros2_ws/install/example_ros2_interfaces/include/example_ros2_interfaces/example_ros2_interfaces/msg/robot_status.h
-- Installing: /home/mojiu/ros2_ws/install/example_ros2_interfaces/include/example_ros2_interfaces/example_ros2_interfaces/msg/rosidl_generator_c__visibility_control.h
-- Installing: /home/mojiu/ros2_ws/install/example_ros2_interfaces/share/example_ros2_interfaces/environment/library_path.sh
-- Installing: /home/mojiu/ros2_ws/install/example_ros2_interfaces/share/example_ros2_interfaces/environment/library_path.dsv
-- Installing: /home/mojiu/ros2_ws/install/example_ros2_interfaces/lib/libexample_ros2_interfaces__rosidl_generator_c.so
-- Set non-toolchain portion of runtime path of "/home/mojiu/ros2_ws/install/example_ros2_interfaces/lib/libexample_ros2_interfaces__rosidl_generator_c.so" to ""
-- Up-to-date: /home/mojiu/ros2_ws/install/example_ros2_interfaces/include/example_ros2_interfaces/example_ros2_interfaces
-- Up-to-date: /home/mojiu/ros2_ws/install/example_ros2_interfaces/include/example_ros2_interfaces/example_ros2_interfaces/srv
-- Up-to-date: /home/mojiu/ros2_ws/install/example_ros2_interfaces/include/example_ros2_interfaces/example_ros2_interfaces/srv/detail
-- Installing: /home/mojiu/ros2_ws/install/example_ros2_interfaces/include/example_ros2_interfaces/example_ros2_interfaces/srv/detail/move_robot__rosidl_typesupport_fastrtps_c.h
-- Up-to-date: /home/mojiu/ros2_ws/install/example_ros2_interfaces/include/example_ros2_interfaces/example_ros2_interfaces/msg
-- Installing: /home/mojiu/ros2_ws/install/example_ros2_interfaces/include/example_ros2_interfaces/example_ros2_interfaces/msg/rosidl_typesupport_fastrtps_c__visibility_control.h
-- Up-to-date: /home/mojiu/ros2_ws/install/example_ros2_interfaces/include/example_ros2_interfaces/example_ros2_interfaces/msg/detail
-- Installing: /home/mojiu/ros2_ws/install/example_ros2_interfaces/include/example_ros2_interfaces/example_ros2_interfaces/msg/detail/robot_pose__rosidl_typesupport_fastrtps_c.h
-- Installing: /home/mojiu/ros2_ws/install/example_ros2_interfaces/include/example_ros2_interfaces/example_ros2_interfaces/msg/detail/robot_status__rosidl_typesupport_fastrtps_c.h
-- Installing: /home/mojiu/ros2_ws/install/example_ros2_interfaces/lib/libexample_ros2_interfaces__rosidl_typesupport_fastrtps_c.so
-- Set non-toolchain portion of runtime path of "/home/mojiu/ros2_ws/install/example_ros2_interfaces/lib/libexample_ros2_interfaces__rosidl_typesupport_fastrtps_c.so" to ""
-- Up-to-date: /home/mojiu/ros2_ws/install/example_ros2_interfaces/include/example_ros2_interfaces/example_ros2_interfaces
-- Up-to-date: /home/mojiu/ros2_ws/install/example_ros2_interfaces/include/example_ros2_interfaces/example_ros2_interfaces/srv
-- Up-to-date: /home/mojiu/ros2_ws/install/example_ros2_interfaces/include/example_ros2_interfaces/example_ros2_interfaces/srv/detail
-- Installing: /home/mojiu/ros2_ws/install/example_ros2_interfaces/include/example_ros2_interfaces/example_ros2_interfaces/srv/detail/move_robot__type_support.c
-- Installing: /home/mojiu/ros2_ws/install/example_ros2_interfaces/include/example_ros2_interfaces/example_ros2_interfaces/srv/detail/move_robot__rosidl_typesupport_introspection_c.h
-- Up-to-date: /home/mojiu/ros2_ws/install/example_ros2_interfaces/include/example_ros2_interfaces/example_ros2_interfaces/msg
-- Up-to-date: /home/mojiu/ros2_ws/install/example_ros2_interfaces/include/example_ros2_interfaces/example_ros2_interfaces/msg/detail
-- Installing: /home/mojiu/ros2_ws/install/example_ros2_interfaces/include/example_ros2_interfaces/example_ros2_interfaces/msg/detail/robot_status__type_support.c
-- Installing: /home/mojiu/ros2_ws/install/example_ros2_interfaces/include/example_ros2_interfaces/example_ros2_interfaces/msg/detail/robot_status__rosidl_typesupport_introspection_c.h
-- Installing: /home/mojiu/ros2_ws/install/example_ros2_interfaces/include/example_ros2_interfaces/example_ros2_interfaces/msg/detail/robot_pose__type_support.c
-- Installing: /home/mojiu/ros2_ws/install/example_ros2_interfaces/include/example_ros2_interfaces/example_ros2_interfaces/msg/detail/robot_pose__rosidl_typesupport_introspection_c.h
-- Installing: /home/mojiu/ros2_ws/install/example_ros2_interfaces/include/example_ros2_interfaces/example_ros2_interfaces/msg/rosidl_typesupport_introspection_c__visibility_control.h
-- Installing: /home/mojiu/ros2_ws/install/example_ros2_interfaces/lib/libexample_ros2_interfaces__rosidl_typesupport_introspection_c.so
-- Set non-toolchain portion of runtime path of "/home/mojiu/ros2_ws/install/example_ros2_interfaces/lib/libexample_ros2_interfaces__rosidl_typesupport_introspection_c.so" to ""
-- Installing: /home/mojiu/ros2_ws/install/example_ros2_interfaces/lib/libexample_ros2_interfaces__rosidl_typesupport_c.so
-- Set non-toolchain portion of runtime path of "/home/mojiu/ros2_ws/install/example_ros2_interfaces/lib/libexample_ros2_interfaces__rosidl_typesupport_c.so" to ""
-- Up-to-date: /home/mojiu/ros2_ws/install/example_ros2_interfaces/include/example_ros2_interfaces/example_ros2_interfaces
-- Up-to-date: /home/mojiu/ros2_ws/install/example_ros2_interfaces/include/example_ros2_interfaces/example_ros2_interfaces/srv
-- Installing: /home/mojiu/ros2_ws/install/example_ros2_interfaces/include/example_ros2_interfaces/example_ros2_interfaces/srv/move_robot.hpp
-- Up-to-date: /home/mojiu/ros2_ws/install/example_ros2_interfaces/include/example_ros2_interfaces/example_ros2_interfaces/srv/detail
-- Installing: /home/mojiu/ros2_ws/install/example_ros2_interfaces/include/example_ros2_interfaces/example_ros2_interfaces/srv/detail/move_robot__builder.hpp
-- Installing: /home/mojiu/ros2_ws/install/example_ros2_interfaces/include/example_ros2_interfaces/example_ros2_interfaces/srv/detail/move_robot__struct.hpp
-- Installing: /home/mojiu/ros2_ws/install/example_ros2_interfaces/include/example_ros2_interfaces/example_ros2_interfaces/srv/detail/move_robot__traits.hpp
-- Installing: /home/mojiu/ros2_ws/install/example_ros2_interfaces/include/example_ros2_interfaces/example_ros2_interfaces/srv/detail/move_robot__type_support.hpp
-- Up-to-date: /home/mojiu/ros2_ws/install/example_ros2_interfaces/include/example_ros2_interfaces/example_ros2_interfaces/msg
-- Installing: /home/mojiu/ros2_ws/install/example_ros2_interfaces/include/example_ros2_interfaces/example_ros2_interfaces/msg/robot_status.hpp
-- Up-to-date: /home/mojiu/ros2_ws/install/example_ros2_interfaces/include/example_ros2_interfaces/example_ros2_interfaces/msg/detail
-- Installing: /home/mojiu/ros2_ws/install/example_ros2_interfaces/include/example_ros2_interfaces/example_ros2_interfaces/msg/detail/robot_pose__type_support.hpp
-- Installing: /home/mojiu/ros2_ws/install/example_ros2_interfaces/include/example_ros2_interfaces/example_ros2_interfaces/msg/detail/robot_status__struct.hpp
-- Installing: /home/mojiu/ros2_ws/install/example_ros2_interfaces/include/example_ros2_interfaces/example_ros2_interfaces/msg/detail/robot_pose__traits.hpp
-- Installing: /home/mojiu/ros2_ws/install/example_ros2_interfaces/include/example_ros2_interfaces/example_ros2_interfaces/msg/detail/robot_pose__builder.hpp
-- Installing: /home/mojiu/ros2_ws/install/example_ros2_interfaces/include/example_ros2_interfaces/example_ros2_interfaces/msg/detail/robot_status__type_support.hpp
-- Installing: /home/mojiu/ros2_ws/install/example_ros2_interfaces/include/example_ros2_interfaces/example_ros2_interfaces/msg/detail/robot_pose__struct.hpp
-- Installing: /home/mojiu/ros2_ws/install/example_ros2_interfaces/include/example_ros2_interfaces/example_ros2_interfaces/msg/detail/robot_status__builder.hpp
-- Installing: /home/mojiu/ros2_ws/install/example_ros2_interfaces/include/example_ros2_interfaces/example_ros2_interfaces/msg/detail/robot_status__traits.hpp
-- Installing: /home/mojiu/ros2_ws/install/example_ros2_interfaces/include/example_ros2_interfaces/example_ros2_interfaces/msg/rosidl_generator_cpp__visibility_control.hpp
-- Installing: /home/mojiu/ros2_ws/install/example_ros2_interfaces/include/example_ros2_interfaces/example_ros2_interfaces/msg/robot_pose.hpp
-- Up-to-date: /home/mojiu/ros2_ws/install/example_ros2_interfaces/include/example_ros2_interfaces/example_ros2_interfaces
-- Up-to-date: /home/mojiu/ros2_ws/install/example_ros2_interfaces/include/example_ros2_interfaces/example_ros2_interfaces/srv
-- Up-to-date: /home/mojiu/ros2_ws/install/example_ros2_interfaces/include/example_ros2_interfaces/example_ros2_interfaces/srv/detail
-- Installing: /home/mojiu/ros2_ws/install/example_ros2_interfaces/include/example_ros2_interfaces/example_ros2_interfaces/srv/detail/dds_fastrtps
-- Installing: /home/mojiu/ros2_ws/install/example_ros2_interfaces/include/example_ros2_interfaces/example_ros2_interfaces/srv/detail/move_robot__rosidl_typesupport_fastrtps_cpp.hpp
-- Up-to-date: /home/mojiu/ros2_ws/install/example_ros2_interfaces/include/example_ros2_interfaces/example_ros2_interfaces/msg
-- Up-to-date: /home/mojiu/ros2_ws/install/example_ros2_interfaces/include/example_ros2_interfaces/example_ros2_interfaces/msg/detail
-- Installing: /home/mojiu/ros2_ws/install/example_ros2_interfaces/include/example_ros2_interfaces/example_ros2_interfaces/msg/detail/dds_fastrtps
-- Installing: /home/mojiu/ros2_ws/install/example_ros2_interfaces/include/example_ros2_interfaces/example_ros2_interfaces/msg/detail/robot_pose__rosidl_typesupport_fastrtps_cpp.hpp
-- Installing: /home/mojiu/ros2_ws/install/example_ros2_interfaces/include/example_ros2_interfaces/example_ros2_interfaces/msg/detail/robot_status__rosidl_typesupport_fastrtps_cpp.hpp
-- Installing: /home/mojiu/ros2_ws/install/example_ros2_interfaces/include/example_ros2_interfaces/example_ros2_interfaces/msg/rosidl_typesupport_fastrtps_cpp__visibility_control.h
-- Installing: /home/mojiu/ros2_ws/install/example_ros2_interfaces/lib/libexample_ros2_interfaces__rosidl_typesupport_fastrtps_cpp.so
-- Set non-toolchain portion of runtime path of "/home/mojiu/ros2_ws/install/example_ros2_interfaces/lib/libexample_ros2_interfaces__rosidl_typesupport_fastrtps_cpp.so" to ""
-- Up-to-date: /home/mojiu/ros2_ws/install/example_ros2_interfaces/include/example_ros2_interfaces/example_ros2_interfaces
-- Up-to-date: /home/mojiu/ros2_ws/install/example_ros2_interfaces/include/example_ros2_interfaces/example_ros2_interfaces/srv
-- Up-to-date: /home/mojiu/ros2_ws/install/example_ros2_interfaces/include/example_ros2_interfaces/example_ros2_interfaces/srv/detail
-- Installing: /home/mojiu/ros2_ws/install/example_ros2_interfaces/include/example_ros2_interfaces/example_ros2_interfaces/srv/detail/move_robot__rosidl_typesupport_introspection_cpp.hpp
-- Installing: /home/mojiu/ros2_ws/install/example_ros2_interfaces/include/example_ros2_interfaces/example_ros2_interfaces/srv/detail/move_robot__type_support.cpp
-- Up-to-date: /home/mojiu/ros2_ws/install/example_ros2_interfaces/include/example_ros2_interfaces/example_ros2_interfaces/msg
-- Up-to-date: /home/mojiu/ros2_ws/install/example_ros2_interfaces/include/example_ros2_interfaces/example_ros2_interfaces/msg/detail
-- Installing: /home/mojiu/ros2_ws/install/example_ros2_interfaces/include/example_ros2_interfaces/example_ros2_interfaces/msg/detail/robot_pose__type_support.cpp
-- Installing: /home/mojiu/ros2_ws/install/example_ros2_interfaces/include/example_ros2_interfaces/example_ros2_interfaces/msg/detail/robot_status__rosidl_typesupport_introspection_cpp.hpp
-- Installing: /home/mojiu/ros2_ws/install/example_ros2_interfaces/include/example_ros2_interfaces/example_ros2_interfaces/msg/detail/robot_status__type_support.cpp
-- Installing: /home/mojiu/ros2_ws/install/example_ros2_interfaces/include/example_ros2_interfaces/example_ros2_interfaces/msg/detail/robot_pose__rosidl_typesupport_introspection_cpp.hpp
-- Installing: /home/mojiu/ros2_ws/install/example_ros2_interfaces/lib/libexample_ros2_interfaces__rosidl_typesupport_introspection_cpp.so
-- Set non-toolchain portion of runtime path of "/home/mojiu/ros2_ws/install/example_ros2_interfaces/lib/libexample_ros2_interfaces__rosidl_typesupport_introspection_cpp.so" to ""
-- Installing: /home/mojiu/ros2_ws/install/example_ros2_interfaces/lib/libexample_ros2_interfaces__rosidl_typesupport_cpp.so
-- Set non-toolchain portion of runtime path of "/home/mojiu/ros2_ws/install/example_ros2_interfaces/lib/libexample_ros2_interfaces__rosidl_typesupport_cpp.so" to ""
-- Installing: /home/mojiu/ros2_ws/install/example_ros2_interfaces/share/example_ros2_interfaces/environment/pythonpath.sh
-- Installing: /home/mojiu/ros2_ws/install/example_ros2_interfaces/share/example_ros2_interfaces/environment/pythonpath.dsv
-- Installing: /home/mojiu/ros2_ws/install/example_ros2_interfaces/lib/python3.12/site-packages/example_ros2_interfaces-0.0.0-py3.12.egg-info
-- Installing: /home/mojiu/ros2_ws/install/example_ros2_interfaces/lib/python3.12/site-packages/example_ros2_interfaces-0.0.0-py3.12.egg-info/PKG-INFO
-- Installing: /home/mojiu/ros2_ws/install/example_ros2_interfaces/lib/python3.12/site-packages/example_ros2_interfaces-0.0.0-py3.12.egg-info/SOURCES.txt
-- Installing: /home/mojiu/ros2_ws/install/example_ros2_interfaces/lib/python3.12/site-packages/example_ros2_interfaces-0.0.0-py3.12.egg-info/top_level.txt
-- Installing: /home/mojiu/ros2_ws/install/example_ros2_interfaces/lib/python3.12/site-packages/example_ros2_interfaces-0.0.0-py3.12.egg-info/dependency_links.txt
-- Installing: /home/mojiu/ros2_ws/install/example_ros2_interfaces/lib/python3.12/site-packages/example_ros2_interfaces
-- Installing: /home/mojiu/ros2_ws/install/example_ros2_interfaces/lib/python3.12/site-packages/example_ros2_interfaces/_example_ros2_interfaces_s.ep.rosidl_typesupport_c.c
-- Installing: /home/mojiu/ros2_ws/install/example_ros2_interfaces/lib/python3.12/site-packages/example_ros2_interfaces/__init__.py
-- Installing: /home/mojiu/ros2_ws/install/example_ros2_interfaces/lib/python3.12/site-packages/example_ros2_interfaces/example_ros2_interfaces_s__rosidl_typesupport_fastrtps_c.so
-- Installing: /home/mojiu/ros2_ws/install/example_ros2_interfaces/lib/python3.12/site-packages/example_ros2_interfaces/example_ros2_interfaces_s__rosidl_typesupport_c.so
-- Installing: /home/mojiu/ros2_ws/install/example_ros2_interfaces/lib/python3.12/site-packages/example_ros2_interfaces/_example_ros2_interfaces_s.ep.rosidl_typesupport_fastrtps_c.c
-- Installing: /home/mojiu/ros2_ws/install/example_ros2_interfaces/lib/python3.12/site-packages/example_ros2_interfaces/srv
-- Installing: /home/mojiu/ros2_ws/install/example_ros2_interfaces/lib/python3.12/site-packages/example_ros2_interfaces/srv/_move_robot.py
-- Installing: /home/mojiu/ros2_ws/install/example_ros2_interfaces/lib/python3.12/site-packages/example_ros2_interfaces/srv/_move_robot_s.c
-- Installing: /home/mojiu/ros2_ws/install/example_ros2_interfaces/lib/python3.12/site-packages/example_ros2_interfaces/srv/__init__.py
-- Installing: /home/mojiu/ros2_ws/install/example_ros2_interfaces/lib/python3.12/site-packages/example_ros2_interfaces/example_ros2_interfaces_s__rosidl_typesupport_introspection_c.so
-- Installing: /home/mojiu/ros2_ws/install/example_ros2_interfaces/lib/python3.12/site-packages/example_ros2_interfaces/msg
-- Installing: /home/mojiu/ros2_ws/install/example_ros2_interfaces/lib/python3.12/site-packages/example_ros2_interfaces/msg/_robot_status_s.c
-- Installing: /home/mojiu/ros2_ws/install/example_ros2_interfaces/lib/python3.12/site-packages/example_ros2_interfaces/msg/_robot_pose_s.c
-- Installing: /home/mojiu/ros2_ws/install/example_ros2_interfaces/lib/python3.12/site-packages/example_ros2_interfaces/msg/_robot_pose.py
-- Installing: /home/mojiu/ros2_ws/install/example_ros2_interfaces/lib/python3.12/site-packages/example_ros2_interfaces/msg/__init__.py
-- Installing: /home/mojiu/ros2_ws/install/example_ros2_interfaces/lib/python3.12/site-packages/example_ros2_interfaces/msg/_robot_status.py
-- Installing: /home/mojiu/ros2_ws/install/example_ros2_interfaces/lib/python3.12/site-packages/example_ros2_interfaces/_example_ros2_interfaces_s.ep.rosidl_typesupport_introspection_c.c
Listing '/home/mojiu/ros2_ws/install/example_ros2_interfaces/lib/python3.12/site-packages/example_ros2_interfaces'...
Compiling '/home/mojiu/ros2_ws/install/example_ros2_interfaces/lib/python3.12/site-packages/example_ros2_interfaces/__init__.py'...
Listing '/home/mojiu/ros2_ws/install/example_ros2_interfaces/lib/python3.12/site-packages/example_ros2_interfaces/msg'...
Compiling '/home/mojiu/ros2_ws/install/example_ros2_interfaces/lib/python3.12/site-packages/example_ros2_interfaces/msg/__init__.py'...
Compiling '/home/mojiu/ros2_ws/install/example_ros2_interfaces/lib/python3.12/site-packages/example_ros2_interfaces/msg/_robot_pose.py'...
Compiling '/home/mojiu/ros2_ws/install/example_ros2_interfaces/lib/python3.12/site-packages/example_ros2_interfaces/msg/_robot_status.py'...
Listing '/home/mojiu/ros2_ws/install/example_ros2_interfaces/lib/python3.12/site-packages/example_ros2_interfaces/srv'...
Compiling '/home/mojiu/ros2_ws/install/example_ros2_interfaces/lib/python3.12/site-packages/example_ros2_interfaces/srv/__init__.py'...
Compiling '/home/mojiu/ros2_ws/install/example_ros2_interfaces/lib/python3.12/site-packages/example_ros2_interfaces/srv/_move_robot.py'...
-- Installing: /home/mojiu/ros2_ws/install/example_ros2_interfaces/lib/python3.12/site-packages/example_ros2_interfaces/example_ros2_interfaces_s__rosidl_typesupport_fastrtps_c.so
-- Set non-toolchain portion of runtime path of "/home/mojiu/ros2_ws/install/example_ros2_interfaces/lib/python3.12/site-packages/example_ros2_interfaces/example_ros2_interfaces_s__rosidl_typesupport_fastrtps_c.so" to ""
-- Installing: /home/mojiu/ros2_ws/install/example_ros2_interfaces/lib/python3.12/site-packages/example_ros2_interfaces/example_ros2_interfaces_s__rosidl_typesupport_introspection_c.so
-- Set non-toolchain portion of runtime path of "/home/mojiu/ros2_ws/install/example_ros2_interfaces/lib/python3.12/site-packages/example_ros2_interfaces/example_ros2_interfaces_s__rosidl_typesupport_introspection_c.so" to ""
-- Installing: /home/mojiu/ros2_ws/install/example_ros2_interfaces/lib/python3.12/site-packages/example_ros2_interfaces/example_ros2_interfaces_s__rosidl_typesupport_c.so
-- Set non-toolchain portion of runtime path of "/home/mojiu/ros2_ws/install/example_ros2_interfaces/lib/python3.12/site-packages/example_ros2_interfaces/example_ros2_interfaces_s__rosidl_typesupport_c.so" to ""
-- Installing: /home/mojiu/ros2_ws/install/example_ros2_interfaces/lib/libexample_ros2_interfaces__rosidl_generator_py.so
-- Set non-toolchain portion of runtime path of "/home/mojiu/ros2_ws/install/example_ros2_interfaces/lib/libexample_ros2_interfaces__rosidl_generator_py.so" to ""
-- Installing: /home/mojiu/ros2_ws/install/example_ros2_interfaces/share/example_ros2_interfaces/msg/RobotPose.idl
-- Installing: /home/mojiu/ros2_ws/install/example_ros2_interfaces/share/example_ros2_interfaces/msg/RobotStatus.idl
-- Installing: /home/mojiu/ros2_ws/install/example_ros2_interfaces/share/example_ros2_interfaces/srv/MoveRobot.idl
-- Installing: /home/mojiu/ros2_ws/install/example_ros2_interfaces/share/example_ros2_interfaces/msg/RobotPose.msg
-- Installing: /home/mojiu/ros2_ws/install/example_ros2_interfaces/share/example_ros2_interfaces/msg/RobotStatus.msg
-- Installing: /home/mojiu/ros2_ws/install/example_ros2_interfaces/share/example_ros2_interfaces/srv/MoveRobot.srv
-- Installing: /home/mojiu/ros2_ws/install/example_ros2_interfaces/share/ament_index/resource_index/package_run_dependencies/example_ros2_interfaces
-- Installing: /home/mojiu/ros2_ws/install/example_ros2_interfaces/share/ament_index/resource_index/parent_prefix_path/example_ros2_interfaces
-- Installing: /home/mojiu/ros2_ws/install/example_ros2_interfaces/share/example_ros2_interfaces/environment/ament_prefix_path.sh
-- Installing: /home/mojiu/ros2_ws/install/example_ros2_interfaces/share/example_ros2_interfaces/environment/ament_prefix_path.dsv
-- Installing: /home/mojiu/ros2_ws/install/example_ros2_interfaces/share/example_ros2_interfaces/environment/path.sh
-- Installing: /home/mojiu/ros2_ws/install/example_ros2_interfaces/share/example_ros2_interfaces/environment/path.dsv
-- Installing: /home/mojiu/ros2_ws/install/example_ros2_interfaces/share/example_ros2_interfaces/local_setup.bash
-- Installing: /home/mojiu/ros2_ws/install/example_ros2_interfaces/share/example_ros2_interfaces/local_setup.sh
-- Installing: /home/mojiu/ros2_ws/install/example_ros2_interfaces/share/example_ros2_interfaces/local_setup.zsh
-- Installing: /home/mojiu/ros2_ws/install/example_ros2_interfaces/share/example_ros2_interfaces/local_setup.dsv
-- Installing: /home/mojiu/ros2_ws/install/example_ros2_interfaces/share/example_ros2_interfaces/package.dsv
-- Installing: /home/mojiu/ros2_ws/install/example_ros2_interfaces/share/ament_index/resource_index/packages/example_ros2_interfaces
-- Installing: /home/mojiu/ros2_ws/install/example_ros2_interfaces/share/example_ros2_interfaces/cmake/export_example_ros2_interfaces__rosidl_generator_cExport.cmake
-- Installing: /home/mojiu/ros2_ws/install/example_ros2_interfaces/share/example_ros2_interfaces/cmake/export_example_ros2_interfaces__rosidl_generator_cExport-noconfig.cmake
-- Installing: /home/mojiu/ros2_ws/install/example_ros2_interfaces/share/example_ros2_interfaces/cmake/export_example_ros2_interfaces__rosidl_typesupport_fastrtps_cExport.cmake
-- Installing: /home/mojiu/ros2_ws/install/example_ros2_interfaces/share/example_ros2_interfaces/cmake/export_example_ros2_interfaces__rosidl_typesupport_fastrtps_cExport-noconfig.cmake
-- Installing: /home/mojiu/ros2_ws/install/example_ros2_interfaces/share/example_ros2_interfaces/cmake/example_ros2_interfaces__rosidl_typesupport_introspection_cExport.cmake
-- Installing: /home/mojiu/ros2_ws/install/example_ros2_interfaces/share/example_ros2_interfaces/cmake/example_ros2_interfaces__rosidl_typesupport_introspection_cExport-noconfig.cmake
-- Installing: /home/mojiu/ros2_ws/install/example_ros2_interfaces/share/example_ros2_interfaces/cmake/example_ros2_interfaces__rosidl_typesupport_cExport.cmake
-- Installing: /home/mojiu/ros2_ws/install/example_ros2_interfaces/share/example_ros2_interfaces/cmake/example_ros2_interfaces__rosidl_typesupport_cExport-noconfig.cmake
-- Installing: /home/mojiu/ros2_ws/install/example_ros2_interfaces/share/example_ros2_interfaces/cmake/export_example_ros2_interfaces__rosidl_generator_cppExport.cmake
-- Installing: /home/mojiu/ros2_ws/install/example_ros2_interfaces/share/example_ros2_interfaces/cmake/export_example_ros2_interfaces__rosidl_typesupport_fastrtps_cppExport.cmake
-- Installing: /home/mojiu/ros2_ws/install/example_ros2_interfaces/share/example_ros2_interfaces/cmake/export_example_ros2_interfaces__rosidl_typesupport_fastrtps_cppExport-noconfig.cmake
-- Installing: /home/mojiu/ros2_ws/install/example_ros2_interfaces/share/example_ros2_interfaces/cmake/example_ros2_interfaces__rosidl_typesupport_introspection_cppExport.cmake
-- Installing: /home/mojiu/ros2_ws/install/example_ros2_interfaces/share/example_ros2_interfaces/cmake/example_ros2_interfaces__rosidl_typesupport_introspection_cppExport-noconfig.cmake
-- Installing: /home/mojiu/ros2_ws/install/example_ros2_interfaces/share/example_ros2_interfaces/cmake/example_ros2_interfaces__rosidl_typesupport_cppExport.cmake
-- Installing: /home/mojiu/ros2_ws/install/example_ros2_interfaces/share/example_ros2_interfaces/cmake/example_ros2_interfaces__rosidl_typesupport_cppExport-noconfig.cmake
-- Installing: /home/mojiu/ros2_ws/install/example_ros2_interfaces/share/example_ros2_interfaces/cmake/export_example_ros2_interfaces__rosidl_generator_pyExport.cmake
-- Installing: /home/mojiu/ros2_ws/install/example_ros2_interfaces/share/example_ros2_interfaces/cmake/export_example_ros2_interfaces__rosidl_generator_pyExport-noconfig.cmake
-- Installing: /home/mojiu/ros2_ws/install/example_ros2_interfaces/share/example_ros2_interfaces/cmake/rosidl_cmake-extras.cmake
-- Installing: /home/mojiu/ros2_ws/install/example_ros2_interfaces/share/example_ros2_interfaces/cmake/ament_cmake_export_dependencies-extras.cmake
-- Installing: /home/mojiu/ros2_ws/install/example_ros2_interfaces/share/example_ros2_interfaces/cmake/ament_cmake_export_include_directories-extras.cmake
-- Installing: /home/mojiu/ros2_ws/install/example_ros2_interfaces/share/example_ros2_interfaces/cmake/ament_cmake_export_libraries-extras.cmake
-- Installing: /home/mojiu/ros2_ws/install/example_ros2_interfaces/share/example_ros2_interfaces/cmake/ament_cmake_export_targets-extras.cmake
-- Installing: /home/mojiu/ros2_ws/install/example_ros2_interfaces/share/example_ros2_interfaces/cmake/rosidl_cmake_export_typesupport_targets-extras.cmake
-- Installing: /home/mojiu/ros2_ws/install/example_ros2_interfaces/share/example_ros2_interfaces/cmake/rosidl_cmake_export_typesupport_libraries-extras.cmake
-- Installing: /home/mojiu/ros2_ws/install/example_ros2_interfaces/share/example_ros2_interfaces/cmake/example_ros2_interfacesConfig.cmake
-- Installing: /home/mojiu/ros2_ws/install/example_ros2_interfaces/share/example_ros2_interfaces/cmake/example_ros2_interfacesConfig-version.cmake
-- Installing: /home/mojiu/ros2_ws/install/example_ros2_interfaces/share/example_ros2_interfaces/package.xml
