[0.010s] Invoking command in '/home/mojiu/ros2_ws/build/example_service_rclcpp': CMAKE_PREFIX_PATH=${CMAKE_PREFIX_PATH}:/opt/ros/jazzy DEBUGINFOD_URLS=https://debuginfod.ubuntu.com /usr/bin/cmake --build /home/mojiu/ros2_ws/build/example_service_rclcpp -- -j8 -l8
[0.072s] [ 50%] Built target service_server_01
[0.076s] [100%] Built target service_client_01
[0.090s] Invoked command in '/home/mojiu/ros2_ws/build/example_service_rclcpp' returned '0': CMAKE_PREFIX_PATH=${CMAKE_PREFIX_PATH}:/opt/ros/jazzy DEBUGINFOD_URLS=https://debuginfod.ubuntu.com /usr/bin/cmake --build /home/mojiu/ros2_ws/build/example_service_rclcpp -- -j8 -l8
[0.131s] Invoking command in '/home/mojiu/ros2_ws/build/example_service_rclcpp': CMAKE_PREFIX_PATH=${CMAKE_PREFIX_PATH}:/opt/ros/jazzy DEBUGINFOD_URLS=https://debuginfod.ubuntu.com /usr/bin/cmake --install /home/mojiu/ros2_ws/build/example_service_rclcpp
[0.145s] -- Install configuration: ""
[0.145s] -- Up-to-date: /home/mojiu/ros2_ws/install/example_service_rclcpp/share/ament_index/resource_index/package_run_dependencies/example_service_rclcpp
[0.146s] -- Up-to-date: /home/mojiu/ros2_ws/install/example_service_rclcpp/share/ament_index/resource_index/parent_prefix_path/example_service_rclcpp
[0.146s] -- Up-to-date: /home/mojiu/ros2_ws/install/example_service_rclcpp/share/example_service_rclcpp/environment/ament_prefix_path.sh
[0.146s] -- Up-to-date: /home/mojiu/ros2_ws/install/example_service_rclcpp/share/example_service_rclcpp/environment/ament_prefix_path.dsv
[0.146s] -- Up-to-date: /home/mojiu/ros2_ws/install/example_service_rclcpp/share/example_service_rclcpp/environment/path.sh
[0.146s] -- Up-to-date: /home/mojiu/ros2_ws/install/example_service_rclcpp/share/example_service_rclcpp/environment/path.dsv
[0.146s] -- Up-to-date: /home/mojiu/ros2_ws/install/example_service_rclcpp/share/example_service_rclcpp/local_setup.bash
[0.146s] -- Up-to-date: /home/mojiu/ros2_ws/install/example_service_rclcpp/share/example_service_rclcpp/local_setup.sh
[0.146s] -- Up-to-date: /home/mojiu/ros2_ws/install/example_service_rclcpp/share/example_service_rclcpp/local_setup.zsh
[0.147s] -- Up-to-date: /home/mojiu/ros2_ws/install/example_service_rclcpp/share/example_service_rclcpp/local_setup.dsv
[0.147s] -- Installing: /home/mojiu/ros2_ws/install/example_service_rclcpp/share/example_service_rclcpp/package.dsv
[0.147s] -- Up-to-date: /home/mojiu/ros2_ws/install/example_service_rclcpp/share/ament_index/resource_index/packages/example_service_rclcpp
[0.147s] -- Up-to-date: /home/mojiu/ros2_ws/install/example_service_rclcpp/share/example_service_rclcpp/cmake/example_service_rclcppConfig.cmake
[0.147s] -- Up-to-date: /home/mojiu/ros2_ws/install/example_service_rclcpp/share/example_service_rclcpp/cmake/example_service_rclcppConfig-version.cmake
[0.147s] -- Up-to-date: /home/mojiu/ros2_ws/install/example_service_rclcpp/share/example_service_rclcpp/package.xml
[0.161s] Invoked command in '/home/mojiu/ros2_ws/build/example_service_rclcpp' returned '0': CMAKE_PREFIX_PATH=${CMAKE_PREFIX_PATH}:/opt/ros/jazzy DEBUGINFOD_URLS=https://debuginfod.ubuntu.com /usr/bin/cmake --install /home/mojiu/ros2_ws/build/example_service_rclcpp
