[0.010s] Invoking command in '/home/mojiu/ros2_ws/build/tutorial_interfaces': CMAKE_PREFIX_PATH=${CMAKE_PREFIX_PATH}:/opt/ros/jazzy DEBUGINFOD_URLS=https://debuginfod.ubuntu.com /usr/bin/cmake /home/mojiu/ros2_ws/src/tutorial_interfaces -DCMAKE_INSTALL_PREFIX=/home/mojiu/ros2_ws/install/tutorial_interfaces
[0.092s] -- The C compiler identification is GNU 13.2.0
[0.182s] -- The CXX compiler identification is GNU 13.2.0
[0.200s] -- Detecting C compiler ABI info
[0.286s] -- Detecting C compiler ABI info - done
[0.296s] -- Check for working C compiler: /usr/bin/cc - skipped
[0.296s] -- Detecting C compile features
[0.297s] -- Detecting C compile features - done
[0.306s] -- Detecting CXX compiler ABI info
[0.399s] -- Detecting CXX compiler ABI info - done
[0.409s] -- Check for working CXX compiler: /usr/bin/c++ - skipped
[0.409s] -- Detecting CXX compile features
[0.410s] -- Detecting CXX compile features - done
[0.415s] -- Found ament_cmake: 2.5.2 (/opt/ros/jazzy/share/ament_cmake/cmake)
[0.550s] -- Found Python3: /usr/bin/python3 (found version "3.12.3") found components: Interpreter 
[0.672s] -- Found ament_lint_auto: 0.17.1 (/opt/ros/jazzy/share/ament_lint_auto/cmake)
[0.782s] -- Added test 'lint_cmake' to check CMake code style
[0.784s] -- Added test 'xmllint' to check XML markup files
[0.785s] -- Configuring done (0.8s)
[0.789s] -- Generating done (0.0s)
[0.790s] -- Build files have been written to: /home/mojiu/ros2_ws/build/tutorial_interfaces
[0.794s] Invoked command in '/home/mojiu/ros2_ws/build/tutorial_interfaces' returned '0': CMAKE_PREFIX_PATH=${CMAKE_PREFIX_PATH}:/opt/ros/jazzy DEBUGINFOD_URLS=https://debuginfod.ubuntu.com /usr/bin/cmake /home/mojiu/ros2_ws/src/tutorial_interfaces -DCMAKE_INSTALL_PREFIX=/home/mojiu/ros2_ws/install/tutorial_interfaces
[0.795s] Invoking command in '/home/mojiu/ros2_ws/build/tutorial_interfaces': CMAKE_PREFIX_PATH=${CMAKE_PREFIX_PATH}:/opt/ros/jazzy DEBUGINFOD_URLS=https://debuginfod.ubuntu.com /usr/bin/cmake --build /home/mojiu/ros2_ws/build/tutorial_interfaces -- -j8 -l8
[0.831s] Invoked command in '/home/mojiu/ros2_ws/build/tutorial_interfaces' returned '0': CMAKE_PREFIX_PATH=${CMAKE_PREFIX_PATH}:/opt/ros/jazzy DEBUGINFOD_URLS=https://debuginfod.ubuntu.com /usr/bin/cmake --build /home/mojiu/ros2_ws/build/tutorial_interfaces -- -j8 -l8
[0.858s] Invoking command in '/home/mojiu/ros2_ws/build/tutorial_interfaces': CMAKE_PREFIX_PATH=${CMAKE_PREFIX_PATH}:/opt/ros/jazzy DEBUGINFOD_URLS=https://debuginfod.ubuntu.com /usr/bin/cmake --install /home/mojiu/ros2_ws/build/tutorial_interfaces
[0.865s] -- Install configuration: ""
[0.866s] -- Installing: /home/mojiu/ros2_ws/install/tutorial_interfaces/share/ament_index/resource_index/package_run_dependencies/tutorial_interfaces
[0.866s] -- Installing: /home/mojiu/ros2_ws/install/tutorial_interfaces/share/ament_index/resource_index/parent_prefix_path/tutorial_interfaces
[0.866s] -- Installing: /home/mojiu/ros2_ws/install/tutorial_interfaces/share/tutorial_interfaces/environment/ament_prefix_path.sh
[0.866s] -- Installing: /home/mojiu/ros2_ws/install/tutorial_interfaces/share/tutorial_interfaces/environment/ament_prefix_path.dsv
[0.866s] -- Installing: /home/mojiu/ros2_ws/install/tutorial_interfaces/share/tutorial_interfaces/environment/path.sh
[0.866s] -- Installing: /home/mojiu/ros2_ws/install/tutorial_interfaces/share/tutorial_interfaces/environment/path.dsv
[0.866s] -- Installing: /home/mojiu/ros2_ws/install/tutorial_interfaces/share/tutorial_interfaces/local_setup.bash
[0.867s] -- Installing: /home/mojiu/ros2_ws/install/tutorial_interfaces/share/tutorial_interfaces/local_setup.sh
[0.867s] -- Installing: /home/mojiu/ros2_ws/install/tutorial_interfaces/share/tutorial_interfaces/local_setup.zsh
[0.867s] -- Installing: /home/mojiu/ros2_ws/install/tutorial_interfaces/share/tutorial_interfaces/local_setup.dsv
[0.867s] -- Installing: /home/mojiu/ros2_ws/install/tutorial_interfaces/share/tutorial_interfaces/package.dsv
[0.867s] -- Installing: /home/mojiu/ros2_ws/install/tutorial_interfaces/share/ament_index/resource_index/packages/tutorial_interfaces
[0.867s] -- Installing: /home/mojiu/ros2_ws/install/tutorial_interfaces/share/tutorial_interfaces/cmake/tutorial_interfacesConfig.cmake
[0.867s] -- Installing: /home/mojiu/ros2_ws/install/tutorial_interfaces/share/tutorial_interfaces/cmake/tutorial_interfacesConfig-version.cmake
[0.868s] -- Installing: /home/mojiu/ros2_ws/install/tutorial_interfaces/share/tutorial_interfaces/package.xml
[0.869s] Invoked command in '/home/mojiu/ros2_ws/build/tutorial_interfaces' returned '0': CMAKE_PREFIX_PATH=${CMAKE_PREFIX_PATH}:/opt/ros/jazzy DEBUGINFOD_URLS=https://debuginfod.ubuntu.com /usr/bin/cmake --install /home/mojiu/ros2_ws/build/tutorial_interfaces
