[0.104s] DEBUG:colcon:Command line arguments: ['/usr/bin/colcon', 'build', '--packages-select', 'tutorial_interfaces']
[0.104s] DEBUG:colcon:Parsed command line arguments: Namespace(log_base=None, log_level=None, verb_name='build', build_base='build', install_base='install', merge_install=False, symlink_install=False, test_result_base=None, continue_on_error=False, executor='parallel', parallel_workers=8, event_handlers=None, ignore_user_meta=False, metas=['./colcon.meta'], base_paths=['.'], packages_ignore=None, packages_ignore_regex=None, paths=None, packages_up_to=None, packages_up_to_regex=None, packages_above=None, packages_above_and_dependencies=None, packages_above_depth=None, packages_select_by_dep=None, packages_skip_by_dep=None, packages_skip_up_to=None, packages_select_build_failed=False, packages_skip_build_finished=False, packages_select_test_failures=False, packages_skip_test_passed=False, packages_select=['tutorial_interfaces'], packages_skip=None, packages_select_regex=None, packages_skip_regex=None, packages_start=None, packages_end=None, allow_overriding=[], cmake_args=None, cmake_target=None, cmake_target_skip_unavailable=False, cmake_clean_cache=False, cmake_clean_first=False, cmake_force_configure=False, ament_cmake_args=None, catkin_cmake_args=None, catkin_skip_building_tests=False, verb_parser=<colcon_defaults.argument_parser.defaults.DefaultArgumentsDecorator object at 0x7dffa44842c0>, verb_extension=<colcon_core.verb.build.BuildVerb object at 0x7dffa4573200>, main=<bound method BuildVerb.main of <colcon_core.verb.build.BuildVerb object at 0x7dffa4573200>>)
[0.151s] Level 1:colcon.colcon_core.package_discovery:discover_packages(colcon_meta) check parameters
[0.151s] Level 1:colcon.colcon_core.package_discovery:discover_packages(recursive) check parameters
[0.151s] Level 1:colcon.colcon_core.package_discovery:discover_packages(ignore) check parameters
[0.151s] Level 1:colcon.colcon_core.package_discovery:discover_packages(path) check parameters
[0.151s] Level 1:colcon.colcon_core.package_discovery:discover_packages(colcon_meta) discover
[0.151s] Level 1:colcon.colcon_core.package_discovery:discover_packages(recursive) discover
[0.151s] INFO:colcon.colcon_core.package_discovery:Crawling recursively for packages in '/home/mojiu/ros2_ws'
[0.151s] Level 1:colcon.colcon_core.package_identification:_identify(.) by extensions ['ignore', 'ignore_ament_install']
[0.151s] Level 1:colcon.colcon_core.package_identification:_identify(.) by extension 'ignore'
[0.151s] Level 1:colcon.colcon_core.package_identification:_identify(.) by extension 'ignore_ament_install'
[0.151s] Level 1:colcon.colcon_core.package_identification:_identify(.) by extensions ['colcon_pkg']
[0.151s] Level 1:colcon.colcon_core.package_identification:_identify(.) by extension 'colcon_pkg'
[0.151s] Level 1:colcon.colcon_core.package_identification:_identify(.) by extensions ['colcon_meta']
[0.151s] Level 1:colcon.colcon_core.package_identification:_identify(.) by extension 'colcon_meta'
[0.151s] Level 1:colcon.colcon_core.package_identification:_identify(.) by extensions ['ros']
[0.151s] Level 1:colcon.colcon_core.package_identification:_identify(.) by extension 'ros'
[0.175s] Level 1:colcon.colcon_core.package_identification:_identify(.) by extensions ['cmake', 'python']
[0.175s] Level 1:colcon.colcon_core.package_identification:_identify(.) by extension 'cmake'
[0.175s] Level 1:colcon.colcon_core.package_identification:_identify(.) by extension 'python'
[0.175s] Level 1:colcon.colcon_core.package_identification:_identify(.) by extensions ['python_setup_py']
[0.175s] Level 1:colcon.colcon_core.package_identification:_identify(.) by extension 'python_setup_py'
[0.175s] Level 1:colcon.colcon_core.package_identification:_identify(build) by extensions ['ignore', 'ignore_ament_install']
[0.175s] Level 1:colcon.colcon_core.package_identification:_identify(build) by extension 'ignore'
[0.175s] Level 1:colcon.colcon_core.package_identification:_identify(build) ignored
[0.175s] Level 1:colcon.colcon_core.package_identification:_identify(install) by extensions ['ignore', 'ignore_ament_install']
[0.175s] Level 1:colcon.colcon_core.package_identification:_identify(install) by extension 'ignore'
[0.176s] Level 1:colcon.colcon_core.package_identification:_identify(install) ignored
[0.176s] Level 1:colcon.colcon_core.package_identification:_identify(log) by extensions ['ignore', 'ignore_ament_install']
[0.176s] Level 1:colcon.colcon_core.package_identification:_identify(log) by extension 'ignore'
[0.176s] Level 1:colcon.colcon_core.package_identification:_identify(log) ignored
[0.176s] Level 1:colcon.colcon_core.package_identification:_identify(src) by extensions ['ignore', 'ignore_ament_install']
[0.176s] Level 1:colcon.colcon_core.package_identification:_identify(src) by extension 'ignore'
[0.176s] Level 1:colcon.colcon_core.package_identification:_identify(src) by extension 'ignore_ament_install'
[0.176s] Level 1:colcon.colcon_core.package_identification:_identify(src) by extensions ['colcon_pkg']
[0.176s] Level 1:colcon.colcon_core.package_identification:_identify(src) by extension 'colcon_pkg'
[0.176s] Level 1:colcon.colcon_core.package_identification:_identify(src) by extensions ['colcon_meta']
[0.176s] Level 1:colcon.colcon_core.package_identification:_identify(src) by extension 'colcon_meta'
[0.176s] Level 1:colcon.colcon_core.package_identification:_identify(src) by extensions ['ros']
[0.176s] Level 1:colcon.colcon_core.package_identification:_identify(src) by extension 'ros'
[0.176s] Level 1:colcon.colcon_core.package_identification:_identify(src) by extensions ['cmake', 'python']
[0.176s] Level 1:colcon.colcon_core.package_identification:_identify(src) by extension 'cmake'
[0.176s] Level 1:colcon.colcon_core.package_identification:_identify(src) by extension 'python'
[0.176s] Level 1:colcon.colcon_core.package_identification:_identify(src) by extensions ['python_setup_py']
[0.176s] Level 1:colcon.colcon_core.package_identification:_identify(src) by extension 'python_setup_py'
[0.177s] Level 1:colcon.colcon_core.package_identification:_identify(src/cpp_pubsub) by extensions ['ignore', 'ignore_ament_install']
[0.177s] Level 1:colcon.colcon_core.package_identification:_identify(src/cpp_pubsub) by extension 'ignore'
[0.177s] Level 1:colcon.colcon_core.package_identification:_identify(src/cpp_pubsub) by extension 'ignore_ament_install'
[0.177s] Level 1:colcon.colcon_core.package_identification:_identify(src/cpp_pubsub) by extensions ['colcon_pkg']
[0.177s] Level 1:colcon.colcon_core.package_identification:_identify(src/cpp_pubsub) by extension 'colcon_pkg'
[0.177s] Level 1:colcon.colcon_core.package_identification:_identify(src/cpp_pubsub) by extensions ['colcon_meta']
[0.177s] Level 1:colcon.colcon_core.package_identification:_identify(src/cpp_pubsub) by extension 'colcon_meta'
[0.177s] Level 1:colcon.colcon_core.package_identification:_identify(src/cpp_pubsub) by extensions ['ros']
[0.177s] Level 1:colcon.colcon_core.package_identification:_identify(src/cpp_pubsub) by extension 'ros'
[0.180s] DEBUG:colcon.colcon_core.package_identification:Package 'src/cpp_pubsub' with type 'ros.ament_cmake' and name 'cpp_pubsub'
[0.180s] Level 1:colcon.colcon_core.package_identification:_identify(src/cpp_srvcli) by extensions ['ignore', 'ignore_ament_install']
[0.180s] Level 1:colcon.colcon_core.package_identification:_identify(src/cpp_srvcli) by extension 'ignore'
[0.180s] Level 1:colcon.colcon_core.package_identification:_identify(src/cpp_srvcli) by extension 'ignore_ament_install'
[0.181s] Level 1:colcon.colcon_core.package_identification:_identify(src/cpp_srvcli) by extensions ['colcon_pkg']
[0.181s] Level 1:colcon.colcon_core.package_identification:_identify(src/cpp_srvcli) by extension 'colcon_pkg'
[0.181s] Level 1:colcon.colcon_core.package_identification:_identify(src/cpp_srvcli) by extensions ['colcon_meta']
[0.181s] Level 1:colcon.colcon_core.package_identification:_identify(src/cpp_srvcli) by extension 'colcon_meta'
[0.181s] Level 1:colcon.colcon_core.package_identification:_identify(src/cpp_srvcli) by extensions ['ros']
[0.181s] Level 1:colcon.colcon_core.package_identification:_identify(src/cpp_srvcli) by extension 'ros'
[0.182s] DEBUG:colcon.colcon_core.package_identification:Package 'src/cpp_srvcli' with type 'ros.ament_cmake' and name 'cpp_srvcli'
[0.182s] Level 1:colcon.colcon_core.package_identification:_identify(src/tutorial_interfaces) by extensions ['ignore', 'ignore_ament_install']
[0.182s] Level 1:colcon.colcon_core.package_identification:_identify(src/tutorial_interfaces) by extension 'ignore'
[0.182s] Level 1:colcon.colcon_core.package_identification:_identify(src/tutorial_interfaces) by extension 'ignore_ament_install'
[0.182s] Level 1:colcon.colcon_core.package_identification:_identify(src/tutorial_interfaces) by extensions ['colcon_pkg']
[0.182s] Level 1:colcon.colcon_core.package_identification:_identify(src/tutorial_interfaces) by extension 'colcon_pkg'
[0.182s] Level 1:colcon.colcon_core.package_identification:_identify(src/tutorial_interfaces) by extensions ['colcon_meta']
[0.182s] Level 1:colcon.colcon_core.package_identification:_identify(src/tutorial_interfaces) by extension 'colcon_meta'
[0.182s] Level 1:colcon.colcon_core.package_identification:_identify(src/tutorial_interfaces) by extensions ['ros']
[0.182s] Level 1:colcon.colcon_core.package_identification:_identify(src/tutorial_interfaces) by extension 'ros'
[0.183s] DEBUG:colcon.colcon_core.package_identification:Package 'src/tutorial_interfaces' with type 'ros.ament_cmake' and name 'tutorial_interfaces'
[0.183s] Level 1:colcon.colcon_core.package_discovery:discover_packages(recursive) using defaults
[0.183s] Level 1:colcon.colcon_core.package_discovery:discover_packages(ignore) discover
[0.183s] Level 1:colcon.colcon_core.package_discovery:discover_packages(ignore) using defaults
[0.183s] Level 1:colcon.colcon_core.package_discovery:discover_packages(path) discover
[0.183s] Level 1:colcon.colcon_core.package_discovery:discover_packages(path) using defaults
[0.200s] INFO:colcon.colcon_core.package_selection:Skipping not selected package 'cpp_pubsub' in 'src/cpp_pubsub'
[0.200s] INFO:colcon.colcon_core.package_selection:Skipping not selected package 'cpp_srvcli' in 'src/cpp_srvcli'
[0.200s] Level 1:colcon.colcon_core.package_discovery:discover_packages(prefix_path) check parameters
[0.200s] Level 1:colcon.colcon_core.package_discovery:discover_packages(prefix_path) discover
[0.204s] DEBUG:colcon.colcon_installed_package_information.package_discovery:Found 307 installed packages in /opt/ros/jazzy
[0.205s] Level 1:colcon.colcon_core.package_discovery:discover_packages(prefix_path) using defaults
[0.253s] Level 5:colcon.colcon_core.verb:set package 'tutorial_interfaces' build argument 'cmake_args' from command line to 'None'
[0.253s] Level 5:colcon.colcon_core.verb:set package 'tutorial_interfaces' build argument 'cmake_target' from command line to 'None'
[0.253s] Level 5:colcon.colcon_core.verb:set package 'tutorial_interfaces' build argument 'cmake_target_skip_unavailable' from command line to 'False'
[0.253s] Level 5:colcon.colcon_core.verb:set package 'tutorial_interfaces' build argument 'cmake_clean_cache' from command line to 'False'
[0.253s] Level 5:colcon.colcon_core.verb:set package 'tutorial_interfaces' build argument 'cmake_clean_first' from command line to 'False'
[0.253s] Level 5:colcon.colcon_core.verb:set package 'tutorial_interfaces' build argument 'cmake_force_configure' from command line to 'False'
[0.253s] Level 5:colcon.colcon_core.verb:set package 'tutorial_interfaces' build argument 'ament_cmake_args' from command line to 'None'
[0.253s] Level 5:colcon.colcon_core.verb:set package 'tutorial_interfaces' build argument 'catkin_cmake_args' from command line to 'None'
[0.253s] Level 5:colcon.colcon_core.verb:set package 'tutorial_interfaces' build argument 'catkin_skip_building_tests' from command line to 'False'
[0.253s] DEBUG:colcon.colcon_core.verb:Building package 'tutorial_interfaces' with the following arguments: {'ament_cmake_args': None, 'build_base': '/home/mojiu/ros2_ws/build/tutorial_interfaces', 'catkin_cmake_args': None, 'catkin_skip_building_tests': False, 'cmake_args': None, 'cmake_clean_cache': False, 'cmake_clean_first': False, 'cmake_force_configure': False, 'cmake_target': None, 'cmake_target_skip_unavailable': False, 'install_base': '/home/mojiu/ros2_ws/install/tutorial_interfaces', 'merge_install': False, 'path': '/home/mojiu/ros2_ws/src/tutorial_interfaces', 'symlink_install': False, 'test_result_base': None}
[0.254s] INFO:colcon.colcon_core.executor:Executing jobs using 'parallel' executor
[0.254s] DEBUG:colcon.colcon_parallel_executor.executor.parallel:run_until_complete
[0.255s] INFO:colcon.colcon_ros.task.ament_cmake.build:Building ROS package in '/home/mojiu/ros2_ws/src/tutorial_interfaces' with build type 'ament_cmake'
[0.255s] INFO:colcon.colcon_cmake.task.cmake.build:Building CMake package in '/home/mojiu/ros2_ws/src/tutorial_interfaces'
[0.258s] INFO:colcon.colcon_core.plugin_system:Skipping extension 'colcon_core.shell.bat': Not used on non-Windows systems
[0.258s] INFO:colcon.colcon_core.shell:Skip shell extension 'powershell' for command environment: Not usable outside of PowerShell
[0.258s] DEBUG:colcon.colcon_core.shell:Skip shell extension 'dsv' for command environment
[0.268s] DEBUG:colcon.colcon_core.event_handler.log_command:Invoking command in '/home/mojiu/ros2_ws/build/tutorial_interfaces': CMAKE_PREFIX_PATH=${CMAKE_PREFIX_PATH}:/opt/ros/jazzy DEBUGINFOD_URLS=https://debuginfod.ubuntu.com /usr/bin/cmake --build /home/mojiu/ros2_ws/build/tutorial_interfaces -- -j8 -l8
[2.264s] DEBUG:colcon.colcon_core.event_handler.log_command:Invoked command in '/home/mojiu/ros2_ws/build/tutorial_interfaces' returned '0': CMAKE_PREFIX_PATH=${CMAKE_PREFIX_PATH}:/opt/ros/jazzy DEBUGINFOD_URLS=https://debuginfod.ubuntu.com /usr/bin/cmake --build /home/mojiu/ros2_ws/build/tutorial_interfaces -- -j8 -l8
[2.393s] DEBUG:colcon.colcon_core.event_handler.log_command:Invoking command in '/home/mojiu/ros2_ws/build/tutorial_interfaces': CMAKE_PREFIX_PATH=${CMAKE_PREFIX_PATH}:/opt/ros/jazzy DEBUGINFOD_URLS=https://debuginfod.ubuntu.com /usr/bin/cmake --install /home/mojiu/ros2_ws/build/tutorial_interfaces
[2.480s] Level 1:colcon.colcon_core.environment:create_environment_scripts_only(tutorial_interfaces)
[2.481s] DEBUG:colcon.colcon_core.event_handler.log_command:Invoked command in '/home/mojiu/ros2_ws/build/tutorial_interfaces' returned '0': CMAKE_PREFIX_PATH=${CMAKE_PREFIX_PATH}:/opt/ros/jazzy DEBUGINFOD_URLS=https://debuginfod.ubuntu.com /usr/bin/cmake --install /home/mojiu/ros2_ws/build/tutorial_interfaces
[2.485s] Level 1:colcon.colcon_core.environment:checking '/home/mojiu/ros2_ws/install/tutorial_interfaces' for CMake module files
[2.487s] Level 1:colcon.colcon_core.environment:checking '/home/mojiu/ros2_ws/install/tutorial_interfaces' for CMake config files
[2.487s] Level 1:colcon.colcon_core.shell:create_environment_hook('tutorial_interfaces', 'cmake_prefix_path')
[2.487s] INFO:colcon.colcon_core.shell:Creating environment hook '/home/mojiu/ros2_ws/install/tutorial_interfaces/share/tutorial_interfaces/hook/cmake_prefix_path.ps1'
[2.488s] INFO:colcon.colcon_core.shell:Creating environment descriptor '/home/mojiu/ros2_ws/install/tutorial_interfaces/share/tutorial_interfaces/hook/cmake_prefix_path.dsv'
[2.489s] INFO:colcon.colcon_core.shell:Creating environment hook '/home/mojiu/ros2_ws/install/tutorial_interfaces/share/tutorial_interfaces/hook/cmake_prefix_path.sh'
[2.490s] Level 1:colcon.colcon_core.environment:checking '/home/mojiu/ros2_ws/install/tutorial_interfaces/lib'
[2.490s] Level 1:colcon.colcon_core.shell:create_environment_hook('tutorial_interfaces', 'ld_library_path_lib')
[2.491s] INFO:colcon.colcon_core.shell:Creating environment hook '/home/mojiu/ros2_ws/install/tutorial_interfaces/share/tutorial_interfaces/hook/ld_library_path_lib.ps1'
[2.491s] INFO:colcon.colcon_core.shell:Creating environment descriptor '/home/mojiu/ros2_ws/install/tutorial_interfaces/share/tutorial_interfaces/hook/ld_library_path_lib.dsv'
[2.492s] INFO:colcon.colcon_core.shell:Creating environment hook '/home/mojiu/ros2_ws/install/tutorial_interfaces/share/tutorial_interfaces/hook/ld_library_path_lib.sh'
[2.492s] Level 1:colcon.colcon_core.environment:checking '/home/mojiu/ros2_ws/install/tutorial_interfaces/bin'
[2.492s] Level 1:colcon.colcon_core.environment:checking '/home/mojiu/ros2_ws/install/tutorial_interfaces/lib/pkgconfig/tutorial_interfaces.pc'
[2.493s] Level 1:colcon.colcon_core.environment:checking '/home/mojiu/ros2_ws/install/tutorial_interfaces/lib/python3.12/site-packages'
[2.493s] Level 1:colcon.colcon_core.shell:create_environment_hook('tutorial_interfaces', 'pythonpath')
[2.493s] INFO:colcon.colcon_core.shell:Creating environment hook '/home/mojiu/ros2_ws/install/tutorial_interfaces/share/tutorial_interfaces/hook/pythonpath.ps1'
[2.494s] INFO:colcon.colcon_core.shell:Creating environment descriptor '/home/mojiu/ros2_ws/install/tutorial_interfaces/share/tutorial_interfaces/hook/pythonpath.dsv'
[2.494s] INFO:colcon.colcon_core.shell:Creating environment hook '/home/mojiu/ros2_ws/install/tutorial_interfaces/share/tutorial_interfaces/hook/pythonpath.sh'
[2.495s] Level 1:colcon.colcon_core.environment:checking '/home/mojiu/ros2_ws/install/tutorial_interfaces/bin'
[2.496s] INFO:colcon.colcon_core.shell:Creating package script '/home/mojiu/ros2_ws/install/tutorial_interfaces/share/tutorial_interfaces/package.ps1'
[2.497s] INFO:colcon.colcon_core.shell:Creating package descriptor '/home/mojiu/ros2_ws/install/tutorial_interfaces/share/tutorial_interfaces/package.dsv'
[2.498s] INFO:colcon.colcon_core.shell:Creating package script '/home/mojiu/ros2_ws/install/tutorial_interfaces/share/tutorial_interfaces/package.sh'
[2.499s] INFO:colcon.colcon_core.shell:Creating package script '/home/mojiu/ros2_ws/install/tutorial_interfaces/share/tutorial_interfaces/package.bash'
[2.501s] INFO:colcon.colcon_core.shell:Creating package script '/home/mojiu/ros2_ws/install/tutorial_interfaces/share/tutorial_interfaces/package.zsh'
[2.502s] Level 1:colcon.colcon_core.environment:create_file_with_runtime_dependencies(/home/mojiu/ros2_ws/install/tutorial_interfaces/share/colcon-core/packages/tutorial_interfaces)
[2.610s] Level 1:colcon.colcon_core.environment:create_environment_scripts_only(tutorial_interfaces)
[2.610s] Level 1:colcon.colcon_core.environment:checking '/home/mojiu/ros2_ws/install/tutorial_interfaces' for CMake module files
[2.611s] Level 1:colcon.colcon_core.environment:checking '/home/mojiu/ros2_ws/install/tutorial_interfaces' for CMake config files
[2.611s] Level 1:colcon.colcon_core.shell:create_environment_hook('tutorial_interfaces', 'cmake_prefix_path')
[2.611s] INFO:colcon.colcon_core.shell:Creating environment hook '/home/mojiu/ros2_ws/install/tutorial_interfaces/share/tutorial_interfaces/hook/cmake_prefix_path.ps1'
[2.612s] INFO:colcon.colcon_core.shell:Creating environment descriptor '/home/mojiu/ros2_ws/install/tutorial_interfaces/share/tutorial_interfaces/hook/cmake_prefix_path.dsv'
[2.612s] INFO:colcon.colcon_core.shell:Creating environment hook '/home/mojiu/ros2_ws/install/tutorial_interfaces/share/tutorial_interfaces/hook/cmake_prefix_path.sh'
[2.613s] Level 1:colcon.colcon_core.environment:checking '/home/mojiu/ros2_ws/install/tutorial_interfaces/lib'
[2.613s] Level 1:colcon.colcon_core.shell:create_environment_hook('tutorial_interfaces', 'ld_library_path_lib')
[2.613s] INFO:colcon.colcon_core.shell:Creating environment hook '/home/mojiu/ros2_ws/install/tutorial_interfaces/share/tutorial_interfaces/hook/ld_library_path_lib.ps1'
[2.613s] INFO:colcon.colcon_core.shell:Creating environment descriptor '/home/mojiu/ros2_ws/install/tutorial_interfaces/share/tutorial_interfaces/hook/ld_library_path_lib.dsv'
[2.614s] INFO:colcon.colcon_core.shell:Creating environment hook '/home/mojiu/ros2_ws/install/tutorial_interfaces/share/tutorial_interfaces/hook/ld_library_path_lib.sh'
[2.614s] Level 1:colcon.colcon_core.environment:checking '/home/mojiu/ros2_ws/install/tutorial_interfaces/bin'
[2.614s] Level 1:colcon.colcon_core.environment:checking '/home/mojiu/ros2_ws/install/tutorial_interfaces/lib/pkgconfig/tutorial_interfaces.pc'
[2.615s] Level 1:colcon.colcon_core.environment:checking '/home/mojiu/ros2_ws/install/tutorial_interfaces/lib/python3.12/site-packages'
[2.615s] Level 1:colcon.colcon_core.shell:create_environment_hook('tutorial_interfaces', 'pythonpath')
[2.615s] INFO:colcon.colcon_core.shell:Creating environment hook '/home/mojiu/ros2_ws/install/tutorial_interfaces/share/tutorial_interfaces/hook/pythonpath.ps1'
[2.615s] INFO:colcon.colcon_core.shell:Creating environment descriptor '/home/mojiu/ros2_ws/install/tutorial_interfaces/share/tutorial_interfaces/hook/pythonpath.dsv'
[2.616s] INFO:colcon.colcon_core.shell:Creating environment hook '/home/mojiu/ros2_ws/install/tutorial_interfaces/share/tutorial_interfaces/hook/pythonpath.sh'
[2.616s] Level 1:colcon.colcon_core.environment:checking '/home/mojiu/ros2_ws/install/tutorial_interfaces/bin'
[2.616s] INFO:colcon.colcon_core.shell:Creating package script '/home/mojiu/ros2_ws/install/tutorial_interfaces/share/tutorial_interfaces/package.ps1'
[2.617s] INFO:colcon.colcon_core.shell:Creating package descriptor '/home/mojiu/ros2_ws/install/tutorial_interfaces/share/tutorial_interfaces/package.dsv'
[2.617s] INFO:colcon.colcon_core.shell:Creating package script '/home/mojiu/ros2_ws/install/tutorial_interfaces/share/tutorial_interfaces/package.sh'
[2.618s] INFO:colcon.colcon_core.shell:Creating package script '/home/mojiu/ros2_ws/install/tutorial_interfaces/share/tutorial_interfaces/package.bash'
[2.618s] INFO:colcon.colcon_core.shell:Creating package script '/home/mojiu/ros2_ws/install/tutorial_interfaces/share/tutorial_interfaces/package.zsh'
[2.619s] Level 1:colcon.colcon_core.environment:create_file_with_runtime_dependencies(/home/mojiu/ros2_ws/install/tutorial_interfaces/share/colcon-core/packages/tutorial_interfaces)
[2.619s] DEBUG:colcon.colcon_parallel_executor.executor.parallel:closing loop
[2.619s] DEBUG:colcon.colcon_parallel_executor.executor.parallel:loop closed
[2.619s] DEBUG:colcon.colcon_parallel_executor.executor.parallel:run_until_complete finished with '0'
[2.619s] DEBUG:colcon.colcon_core.event_reactor:joining thread
[2.627s] INFO:colcon.colcon_core.plugin_system:Skipping extension 'colcon_notification.desktop_notification.terminal_notifier': Not used on non-Darwin systems
[2.628s] INFO:colcon.colcon_core.plugin_system:Skipping extension 'colcon_notification.desktop_notification.win32': Not used on non-Windows systems
[2.628s] INFO:colcon.colcon_notification.desktop_notification:Sending desktop notification using 'notify2'
[2.662s] DEBUG:colcon.colcon_core.event_reactor:joined thread
[2.662s] INFO:colcon.colcon_core.shell:Creating prefix script '/home/mojiu/ros2_ws/install/local_setup.ps1'
[2.663s] INFO:colcon.colcon_core.shell:Creating prefix util module '/home/mojiu/ros2_ws/install/_local_setup_util_ps1.py'
[2.664s] INFO:colcon.colcon_core.shell:Creating prefix chain script '/home/mojiu/ros2_ws/install/setup.ps1'
[2.665s] INFO:colcon.colcon_core.shell:Creating prefix script '/home/mojiu/ros2_ws/install/local_setup.sh'
[2.666s] INFO:colcon.colcon_core.shell:Creating prefix util module '/home/mojiu/ros2_ws/install/_local_setup_util_sh.py'
[2.666s] INFO:colcon.colcon_core.shell:Creating prefix chain script '/home/mojiu/ros2_ws/install/setup.sh'
[2.667s] INFO:colcon.colcon_core.shell:Creating prefix script '/home/mojiu/ros2_ws/install/local_setup.bash'
[2.668s] INFO:colcon.colcon_core.shell:Creating prefix chain script '/home/mojiu/ros2_ws/install/setup.bash'
[2.668s] INFO:colcon.colcon_core.shell:Creating prefix script '/home/mojiu/ros2_ws/install/local_setup.zsh'
[2.669s] INFO:colcon.colcon_core.shell:Creating prefix chain script '/home/mojiu/ros2_ws/install/setup.zsh'
