[0.010s] Invoking command in '/home/mojiu/ros2_ws/build/example_parameters_rclcpp': CMAKE_PREFIX_PATH=${CMAKE_PREFIX_PATH}:/opt/ros/jazzy DEBUGINFOD_URLS=https://debuginfod.ubuntu.com /usr/bin/cmake --build /home/mojiu/ros2_ws/build/example_parameters_rclcpp -- -j8 -l8
[0.080s] [ 50%] [32mBuilding CXX object CMakeFiles/parameters_basic.dir/src/parameters_basic.cpp.o[0m
[3.724s] [100%] [32m[1mLinking CXX executable parameters_basic[0m
[3.856s] [100%] Built target parameters_basic
[3.868s] Invoked command in '/home/mojiu/ros2_ws/build/example_parameters_rclcpp' returned '0': CMAKE_PREFIX_PATH=${CMAKE_PREFIX_PATH}:/opt/ros/jazzy DEBUGINFOD_URLS=https://debuginfod.ubuntu.com /usr/bin/cmake --build /home/mojiu/ros2_ws/build/example_parameters_rclcpp -- -j8 -l8
[3.878s] Invoking command in '/home/mojiu/ros2_ws/build/example_parameters_rclcpp': CMAKE_PREFIX_PATH=${CMAKE_PREFIX_PATH}:/opt/ros/jazzy DEBUGINFOD_URLS=https://debuginfod.ubuntu.com /usr/bin/cmake --install /home/mojiu/ros2_ws/build/example_parameters_rclcpp
[3.887s] -- Install configuration: ""
[3.887s] -- Installing: /home/mojiu/ros2_ws/install/example_parameters_rclcpp/lib/example_parameters_rclcpp/parameters_basic
[3.887s] -- Set non-toolchain portion of runtime path of "/home/mojiu/ros2_ws/install/example_parameters_rclcpp/lib/example_parameters_rclcpp/parameters_basic" to ""
[3.888s] -- Up-to-date: /home/mojiu/ros2_ws/install/example_parameters_rclcpp/share/ament_index/resource_index/package_run_dependencies/example_parameters_rclcpp
[3.888s] -- Up-to-date: /home/mojiu/ros2_ws/install/example_parameters_rclcpp/share/ament_index/resource_index/parent_prefix_path/example_parameters_rclcpp
[3.888s] -- Up-to-date: /home/mojiu/ros2_ws/install/example_parameters_rclcpp/share/example_parameters_rclcpp/environment/ament_prefix_path.sh
[3.888s] -- Up-to-date: /home/mojiu/ros2_ws/install/example_parameters_rclcpp/share/example_parameters_rclcpp/environment/ament_prefix_path.dsv
[3.888s] -- Up-to-date: /home/mojiu/ros2_ws/install/example_parameters_rclcpp/share/example_parameters_rclcpp/environment/path.sh
[3.888s] -- Up-to-date: /home/mojiu/ros2_ws/install/example_parameters_rclcpp/share/example_parameters_rclcpp/environment/path.dsv
[3.888s] -- Up-to-date: /home/mojiu/ros2_ws/install/example_parameters_rclcpp/share/example_parameters_rclcpp/local_setup.bash
[3.888s] -- Up-to-date: /home/mojiu/ros2_ws/install/example_parameters_rclcpp/share/example_parameters_rclcpp/local_setup.sh
[3.888s] -- Up-to-date: /home/mojiu/ros2_ws/install/example_parameters_rclcpp/share/example_parameters_rclcpp/local_setup.zsh
[3.889s] -- Up-to-date: /home/mojiu/ros2_ws/install/example_parameters_rclcpp/share/example_parameters_rclcpp/local_setup.dsv
[3.889s] -- Installing: /home/mojiu/ros2_ws/install/example_parameters_rclcpp/share/example_parameters_rclcpp/package.dsv
[3.889s] -- Up-to-date: /home/mojiu/ros2_ws/install/example_parameters_rclcpp/share/ament_index/resource_index/packages/example_parameters_rclcpp
[3.889s] -- Up-to-date: /home/mojiu/ros2_ws/install/example_parameters_rclcpp/share/example_parameters_rclcpp/cmake/example_parameters_rclcppConfig.cmake
[3.889s] -- Up-to-date: /home/mojiu/ros2_ws/install/example_parameters_rclcpp/share/example_parameters_rclcpp/cmake/example_parameters_rclcppConfig-version.cmake
[3.889s] -- Up-to-date: /home/mojiu/ros2_ws/install/example_parameters_rclcpp/share/example_parameters_rclcpp/package.xml
[3.890s] Invoked command in '/home/mojiu/ros2_ws/build/example_parameters_rclcpp' returned '0': CMAKE_PREFIX_PATH=${CMAKE_PREFIX_PATH}:/opt/ros/jazzy DEBUGINFOD_URLS=https://debuginfod.ubuntu.com /usr/bin/cmake --install /home/mojiu/ros2_ws/build/example_parameters_rclcpp
